[10.988s] Invoking command in '/home/suho/mid/src/my_package': PYTHONPATH=/home/suho/mid/build/my_package/prefix_override:/home/suho/mid/install/my_package/lib/python3.8/site-packages: /usr/bin/python3 setup.py egg_info --egg-base ../../build/my_package build --build-base /home/suho/mid/build/my_package/build install --record /home/suho/mid/build/my_package/install.log --install-scripts $base/lib/my_package --single-version-externally-managed
[11.846s] running egg_info
[11.862s] writing ../../build/my_package/my_package.egg-info/PKG-INFO
[11.918s] writing dependency_links to ../../build/my_package/my_package.egg-info/dependency_links.txt
[11.918s] writing entry points to ../../build/my_package/my_package.egg-info/entry_points.txt
[11.943s] writing requirements to ../../build/my_package/my_package.egg-info/requires.txt
[11.943s] writing top-level names to ../../build/my_package/my_package.egg-info/top_level.txt
[12.264s] reading manifest file '../../build/my_package/my_package.egg-info/SOURCES.txt'
[12.321s] writing manifest file '../../build/my_package/my_package.egg-info/SOURCES.txt'
[12.436s] running build
[12.436s] running build_py
[12.438s] copying my_package/my_node.py -> /home/suho/mid/build/my_package/build/lib/my_package
[12.439s] running install
[12.441s] running install_lib
[12.442s] copying /home/suho/mid/build/my_package/build/lib/my_package/my_node.py -> /home/suho/mid/install/my_package/lib/python3.8/site-packages/my_package
[12.442s] byte-compiling /home/suho/mid/install/my_package/lib/python3.8/site-packages/my_package/my_node.py to my_node.cpython-38.pyc
[12.443s] running install_data
[12.443s] running install_egg_info
[12.443s] removing '/home/suho/mid/install/my_package/lib/python3.8/site-packages/my_package-0.0.0-py3.8.egg-info' (and everything under it)
[12.444s] Copying ../../build/my_package/my_package.egg-info to /home/suho/mid/install/my_package/lib/python3.8/site-packages/my_package-0.0.0-py3.8.egg-info
[12.450s] running install_scripts
[12.522s] Installing my_node script to /home/suho/mid/install/my_package/lib/my_package
[12.524s] writing list of installed files to '/home/suho/mid/build/my_package/install.log'
[12.698s] Invoked command in '/home/suho/mid/src/my_package' returned '0': PYTHONPATH=/home/suho/mid/build/my_package/prefix_override:/home/suho/mid/install/my_package/lib/python3.8/site-packages: /usr/bin/python3 setup.py egg_info --egg-base ../../build/my_package build --build-base /home/suho/mid/build/my_package/build install --record /home/suho/mid/build/my_package/install.log --install-scripts $base/lib/my_package --single-version-externally-managed
