[7.880s] Invoking command in '/home/suho/mid/src/my_package': PYTHONPATH=/home/suho/mid/build/my_package/prefix_override:/home/suho/mid/install/my_package/lib/python3.8/site-packages:${PYTHONPATH} /usr/bin/python3 setup.py egg_info --egg-base ../../build/my_package build --build-base /home/suho/mid/build/my_package/build install --record /home/suho/mid/build/my_package/install.log --install-scripts $base/lib/my_package --single-version-externally-managed
[8.588s] running egg_info
[8.640s] writing ../../build/my_package/my_package.egg-info/PKG-INFO
[8.640s] writing dependency_links to ../../build/my_package/my_package.egg-info/dependency_links.txt
[8.640s] writing entry points to ../../build/my_package/my_package.egg-info/entry_points.txt
[8.647s] writing requirements to ../../build/my_package/my_package.egg-info/requires.txt
[8.657s] writing top-level names to ../../build/my_package/my_package.egg-info/top_level.txt
[8.762s] reading manifest file '../../build/my_package/my_package.egg-info/SOURCES.txt'
[8.789s] writing manifest file '../../build/my_package/my_package.egg-info/SOURCES.txt'
[8.790s] running build
[8.790s] running build_py
[8.791s] copying my_package/my_node.py -> /home/suho/mid/build/my_package/build/lib/my_package
[8.792s] running install
[8.794s] running install_lib
[8.798s] copying /home/suho/mid/build/my_package/build/lib/my_package/my_node.py -> /home/suho/mid/install/my_package/lib/python3.8/site-packages/my_package
[8.803s] byte-compiling /home/suho/mid/install/my_package/lib/python3.8/site-packages/my_package/my_node.py to my_node.cpython-38.pyc
[8.814s]   File "/home/suho/mid/install/my_package/lib/python3.8/site-packages/my_package/my_node.py", line 35
[8.815s]     index_path = os.path.join(pkg_path, templates/index.html')
[8.821s]                                                              ^
[8.821s] SyntaxError: EOL while scanning string literal
[8.822s] 
[8.822s] running install_data
[8.822s] running install_egg_info
[8.827s] removing '/home/suho/mid/install/my_package/lib/python3.8/site-packages/my_package-0.0.0-py3.8.egg-info' (and everything under it)
[8.828s] Copying ../../build/my_package/my_package.egg-info to /home/suho/mid/install/my_package/lib/python3.8/site-packages/my_package-0.0.0-py3.8.egg-info
[8.830s] running install_scripts
[8.908s] Installing my_node script to /home/suho/mid/install/my_package/lib/my_package
[8.917s] writing list of installed files to '/home/suho/mid/build/my_package/install.log'
[9.045s] Invoked command in '/home/suho/mid/src/my_package' returned '0': PYTHONPATH=/home/suho/mid/build/my_package/prefix_override:/home/suho/mid/install/my_package/lib/python3.8/site-packages:${PYTHONPATH} /usr/bin/python3 setup.py egg_info --egg-base ../../build/my_package build --build-base /home/suho/mid/build/my_package/build install --record /home/suho/mid/build/my_package/install.log --install-scripts $base/lib/my_package --single-version-externally-managed
