[11.131s] DEBUG:colcon:Command line arguments: ['/usr/bin/colcon', 'build']
[11.132s] DEBUG:colcon:Parsed command line arguments: Namespace(allow_overriding=[], ament_cmake_args=None, base_paths=['.'], build_base='build', catkin_cmake_args=None, catkin_skip_building_tests=False, cmake_args=None, cmake_clean_cache=False, cmake_clean_first=False, cmake_force_configure=False, cmake_target=None, cmake_target_skip_unavailable=False, continue_on_error=False, event_handlers=None, executor='parallel', ignore_user_meta=False, install_base='install', log_base=None, log_level=None, main=<bound method BuildVerb.main of <colcon_core.verb.build.BuildVerb object at 0x7f9278a9a0a0>>, merge_install=False, metas=['./colcon.meta'], packages_above=None, packages_above_and_dependencies=None, packages_above_depth=None, packages_end=None, packages_ignore=None, packages_ignore_regex=None, packages_select=None, packages_select_build_failed=False, packages_select_by_dep=None, packages_select_regex=None, packages_select_test_failures=False, packages_skip=None, packages_skip_build_finished=False, packages_skip_by_dep=None, packages_skip_regex=None, packages_skip_test_passed=False, packages_skip_up_to=None, packages_start=None, packages_up_to=None, packages_up_to_regex=None, parallel_workers=6, paths=None, symlink_install=False, test_result_base=None, verb_extension=<colcon_core.verb.build.BuildVerb object at 0x7f9278a9a0a0>, verb_name='build', verb_parser=<colcon_defaults.argument_parser.defaults.DefaultArgumentsDecorator object at 0x7f9278774730>)
[11.724s] Level 1:colcon.colcon_core.package_discovery:discover_packages(colcon_meta) check parameters
[11.725s] Level 1:colcon.colcon_core.package_discovery:discover_packages(recursive) check parameters
[11.725s] Level 1:colcon.colcon_core.package_discovery:discover_packages(ignore) check parameters
[11.725s] Level 1:colcon.colcon_core.package_discovery:discover_packages(path) check parameters
[11.726s] Level 1:colcon.colcon_core.package_discovery:discover_packages(colcon_meta) discover
[11.726s] Level 1:colcon.colcon_core.package_discovery:discover_packages(recursive) discover
[11.726s] INFO:colcon.colcon_core.package_discovery:Crawling recursively for packages in '/home/suho/mid'
[11.726s] Level 1:colcon.colcon_core.package_identification:_identify(.) by extensions ['ignore', 'ignore_ament_install']
[11.747s] Level 1:colcon.colcon_core.package_identification:_identify(.) by extension 'ignore'
[11.747s] Level 1:colcon.colcon_core.package_identification:_identify(.) by extension 'ignore_ament_install'
[11.747s] Level 1:colcon.colcon_core.package_identification:_identify(.) by extensions ['colcon_pkg']
[11.747s] Level 1:colcon.colcon_core.package_identification:_identify(.) by extension 'colcon_pkg'
[11.747s] Level 1:colcon.colcon_core.package_identification:_identify(.) by extensions ['colcon_meta']
[11.747s] Level 1:colcon.colcon_core.package_identification:_identify(.) by extension 'colcon_meta'
[11.747s] Level 1:colcon.colcon_core.package_identification:_identify(.) by extensions ['ros']
[11.747s] Level 1:colcon.colcon_core.package_identification:_identify(.) by extension 'ros'
[11.804s] Level 1:colcon.colcon_core.package_identification:_identify(.) by extensions ['cmake', 'python']
[11.809s] Level 1:colcon.colcon_core.package_identification:_identify(.) by extension 'cmake'
[11.809s] Level 1:colcon.colcon_core.package_identification:_identify(.) by extension 'python'
[11.809s] Level 1:colcon.colcon_core.package_identification:_identify(.) by extensions ['python_setup_py']
[11.809s] Level 1:colcon.colcon_core.package_identification:_identify(.) by extension 'python_setup_py'
[11.810s] Level 1:colcon.colcon_core.package_identification:_identify(build) by extensions ['ignore', 'ignore_ament_install']
[11.810s] Level 1:colcon.colcon_core.package_identification:_identify(build) by extension 'ignore'
[11.810s] Level 1:colcon.colcon_core.package_identification:_identify(build) ignored
[11.811s] Level 1:colcon.colcon_core.package_identification:_identify(install) by extensions ['ignore', 'ignore_ament_install']
[11.812s] Level 1:colcon.colcon_core.package_identification:_identify(install) by extension 'ignore'
[11.812s] Level 1:colcon.colcon_core.package_identification:_identify(install) ignored
[11.813s] Level 1:colcon.colcon_core.package_identification:_identify(log) by extensions ['ignore', 'ignore_ament_install']
[11.814s] Level 1:colcon.colcon_core.package_identification:_identify(log) by extension 'ignore'
[11.814s] Level 1:colcon.colcon_core.package_identification:_identify(log) ignored
[11.820s] Level 1:colcon.colcon_core.package_identification:_identify(src) by extensions ['ignore', 'ignore_ament_install']
[11.820s] Level 1:colcon.colcon_core.package_identification:_identify(src) by extension 'ignore'
[11.820s] Level 1:colcon.colcon_core.package_identification:_identify(src) by extension 'ignore_ament_install'
[11.821s] Level 1:colcon.colcon_core.package_identification:_identify(src) by extensions ['colcon_pkg']
[11.821s] Level 1:colcon.colcon_core.package_identification:_identify(src) by extension 'colcon_pkg'
[11.821s] Level 1:colcon.colcon_core.package_identification:_identify(src) by extensions ['colcon_meta']
[11.821s] Level 1:colcon.colcon_core.package_identification:_identify(src) by extension 'colcon_meta'
[11.821s] Level 1:colcon.colcon_core.package_identification:_identify(src) by extensions ['ros']
[11.821s] Level 1:colcon.colcon_core.package_identification:_identify(src) by extension 'ros'
[11.827s] Level 1:colcon.colcon_core.package_identification:_identify(src) by extensions ['cmake', 'python']
[11.828s] Level 1:colcon.colcon_core.package_identification:_identify(src) by extension 'cmake'
[11.828s] Level 1:colcon.colcon_core.package_identification:_identify(src) by extension 'python'
[11.829s] Level 1:colcon.colcon_core.package_identification:_identify(src) by extensions ['python_setup_py']
[11.829s] Level 1:colcon.colcon_core.package_identification:_identify(src) by extension 'python_setup_py'
[11.829s] Level 1:colcon.colcon_core.package_identification:_identify(src/my_package) by extensions ['ignore', 'ignore_ament_install']
[11.835s] Level 1:colcon.colcon_core.package_identification:_identify(src/my_package) by extension 'ignore'
[11.836s] Level 1:colcon.colcon_core.package_identification:_identify(src/my_package) by extension 'ignore_ament_install'
[11.836s] Level 1:colcon.colcon_core.package_identification:_identify(src/my_package) by extensions ['colcon_pkg']
[11.836s] Level 1:colcon.colcon_core.package_identification:_identify(src/my_package) by extension 'colcon_pkg'
[11.836s] Level 1:colcon.colcon_core.package_identification:_identify(src/my_package) by extensions ['colcon_meta']
[11.836s] Level 1:colcon.colcon_core.package_identification:_identify(src/my_package) by extension 'colcon_meta'
[11.836s] Level 1:colcon.colcon_core.package_identification:_identify(src/my_package) by extensions ['ros']
[11.836s] Level 1:colcon.colcon_core.package_identification:_identify(src/my_package) by extension 'ros'
[11.879s] DEBUG:colcon.colcon_core.package_identification:Package 'src/my_package' with type 'ros.ament_python' and name 'my_package'
[11.893s] Level 1:colcon.colcon_core.package_discovery:discover_packages(recursive) using defaults
[11.893s] Level 1:colcon.colcon_core.package_discovery:discover_packages(ignore) discover
[11.893s] Level 1:colcon.colcon_core.package_discovery:discover_packages(ignore) using defaults
[11.893s] Level 1:colcon.colcon_core.package_discovery:discover_packages(path) discover
[11.893s] Level 1:colcon.colcon_core.package_discovery:discover_packages(path) using defaults
[13.207s] Level 1:colcon.colcon_core.package_discovery:discover_packages(prefix_path) check parameters
[13.209s] Level 1:colcon.colcon_core.package_discovery:discover_packages(prefix_path) discover
[13.481s] Level 1:colcon.colcon_core.package_discovery:discover_packages(prefix_path) using defaults
[13.970s] Level 5:colcon.colcon_core.verb:set package 'my_package' build argument 'cmake_args' from command line to 'None'
[13.971s] Level 5:colcon.colcon_core.verb:set package 'my_package' build argument 'cmake_target' from command line to 'None'
[13.971s] Level 5:colcon.colcon_core.verb:set package 'my_package' build argument 'cmake_target_skip_unavailable' from command line to 'False'
[13.971s] Level 5:colcon.colcon_core.verb:set package 'my_package' build argument 'cmake_clean_cache' from command line to 'False'
[13.971s] Level 5:colcon.colcon_core.verb:set package 'my_package' build argument 'cmake_clean_first' from command line to 'False'
[13.972s] Level 5:colcon.colcon_core.verb:set package 'my_package' build argument 'cmake_force_configure' from command line to 'False'
[13.972s] Level 5:colcon.colcon_core.verb:set package 'my_package' build argument 'ament_cmake_args' from command line to 'None'
[13.973s] Level 5:colcon.colcon_core.verb:set package 'my_package' build argument 'catkin_cmake_args' from command line to 'None'
[13.973s] Level 5:colcon.colcon_core.verb:set package 'my_package' build argument 'catkin_skip_building_tests' from command line to 'False'
[13.973s] DEBUG:colcon.colcon_core.verb:Building package 'my_package' with the following arguments: {'ament_cmake_args': None, 'build_base': '/home/suho/mid/build/my_package', 'catkin_cmake_args': None, 'catkin_skip_building_tests': False, 'cmake_args': None, 'cmake_clean_cache': False, 'cmake_clean_first': False, 'cmake_force_configure': False, 'cmake_target': None, 'cmake_target_skip_unavailable': False, 'install_base': '/home/suho/mid/install/my_package', 'merge_install': False, 'path': '/home/suho/mid/src/my_package', 'symlink_install': False, 'test_result_base': None}
[14.217s] INFO:colcon.colcon_core.executor:Executing jobs using 'parallel' executor
[14.448s] DEBUG:colcon.colcon_parallel_executor.executor.parallel:run_until_complete
[14.450s] INFO:colcon.colcon_ros.task.ament_python.build:Building ROS package in '/home/suho/mid/src/my_package' with build type 'ament_python'
[14.451s] Level 1:colcon.colcon_core.shell:create_environment_hook('my_package', 'ament_prefix_path')
[14.791s] INFO:colcon.colcon_core.plugin_system:Skipping extension 'colcon_core.shell.bat': Not used on non-Windows systems
[14.821s] INFO:colcon.colcon_core.shell:Creating environment hook '/home/suho/mid/install/my_package/share/my_package/hook/ament_prefix_path.ps1'
[14.825s] INFO:colcon.colcon_core.shell:Creating environment descriptor '/home/suho/mid/install/my_package/share/my_package/hook/ament_prefix_path.dsv'
[14.832s] INFO:colcon.colcon_core.shell:Creating environment hook '/home/suho/mid/install/my_package/share/my_package/hook/ament_prefix_path.sh'
[15.226s] INFO:colcon.colcon_core.shell:Skip shell extension 'powershell' for command environment: Not usable outside of PowerShell
[15.227s] DEBUG:colcon.colcon_core.shell:Skip shell extension 'dsv' for command environment
[16.349s] INFO:colcon.colcon_core.task.python.build:Building Python package in '/home/suho/mid/src/my_package'
[16.597s] INFO:colcon.colcon_core.shell:Skip shell extension 'powershell' for command environment: Not usable outside of PowerShell
[16.598s] DEBUG:colcon.colcon_core.shell:Skip shell extension 'dsv' for command environment
[18.820s] DEBUG:colcon.colcon_core.event_handler.log_command:Invoking command in '/home/suho/mid/src/my_package': PYTHONPATH=/home/suho/mid/build/my_package/prefix_override:/home/suho/mid/install/my_package/lib/python3.8/site-packages: /usr/bin/python3 setup.py egg_info --egg-base ../../build/my_package build --build-base /home/suho/mid/build/my_package/build install --record /home/suho/mid/build/my_package/install.log --install-scripts $base/lib/my_package --single-version-externally-managed
[19.960s] DEBUG:colcon.colcon_core.event_handler.log_command:Invoked command in '/home/suho/mid/src/my_package' returned '0': PYTHONPATH=/home/suho/mid/build/my_package/prefix_override:/home/suho/mid/install/my_package/lib/python3.8/site-packages: /usr/bin/python3 setup.py egg_info --egg-base ../../build/my_package build --build-base /home/suho/mid/build/my_package/build install --record /home/suho/mid/build/my_package/install.log --install-scripts $base/lib/my_package --single-version-externally-managed
[20.171s] Level 1:colcon.colcon_core.environment:checking '/home/suho/mid/install/my_package' for CMake module files
[20.173s] Level 1:colcon.colcon_core.environment:checking '/home/suho/mid/install/my_package' for CMake config files
[20.175s] Level 1:colcon.colcon_core.environment:checking '/home/suho/mid/install/my_package/lib'
[20.178s] Level 1:colcon.colcon_core.environment:checking '/home/suho/mid/install/my_package/bin'
[20.179s] Level 1:colcon.colcon_core.environment:checking '/home/suho/mid/install/my_package/lib/pkgconfig/my_package.pc'
[20.180s] Level 1:colcon.colcon_core.environment:checking '/home/suho/mid/install/my_package/lib/python3.8/site-packages'
[20.182s] Level 1:colcon.colcon_core.shell:create_environment_hook('my_package', 'pythonpath')
[20.794s] INFO:colcon.colcon_core.shell:Creating environment hook '/home/suho/mid/install/my_package/share/my_package/hook/pythonpath.ps1'
[20.798s] INFO:colcon.colcon_core.shell:Creating environment descriptor '/home/suho/mid/install/my_package/share/my_package/hook/pythonpath.dsv'
[20.819s] INFO:colcon.colcon_core.shell:Creating environment hook '/home/suho/mid/install/my_package/share/my_package/hook/pythonpath.sh'
[20.843s] Level 1:colcon.colcon_core.environment:checking '/home/suho/mid/install/my_package/bin'
[20.844s] Level 1:colcon.colcon_core.environment:create_environment_scripts_only(my_package)
[21.187s] INFO:colcon.colcon_core.shell:Creating package script '/home/suho/mid/install/my_package/share/my_package/package.ps1'
[21.232s] INFO:colcon.colcon_core.shell:Creating package descriptor '/home/suho/mid/install/my_package/share/my_package/package.dsv'
[21.253s] INFO:colcon.colcon_core.shell:Creating package script '/home/suho/mid/install/my_package/share/my_package/package.sh'
[21.268s] INFO:colcon.colcon_core.shell:Creating package script '/home/suho/mid/install/my_package/share/my_package/package.bash'
[21.293s] INFO:colcon.colcon_core.shell:Creating package script '/home/suho/mid/install/my_package/share/my_package/package.zsh'
[21.297s] Level 1:colcon.colcon_core.environment:create_file_with_runtime_dependencies(/home/suho/mid/install/my_package/share/colcon-core/packages/my_package)
[21.309s] DEBUG:colcon.colcon_parallel_executor.executor.parallel:closing loop
[21.309s] DEBUG:colcon.colcon_parallel_executor.executor.parallel:loop closed
[21.309s] DEBUG:colcon.colcon_parallel_executor.executor.parallel:run_until_complete finished with '0'
[21.309s] DEBUG:colcon.colcon_core.event_reactor:joining thread
[21.701s] INFO:colcon.colcon_core.plugin_system:Skipping extension 'colcon_notification.desktop_notification.terminal_notifier': Not used on non-Darwin systems
[21.701s] INFO:colcon.colcon_core.plugin_system:Skipping extension 'colcon_notification.desktop_notification.win32': Not used on non-Windows systems
[21.701s] INFO:colcon.colcon_notification.desktop_notification:Sending desktop notification using 'notify2'
[21.835s] DEBUG:colcon.colcon_core.event_reactor:joined thread
[22.146s] INFO:colcon.colcon_core.shell:Creating prefix script '/home/suho/mid/install/local_setup.ps1'
[22.151s] INFO:colcon.colcon_core.shell:Creating prefix util module '/home/suho/mid/install/_local_setup_util_ps1.py'
[22.163s] INFO:colcon.colcon_core.shell:Creating prefix chain script '/home/suho/mid/install/setup.ps1'
[22.374s] INFO:colcon.colcon_core.shell:Creating prefix script '/home/suho/mid/install/local_setup.sh'
[22.377s] INFO:colcon.colcon_core.shell:Creating prefix util module '/home/suho/mid/install/_local_setup_util_sh.py'
[22.384s] INFO:colcon.colcon_core.shell:Creating prefix chain script '/home/suho/mid/install/setup.sh'
[22.656s] INFO:colcon.colcon_core.shell:Creating prefix script '/home/suho/mid/install/local_setup.bash'
[22.658s] INFO:colcon.colcon_core.shell:Creating prefix chain script '/home/suho/mid/install/setup.bash'
[22.880s] INFO:colcon.colcon_core.shell:Creating prefix script '/home/suho/mid/install/local_setup.zsh'
[22.883s] INFO:colcon.colcon_core.shell:Creating prefix chain script '/home/suho/mid/install/setup.zsh'
