[9.282s] DEBUG:colcon:Command line arguments: ['/usr/bin/colcon', 'build']
[9.283s] DEBUG:colcon:Parsed command line arguments: Namespace(allow_overriding=[], ament_cmake_args=None, base_paths=['.'], build_base='build', catkin_cmake_args=None, catkin_skip_building_tests=False, cmake_args=None, cmake_clean_cache=False, cmake_clean_first=False, cmake_force_configure=False, cmake_target=None, cmake_target_skip_unavailable=False, continue_on_error=False, event_handlers=None, executor='parallel', ignore_user_meta=False, install_base='install', log_base=None, log_level=None, main=<bound method BuildVerb.main of <colcon_core.verb.build.BuildVerb object at 0x7f01f574e0a0>>, merge_install=False, metas=['./colcon.meta'], packages_above=None, packages_above_and_dependencies=None, packages_above_depth=None, packages_end=None, packages_ignore=None, packages_ignore_regex=None, packages_select=None, packages_select_build_failed=False, packages_select_by_dep=None, packages_select_regex=None, packages_select_test_failures=False, packages_skip=None, packages_skip_build_finished=False, packages_skip_by_dep=None, packages_skip_regex=None, packages_skip_test_passed=False, packages_skip_up_to=None, packages_start=None, packages_up_to=None, packages_up_to_regex=None, parallel_workers=6, paths=None, symlink_install=False, test_result_base=None, verb_extension=<colcon_core.verb.build.BuildVerb object at 0x7f01f574e0a0>, verb_name='build', verb_parser=<colcon_defaults.argument_parser.defaults.DefaultArgumentsDecorator object at 0x7f01f54277c0>)
[9.635s] Level 1:colcon.colcon_core.package_discovery:discover_packages(colcon_meta) check parameters
[9.635s] Level 1:colcon.colcon_core.package_discovery:discover_packages(recursive) check parameters
[9.636s] Level 1:colcon.colcon_core.package_discovery:discover_packages(ignore) check parameters
[9.636s] Level 1:colcon.colcon_core.package_discovery:discover_packages(path) check parameters
[9.636s] Level 1:colcon.colcon_core.package_discovery:discover_packages(colcon_meta) discover
[9.636s] Level 1:colcon.colcon_core.package_discovery:discover_packages(recursive) discover
[9.636s] INFO:colcon.colcon_core.package_discovery:Crawling recursively for packages in '/home/suho/mid'
[9.637s] Level 1:colcon.colcon_core.package_identification:_identify(.) by extensions ['ignore', 'ignore_ament_install']
[9.637s] Level 1:colcon.colcon_core.package_identification:_identify(.) by extension 'ignore'
[9.637s] Level 1:colcon.colcon_core.package_identification:_identify(.) by extension 'ignore_ament_install'
[9.637s] Level 1:colcon.colcon_core.package_identification:_identify(.) by extensions ['colcon_pkg']
[9.637s] Level 1:colcon.colcon_core.package_identification:_identify(.) by extension 'colcon_pkg'
[9.637s] Level 1:colcon.colcon_core.package_identification:_identify(.) by extensions ['colcon_meta']
[9.637s] Level 1:colcon.colcon_core.package_identification:_identify(.) by extension 'colcon_meta'
[9.637s] Level 1:colcon.colcon_core.package_identification:_identify(.) by extensions ['ros']
[9.637s] Level 1:colcon.colcon_core.package_identification:_identify(.) by extension 'ros'
[9.660s] Level 1:colcon.colcon_core.package_identification:_identify(.) by extensions ['cmake', 'python']
[9.661s] Level 1:colcon.colcon_core.package_identification:_identify(.) by extension 'cmake'
[9.661s] Level 1:colcon.colcon_core.package_identification:_identify(.) by extension 'python'
[9.661s] Level 1:colcon.colcon_core.package_identification:_identify(.) by extensions ['python_setup_py']
[9.661s] Level 1:colcon.colcon_core.package_identification:_identify(.) by extension 'python_setup_py'
[9.661s] Level 1:colcon.colcon_core.package_identification:_identify(build) by extensions ['ignore', 'ignore_ament_install']
[9.662s] Level 1:colcon.colcon_core.package_identification:_identify(build) by extension 'ignore'
[9.662s] Level 1:colcon.colcon_core.package_identification:_identify(build) ignored
[9.662s] Level 1:colcon.colcon_core.package_identification:_identify(install) by extensions ['ignore', 'ignore_ament_install']
[9.663s] Level 1:colcon.colcon_core.package_identification:_identify(install) by extension 'ignore'
[9.663s] Level 1:colcon.colcon_core.package_identification:_identify(install) ignored
[9.666s] Level 1:colcon.colcon_core.package_identification:_identify(log) by extensions ['ignore', 'ignore_ament_install']
[9.666s] Level 1:colcon.colcon_core.package_identification:_identify(log) by extension 'ignore'
[9.666s] Level 1:colcon.colcon_core.package_identification:_identify(log) ignored
[9.667s] Level 1:colcon.colcon_core.package_identification:_identify(src) by extensions ['ignore', 'ignore_ament_install']
[9.667s] Level 1:colcon.colcon_core.package_identification:_identify(src) by extension 'ignore'
[9.667s] Level 1:colcon.colcon_core.package_identification:_identify(src) by extension 'ignore_ament_install'
[9.667s] Level 1:colcon.colcon_core.package_identification:_identify(src) by extensions ['colcon_pkg']
[9.667s] Level 1:colcon.colcon_core.package_identification:_identify(src) by extension 'colcon_pkg'
[9.667s] Level 1:colcon.colcon_core.package_identification:_identify(src) by extensions ['colcon_meta']
[9.667s] Level 1:colcon.colcon_core.package_identification:_identify(src) by extension 'colcon_meta'
[9.667s] Level 1:colcon.colcon_core.package_identification:_identify(src) by extensions ['ros']
[9.667s] Level 1:colcon.colcon_core.package_identification:_identify(src) by extension 'ros'
[9.670s] Level 1:colcon.colcon_core.package_identification:_identify(src) by extensions ['cmake', 'python']
[9.671s] Level 1:colcon.colcon_core.package_identification:_identify(src) by extension 'cmake'
[9.671s] Level 1:colcon.colcon_core.package_identification:_identify(src) by extension 'python'
[9.671s] Level 1:colcon.colcon_core.package_identification:_identify(src) by extensions ['python_setup_py']
[9.671s] Level 1:colcon.colcon_core.package_identification:_identify(src) by extension 'python_setup_py'
[9.672s] Level 1:colcon.colcon_core.package_identification:_identify(src/my_package) by extensions ['ignore', 'ignore_ament_install']
[9.672s] Level 1:colcon.colcon_core.package_identification:_identify(src/my_package) by extension 'ignore'
[9.673s] Level 1:colcon.colcon_core.package_identification:_identify(src/my_package) by extension 'ignore_ament_install'
[9.673s] Level 1:colcon.colcon_core.package_identification:_identify(src/my_package) by extensions ['colcon_pkg']
[9.673s] Level 1:colcon.colcon_core.package_identification:_identify(src/my_package) by extension 'colcon_pkg'
[9.673s] Level 1:colcon.colcon_core.package_identification:_identify(src/my_package) by extensions ['colcon_meta']
[9.673s] Level 1:colcon.colcon_core.package_identification:_identify(src/my_package) by extension 'colcon_meta'
[9.673s] Level 1:colcon.colcon_core.package_identification:_identify(src/my_package) by extensions ['ros']
[9.673s] Level 1:colcon.colcon_core.package_identification:_identify(src/my_package) by extension 'ros'
[9.677s] DEBUG:colcon.colcon_core.package_identification:Package 'src/my_package' with type 'ros.ament_python' and name 'my_package'
[9.678s] Level 1:colcon.colcon_core.package_discovery:discover_packages(recursive) using defaults
[9.678s] Level 1:colcon.colcon_core.package_discovery:discover_packages(ignore) discover
[9.678s] Level 1:colcon.colcon_core.package_discovery:discover_packages(ignore) using defaults
[9.678s] Level 1:colcon.colcon_core.package_discovery:discover_packages(path) discover
[9.678s] Level 1:colcon.colcon_core.package_discovery:discover_packages(path) using defaults
[10.526s] Level 1:colcon.colcon_core.package_discovery:discover_packages(prefix_path) check parameters
[10.526s] Level 1:colcon.colcon_core.package_discovery:discover_packages(prefix_path) discover
[10.676s] Level 1:colcon.colcon_core.package_discovery:discover_packages(prefix_path) using defaults
[10.976s] Level 5:colcon.colcon_core.verb:set package 'my_package' build argument 'cmake_args' from command line to 'None'
[10.977s] Level 5:colcon.colcon_core.verb:set package 'my_package' build argument 'cmake_target' from command line to 'None'
[10.977s] Level 5:colcon.colcon_core.verb:set package 'my_package' build argument 'cmake_target_skip_unavailable' from command line to 'False'
[10.977s] Level 5:colcon.colcon_core.verb:set package 'my_package' build argument 'cmake_clean_cache' from command line to 'False'
[10.977s] Level 5:colcon.colcon_core.verb:set package 'my_package' build argument 'cmake_clean_first' from command line to 'False'
[10.977s] Level 5:colcon.colcon_core.verb:set package 'my_package' build argument 'cmake_force_configure' from command line to 'False'
[10.977s] Level 5:colcon.colcon_core.verb:set package 'my_package' build argument 'ament_cmake_args' from command line to 'None'
[10.977s] Level 5:colcon.colcon_core.verb:set package 'my_package' build argument 'catkin_cmake_args' from command line to 'None'
[10.977s] Level 5:colcon.colcon_core.verb:set package 'my_package' build argument 'catkin_skip_building_tests' from command line to 'False'
[10.977s] DEBUG:colcon.colcon_core.verb:Building package 'my_package' with the following arguments: {'ament_cmake_args': None, 'build_base': '/home/suho/mid/build/my_package', 'catkin_cmake_args': None, 'catkin_skip_building_tests': False, 'cmake_args': None, 'cmake_clean_cache': False, 'cmake_clean_first': False, 'cmake_force_configure': False, 'cmake_target': None, 'cmake_target_skip_unavailable': False, 'install_base': '/home/suho/mid/install/my_package', 'merge_install': False, 'path': '/home/suho/mid/src/my_package', 'symlink_install': False, 'test_result_base': None}
[11.165s] INFO:colcon.colcon_core.executor:Executing jobs using 'parallel' executor
[11.327s] DEBUG:colcon.colcon_parallel_executor.executor.parallel:run_until_complete
[11.338s] INFO:colcon.colcon_ros.task.ament_python.build:Building ROS package in '/home/suho/mid/src/my_package' with build type 'ament_python'
[11.339s] Level 1:colcon.colcon_core.shell:create_environment_hook('my_package', 'ament_prefix_path')
[11.642s] INFO:colcon.colcon_core.plugin_system:Skipping extension 'colcon_core.shell.bat': Not used on non-Windows systems
[11.662s] INFO:colcon.colcon_core.shell:Creating environment hook '/home/suho/mid/install/my_package/share/my_package/hook/ament_prefix_path.ps1'
[11.710s] INFO:colcon.colcon_core.shell:Creating environment descriptor '/home/suho/mid/install/my_package/share/my_package/hook/ament_prefix_path.dsv'
[11.728s] INFO:colcon.colcon_core.shell:Creating environment hook '/home/suho/mid/install/my_package/share/my_package/hook/ament_prefix_path.sh'
[11.977s] INFO:colcon.colcon_core.shell:Skip shell extension 'powershell' for command environment: Not usable outside of PowerShell
[11.977s] DEBUG:colcon.colcon_core.shell:Skip shell extension 'dsv' for command environment
[12.911s] INFO:colcon.colcon_core.task.python.build:Building Python package in '/home/suho/mid/src/my_package'
[13.267s] INFO:colcon.colcon_core.shell:Skip shell extension 'powershell' for command environment: Not usable outside of PowerShell
[13.267s] DEBUG:colcon.colcon_core.shell:Skip shell extension 'dsv' for command environment
[14.443s] DEBUG:colcon.colcon_core.event_handler.log_command:Invoking command in '/home/suho/mid/src/my_package': PYTHONPATH=/home/suho/mid/build/my_package/prefix_override:/home/suho/mid/install/my_package/lib/python3.8/site-packages: /usr/bin/python3 setup.py egg_info --egg-base ../../build/my_package build --build-base /home/suho/mid/build/my_package/build install --record /home/suho/mid/build/my_package/install.log --install-scripts $base/lib/my_package --single-version-externally-managed
[15.463s] DEBUG:colcon.colcon_core.event_handler.log_command:Invoked command in '/home/suho/mid/src/my_package' returned '0': PYTHONPATH=/home/suho/mid/build/my_package/prefix_override:/home/suho/mid/install/my_package/lib/python3.8/site-packages: /usr/bin/python3 setup.py egg_info --egg-base ../../build/my_package build --build-base /home/suho/mid/build/my_package/build install --record /home/suho/mid/build/my_package/install.log --install-scripts $base/lib/my_package --single-version-externally-managed
[15.722s] Level 1:colcon.colcon_core.environment:checking '/home/suho/mid/install/my_package' for CMake module files
[15.723s] Level 1:colcon.colcon_core.environment:checking '/home/suho/mid/install/my_package' for CMake config files
[15.726s] Level 1:colcon.colcon_core.environment:checking '/home/suho/mid/install/my_package/lib'
[15.726s] Level 1:colcon.colcon_core.environment:checking '/home/suho/mid/install/my_package/bin'
[15.727s] Level 1:colcon.colcon_core.environment:checking '/home/suho/mid/install/my_package/lib/pkgconfig/my_package.pc'
[15.732s] Level 1:colcon.colcon_core.environment:checking '/home/suho/mid/install/my_package/lib/python3.8/site-packages'
[15.735s] Level 1:colcon.colcon_core.shell:create_environment_hook('my_package', 'pythonpath')
[15.901s] INFO:colcon.colcon_core.shell:Creating environment hook '/home/suho/mid/install/my_package/share/my_package/hook/pythonpath.ps1'
[15.909s] INFO:colcon.colcon_core.shell:Creating environment descriptor '/home/suho/mid/install/my_package/share/my_package/hook/pythonpath.dsv'
[15.913s] INFO:colcon.colcon_core.shell:Creating environment hook '/home/suho/mid/install/my_package/share/my_package/hook/pythonpath.sh'
[15.942s] Level 1:colcon.colcon_core.environment:checking '/home/suho/mid/install/my_package/bin'
[15.942s] Level 1:colcon.colcon_core.environment:create_environment_scripts_only(my_package)
[16.151s] INFO:colcon.colcon_core.shell:Creating package script '/home/suho/mid/install/my_package/share/my_package/package.ps1'
[16.158s] INFO:colcon.colcon_core.shell:Creating package descriptor '/home/suho/mid/install/my_package/share/my_package/package.dsv'
[16.174s] INFO:colcon.colcon_core.shell:Creating package script '/home/suho/mid/install/my_package/share/my_package/package.sh'
[16.181s] INFO:colcon.colcon_core.shell:Creating package script '/home/suho/mid/install/my_package/share/my_package/package.bash'
[16.194s] INFO:colcon.colcon_core.shell:Creating package script '/home/suho/mid/install/my_package/share/my_package/package.zsh'
[16.226s] Level 1:colcon.colcon_core.environment:create_file_with_runtime_dependencies(/home/suho/mid/install/my_package/share/colcon-core/packages/my_package)
[16.243s] DEBUG:colcon.colcon_parallel_executor.executor.parallel:closing loop
[16.243s] DEBUG:colcon.colcon_parallel_executor.executor.parallel:loop closed
[16.243s] DEBUG:colcon.colcon_parallel_executor.executor.parallel:run_until_complete finished with '0'
[16.243s] DEBUG:colcon.colcon_core.event_reactor:joining thread
[16.474s] INFO:colcon.colcon_core.plugin_system:Skipping extension 'colcon_notification.desktop_notification.terminal_notifier': Not used on non-Darwin systems
[16.474s] INFO:colcon.colcon_core.plugin_system:Skipping extension 'colcon_notification.desktop_notification.win32': Not used on non-Windows systems
[16.474s] INFO:colcon.colcon_notification.desktop_notification:Sending desktop notification using 'notify2'
[16.580s] DEBUG:colcon.colcon_core.event_reactor:joined thread
[16.796s] INFO:colcon.colcon_core.shell:Creating prefix script '/home/suho/mid/install/local_setup.ps1'
[16.817s] INFO:colcon.colcon_core.shell:Creating prefix util module '/home/suho/mid/install/_local_setup_util_ps1.py'
[16.827s] INFO:colcon.colcon_core.shell:Creating prefix chain script '/home/suho/mid/install/setup.ps1'
[16.988s] INFO:colcon.colcon_core.shell:Creating prefix script '/home/suho/mid/install/local_setup.sh'
[17.000s] INFO:colcon.colcon_core.shell:Creating prefix util module '/home/suho/mid/install/_local_setup_util_sh.py'
[17.002s] INFO:colcon.colcon_core.shell:Creating prefix chain script '/home/suho/mid/install/setup.sh'
[17.169s] INFO:colcon.colcon_core.shell:Creating prefix script '/home/suho/mid/install/local_setup.bash'
[17.171s] INFO:colcon.colcon_core.shell:Creating prefix chain script '/home/suho/mid/install/setup.bash'
[17.336s] INFO:colcon.colcon_core.shell:Creating prefix script '/home/suho/mid/install/local_setup.zsh'
[17.347s] INFO:colcon.colcon_core.shell:Creating prefix chain script '/home/suho/mid/install/setup.zsh'
