[18.982s] DEBUG:colcon:Command line arguments: ['/usr/bin/colcon', 'build']
[18.982s] DEBUG:colcon:Parsed command line arguments: Namespace(allow_overriding=[], ament_cmake_args=None, base_paths=['.'], build_base='build', catkin_cmake_args=None, catkin_skip_building_tests=False, cmake_args=None, cmake_clean_cache=False, cmake_clean_first=False, cmake_force_configure=False, cmake_target=None, cmake_target_skip_unavailable=False, continue_on_error=False, event_handlers=None, executor='parallel', ignore_user_meta=False, install_base='install', log_base=None, log_level=None, main=<bound method BuildVerb.main of <colcon_core.verb.build.BuildVerb object at 0x7ff0382d80a0>>, merge_install=False, metas=['./colcon.meta'], packages_above=None, packages_above_and_dependencies=None, packages_above_depth=None, packages_end=None, packages_ignore=None, packages_ignore_regex=None, packages_select=None, packages_select_build_failed=False, packages_select_by_dep=None, packages_select_regex=None, packages_select_test_failures=False, packages_skip=None, packages_skip_build_finished=False, packages_skip_by_dep=None, packages_skip_regex=None, packages_skip_test_passed=False, packages_skip_up_to=None, packages_start=None, packages_up_to=None, packages_up_to_regex=None, parallel_workers=6, paths=None, symlink_install=False, test_result_base=None, verb_extension=<colcon_core.verb.build.BuildVerb object at 0x7ff0382d80a0>, verb_name='build', verb_parser=<colcon_defaults.argument_parser.defaults.DefaultArgumentsDecorator object at 0x7ff037fb2ca0>)
[21.841s] Level 1:colcon.colcon_core.package_discovery:discover_packages(colcon_meta) check parameters
[21.841s] Level 1:colcon.colcon_core.package_discovery:discover_packages(recursive) check parameters
[21.841s] Level 1:colcon.colcon_core.package_discovery:discover_packages(ignore) check parameters
[21.842s] Level 1:colcon.colcon_core.package_discovery:discover_packages(path) check parameters
[21.842s] Level 1:colcon.colcon_core.package_discovery:discover_packages(colcon_meta) discover
[21.842s] Level 1:colcon.colcon_core.package_discovery:discover_packages(recursive) discover
[21.842s] INFO:colcon.colcon_core.package_discovery:Crawling recursively for packages in '/home/suho/mid'
[21.842s] Level 1:colcon.colcon_core.package_identification:_identify(.) by extensions ['ignore', 'ignore_ament_install']
[21.842s] Level 1:colcon.colcon_core.package_identification:_identify(.) by extension 'ignore'
[21.842s] Level 1:colcon.colcon_core.package_identification:_identify(.) by extension 'ignore_ament_install'
[21.843s] Level 1:colcon.colcon_core.package_identification:_identify(.) by extensions ['colcon_pkg']
[21.843s] Level 1:colcon.colcon_core.package_identification:_identify(.) by extension 'colcon_pkg'
[21.843s] Level 1:colcon.colcon_core.package_identification:_identify(.) by extensions ['colcon_meta']
[21.843s] Level 1:colcon.colcon_core.package_identification:_identify(.) by extension 'colcon_meta'
[21.843s] Level 1:colcon.colcon_core.package_identification:_identify(.) by extensions ['ros']
[21.843s] Level 1:colcon.colcon_core.package_identification:_identify(.) by extension 'ros'
[21.889s] Level 1:colcon.colcon_core.package_identification:_identify(.) by extensions ['cmake', 'python']
[21.889s] Level 1:colcon.colcon_core.package_identification:_identify(.) by extension 'cmake'
[21.889s] Level 1:colcon.colcon_core.package_identification:_identify(.) by extension 'python'
[21.889s] Level 1:colcon.colcon_core.package_identification:_identify(.) by extensions ['python_setup_py']
[21.889s] Level 1:colcon.colcon_core.package_identification:_identify(.) by extension 'python_setup_py'
[21.890s] Level 1:colcon.colcon_core.package_identification:_identify(build) by extensions ['ignore', 'ignore_ament_install']
[21.890s] Level 1:colcon.colcon_core.package_identification:_identify(build) by extension 'ignore'
[21.890s] Level 1:colcon.colcon_core.package_identification:_identify(build) ignored
[21.892s] Level 1:colcon.colcon_core.package_identification:_identify(install) by extensions ['ignore', 'ignore_ament_install']
[21.893s] Level 1:colcon.colcon_core.package_identification:_identify(install) by extension 'ignore'
[21.893s] Level 1:colcon.colcon_core.package_identification:_identify(install) ignored
[21.893s] Level 1:colcon.colcon_core.package_identification:_identify(log) by extensions ['ignore', 'ignore_ament_install']
[21.893s] Level 1:colcon.colcon_core.package_identification:_identify(log) by extension 'ignore'
[21.893s] Level 1:colcon.colcon_core.package_identification:_identify(log) ignored
[21.894s] Level 1:colcon.colcon_core.package_identification:_identify(src) by extensions ['ignore', 'ignore_ament_install']
[21.894s] Level 1:colcon.colcon_core.package_identification:_identify(src) by extension 'ignore'
[21.894s] Level 1:colcon.colcon_core.package_identification:_identify(src) by extension 'ignore_ament_install'
[21.894s] Level 1:colcon.colcon_core.package_identification:_identify(src) by extensions ['colcon_pkg']
[21.895s] Level 1:colcon.colcon_core.package_identification:_identify(src) by extension 'colcon_pkg'
[21.896s] Level 1:colcon.colcon_core.package_identification:_identify(src) by extensions ['colcon_meta']
[21.896s] Level 1:colcon.colcon_core.package_identification:_identify(src) by extension 'colcon_meta'
[21.896s] Level 1:colcon.colcon_core.package_identification:_identify(src) by extensions ['ros']
[21.896s] Level 1:colcon.colcon_core.package_identification:_identify(src) by extension 'ros'
[21.897s] Level 1:colcon.colcon_core.package_identification:_identify(src) by extensions ['cmake', 'python']
[21.897s] Level 1:colcon.colcon_core.package_identification:_identify(src) by extension 'cmake'
[21.897s] Level 1:colcon.colcon_core.package_identification:_identify(src) by extension 'python'
[21.897s] Level 1:colcon.colcon_core.package_identification:_identify(src) by extensions ['python_setup_py']
[21.897s] Level 1:colcon.colcon_core.package_identification:_identify(src) by extension 'python_setup_py'
[21.897s] Level 1:colcon.colcon_core.package_identification:_identify(src/my_package) by extensions ['ignore', 'ignore_ament_install']
[21.898s] Level 1:colcon.colcon_core.package_identification:_identify(src/my_package) by extension 'ignore'
[21.898s] Level 1:colcon.colcon_core.package_identification:_identify(src/my_package) by extension 'ignore_ament_install'
[21.898s] Level 1:colcon.colcon_core.package_identification:_identify(src/my_package) by extensions ['colcon_pkg']
[21.898s] Level 1:colcon.colcon_core.package_identification:_identify(src/my_package) by extension 'colcon_pkg'
[21.898s] Level 1:colcon.colcon_core.package_identification:_identify(src/my_package) by extensions ['colcon_meta']
[21.898s] Level 1:colcon.colcon_core.package_identification:_identify(src/my_package) by extension 'colcon_meta'
[21.898s] Level 1:colcon.colcon_core.package_identification:_identify(src/my_package) by extensions ['ros']
[21.898s] Level 1:colcon.colcon_core.package_identification:_identify(src/my_package) by extension 'ros'
[21.911s] DEBUG:colcon.colcon_core.package_identification:Package 'src/my_package' with type 'ros.ament_python' and name 'my_package'
[21.911s] Level 1:colcon.colcon_core.package_discovery:discover_packages(recursive) using defaults
[21.911s] Level 1:colcon.colcon_core.package_discovery:discover_packages(ignore) discover
[21.911s] Level 1:colcon.colcon_core.package_discovery:discover_packages(ignore) using defaults
[21.912s] Level 1:colcon.colcon_core.package_discovery:discover_packages(path) discover
[21.912s] Level 1:colcon.colcon_core.package_discovery:discover_packages(path) using defaults
[23.743s] Level 1:colcon.colcon_core.package_discovery:discover_packages(prefix_path) check parameters
[23.745s] Level 1:colcon.colcon_core.package_discovery:discover_packages(prefix_path) discover
[24.013s] Level 1:colcon.colcon_core.package_discovery:discover_packages(prefix_path) using defaults
[24.451s] Level 5:colcon.colcon_core.verb:set package 'my_package' build argument 'cmake_args' from command line to 'None'
[24.451s] Level 5:colcon.colcon_core.verb:set package 'my_package' build argument 'cmake_target' from command line to 'None'
[24.452s] Level 5:colcon.colcon_core.verb:set package 'my_package' build argument 'cmake_target_skip_unavailable' from command line to 'False'
[24.452s] Level 5:colcon.colcon_core.verb:set package 'my_package' build argument 'cmake_clean_cache' from command line to 'False'
[24.452s] Level 5:colcon.colcon_core.verb:set package 'my_package' build argument 'cmake_clean_first' from command line to 'False'
[24.452s] Level 5:colcon.colcon_core.verb:set package 'my_package' build argument 'cmake_force_configure' from command line to 'False'
[24.452s] Level 5:colcon.colcon_core.verb:set package 'my_package' build argument 'ament_cmake_args' from command line to 'None'
[24.453s] Level 5:colcon.colcon_core.verb:set package 'my_package' build argument 'catkin_cmake_args' from command line to 'None'
[24.456s] Level 5:colcon.colcon_core.verb:set package 'my_package' build argument 'catkin_skip_building_tests' from command line to 'False'
[24.456s] DEBUG:colcon.colcon_core.verb:Building package 'my_package' with the following arguments: {'ament_cmake_args': None, 'build_base': '/home/suho/mid/build/my_package', 'catkin_cmake_args': None, 'catkin_skip_building_tests': False, 'cmake_args': None, 'cmake_clean_cache': False, 'cmake_clean_first': False, 'cmake_force_configure': False, 'cmake_target': None, 'cmake_target_skip_unavailable': False, 'install_base': '/home/suho/mid/install/my_package', 'merge_install': False, 'path': '/home/suho/mid/src/my_package', 'symlink_install': False, 'test_result_base': None}
[24.661s] INFO:colcon.colcon_core.executor:Executing jobs using 'parallel' executor
[24.861s] DEBUG:colcon.colcon_parallel_executor.executor.parallel:run_until_complete
[24.881s] INFO:colcon.colcon_ros.task.ament_python.build:Building ROS package in '/home/suho/mid/src/my_package' with build type 'ament_python'
[24.883s] Level 1:colcon.colcon_core.shell:create_environment_hook('my_package', 'ament_prefix_path')
[25.240s] INFO:colcon.colcon_core.plugin_system:Skipping extension 'colcon_core.shell.bat': Not used on non-Windows systems
[25.241s] INFO:colcon.colcon_core.shell:Creating environment hook '/home/suho/mid/install/my_package/share/my_package/hook/ament_prefix_path.ps1'
[25.336s] INFO:colcon.colcon_core.shell:Creating environment descriptor '/home/suho/mid/install/my_package/share/my_package/hook/ament_prefix_path.dsv'
[25.387s] INFO:colcon.colcon_core.shell:Creating environment hook '/home/suho/mid/install/my_package/share/my_package/hook/ament_prefix_path.sh'
[25.932s] INFO:colcon.colcon_core.shell:Skip shell extension 'powershell' for command environment: Not usable outside of PowerShell
[25.949s] DEBUG:colcon.colcon_core.shell:Skip shell extension 'dsv' for command environment
[27.853s] INFO:colcon.colcon_core.task.python.build:Building Python package in '/home/suho/mid/src/my_package'
[28.311s] INFO:colcon.colcon_core.shell:Skip shell extension 'powershell' for command environment: Not usable outside of PowerShell
[28.321s] DEBUG:colcon.colcon_core.shell:Skip shell extension 'dsv' for command environment
[35.893s] DEBUG:colcon.colcon_core.event_handler.log_command:Invoking command in '/home/suho/mid/src/my_package': PYTHONPATH=/home/suho/mid/build/my_package/prefix_override:/home/suho/mid/install/my_package/lib/python3.8/site-packages: /usr/bin/python3 setup.py egg_info --egg-base ../../build/my_package build --build-base /home/suho/mid/build/my_package/build install --record /home/suho/mid/build/my_package/install.log --install-scripts $base/lib/my_package --single-version-externally-managed
[37.603s] DEBUG:colcon.colcon_core.event_handler.log_command:Invoked command in '/home/suho/mid/src/my_package' returned '0': PYTHONPATH=/home/suho/mid/build/my_package/prefix_override:/home/suho/mid/install/my_package/lib/python3.8/site-packages: /usr/bin/python3 setup.py egg_info --egg-base ../../build/my_package build --build-base /home/suho/mid/build/my_package/build install --record /home/suho/mid/build/my_package/install.log --install-scripts $base/lib/my_package --single-version-externally-managed
[38.083s] Level 1:colcon.colcon_core.environment:checking '/home/suho/mid/install/my_package' for CMake module files
[38.086s] Level 1:colcon.colcon_core.environment:checking '/home/suho/mid/install/my_package' for CMake config files
[38.090s] Level 1:colcon.colcon_core.environment:checking '/home/suho/mid/install/my_package/lib'
[38.100s] Level 1:colcon.colcon_core.environment:checking '/home/suho/mid/install/my_package/bin'
[38.101s] Level 1:colcon.colcon_core.environment:checking '/home/suho/mid/install/my_package/lib/pkgconfig/my_package.pc'
[38.101s] Level 1:colcon.colcon_core.environment:checking '/home/suho/mid/install/my_package/lib/python3.8/site-packages'
[38.102s] Level 1:colcon.colcon_core.shell:create_environment_hook('my_package', 'pythonpath')
[38.607s] INFO:colcon.colcon_core.shell:Creating environment hook '/home/suho/mid/install/my_package/share/my_package/hook/pythonpath.ps1'
[38.629s] INFO:colcon.colcon_core.shell:Creating environment descriptor '/home/suho/mid/install/my_package/share/my_package/hook/pythonpath.dsv'
[38.669s] INFO:colcon.colcon_core.shell:Creating environment hook '/home/suho/mid/install/my_package/share/my_package/hook/pythonpath.sh'
[38.709s] Level 1:colcon.colcon_core.environment:checking '/home/suho/mid/install/my_package/bin'
[38.709s] Level 1:colcon.colcon_core.environment:create_environment_scripts_only(my_package)
[39.293s] INFO:colcon.colcon_core.shell:Creating package script '/home/suho/mid/install/my_package/share/my_package/package.ps1'
[39.299s] INFO:colcon.colcon_core.shell:Creating package descriptor '/home/suho/mid/install/my_package/share/my_package/package.dsv'
[39.305s] INFO:colcon.colcon_core.shell:Creating package script '/home/suho/mid/install/my_package/share/my_package/package.sh'
[39.310s] INFO:colcon.colcon_core.shell:Creating package script '/home/suho/mid/install/my_package/share/my_package/package.bash'
[39.318s] INFO:colcon.colcon_core.shell:Creating package script '/home/suho/mid/install/my_package/share/my_package/package.zsh'
[39.326s] Level 1:colcon.colcon_core.environment:create_file_with_runtime_dependencies(/home/suho/mid/install/my_package/share/colcon-core/packages/my_package)
[39.327s] DEBUG:colcon.colcon_parallel_executor.executor.parallel:closing loop
[39.369s] DEBUG:colcon.colcon_parallel_executor.executor.parallel:loop closed
[39.369s] DEBUG:colcon.colcon_parallel_executor.executor.parallel:run_until_complete finished with '0'
[39.369s] DEBUG:colcon.colcon_core.event_reactor:joining thread
[39.810s] INFO:colcon.colcon_core.plugin_system:Skipping extension 'colcon_notification.desktop_notification.terminal_notifier': Not used on non-Darwin systems
[39.811s] INFO:colcon.colcon_core.plugin_system:Skipping extension 'colcon_notification.desktop_notification.win32': Not used on non-Windows systems
[39.812s] INFO:colcon.colcon_notification.desktop_notification:Sending desktop notification using 'notify2'
[39.898s] DEBUG:colcon.colcon_core.event_reactor:joined thread
[40.476s] INFO:colcon.colcon_core.shell:Creating prefix script '/home/suho/mid/install/local_setup.ps1'
[40.499s] INFO:colcon.colcon_core.shell:Creating prefix util module '/home/suho/mid/install/_local_setup_util_ps1.py'
[40.508s] INFO:colcon.colcon_core.shell:Creating prefix chain script '/home/suho/mid/install/setup.ps1'
[40.794s] INFO:colcon.colcon_core.shell:Creating prefix script '/home/suho/mid/install/local_setup.sh'
[40.801s] INFO:colcon.colcon_core.shell:Creating prefix util module '/home/suho/mid/install/_local_setup_util_sh.py'
[40.802s] INFO:colcon.colcon_core.shell:Creating prefix chain script '/home/suho/mid/install/setup.sh'
[41.045s] INFO:colcon.colcon_core.shell:Creating prefix script '/home/suho/mid/install/local_setup.bash'
[41.051s] INFO:colcon.colcon_core.shell:Creating prefix chain script '/home/suho/mid/install/setup.bash'
[41.314s] INFO:colcon.colcon_core.shell:Creating prefix script '/home/suho/mid/install/local_setup.zsh'
[41.319s] INFO:colcon.colcon_core.shell:Creating prefix chain script '/home/suho/mid/install/setup.zsh'
