[7.990s] DEBUG:colcon:Command line arguments: ['/usr/bin/colcon', 'build']
[8.000s] DEBUG:colcon:Parsed command line arguments: Namespace(allow_overriding=[], ament_cmake_args=None, base_paths=['.'], build_base='build', catkin_cmake_args=None, catkin_skip_building_tests=False, cmake_args=None, cmake_clean_cache=False, cmake_clean_first=False, cmake_force_configure=False, cmake_target=None, cmake_target_skip_unavailable=False, continue_on_error=False, event_handlers=None, executor='parallel', ignore_user_meta=False, install_base='install', log_base=None, log_level=None, main=<bound method BuildVerb.main of <colcon_core.verb.build.BuildVerb object at 0x7fcf634810a0>>, merge_install=False, metas=['./colcon.meta'], packages_above=None, packages_above_and_dependencies=None, packages_above_depth=None, packages_end=None, packages_ignore=None, packages_ignore_regex=None, packages_select=None, packages_select_build_failed=False, packages_select_by_dep=None, packages_select_regex=None, packages_select_test_failures=False, packages_skip=None, packages_skip_build_finished=False, packages_skip_by_dep=None, packages_skip_regex=None, packages_skip_test_passed=False, packages_skip_up_to=None, packages_start=None, packages_up_to=None, packages_up_to_regex=None, parallel_workers=6, paths=None, symlink_install=False, test_result_base=None, verb_extension=<colcon_core.verb.build.BuildVerb object at 0x7fcf634810a0>, verb_name='build', verb_parser=<colcon_defaults.argument_parser.defaults.DefaultArgumentsDecorator object at 0x7fcf6315cd00>)
[8.374s] Level 1:colcon.colcon_core.package_discovery:discover_packages(colcon_meta) check parameters
[8.375s] Level 1:colcon.colcon_core.package_discovery:discover_packages(recursive) check parameters
[8.375s] Level 1:colcon.colcon_core.package_discovery:discover_packages(ignore) check parameters
[8.375s] Level 1:colcon.colcon_core.package_discovery:discover_packages(path) check parameters
[8.377s] Level 1:colcon.colcon_core.package_discovery:discover_packages(colcon_meta) discover
[8.377s] Level 1:colcon.colcon_core.package_discovery:discover_packages(recursive) discover
[8.377s] INFO:colcon.colcon_core.package_discovery:Crawling recursively for packages in '/home/suho/mid'
[8.377s] Level 1:colcon.colcon_core.package_identification:_identify(.) by extensions ['ignore', 'ignore_ament_install']
[8.377s] Level 1:colcon.colcon_core.package_identification:_identify(.) by extension 'ignore'
[8.377s] Level 1:colcon.colcon_core.package_identification:_identify(.) by extension 'ignore_ament_install'
[8.377s] Level 1:colcon.colcon_core.package_identification:_identify(.) by extensions ['colcon_pkg']
[8.377s] Level 1:colcon.colcon_core.package_identification:_identify(.) by extension 'colcon_pkg'
[8.377s] Level 1:colcon.colcon_core.package_identification:_identify(.) by extensions ['colcon_meta']
[8.378s] Level 1:colcon.colcon_core.package_identification:_identify(.) by extension 'colcon_meta'
[8.378s] Level 1:colcon.colcon_core.package_identification:_identify(.) by extensions ['ros']
[8.378s] Level 1:colcon.colcon_core.package_identification:_identify(.) by extension 'ros'
[8.399s] Level 1:colcon.colcon_core.package_identification:_identify(.) by extensions ['cmake', 'python']
[8.400s] Level 1:colcon.colcon_core.package_identification:_identify(.) by extension 'cmake'
[8.400s] Level 1:colcon.colcon_core.package_identification:_identify(.) by extension 'python'
[8.400s] Level 1:colcon.colcon_core.package_identification:_identify(.) by extensions ['python_setup_py']
[8.400s] Level 1:colcon.colcon_core.package_identification:_identify(.) by extension 'python_setup_py'
[8.401s] Level 1:colcon.colcon_core.package_identification:_identify(build) by extensions ['ignore', 'ignore_ament_install']
[8.401s] Level 1:colcon.colcon_core.package_identification:_identify(build) by extension 'ignore'
[8.404s] Level 1:colcon.colcon_core.package_identification:_identify(build) ignored
[8.404s] Level 1:colcon.colcon_core.package_identification:_identify(install) by extensions ['ignore', 'ignore_ament_install']
[8.404s] Level 1:colcon.colcon_core.package_identification:_identify(install) by extension 'ignore'
[8.405s] Level 1:colcon.colcon_core.package_identification:_identify(install) ignored
[8.405s] Level 1:colcon.colcon_core.package_identification:_identify(log) by extensions ['ignore', 'ignore_ament_install']
[8.405s] Level 1:colcon.colcon_core.package_identification:_identify(log) by extension 'ignore'
[8.405s] Level 1:colcon.colcon_core.package_identification:_identify(log) ignored
[8.405s] Level 1:colcon.colcon_core.package_identification:_identify(src) by extensions ['ignore', 'ignore_ament_install']
[8.405s] Level 1:colcon.colcon_core.package_identification:_identify(src) by extension 'ignore'
[8.405s] Level 1:colcon.colcon_core.package_identification:_identify(src) by extension 'ignore_ament_install'
[8.406s] Level 1:colcon.colcon_core.package_identification:_identify(src) by extensions ['colcon_pkg']
[8.406s] Level 1:colcon.colcon_core.package_identification:_identify(src) by extension 'colcon_pkg'
[8.406s] Level 1:colcon.colcon_core.package_identification:_identify(src) by extensions ['colcon_meta']
[8.406s] Level 1:colcon.colcon_core.package_identification:_identify(src) by extension 'colcon_meta'
[8.406s] Level 1:colcon.colcon_core.package_identification:_identify(src) by extensions ['ros']
[8.406s] Level 1:colcon.colcon_core.package_identification:_identify(src) by extension 'ros'
[8.406s] Level 1:colcon.colcon_core.package_identification:_identify(src) by extensions ['cmake', 'python']
[8.406s] Level 1:colcon.colcon_core.package_identification:_identify(src) by extension 'cmake'
[8.406s] Level 1:colcon.colcon_core.package_identification:_identify(src) by extension 'python'
[8.406s] Level 1:colcon.colcon_core.package_identification:_identify(src) by extensions ['python_setup_py']
[8.406s] Level 1:colcon.colcon_core.package_identification:_identify(src) by extension 'python_setup_py'
[8.406s] Level 1:colcon.colcon_core.package_identification:_identify(src/my_package) by extensions ['ignore', 'ignore_ament_install']
[8.407s] Level 1:colcon.colcon_core.package_identification:_identify(src/my_package) by extension 'ignore'
[8.407s] Level 1:colcon.colcon_core.package_identification:_identify(src/my_package) by extension 'ignore_ament_install'
[8.407s] Level 1:colcon.colcon_core.package_identification:_identify(src/my_package) by extensions ['colcon_pkg']
[8.407s] Level 1:colcon.colcon_core.package_identification:_identify(src/my_package) by extension 'colcon_pkg'
[8.407s] Level 1:colcon.colcon_core.package_identification:_identify(src/my_package) by extensions ['colcon_meta']
[8.407s] Level 1:colcon.colcon_core.package_identification:_identify(src/my_package) by extension 'colcon_meta'
[8.407s] Level 1:colcon.colcon_core.package_identification:_identify(src/my_package) by extensions ['ros']
[8.407s] Level 1:colcon.colcon_core.package_identification:_identify(src/my_package) by extension 'ros'
[8.413s] DEBUG:colcon.colcon_core.package_identification:Package 'src/my_package' with type 'ros.ament_python' and name 'my_package'
[8.413s] Level 1:colcon.colcon_core.package_discovery:discover_packages(recursive) using defaults
[8.413s] Level 1:colcon.colcon_core.package_discovery:discover_packages(ignore) discover
[8.413s] Level 1:colcon.colcon_core.package_discovery:discover_packages(ignore) using defaults
[8.413s] Level 1:colcon.colcon_core.package_discovery:discover_packages(path) discover
[8.413s] Level 1:colcon.colcon_core.package_discovery:discover_packages(path) using defaults
[9.171s] Level 1:colcon.colcon_core.package_discovery:discover_packages(prefix_path) check parameters
[9.171s] Level 1:colcon.colcon_core.package_discovery:discover_packages(prefix_path) discover
[9.341s] Level 1:colcon.colcon_core.package_discovery:discover_packages(prefix_path) using defaults
[9.618s] Level 5:colcon.colcon_core.verb:set package 'my_package' build argument 'cmake_args' from command line to 'None'
[9.618s] Level 5:colcon.colcon_core.verb:set package 'my_package' build argument 'cmake_target' from command line to 'None'
[9.618s] Level 5:colcon.colcon_core.verb:set package 'my_package' build argument 'cmake_target_skip_unavailable' from command line to 'False'
[9.619s] Level 5:colcon.colcon_core.verb:set package 'my_package' build argument 'cmake_clean_cache' from command line to 'False'
[9.619s] Level 5:colcon.colcon_core.verb:set package 'my_package' build argument 'cmake_clean_first' from command line to 'False'
[9.619s] Level 5:colcon.colcon_core.verb:set package 'my_package' build argument 'cmake_force_configure' from command line to 'False'
[9.619s] Level 5:colcon.colcon_core.verb:set package 'my_package' build argument 'ament_cmake_args' from command line to 'None'
[9.619s] Level 5:colcon.colcon_core.verb:set package 'my_package' build argument 'catkin_cmake_args' from command line to 'None'
[9.619s] Level 5:colcon.colcon_core.verb:set package 'my_package' build argument 'catkin_skip_building_tests' from command line to 'False'
[9.619s] DEBUG:colcon.colcon_core.verb:Building package 'my_package' with the following arguments: {'ament_cmake_args': None, 'build_base': '/home/suho/mid/build/my_package', 'catkin_cmake_args': None, 'catkin_skip_building_tests': False, 'cmake_args': None, 'cmake_clean_cache': False, 'cmake_clean_first': False, 'cmake_force_configure': False, 'cmake_target': None, 'cmake_target_skip_unavailable': False, 'install_base': '/home/suho/mid/install/my_package', 'merge_install': False, 'path': '/home/suho/mid/src/my_package', 'symlink_install': False, 'test_result_base': None}
[9.757s] INFO:colcon.colcon_core.executor:Executing jobs using 'parallel' executor
[9.912s] DEBUG:colcon.colcon_parallel_executor.executor.parallel:run_until_complete
[9.919s] INFO:colcon.colcon_ros.task.ament_python.build:Building ROS package in '/home/suho/mid/src/my_package' with build type 'ament_python'
[9.919s] Level 1:colcon.colcon_core.shell:create_environment_hook('my_package', 'ament_prefix_path')
[10.142s] INFO:colcon.colcon_core.plugin_system:Skipping extension 'colcon_core.shell.bat': Not used on non-Windows systems
[10.143s] INFO:colcon.colcon_core.shell:Creating environment hook '/home/suho/mid/install/my_package/share/my_package/hook/ament_prefix_path.ps1'
[10.152s] INFO:colcon.colcon_core.shell:Creating environment descriptor '/home/suho/mid/install/my_package/share/my_package/hook/ament_prefix_path.dsv'
[10.160s] INFO:colcon.colcon_core.shell:Creating environment hook '/home/suho/mid/install/my_package/share/my_package/hook/ament_prefix_path.sh'
[10.405s] INFO:colcon.colcon_core.shell:Skip shell extension 'powershell' for command environment: Not usable outside of PowerShell
[10.405s] DEBUG:colcon.colcon_core.shell:Skip shell extension 'dsv' for command environment
[11.414s] INFO:colcon.colcon_core.task.python.build:Building Python package in '/home/suho/mid/src/my_package'
[11.588s] INFO:colcon.colcon_core.shell:Skip shell extension 'powershell' for command environment: Not usable outside of PowerShell
[11.589s] DEBUG:colcon.colcon_core.shell:Skip shell extension 'dsv' for command environment
[12.758s] DEBUG:colcon.colcon_core.event_handler.log_command:Invoking command in '/home/suho/mid/src/my_package': PYTHONPATH=/home/suho/mid/build/my_package/prefix_override:/home/suho/mid/install/my_package/lib/python3.8/site-packages: /usr/bin/python3 setup.py egg_info --egg-base ../../build/my_package build --build-base /home/suho/mid/build/my_package/build install --record /home/suho/mid/build/my_package/install.log --install-scripts $base/lib/my_package --single-version-externally-managed
[13.677s] DEBUG:colcon.colcon_core.event_handler.log_command:Invoked command in '/home/suho/mid/src/my_package' returned '0': PYTHONPATH=/home/suho/mid/build/my_package/prefix_override:/home/suho/mid/install/my_package/lib/python3.8/site-packages: /usr/bin/python3 setup.py egg_info --egg-base ../../build/my_package build --build-base /home/suho/mid/build/my_package/build install --record /home/suho/mid/build/my_package/install.log --install-scripts $base/lib/my_package --single-version-externally-managed
[13.901s] Level 1:colcon.colcon_core.environment:checking '/home/suho/mid/install/my_package' for CMake module files
[13.902s] Level 1:colcon.colcon_core.environment:checking '/home/suho/mid/install/my_package' for CMake config files
[13.904s] Level 1:colcon.colcon_core.environment:checking '/home/suho/mid/install/my_package/lib'
[13.905s] Level 1:colcon.colcon_core.environment:checking '/home/suho/mid/install/my_package/bin'
[13.905s] Level 1:colcon.colcon_core.environment:checking '/home/suho/mid/install/my_package/lib/pkgconfig/my_package.pc'
[13.905s] Level 1:colcon.colcon_core.environment:checking '/home/suho/mid/install/my_package/lib/python3.8/site-packages'
[13.906s] Level 1:colcon.colcon_core.shell:create_environment_hook('my_package', 'pythonpath')
[14.198s] INFO:colcon.colcon_core.shell:Creating environment hook '/home/suho/mid/install/my_package/share/my_package/hook/pythonpath.ps1'
[14.248s] INFO:colcon.colcon_core.shell:Creating environment descriptor '/home/suho/mid/install/my_package/share/my_package/hook/pythonpath.dsv'
[14.251s] INFO:colcon.colcon_core.shell:Creating environment hook '/home/suho/mid/install/my_package/share/my_package/hook/pythonpath.sh'
[14.254s] Level 1:colcon.colcon_core.environment:checking '/home/suho/mid/install/my_package/bin'
[14.254s] Level 1:colcon.colcon_core.environment:create_environment_scripts_only(my_package)
[14.440s] INFO:colcon.colcon_core.shell:Creating package script '/home/suho/mid/install/my_package/share/my_package/package.ps1'
[14.446s] INFO:colcon.colcon_core.shell:Creating package descriptor '/home/suho/mid/install/my_package/share/my_package/package.dsv'
[14.448s] INFO:colcon.colcon_core.shell:Creating package script '/home/suho/mid/install/my_package/share/my_package/package.sh'
[14.462s] INFO:colcon.colcon_core.shell:Creating package script '/home/suho/mid/install/my_package/share/my_package/package.bash'
[14.466s] INFO:colcon.colcon_core.shell:Creating package script '/home/suho/mid/install/my_package/share/my_package/package.zsh'
[14.469s] Level 1:colcon.colcon_core.environment:create_file_with_runtime_dependencies(/home/suho/mid/install/my_package/share/colcon-core/packages/my_package)
[14.487s] DEBUG:colcon.colcon_parallel_executor.executor.parallel:closing loop
[14.523s] DEBUG:colcon.colcon_parallel_executor.executor.parallel:loop closed
[14.523s] DEBUG:colcon.colcon_parallel_executor.executor.parallel:run_until_complete finished with '0'
[14.530s] DEBUG:colcon.colcon_core.event_reactor:joining thread
[14.720s] INFO:colcon.colcon_core.plugin_system:Skipping extension 'colcon_notification.desktop_notification.terminal_notifier': Not used on non-Darwin systems
[14.738s] INFO:colcon.colcon_core.plugin_system:Skipping extension 'colcon_notification.desktop_notification.win32': Not used on non-Windows systems
[14.738s] INFO:colcon.colcon_notification.desktop_notification:Sending desktop notification using 'notify2'
[14.844s] DEBUG:colcon.colcon_core.event_reactor:joined thread
[14.982s] INFO:colcon.colcon_core.shell:Creating prefix script '/home/suho/mid/install/local_setup.ps1'
[15.006s] INFO:colcon.colcon_core.shell:Creating prefix util module '/home/suho/mid/install/_local_setup_util_ps1.py'
[15.030s] INFO:colcon.colcon_core.shell:Creating prefix chain script '/home/suho/mid/install/setup.ps1'
[15.230s] INFO:colcon.colcon_core.shell:Creating prefix script '/home/suho/mid/install/local_setup.sh'
[15.232s] INFO:colcon.colcon_core.shell:Creating prefix util module '/home/suho/mid/install/_local_setup_util_sh.py'
[15.241s] INFO:colcon.colcon_core.shell:Creating prefix chain script '/home/suho/mid/install/setup.sh'
[15.372s] INFO:colcon.colcon_core.shell:Creating prefix script '/home/suho/mid/install/local_setup.bash'
[15.381s] INFO:colcon.colcon_core.shell:Creating prefix chain script '/home/suho/mid/install/setup.bash'
[15.550s] INFO:colcon.colcon_core.shell:Creating prefix script '/home/suho/mid/install/local_setup.zsh'
[15.556s] INFO:colcon.colcon_core.shell:Creating prefix chain script '/home/suho/mid/install/setup.zsh'
