[3.984s] Invoking command in '/home/suho/mid/src/my_package': PYTHONPATH=/home/suho/mid/build/my_package/prefix_override:/home/suho/mid/install/my_package/lib/python3.8/site-packages: /usr/bin/python3 setup.py egg_info --egg-base ../../build/my_package build --build-base /home/suho/mid/build/my_package/build install --record /home/suho/mid/build/my_package/install.log --install-scripts $base/lib/my_package --single-version-externally-managed
[4.566s] running egg_info
[4.609s] writing ../../build/my_package/my_package.egg-info/PKG-INFO
[4.609s] writing dependency_links to ../../build/my_package/my_package.egg-info/dependency_links.txt
[4.609s] writing entry points to ../../build/my_package/my_package.egg-info/entry_points.txt
[4.609s] writing requirements to ../../build/my_package/my_package.egg-info/requires.txt
[4.635s] writing top-level names to ../../build/my_package/my_package.egg-info/top_level.txt
[4.834s] reading manifest file '../../build/my_package/my_package.egg-info/SOURCES.txt'
[4.859s] writing manifest file '../../build/my_package/my_package.egg-info/SOURCES.txt'
[4.861s] running build
[4.862s] running build_py
[4.862s] copying my_package/my_node.py -> /home/suho/mid/build/my_package/build/lib/my_package
[4.862s] running install
[4.862s] running install_lib
[4.874s] copying /home/suho/mid/build/my_package/build/lib/my_package/my_node.py -> /home/suho/mid/install/my_package/lib/python3.8/site-packages/my_package
[4.875s] byte-compiling /home/suho/mid/install/my_package/lib/python3.8/site-packages/my_package/my_node.py to my_node.cpython-38.pyc
[4.901s] running install_data
[4.902s] running install_egg_info
[4.902s] removing '/home/suho/mid/install/my_package/lib/python3.8/site-packages/my_package-0.0.0-py3.8.egg-info' (and everything under it)
[4.902s] Copying ../../build/my_package/my_package.egg-info to /home/suho/mid/install/my_package/lib/python3.8/site-packages/my_package-0.0.0-py3.8.egg-info
[4.905s] running install_scripts
[4.973s] Installing my_node script to /home/suho/mid/install/my_package/lib/my_package
[4.974s] writing list of installed files to '/home/suho/mid/build/my_package/install.log'
[5.134s] Invoked command in '/home/suho/mid/src/my_package' returned '0': PYTHONPATH=/home/suho/mid/build/my_package/prefix_override:/home/suho/mid/install/my_package/lib/python3.8/site-packages: /usr/bin/python3 setup.py egg_info --egg-base ../../build/my_package build --build-base /home/suho/mid/build/my_package/build install --record /home/suho/mid/build/my_package/install.log --install-scripts $base/lib/my_package --single-version-externally-managed
