[15.222s] DEBUG:colcon:Command line arguments: ['/usr/bin/colcon', 'build']
[15.223s] DEBUG:colcon:Parsed command line arguments: Namespace(allow_overriding=[], ament_cmake_args=None, base_paths=['.'], build_base='build', catkin_cmake_args=None, catkin_skip_building_tests=False, cmake_args=None, cmake_clean_cache=False, cmake_clean_first=False, cmake_force_configure=False, cmake_target=None, cmake_target_skip_unavailable=False, continue_on_error=False, event_handlers=None, executor='parallel', ignore_user_meta=False, install_base='install', log_base=None, log_level=None, main=<bound method BuildVerb.main of <colcon_core.verb.build.BuildVerb object at 0x7f21670c0f40>>, merge_install=False, metas=['./colcon.meta'], packages_above=None, packages_above_and_dependencies=None, packages_above_depth=None, packages_end=None, packages_ignore=None, packages_ignore_regex=None, packages_select=None, packages_select_build_failed=False, packages_select_by_dep=None, packages_select_regex=None, packages_select_test_failures=False, packages_skip=None, packages_skip_build_finished=False, packages_skip_by_dep=None, packages_skip_regex=None, packages_skip_test_passed=False, packages_skip_up_to=None, packages_start=None, packages_up_to=None, packages_up_to_regex=None, parallel_workers=6, paths=None, symlink_install=False, test_result_base=None, verb_extension=<colcon_core.verb.build.BuildVerb object at 0x7f21670c0f40>, verb_name='build', verb_parser=<colcon_defaults.argument_parser.defaults.DefaultArgumentsDecorator object at 0x7f2166e88f40>)
[15.850s] Level 1:colcon.colcon_core.package_discovery:discover_packages(colcon_meta) check parameters
[15.851s] Level 1:colcon.colcon_core.package_discovery:discover_packages(recursive) check parameters
[15.852s] Level 1:colcon.colcon_core.package_discovery:discover_packages(ignore) check parameters
[15.852s] Level 1:colcon.colcon_core.package_discovery:discover_packages(path) check parameters
[15.853s] Level 1:colcon.colcon_core.package_discovery:discover_packages(colcon_meta) discover
[15.853s] Level 1:colcon.colcon_core.package_discovery:discover_packages(recursive) discover
[15.853s] INFO:colcon.colcon_core.package_discovery:Crawling recursively for packages in '/home/suho/mid'
[15.854s] Level 1:colcon.colcon_core.package_identification:_identify(.) by extensions ['ignore', 'ignore_ament_install']
[15.855s] Level 1:colcon.colcon_core.package_identification:_identify(.) by extension 'ignore'
[15.867s] Level 1:colcon.colcon_core.package_identification:_identify(.) by extension 'ignore_ament_install'
[15.867s] Level 1:colcon.colcon_core.package_identification:_identify(.) by extensions ['colcon_pkg']
[15.868s] Level 1:colcon.colcon_core.package_identification:_identify(.) by extension 'colcon_pkg'
[15.868s] Level 1:colcon.colcon_core.package_identification:_identify(.) by extensions ['colcon_meta']
[15.868s] Level 1:colcon.colcon_core.package_identification:_identify(.) by extension 'colcon_meta'
[15.868s] Level 1:colcon.colcon_core.package_identification:_identify(.) by extensions ['ros']
[15.868s] Level 1:colcon.colcon_core.package_identification:_identify(.) by extension 'ros'
[15.923s] Level 1:colcon.colcon_core.package_identification:_identify(.) by extensions ['cmake', 'python']
[15.924s] Level 1:colcon.colcon_core.package_identification:_identify(.) by extension 'cmake'
[15.925s] Level 1:colcon.colcon_core.package_identification:_identify(.) by extension 'python'
[15.925s] Level 1:colcon.colcon_core.package_identification:_identify(.) by extensions ['python_setup_py']
[15.925s] Level 1:colcon.colcon_core.package_identification:_identify(.) by extension 'python_setup_py'
[15.926s] Level 1:colcon.colcon_core.package_identification:_identify(build) by extensions ['ignore', 'ignore_ament_install']
[15.926s] Level 1:colcon.colcon_core.package_identification:_identify(build) by extension 'ignore'
[15.927s] Level 1:colcon.colcon_core.package_identification:_identify(build) ignored
[15.932s] Level 1:colcon.colcon_core.package_identification:_identify(install) by extensions ['ignore', 'ignore_ament_install']
[15.937s] Level 1:colcon.colcon_core.package_identification:_identify(install) by extension 'ignore'
[15.937s] Level 1:colcon.colcon_core.package_identification:_identify(install) ignored
[15.938s] Level 1:colcon.colcon_core.package_identification:_identify(log) by extensions ['ignore', 'ignore_ament_install']
[15.938s] Level 1:colcon.colcon_core.package_identification:_identify(log) by extension 'ignore'
[15.938s] Level 1:colcon.colcon_core.package_identification:_identify(log) ignored
[15.939s] Level 1:colcon.colcon_core.package_identification:_identify(src) by extensions ['ignore', 'ignore_ament_install']
[15.940s] Level 1:colcon.colcon_core.package_identification:_identify(src) by extension 'ignore'
[15.943s] Level 1:colcon.colcon_core.package_identification:_identify(src) by extension 'ignore_ament_install'
[15.943s] Level 1:colcon.colcon_core.package_identification:_identify(src) by extensions ['colcon_pkg']
[15.943s] Level 1:colcon.colcon_core.package_identification:_identify(src) by extension 'colcon_pkg'
[15.944s] Level 1:colcon.colcon_core.package_identification:_identify(src) by extensions ['colcon_meta']
[15.944s] Level 1:colcon.colcon_core.package_identification:_identify(src) by extension 'colcon_meta'
[15.944s] Level 1:colcon.colcon_core.package_identification:_identify(src) by extensions ['ros']
[15.944s] Level 1:colcon.colcon_core.package_identification:_identify(src) by extension 'ros'
[15.970s] Level 1:colcon.colcon_core.package_identification:_identify(src) by extensions ['cmake', 'python']
[15.971s] Level 1:colcon.colcon_core.package_identification:_identify(src) by extension 'cmake'
[15.971s] Level 1:colcon.colcon_core.package_identification:_identify(src) by extension 'python'
[15.971s] Level 1:colcon.colcon_core.package_identification:_identify(src) by extensions ['python_setup_py']
[15.971s] Level 1:colcon.colcon_core.package_identification:_identify(src) by extension 'python_setup_py'
[15.971s] Level 1:colcon.colcon_core.package_identification:_identify(src/my_package) by extensions ['ignore', 'ignore_ament_install']
[15.972s] Level 1:colcon.colcon_core.package_identification:_identify(src/my_package) by extension 'ignore'
[15.972s] Level 1:colcon.colcon_core.package_identification:_identify(src/my_package) by extension 'ignore_ament_install'
[15.972s] Level 1:colcon.colcon_core.package_identification:_identify(src/my_package) by extensions ['colcon_pkg']
[15.972s] Level 1:colcon.colcon_core.package_identification:_identify(src/my_package) by extension 'colcon_pkg'
[15.972s] Level 1:colcon.colcon_core.package_identification:_identify(src/my_package) by extensions ['colcon_meta']
[15.972s] Level 1:colcon.colcon_core.package_identification:_identify(src/my_package) by extension 'colcon_meta'
[15.977s] Level 1:colcon.colcon_core.package_identification:_identify(src/my_package) by extensions ['ros']
[15.977s] Level 1:colcon.colcon_core.package_identification:_identify(src/my_package) by extension 'ros'
[15.993s] DEBUG:colcon.colcon_core.package_identification:Package 'src/my_package' with type 'ros.ament_python' and name 'my_package'
[15.993s] Level 1:colcon.colcon_core.package_discovery:discover_packages(recursive) using defaults
[15.994s] Level 1:colcon.colcon_core.package_discovery:discover_packages(ignore) discover
[15.994s] Level 1:colcon.colcon_core.package_discovery:discover_packages(ignore) using defaults
[15.994s] Level 1:colcon.colcon_core.package_discovery:discover_packages(path) discover
[15.994s] Level 1:colcon.colcon_core.package_discovery:discover_packages(path) using defaults
[17.443s] Level 1:colcon.colcon_core.package_discovery:discover_packages(prefix_path) check parameters
[17.444s] Level 1:colcon.colcon_core.package_discovery:discover_packages(prefix_path) discover
[17.723s] WARNING:colcon.colcon_ros.prefix_path.ament:The path '/home/suho/mid/install/physical_alarm' in the environment variable AMENT_PREFIX_PATH doesn't exist
[18.028s] DEBUG:colcon.colcon_installed_package_information.package_discovery:Found 1 installed packages in /home/suho/mid/install
[18.292s] DEBUG:colcon.colcon_installed_package_information.package_discovery:Found 307 installed packages in /opt/ros/foxy
[18.300s] Level 1:colcon.colcon_core.package_discovery:discover_packages(prefix_path) using defaults
[19.213s] Level 5:colcon.colcon_core.verb:set package 'my_package' build argument 'cmake_args' from command line to 'None'
[19.213s] Level 5:colcon.colcon_core.verb:set package 'my_package' build argument 'cmake_target' from command line to 'None'
[19.214s] Level 5:colcon.colcon_core.verb:set package 'my_package' build argument 'cmake_target_skip_unavailable' from command line to 'False'
[19.214s] Level 5:colcon.colcon_core.verb:set package 'my_package' build argument 'cmake_clean_cache' from command line to 'False'
[19.214s] Level 5:colcon.colcon_core.verb:set package 'my_package' build argument 'cmake_clean_first' from command line to 'False'
[19.214s] Level 5:colcon.colcon_core.verb:set package 'my_package' build argument 'cmake_force_configure' from command line to 'False'
[19.215s] Level 5:colcon.colcon_core.verb:set package 'my_package' build argument 'ament_cmake_args' from command line to 'None'
[19.215s] Level 5:colcon.colcon_core.verb:set package 'my_package' build argument 'catkin_cmake_args' from command line to 'None'
[19.230s] Level 5:colcon.colcon_core.verb:set package 'my_package' build argument 'catkin_skip_building_tests' from command line to 'False'
[19.232s] DEBUG:colcon.colcon_core.verb:Building package 'my_package' with the following arguments: {'ament_cmake_args': None, 'build_base': '/home/suho/mid/build/my_package', 'catkin_cmake_args': None, 'catkin_skip_building_tests': False, 'cmake_args': None, 'cmake_clean_cache': False, 'cmake_clean_first': False, 'cmake_force_configure': False, 'cmake_target': None, 'cmake_target_skip_unavailable': False, 'install_base': '/home/suho/mid/install/my_package', 'merge_install': False, 'path': '/home/suho/mid/src/my_package', 'symlink_install': False, 'test_result_base': None}
[19.490s] INFO:colcon.colcon_core.executor:Executing jobs using 'parallel' executor
[19.777s] DEBUG:colcon.colcon_parallel_executor.executor.parallel:run_until_complete
[19.779s] INFO:colcon.colcon_ros.task.ament_python.build:Building ROS package in '/home/suho/mid/src/my_package' with build type 'ament_python'
[19.786s] Level 1:colcon.colcon_core.shell:create_environment_hook('my_package', 'ament_prefix_path')
[20.288s] INFO:colcon.colcon_core.plugin_system:Skipping extension 'colcon_core.shell.bat': Not used on non-Windows systems
[20.290s] INFO:colcon.colcon_core.shell:Creating environment hook '/home/suho/mid/install/my_package/share/my_package/hook/ament_prefix_path.ps1'
[20.299s] INFO:colcon.colcon_core.shell:Creating environment descriptor '/home/suho/mid/install/my_package/share/my_package/hook/ament_prefix_path.dsv'
[20.301s] INFO:colcon.colcon_core.shell:Creating environment hook '/home/suho/mid/install/my_package/share/my_package/hook/ament_prefix_path.sh'
[20.797s] INFO:colcon.colcon_core.shell:Skip shell extension 'powershell' for command environment: Not usable outside of PowerShell
[20.798s] DEBUG:colcon.colcon_core.shell:Skip shell extension 'dsv' for command environment
[23.251s] INFO:colcon.colcon_core.task.python.build:Building Python package in '/home/suho/mid/src/my_package'
[23.818s] INFO:colcon.colcon_core.shell:Skip shell extension 'powershell' for command environment: Not usable outside of PowerShell
[23.819s] DEBUG:colcon.colcon_core.shell:Skip shell extension 'dsv' for command environment
[27.665s] DEBUG:colcon.colcon_core.event_handler.log_command:Invoking command in '/home/suho/mid/src/my_package': PYTHONPATH=/home/suho/mid/build/my_package/prefix_override:/home/suho/mid/install/my_package/lib/python3.8/site-packages:${PYTHONPATH} /usr/bin/python3 setup.py egg_info --egg-base ../../build/my_package build --build-base /home/suho/mid/build/my_package/build install --record /home/suho/mid/build/my_package/install.log --install-scripts $base/lib/my_package --single-version-externally-managed
[28.834s] DEBUG:colcon.colcon_core.event_handler.log_command:Invoked command in '/home/suho/mid/src/my_package' returned '0': PYTHONPATH=/home/suho/mid/build/my_package/prefix_override:/home/suho/mid/install/my_package/lib/python3.8/site-packages:${PYTHONPATH} /usr/bin/python3 setup.py egg_info --egg-base ../../build/my_package build --build-base /home/suho/mid/build/my_package/build install --record /home/suho/mid/build/my_package/install.log --install-scripts $base/lib/my_package --single-version-externally-managed
[29.578s] Level 1:colcon.colcon_core.environment:checking '/home/suho/mid/install/my_package' for CMake module files
[29.581s] Level 1:colcon.colcon_core.environment:checking '/home/suho/mid/install/my_package' for CMake config files
[29.583s] Level 1:colcon.colcon_core.environment:checking '/home/suho/mid/install/my_package/lib'
[29.591s] Level 1:colcon.colcon_core.environment:checking '/home/suho/mid/install/my_package/bin'
[29.592s] Level 1:colcon.colcon_core.environment:checking '/home/suho/mid/install/my_package/lib/pkgconfig/my_package.pc'
[29.593s] Level 1:colcon.colcon_core.environment:checking '/home/suho/mid/install/my_package/lib/python3.8/site-packages'
[29.596s] Level 1:colcon.colcon_core.shell:create_environment_hook('my_package', 'pythonpath')
[30.170s] INFO:colcon.colcon_core.shell:Creating environment hook '/home/suho/mid/install/my_package/share/my_package/hook/pythonpath.ps1'
[30.190s] INFO:colcon.colcon_core.shell:Creating environment descriptor '/home/suho/mid/install/my_package/share/my_package/hook/pythonpath.dsv'
[30.195s] INFO:colcon.colcon_core.shell:Creating environment hook '/home/suho/mid/install/my_package/share/my_package/hook/pythonpath.sh'
[30.198s] Level 1:colcon.colcon_core.environment:checking '/home/suho/mid/install/my_package/bin'
[30.198s] Level 1:colcon.colcon_core.environment:create_environment_scripts_only(my_package)
[31.114s] INFO:colcon.colcon_core.shell:Creating package script '/home/suho/mid/install/my_package/share/my_package/package.ps1'
[31.178s] INFO:colcon.colcon_core.shell:Creating package descriptor '/home/suho/mid/install/my_package/share/my_package/package.dsv'
[31.287s] INFO:colcon.colcon_core.shell:Creating package script '/home/suho/mid/install/my_package/share/my_package/package.sh'
[31.321s] INFO:colcon.colcon_core.shell:Creating package script '/home/suho/mid/install/my_package/share/my_package/package.bash'
[31.370s] INFO:colcon.colcon_core.shell:Creating package script '/home/suho/mid/install/my_package/share/my_package/package.zsh'
[31.402s] Level 1:colcon.colcon_core.environment:create_file_with_runtime_dependencies(/home/suho/mid/install/my_package/share/colcon-core/packages/my_package)
[31.403s] DEBUG:colcon.colcon_parallel_executor.executor.parallel:closing loop
[31.403s] DEBUG:colcon.colcon_parallel_executor.executor.parallel:loop closed
[31.403s] DEBUG:colcon.colcon_parallel_executor.executor.parallel:run_until_complete finished with '0'
[31.404s] DEBUG:colcon.colcon_core.event_reactor:joining thread
[31.857s] INFO:colcon.colcon_core.plugin_system:Skipping extension 'colcon_notification.desktop_notification.terminal_notifier': Not used on non-Darwin systems
[31.859s] INFO:colcon.colcon_core.plugin_system:Skipping extension 'colcon_notification.desktop_notification.win32': Not used on non-Windows systems
[31.860s] INFO:colcon.colcon_notification.desktop_notification:Sending desktop notification using 'notify2'
[31.966s] DEBUG:colcon.colcon_core.event_reactor:joined thread
[32.285s] INFO:colcon.colcon_core.shell:Creating prefix script '/home/suho/mid/install/local_setup.ps1'
[32.356s] INFO:colcon.colcon_core.shell:Creating prefix util module '/home/suho/mid/install/_local_setup_util_ps1.py'
[32.406s] INFO:colcon.colcon_core.shell:Creating prefix chain script '/home/suho/mid/install/setup.ps1'
[32.745s] INFO:colcon.colcon_core.shell:Creating prefix script '/home/suho/mid/install/local_setup.sh'
[32.769s] INFO:colcon.colcon_core.shell:Creating prefix util module '/home/suho/mid/install/_local_setup_util_sh.py'
[32.773s] INFO:colcon.colcon_core.shell:Creating prefix chain script '/home/suho/mid/install/setup.sh'
[33.036s] INFO:colcon.colcon_core.shell:Creating prefix script '/home/suho/mid/install/local_setup.bash'
[33.044s] INFO:colcon.colcon_core.shell:Creating prefix chain script '/home/suho/mid/install/setup.bash'
[33.310s] INFO:colcon.colcon_core.shell:Creating prefix script '/home/suho/mid/install/local_setup.zsh'
[33.313s] INFO:colcon.colcon_core.shell:Creating prefix chain script '/home/suho/mid/install/setup.zsh'
