[3.948s] Invoking command in '/home/suho/mid/src/my_package': PYTHONPATH=/home/suho/mid/build/my_package/prefix_override:/home/suho/mid/install/my_package/lib/python3.8/site-packages: /usr/bin/python3 setup.py egg_info --egg-base ../../build/my_package build --build-base /home/suho/mid/build/my_package/build install --record /home/suho/mid/build/my_package/install.log --install-scripts $base/lib/my_package --single-version-externally-managed
[4.576s] running egg_info
[4.606s] writing ../../build/my_package/my_package.egg-info/PKG-INFO
[4.607s] writing dependency_links to ../../build/my_package/my_package.egg-info/dependency_links.txt
[4.607s] writing entry points to ../../build/my_package/my_package.egg-info/entry_points.txt
[4.610s] writing requirements to ../../build/my_package/my_package.egg-info/requires.txt
[4.610s] writing top-level names to ../../build/my_package/my_package.egg-info/top_level.txt
[4.755s] reading manifest file '../../build/my_package/my_package.egg-info/SOURCES.txt'
[4.756s] writing manifest file '../../build/my_package/my_package.egg-info/SOURCES.txt'
[4.760s] running build
[4.760s] running build_py
[4.760s] copying my_package/my_node.py -> /home/suho/mid/build/my_package/build/lib/my_package
[4.761s] running install
[4.761s] running install_lib
[4.764s] copying /home/suho/mid/build/my_package/build/lib/my_package/my_node.py -> /home/suho/mid/install/my_package/lib/python3.8/site-packages/my_package
[4.766s] byte-compiling /home/suho/mid/install/my_package/lib/python3.8/site-packages/my_package/my_node.py to my_node.cpython-38.pyc
[4.805s]   File "/home/suho/mid/install/my_package/lib/python3.8/site-packages/my_package/my_node.py", line 99
[4.805s]     await run_ros_nodes()
[4.805s]     ^
[4.805s] SyntaxError: 'await' outside async function
[4.806s] 
[4.806s] running install_data
[4.806s] running install_egg_info
[4.828s] removing '/home/suho/mid/install/my_package/lib/python3.8/site-packages/my_package-0.0.0-py3.8.egg-info' (and everything under it)
[4.834s] Copying ../../build/my_package/my_package.egg-info to /home/suho/mid/install/my_package/lib/python3.8/site-packages/my_package-0.0.0-py3.8.egg-info
[4.834s] running install_scripts
[4.933s] Installing my_node script to /home/suho/mid/install/my_package/lib/my_package
[4.966s] writing list of installed files to '/home/suho/mid/build/my_package/install.log'
[5.064s] Invoked command in '/home/suho/mid/src/my_package' returned '0': PYTHONPATH=/home/suho/mid/build/my_package/prefix_override:/home/suho/mid/install/my_package/lib/python3.8/site-packages: /usr/bin/python3 setup.py egg_info --egg-base ../../build/my_package build --build-base /home/suho/mid/build/my_package/build install --record /home/suho/mid/build/my_package/install.log --install-scripts $base/lib/my_package --single-version-externally-managed
