[8.514s] DEBUG:colcon:Command line arguments: ['/usr/bin/colcon', 'build']
[8.514s] DEBUG:colcon:Parsed command line arguments: Namespace(allow_overriding=[], ament_cmake_args=None, base_paths=['.'], build_base='build', catkin_cmake_args=None, catkin_skip_building_tests=False, cmake_args=None, cmake_clean_cache=False, cmake_clean_first=False, cmake_force_configure=False, cmake_target=None, cmake_target_skip_unavailable=False, continue_on_error=False, event_handlers=None, executor='parallel', ignore_user_meta=False, install_base='install', log_base=None, log_level=None, main=<bound method BuildVerb.main of <colcon_core.verb.build.BuildVerb object at 0x7f3e310f80a0>>, merge_install=False, metas=['./colcon.meta'], packages_above=None, packages_above_and_dependencies=None, packages_above_depth=None, packages_end=None, packages_ignore=None, packages_ignore_regex=None, packages_select=None, packages_select_build_failed=False, packages_select_by_dep=None, packages_select_regex=None, packages_select_test_failures=False, packages_skip=None, packages_skip_build_finished=False, packages_skip_by_dep=None, packages_skip_regex=None, packages_skip_test_passed=False, packages_skip_up_to=None, packages_start=None, packages_up_to=None, packages_up_to_regex=None, parallel_workers=6, paths=None, symlink_install=False, test_result_base=None, verb_extension=<colcon_core.verb.build.BuildVerb object at 0x7f3e310f80a0>, verb_name='build', verb_parser=<colcon_defaults.argument_parser.defaults.DefaultArgumentsDecorator object at 0x7f3e30dd2520>)
[8.904s] Level 1:colcon.colcon_core.package_discovery:discover_packages(colcon_meta) check parameters
[8.905s] Level 1:colcon.colcon_core.package_discovery:discover_packages(recursive) check parameters
[8.905s] Level 1:colcon.colcon_core.package_discovery:discover_packages(ignore) check parameters
[8.905s] Level 1:colcon.colcon_core.package_discovery:discover_packages(path) check parameters
[8.905s] Level 1:colcon.colcon_core.package_discovery:discover_packages(colcon_meta) discover
[8.905s] Level 1:colcon.colcon_core.package_discovery:discover_packages(recursive) discover
[8.905s] INFO:colcon.colcon_core.package_discovery:Crawling recursively for packages in '/home/suho/mid'
[8.905s] Level 1:colcon.colcon_core.package_identification:_identify(.) by extensions ['ignore', 'ignore_ament_install']
[8.906s] Level 1:colcon.colcon_core.package_identification:_identify(.) by extension 'ignore'
[8.906s] Level 1:colcon.colcon_core.package_identification:_identify(.) by extension 'ignore_ament_install'
[8.906s] Level 1:colcon.colcon_core.package_identification:_identify(.) by extensions ['colcon_pkg']
[8.906s] Level 1:colcon.colcon_core.package_identification:_identify(.) by extension 'colcon_pkg'
[8.906s] Level 1:colcon.colcon_core.package_identification:_identify(.) by extensions ['colcon_meta']
[8.906s] Level 1:colcon.colcon_core.package_identification:_identify(.) by extension 'colcon_meta'
[8.906s] Level 1:colcon.colcon_core.package_identification:_identify(.) by extensions ['ros']
[8.906s] Level 1:colcon.colcon_core.package_identification:_identify(.) by extension 'ros'
[8.936s] Level 1:colcon.colcon_core.package_identification:_identify(.) by extensions ['cmake', 'python']
[8.936s] Level 1:colcon.colcon_core.package_identification:_identify(.) by extension 'cmake'
[8.936s] Level 1:colcon.colcon_core.package_identification:_identify(.) by extension 'python'
[8.936s] Level 1:colcon.colcon_core.package_identification:_identify(.) by extensions ['python_setup_py']
[8.936s] Level 1:colcon.colcon_core.package_identification:_identify(.) by extension 'python_setup_py'
[8.937s] Level 1:colcon.colcon_core.package_identification:_identify(build) by extensions ['ignore', 'ignore_ament_install']
[8.939s] Level 1:colcon.colcon_core.package_identification:_identify(build) by extension 'ignore'
[8.939s] Level 1:colcon.colcon_core.package_identification:_identify(build) ignored
[8.939s] Level 1:colcon.colcon_core.package_identification:_identify(install) by extensions ['ignore', 'ignore_ament_install']
[8.943s] Level 1:colcon.colcon_core.package_identification:_identify(install) by extension 'ignore'
[8.944s] Level 1:colcon.colcon_core.package_identification:_identify(install) ignored
[8.944s] Level 1:colcon.colcon_core.package_identification:_identify(log) by extensions ['ignore', 'ignore_ament_install']
[8.944s] Level 1:colcon.colcon_core.package_identification:_identify(log) by extension 'ignore'
[8.944s] Level 1:colcon.colcon_core.package_identification:_identify(log) ignored
[8.944s] Level 1:colcon.colcon_core.package_identification:_identify(src) by extensions ['ignore', 'ignore_ament_install']
[8.945s] Level 1:colcon.colcon_core.package_identification:_identify(src) by extension 'ignore'
[8.945s] Level 1:colcon.colcon_core.package_identification:_identify(src) by extension 'ignore_ament_install'
[8.945s] Level 1:colcon.colcon_core.package_identification:_identify(src) by extensions ['colcon_pkg']
[8.945s] Level 1:colcon.colcon_core.package_identification:_identify(src) by extension 'colcon_pkg'
[8.945s] Level 1:colcon.colcon_core.package_identification:_identify(src) by extensions ['colcon_meta']
[8.945s] Level 1:colcon.colcon_core.package_identification:_identify(src) by extension 'colcon_meta'
[8.945s] Level 1:colcon.colcon_core.package_identification:_identify(src) by extensions ['ros']
[8.945s] Level 1:colcon.colcon_core.package_identification:_identify(src) by extension 'ros'
[8.946s] Level 1:colcon.colcon_core.package_identification:_identify(src) by extensions ['cmake', 'python']
[8.946s] Level 1:colcon.colcon_core.package_identification:_identify(src) by extension 'cmake'
[8.946s] Level 1:colcon.colcon_core.package_identification:_identify(src) by extension 'python'
[8.946s] Level 1:colcon.colcon_core.package_identification:_identify(src) by extensions ['python_setup_py']
[8.946s] Level 1:colcon.colcon_core.package_identification:_identify(src) by extension 'python_setup_py'
[8.946s] Level 1:colcon.colcon_core.package_identification:_identify(src/my_package) by extensions ['ignore', 'ignore_ament_install']
[8.946s] Level 1:colcon.colcon_core.package_identification:_identify(src/my_package) by extension 'ignore'
[8.946s] Level 1:colcon.colcon_core.package_identification:_identify(src/my_package) by extension 'ignore_ament_install'
[8.946s] Level 1:colcon.colcon_core.package_identification:_identify(src/my_package) by extensions ['colcon_pkg']
[8.947s] Level 1:colcon.colcon_core.package_identification:_identify(src/my_package) by extension 'colcon_pkg'
[8.947s] Level 1:colcon.colcon_core.package_identification:_identify(src/my_package) by extensions ['colcon_meta']
[8.947s] Level 1:colcon.colcon_core.package_identification:_identify(src/my_package) by extension 'colcon_meta'
[8.947s] Level 1:colcon.colcon_core.package_identification:_identify(src/my_package) by extensions ['ros']
[8.947s] Level 1:colcon.colcon_core.package_identification:_identify(src/my_package) by extension 'ros'
[8.959s] DEBUG:colcon.colcon_core.package_identification:Package 'src/my_package' with type 'ros.ament_python' and name 'my_package'
[8.959s] Level 1:colcon.colcon_core.package_discovery:discover_packages(recursive) using defaults
[8.959s] Level 1:colcon.colcon_core.package_discovery:discover_packages(ignore) discover
[8.959s] Level 1:colcon.colcon_core.package_discovery:discover_packages(ignore) using defaults
[8.959s] Level 1:colcon.colcon_core.package_discovery:discover_packages(path) discover
[8.959s] Level 1:colcon.colcon_core.package_discovery:discover_packages(path) using defaults
[9.786s] Level 1:colcon.colcon_core.package_discovery:discover_packages(prefix_path) check parameters
[9.786s] Level 1:colcon.colcon_core.package_discovery:discover_packages(prefix_path) discover
[9.944s] Level 1:colcon.colcon_core.package_discovery:discover_packages(prefix_path) using defaults
[10.236s] Level 5:colcon.colcon_core.verb:set package 'my_package' build argument 'cmake_args' from command line to 'None'
[10.237s] Level 5:colcon.colcon_core.verb:set package 'my_package' build argument 'cmake_target' from command line to 'None'
[10.237s] Level 5:colcon.colcon_core.verb:set package 'my_package' build argument 'cmake_target_skip_unavailable' from command line to 'False'
[10.237s] Level 5:colcon.colcon_core.verb:set package 'my_package' build argument 'cmake_clean_cache' from command line to 'False'
[10.237s] Level 5:colcon.colcon_core.verb:set package 'my_package' build argument 'cmake_clean_first' from command line to 'False'
[10.237s] Level 5:colcon.colcon_core.verb:set package 'my_package' build argument 'cmake_force_configure' from command line to 'False'
[10.238s] Level 5:colcon.colcon_core.verb:set package 'my_package' build argument 'ament_cmake_args' from command line to 'None'
[10.238s] Level 5:colcon.colcon_core.verb:set package 'my_package' build argument 'catkin_cmake_args' from command line to 'None'
[10.238s] Level 5:colcon.colcon_core.verb:set package 'my_package' build argument 'catkin_skip_building_tests' from command line to 'False'
[10.238s] DEBUG:colcon.colcon_core.verb:Building package 'my_package' with the following arguments: {'ament_cmake_args': None, 'build_base': '/home/suho/mid/build/my_package', 'catkin_cmake_args': None, 'catkin_skip_building_tests': False, 'cmake_args': None, 'cmake_clean_cache': False, 'cmake_clean_first': False, 'cmake_force_configure': False, 'cmake_target': None, 'cmake_target_skip_unavailable': False, 'install_base': '/home/suho/mid/install/my_package', 'merge_install': False, 'path': '/home/suho/mid/src/my_package', 'symlink_install': False, 'test_result_base': None}
[10.394s] INFO:colcon.colcon_core.executor:Executing jobs using 'parallel' executor
[10.564s] DEBUG:colcon.colcon_parallel_executor.executor.parallel:run_until_complete
[10.573s] INFO:colcon.colcon_ros.task.ament_python.build:Building ROS package in '/home/suho/mid/src/my_package' with build type 'ament_python'
[10.573s] Level 1:colcon.colcon_core.shell:create_environment_hook('my_package', 'ament_prefix_path')
[10.833s] INFO:colcon.colcon_core.plugin_system:Skipping extension 'colcon_core.shell.bat': Not used on non-Windows systems
[10.834s] INFO:colcon.colcon_core.shell:Creating environment hook '/home/suho/mid/install/my_package/share/my_package/hook/ament_prefix_path.ps1'
[10.853s] INFO:colcon.colcon_core.shell:Creating environment descriptor '/home/suho/mid/install/my_package/share/my_package/hook/ament_prefix_path.dsv'
[10.861s] INFO:colcon.colcon_core.shell:Creating environment hook '/home/suho/mid/install/my_package/share/my_package/hook/ament_prefix_path.sh'
[11.103s] INFO:colcon.colcon_core.shell:Skip shell extension 'powershell' for command environment: Not usable outside of PowerShell
[11.104s] DEBUG:colcon.colcon_core.shell:Skip shell extension 'dsv' for command environment
[11.932s] INFO:colcon.colcon_core.task.python.build:Building Python package in '/home/suho/mid/src/my_package'
[12.133s] INFO:colcon.colcon_core.shell:Skip shell extension 'powershell' for command environment: Not usable outside of PowerShell
[12.142s] DEBUG:colcon.colcon_core.shell:Skip shell extension 'dsv' for command environment
[13.256s] DEBUG:colcon.colcon_core.event_handler.log_command:Invoking command in '/home/suho/mid/src/my_package': PYTHONPATH=/home/suho/mid/build/my_package/prefix_override:/home/suho/mid/install/my_package/lib/python3.8/site-packages: /usr/bin/python3 setup.py egg_info --egg-base ../../build/my_package build --build-base /home/suho/mid/build/my_package/build install --record /home/suho/mid/build/my_package/install.log --install-scripts $base/lib/my_package --single-version-externally-managed
[14.117s] DEBUG:colcon.colcon_core.event_handler.log_command:Invoked command in '/home/suho/mid/src/my_package' returned '0': PYTHONPATH=/home/suho/mid/build/my_package/prefix_override:/home/suho/mid/install/my_package/lib/python3.8/site-packages: /usr/bin/python3 setup.py egg_info --egg-base ../../build/my_package build --build-base /home/suho/mid/build/my_package/build install --record /home/suho/mid/build/my_package/install.log --install-scripts $base/lib/my_package --single-version-externally-managed
[14.325s] Level 1:colcon.colcon_core.environment:checking '/home/suho/mid/install/my_package' for CMake module files
[14.327s] Level 1:colcon.colcon_core.environment:checking '/home/suho/mid/install/my_package' for CMake config files
[14.328s] Level 1:colcon.colcon_core.environment:checking '/home/suho/mid/install/my_package/lib'
[14.328s] Level 1:colcon.colcon_core.environment:checking '/home/suho/mid/install/my_package/bin'
[14.329s] Level 1:colcon.colcon_core.environment:checking '/home/suho/mid/install/my_package/lib/pkgconfig/my_package.pc'
[14.329s] Level 1:colcon.colcon_core.environment:checking '/home/suho/mid/install/my_package/lib/python3.8/site-packages'
[14.329s] Level 1:colcon.colcon_core.shell:create_environment_hook('my_package', 'pythonpath')
[14.581s] INFO:colcon.colcon_core.shell:Creating environment hook '/home/suho/mid/install/my_package/share/my_package/hook/pythonpath.ps1'
[14.585s] INFO:colcon.colcon_core.shell:Creating environment descriptor '/home/suho/mid/install/my_package/share/my_package/hook/pythonpath.dsv'
[14.588s] INFO:colcon.colcon_core.shell:Creating environment hook '/home/suho/mid/install/my_package/share/my_package/hook/pythonpath.sh'
[14.590s] Level 1:colcon.colcon_core.environment:checking '/home/suho/mid/install/my_package/bin'
[14.602s] Level 1:colcon.colcon_core.environment:create_environment_scripts_only(my_package)
[14.853s] INFO:colcon.colcon_core.shell:Creating package script '/home/suho/mid/install/my_package/share/my_package/package.ps1'
[14.862s] INFO:colcon.colcon_core.shell:Creating package descriptor '/home/suho/mid/install/my_package/share/my_package/package.dsv'
[14.876s] INFO:colcon.colcon_core.shell:Creating package script '/home/suho/mid/install/my_package/share/my_package/package.sh'
[14.891s] INFO:colcon.colcon_core.shell:Creating package script '/home/suho/mid/install/my_package/share/my_package/package.bash'
[14.923s] INFO:colcon.colcon_core.shell:Creating package script '/home/suho/mid/install/my_package/share/my_package/package.zsh'
[14.926s] Level 1:colcon.colcon_core.environment:create_file_with_runtime_dependencies(/home/suho/mid/install/my_package/share/colcon-core/packages/my_package)
[14.945s] DEBUG:colcon.colcon_parallel_executor.executor.parallel:closing loop
[14.947s] DEBUG:colcon.colcon_parallel_executor.executor.parallel:loop closed
[14.948s] DEBUG:colcon.colcon_parallel_executor.executor.parallel:run_until_complete finished with '0'
[14.948s] DEBUG:colcon.colcon_core.event_reactor:joining thread
[15.188s] INFO:colcon.colcon_core.plugin_system:Skipping extension 'colcon_notification.desktop_notification.terminal_notifier': Not used on non-Darwin systems
[15.189s] INFO:colcon.colcon_core.plugin_system:Skipping extension 'colcon_notification.desktop_notification.win32': Not used on non-Windows systems
[15.189s] INFO:colcon.colcon_notification.desktop_notification:Sending desktop notification using 'notify2'
[15.279s] DEBUG:colcon.colcon_core.event_reactor:joined thread
[15.514s] INFO:colcon.colcon_core.shell:Creating prefix script '/home/suho/mid/install/local_setup.ps1'
[15.517s] INFO:colcon.colcon_core.shell:Creating prefix util module '/home/suho/mid/install/_local_setup_util_ps1.py'
[15.542s] INFO:colcon.colcon_core.shell:Creating prefix chain script '/home/suho/mid/install/setup.ps1'
[15.719s] INFO:colcon.colcon_core.shell:Creating prefix script '/home/suho/mid/install/local_setup.sh'
[15.758s] INFO:colcon.colcon_core.shell:Creating prefix util module '/home/suho/mid/install/_local_setup_util_sh.py'
[15.828s] INFO:colcon.colcon_core.shell:Creating prefix chain script '/home/suho/mid/install/setup.sh'
[16.100s] INFO:colcon.colcon_core.shell:Creating prefix script '/home/suho/mid/install/local_setup.bash'
[16.113s] INFO:colcon.colcon_core.shell:Creating prefix chain script '/home/suho/mid/install/setup.bash'
[16.269s] INFO:colcon.colcon_core.shell:Creating prefix script '/home/suho/mid/install/local_setup.zsh'
[16.278s] INFO:colcon.colcon_core.shell:Creating prefix chain script '/home/suho/mid/install/setup.zsh'
