[3.875s] Invoking command in '/home/suho/mid/src/my_package': PYTHONPATH=/home/suho/mid/build/my_package/prefix_override:/home/suho/mid/install/my_package/lib/python3.8/site-packages: /usr/bin/python3 setup.py egg_info --egg-base ../../build/my_package build --build-base /home/suho/mid/build/my_package/build install --record /home/suho/mid/build/my_package/install.log --install-scripts $base/lib/my_package --single-version-externally-managed
[4.521s] running egg_info
[4.522s] writing ../../build/my_package/my_package.egg-info/PKG-INFO
[4.562s] writing dependency_links to ../../build/my_package/my_package.egg-info/dependency_links.txt
[4.575s] writing entry points to ../../build/my_package/my_package.egg-info/entry_points.txt
[4.576s] writing requirements to ../../build/my_package/my_package.egg-info/requires.txt
[4.576s] writing top-level names to ../../build/my_package/my_package.egg-info/top_level.txt
[4.699s] reading manifest file '../../build/my_package/my_package.egg-info/SOURCES.txt'
[4.702s] writing manifest file '../../build/my_package/my_package.egg-info/SOURCES.txt'
[4.703s] running build
[4.704s] running build_py
[4.704s] copying my_package/my_node.py -> /home/suho/mid/build/my_package/build/lib/my_package
[4.705s] running install
[4.709s] running install_lib
[4.722s] copying /home/suho/mid/build/my_package/build/lib/my_package/my_node.py -> /home/suho/mid/install/my_package/lib/python3.8/site-packages/my_package
[4.756s] byte-compiling /home/suho/mid/install/my_package/lib/python3.8/site-packages/my_package/my_node.py to my_node.cpython-38.pyc
[4.829s] running install_data
[4.830s] running install_egg_info
[4.869s] removing '/home/suho/mid/install/my_package/lib/python3.8/site-packages/my_package-0.0.0-py3.8.egg-info' (and everything under it)
[4.870s] Copying ../../build/my_package/my_package.egg-info to /home/suho/mid/install/my_package/lib/python3.8/site-packages/my_package-0.0.0-py3.8.egg-info
[4.870s] running install_scripts
[4.920s] Installing my_node script to /home/suho/mid/install/my_package/lib/my_package
[4.932s] writing list of installed files to '/home/suho/mid/build/my_package/install.log'
[5.071s] Invoked command in '/home/suho/mid/src/my_package' returned '0': PYTHONPATH=/home/suho/mid/build/my_package/prefix_override:/home/suho/mid/install/my_package/lib/python3.8/site-packages: /usr/bin/python3 setup.py egg_info --egg-base ../../build/my_package build --build-base /home/suho/mid/build/my_package/build install --record /home/suho/mid/build/my_package/install.log --install-scripts $base/lib/my_package --single-version-externally-managed
