[12.959s] DEBUG:colcon:Command line arguments: ['/usr/bin/colcon', 'build']
[12.960s] DEBUG:colcon:Parsed command line arguments: Namespace(allow_overriding=[], ament_cmake_args=None, base_paths=['.'], build_base='build', catkin_cmake_args=None, catkin_skip_building_tests=False, cmake_args=None, cmake_clean_cache=False, cmake_clean_first=False, cmake_force_configure=False, cmake_target=None, cmake_target_skip_unavailable=False, continue_on_error=False, event_handlers=None, executor='parallel', ignore_user_meta=False, install_base='install', log_base=None, log_level=None, main=<bound method BuildVerb.main of <colcon_core.verb.build.BuildVerb object at 0x7f47c7b340a0>>, merge_install=False, metas=['./colcon.meta'], packages_above=None, packages_above_and_dependencies=None, packages_above_depth=None, packages_end=None, packages_ignore=None, packages_ignore_regex=None, packages_select=None, packages_select_build_failed=False, packages_select_by_dep=None, packages_select_regex=None, packages_select_test_failures=False, packages_skip=None, packages_skip_build_finished=False, packages_skip_by_dep=None, packages_skip_regex=None, packages_skip_test_passed=False, packages_skip_up_to=None, packages_start=None, packages_up_to=None, packages_up_to_regex=None, parallel_workers=6, paths=None, symlink_install=False, test_result_base=None, verb_extension=<colcon_core.verb.build.BuildVerb object at 0x7f47c7b340a0>, verb_name='build', verb_parser=<colcon_defaults.argument_parser.defaults.DefaultArgumentsDecorator object at 0x7f47c780f430>)
[13.422s] Level 1:colcon.colcon_core.package_discovery:discover_packages(colcon_meta) check parameters
[13.422s] Level 1:colcon.colcon_core.package_discovery:discover_packages(recursive) check parameters
[13.422s] Level 1:colcon.colcon_core.package_discovery:discover_packages(ignore) check parameters
[13.422s] Level 1:colcon.colcon_core.package_discovery:discover_packages(path) check parameters
[13.422s] Level 1:colcon.colcon_core.package_discovery:discover_packages(colcon_meta) discover
[13.423s] Level 1:colcon.colcon_core.package_discovery:discover_packages(recursive) discover
[13.423s] INFO:colcon.colcon_core.package_discovery:Crawling recursively for packages in '/home/suho/mid'
[13.423s] Level 1:colcon.colcon_core.package_identification:_identify(.) by extensions ['ignore', 'ignore_ament_install']
[13.423s] Level 1:colcon.colcon_core.package_identification:_identify(.) by extension 'ignore'
[13.423s] Level 1:colcon.colcon_core.package_identification:_identify(.) by extension 'ignore_ament_install'
[13.424s] Level 1:colcon.colcon_core.package_identification:_identify(.) by extensions ['colcon_pkg']
[13.424s] Level 1:colcon.colcon_core.package_identification:_identify(.) by extension 'colcon_pkg'
[13.424s] Level 1:colcon.colcon_core.package_identification:_identify(.) by extensions ['colcon_meta']
[13.424s] Level 1:colcon.colcon_core.package_identification:_identify(.) by extension 'colcon_meta'
[13.424s] Level 1:colcon.colcon_core.package_identification:_identify(.) by extensions ['ros']
[13.424s] Level 1:colcon.colcon_core.package_identification:_identify(.) by extension 'ros'
[13.452s] Level 1:colcon.colcon_core.package_identification:_identify(.) by extensions ['cmake', 'python']
[13.453s] Level 1:colcon.colcon_core.package_identification:_identify(.) by extension 'cmake'
[13.453s] Level 1:colcon.colcon_core.package_identification:_identify(.) by extension 'python'
[13.453s] Level 1:colcon.colcon_core.package_identification:_identify(.) by extensions ['python_setup_py']
[13.454s] Level 1:colcon.colcon_core.package_identification:_identify(.) by extension 'python_setup_py'
[13.454s] Level 1:colcon.colcon_core.package_identification:_identify(build) by extensions ['ignore', 'ignore_ament_install']
[13.454s] Level 1:colcon.colcon_core.package_identification:_identify(build) by extension 'ignore'
[13.455s] Level 1:colcon.colcon_core.package_identification:_identify(build) ignored
[13.455s] Level 1:colcon.colcon_core.package_identification:_identify(install) by extensions ['ignore', 'ignore_ament_install']
[13.456s] Level 1:colcon.colcon_core.package_identification:_identify(install) by extension 'ignore'
[13.456s] Level 1:colcon.colcon_core.package_identification:_identify(install) ignored
[13.457s] Level 1:colcon.colcon_core.package_identification:_identify(log) by extensions ['ignore', 'ignore_ament_install']
[13.458s] Level 1:colcon.colcon_core.package_identification:_identify(log) by extension 'ignore'
[13.458s] Level 1:colcon.colcon_core.package_identification:_identify(log) ignored
[13.458s] Level 1:colcon.colcon_core.package_identification:_identify(src) by extensions ['ignore', 'ignore_ament_install']
[13.458s] Level 1:colcon.colcon_core.package_identification:_identify(src) by extension 'ignore'
[13.458s] Level 1:colcon.colcon_core.package_identification:_identify(src) by extension 'ignore_ament_install'
[13.459s] Level 1:colcon.colcon_core.package_identification:_identify(src) by extensions ['colcon_pkg']
[13.459s] Level 1:colcon.colcon_core.package_identification:_identify(src) by extension 'colcon_pkg'
[13.459s] Level 1:colcon.colcon_core.package_identification:_identify(src) by extensions ['colcon_meta']
[13.459s] Level 1:colcon.colcon_core.package_identification:_identify(src) by extension 'colcon_meta'
[13.459s] Level 1:colcon.colcon_core.package_identification:_identify(src) by extensions ['ros']
[13.459s] Level 1:colcon.colcon_core.package_identification:_identify(src) by extension 'ros'
[13.459s] Level 1:colcon.colcon_core.package_identification:_identify(src) by extensions ['cmake', 'python']
[13.460s] Level 1:colcon.colcon_core.package_identification:_identify(src) by extension 'cmake'
[13.460s] Level 1:colcon.colcon_core.package_identification:_identify(src) by extension 'python'
[13.460s] Level 1:colcon.colcon_core.package_identification:_identify(src) by extensions ['python_setup_py']
[13.460s] Level 1:colcon.colcon_core.package_identification:_identify(src) by extension 'python_setup_py'
[13.460s] Level 1:colcon.colcon_core.package_identification:_identify(src/my_package) by extensions ['ignore', 'ignore_ament_install']
[13.461s] Level 1:colcon.colcon_core.package_identification:_identify(src/my_package) by extension 'ignore'
[13.461s] Level 1:colcon.colcon_core.package_identification:_identify(src/my_package) by extension 'ignore_ament_install'
[13.461s] Level 1:colcon.colcon_core.package_identification:_identify(src/my_package) by extensions ['colcon_pkg']
[13.461s] Level 1:colcon.colcon_core.package_identification:_identify(src/my_package) by extension 'colcon_pkg'
[13.461s] Level 1:colcon.colcon_core.package_identification:_identify(src/my_package) by extensions ['colcon_meta']
[13.461s] Level 1:colcon.colcon_core.package_identification:_identify(src/my_package) by extension 'colcon_meta'
[13.462s] Level 1:colcon.colcon_core.package_identification:_identify(src/my_package) by extensions ['ros']
[13.462s] Level 1:colcon.colcon_core.package_identification:_identify(src/my_package) by extension 'ros'
[13.467s] DEBUG:colcon.colcon_core.package_identification:Package 'src/my_package' with type 'ros.ament_python' and name 'my_package'
[13.468s] Level 1:colcon.colcon_core.package_discovery:discover_packages(recursive) using defaults
[13.468s] Level 1:colcon.colcon_core.package_discovery:discover_packages(ignore) discover
[13.468s] Level 1:colcon.colcon_core.package_discovery:discover_packages(ignore) using defaults
[13.468s] Level 1:colcon.colcon_core.package_discovery:discover_packages(path) discover
[13.469s] Level 1:colcon.colcon_core.package_discovery:discover_packages(path) using defaults
[14.727s] Level 1:colcon.colcon_core.package_discovery:discover_packages(prefix_path) check parameters
[14.727s] Level 1:colcon.colcon_core.package_discovery:discover_packages(prefix_path) discover
[14.960s] Level 1:colcon.colcon_core.package_discovery:discover_packages(prefix_path) using defaults
[15.360s] Level 5:colcon.colcon_core.verb:set package 'my_package' build argument 'cmake_args' from command line to 'None'
[15.360s] Level 5:colcon.colcon_core.verb:set package 'my_package' build argument 'cmake_target' from command line to 'None'
[15.360s] Level 5:colcon.colcon_core.verb:set package 'my_package' build argument 'cmake_target_skip_unavailable' from command line to 'False'
[15.361s] Level 5:colcon.colcon_core.verb:set package 'my_package' build argument 'cmake_clean_cache' from command line to 'False'
[15.361s] Level 5:colcon.colcon_core.verb:set package 'my_package' build argument 'cmake_clean_first' from command line to 'False'
[15.361s] Level 5:colcon.colcon_core.verb:set package 'my_package' build argument 'cmake_force_configure' from command line to 'False'
[15.361s] Level 5:colcon.colcon_core.verb:set package 'my_package' build argument 'ament_cmake_args' from command line to 'None'
[15.361s] Level 5:colcon.colcon_core.verb:set package 'my_package' build argument 'catkin_cmake_args' from command line to 'None'
[15.362s] Level 5:colcon.colcon_core.verb:set package 'my_package' build argument 'catkin_skip_building_tests' from command line to 'False'
[15.362s] DEBUG:colcon.colcon_core.verb:Building package 'my_package' with the following arguments: {'ament_cmake_args': None, 'build_base': '/home/suho/mid/build/my_package', 'catkin_cmake_args': None, 'catkin_skip_building_tests': False, 'cmake_args': None, 'cmake_clean_cache': False, 'cmake_clean_first': False, 'cmake_force_configure': False, 'cmake_target': None, 'cmake_target_skip_unavailable': False, 'install_base': '/home/suho/mid/install/my_package', 'merge_install': False, 'path': '/home/suho/mid/src/my_package', 'symlink_install': False, 'test_result_base': None}
[15.574s] INFO:colcon.colcon_core.executor:Executing jobs using 'parallel' executor
[15.870s] DEBUG:colcon.colcon_parallel_executor.executor.parallel:run_until_complete
[15.871s] INFO:colcon.colcon_ros.task.ament_python.build:Building ROS package in '/home/suho/mid/src/my_package' with build type 'ament_python'
[15.871s] Level 1:colcon.colcon_core.shell:create_environment_hook('my_package', 'ament_prefix_path')
[16.360s] INFO:colcon.colcon_core.plugin_system:Skipping extension 'colcon_core.shell.bat': Not used on non-Windows systems
[16.362s] INFO:colcon.colcon_core.shell:Creating environment hook '/home/suho/mid/install/my_package/share/my_package/hook/ament_prefix_path.ps1'
[16.367s] INFO:colcon.colcon_core.shell:Creating environment descriptor '/home/suho/mid/install/my_package/share/my_package/hook/ament_prefix_path.dsv'
[16.370s] INFO:colcon.colcon_core.shell:Creating environment hook '/home/suho/mid/install/my_package/share/my_package/hook/ament_prefix_path.sh'
[16.828s] INFO:colcon.colcon_core.shell:Skip shell extension 'powershell' for command environment: Not usable outside of PowerShell
[16.837s] DEBUG:colcon.colcon_core.shell:Skip shell extension 'dsv' for command environment
[18.163s] INFO:colcon.colcon_core.task.python.build:Building Python package in '/home/suho/mid/src/my_package'
[18.618s] INFO:colcon.colcon_core.shell:Skip shell extension 'powershell' for command environment: Not usable outside of PowerShell
[18.619s] DEBUG:colcon.colcon_core.shell:Skip shell extension 'dsv' for command environment
[20.537s] DEBUG:colcon.colcon_core.event_handler.log_command:Invoking command in '/home/suho/mid/src/my_package': PYTHONPATH=/home/suho/mid/build/my_package/prefix_override:/home/suho/mid/install/my_package/lib/python3.8/site-packages: /usr/bin/python3 setup.py egg_info --egg-base ../../build/my_package build --build-base /home/suho/mid/build/my_package/build install --record /home/suho/mid/build/my_package/install.log --install-scripts $base/lib/my_package --single-version-externally-managed
[22.295s] DEBUG:colcon.colcon_core.event_handler.log_command:Invoked command in '/home/suho/mid/src/my_package' returned '0': PYTHONPATH=/home/suho/mid/build/my_package/prefix_override:/home/suho/mid/install/my_package/lib/python3.8/site-packages: /usr/bin/python3 setup.py egg_info --egg-base ../../build/my_package build --build-base /home/suho/mid/build/my_package/build install --record /home/suho/mid/build/my_package/install.log --install-scripts $base/lib/my_package --single-version-externally-managed
[22.746s] Level 1:colcon.colcon_core.environment:checking '/home/suho/mid/install/my_package' for CMake module files
[22.748s] Level 1:colcon.colcon_core.environment:checking '/home/suho/mid/install/my_package' for CMake config files
[22.751s] Level 1:colcon.colcon_core.environment:checking '/home/suho/mid/install/my_package/lib'
[22.752s] Level 1:colcon.colcon_core.environment:checking '/home/suho/mid/install/my_package/bin'
[22.752s] Level 1:colcon.colcon_core.environment:checking '/home/suho/mid/install/my_package/lib/pkgconfig/my_package.pc'
[22.754s] Level 1:colcon.colcon_core.environment:checking '/home/suho/mid/install/my_package/lib/python3.8/site-packages'
[22.754s] Level 1:colcon.colcon_core.shell:create_environment_hook('my_package', 'pythonpath')
[23.020s] INFO:colcon.colcon_core.shell:Creating environment hook '/home/suho/mid/install/my_package/share/my_package/hook/pythonpath.ps1'
[23.024s] INFO:colcon.colcon_core.shell:Creating environment descriptor '/home/suho/mid/install/my_package/share/my_package/hook/pythonpath.dsv'
[23.026s] INFO:colcon.colcon_core.shell:Creating environment hook '/home/suho/mid/install/my_package/share/my_package/hook/pythonpath.sh'
[23.028s] Level 1:colcon.colcon_core.environment:checking '/home/suho/mid/install/my_package/bin'
[23.029s] Level 1:colcon.colcon_core.environment:create_environment_scripts_only(my_package)
[23.527s] INFO:colcon.colcon_core.shell:Creating package script '/home/suho/mid/install/my_package/share/my_package/package.ps1'
[23.549s] INFO:colcon.colcon_core.shell:Creating package descriptor '/home/suho/mid/install/my_package/share/my_package/package.dsv'
[23.599s] INFO:colcon.colcon_core.shell:Creating package script '/home/suho/mid/install/my_package/share/my_package/package.sh'
[23.603s] INFO:colcon.colcon_core.shell:Creating package script '/home/suho/mid/install/my_package/share/my_package/package.bash'
[23.607s] INFO:colcon.colcon_core.shell:Creating package script '/home/suho/mid/install/my_package/share/my_package/package.zsh'
[23.611s] Level 1:colcon.colcon_core.environment:create_file_with_runtime_dependencies(/home/suho/mid/install/my_package/share/colcon-core/packages/my_package)
[23.619s] DEBUG:colcon.colcon_parallel_executor.executor.parallel:closing loop
[23.652s] DEBUG:colcon.colcon_parallel_executor.executor.parallel:loop closed
[23.652s] DEBUG:colcon.colcon_parallel_executor.executor.parallel:run_until_complete finished with '0'
[23.652s] DEBUG:colcon.colcon_core.event_reactor:joining thread
[23.951s] INFO:colcon.colcon_core.plugin_system:Skipping extension 'colcon_notification.desktop_notification.terminal_notifier': Not used on non-Darwin systems
[23.951s] INFO:colcon.colcon_core.plugin_system:Skipping extension 'colcon_notification.desktop_notification.win32': Not used on non-Windows systems
[23.953s] INFO:colcon.colcon_notification.desktop_notification:Sending desktop notification using 'notify2'
[24.075s] DEBUG:colcon.colcon_core.event_reactor:joined thread
[24.392s] INFO:colcon.colcon_core.shell:Creating prefix script '/home/suho/mid/install/local_setup.ps1'
[24.396s] INFO:colcon.colcon_core.shell:Creating prefix util module '/home/suho/mid/install/_local_setup_util_ps1.py'
[24.401s] INFO:colcon.colcon_core.shell:Creating prefix chain script '/home/suho/mid/install/setup.ps1'
[24.629s] INFO:colcon.colcon_core.shell:Creating prefix script '/home/suho/mid/install/local_setup.sh'
[24.632s] INFO:colcon.colcon_core.shell:Creating prefix util module '/home/suho/mid/install/_local_setup_util_sh.py'
[24.635s] INFO:colcon.colcon_core.shell:Creating prefix chain script '/home/suho/mid/install/setup.sh'
[24.870s] INFO:colcon.colcon_core.shell:Creating prefix script '/home/suho/mid/install/local_setup.bash'
[24.872s] INFO:colcon.colcon_core.shell:Creating prefix chain script '/home/suho/mid/install/setup.bash'
[25.103s] INFO:colcon.colcon_core.shell:Creating prefix script '/home/suho/mid/install/local_setup.zsh'
[25.106s] INFO:colcon.colcon_core.shell:Creating prefix chain script '/home/suho/mid/install/setup.zsh'
