[3.125s] Invoking command in '/home/suho/mid/src/my_package': PYTHONPATH=/home/suho/mid/build/my_package/prefix_override:/home/suho/mid/install/my_package/lib/python3.8/site-packages: /usr/bin/python3 setup.py egg_info --egg-base ../../build/my_package build --build-base /home/suho/mid/build/my_package/build install --record /home/suho/mid/build/my_package/install.log --install-scripts $base/lib/my_package --single-version-externally-managed
[3.508s] running egg_info
[3.510s] writing ../../build/my_package/my_package.egg-info/PKG-INFO
[3.521s] writing dependency_links to ../../build/my_package/my_package.egg-info/dependency_links.txt
[3.542s] writing entry points to ../../build/my_package/my_package.egg-info/entry_points.txt
[3.594s] writing requirements to ../../build/my_package/my_package.egg-info/requires.txt
[3.594s] writing top-level names to ../../build/my_package/my_package.egg-info/top_level.txt
[3.687s] reading manifest file '../../build/my_package/my_package.egg-info/SOURCES.txt'
[3.696s] writing manifest file '../../build/my_package/my_package.egg-info/SOURCES.txt'
[3.700s] running build
[3.700s] running build_py
[3.701s] copying my_package/my_node.py -> /home/suho/mid/build/my_package/build/lib/my_package
[3.701s] running install
[3.702s] running install_lib
[3.705s] copying /home/suho/mid/build/my_package/build/lib/my_package/my_node.py -> /home/suho/mid/install/my_package/lib/python3.8/site-packages/my_package
[3.706s] byte-compiling /home/suho/mid/install/my_package/lib/python3.8/site-packages/my_package/my_node.py to my_node.cpython-38.pyc
[3.712s] running install_data
[3.714s] running install_egg_info
[3.733s] removing '/home/suho/mid/install/my_package/lib/python3.8/site-packages/my_package-0.0.0-py3.8.egg-info' (and everything under it)
[3.735s] Copying ../../build/my_package/my_package.egg-info to /home/suho/mid/install/my_package/lib/python3.8/site-packages/my_package-0.0.0-py3.8.egg-info
[3.736s] running install_scripts
[3.819s] Installing my_node script to /home/suho/mid/install/my_package/lib/my_package
[3.851s] writing list of installed files to '/home/suho/mid/build/my_package/install.log'
[3.979s] Invoked command in '/home/suho/mid/src/my_package' returned '0': PYTHONPATH=/home/suho/mid/build/my_package/prefix_override:/home/suho/mid/install/my_package/lib/python3.8/site-packages: /usr/bin/python3 setup.py egg_info --egg-base ../../build/my_package build --build-base /home/suho/mid/build/my_package/build install --record /home/suho/mid/build/my_package/install.log --install-scripts $base/lib/my_package --single-version-externally-managed
