[6.780s] Invoking command in '/home/suho/mid/src/my_package': PYTHONPATH=/home/suho/mid/build/my_package/prefix_override:/home/suho/mid/install/my_package/lib/python3.8/site-packages:${PYTHONPATH} /usr/bin/python3 setup.py egg_info --egg-base ../../build/my_package build --build-base /home/suho/mid/build/my_package/build install --record /home/suho/mid/build/my_package/install.log --install-scripts $base/lib/my_package --single-version-externally-managed
[7.623s] running egg_info
[7.657s] writing ../../build/my_package/my_package.egg-info/PKG-INFO
[7.657s] writing dependency_links to ../../build/my_package/my_package.egg-info/dependency_links.txt
[7.665s] writing entry points to ../../build/my_package/my_package.egg-info/entry_points.txt
[7.666s] writing requirements to ../../build/my_package/my_package.egg-info/requires.txt
[7.666s] writing top-level names to ../../build/my_package/my_package.egg-info/top_level.txt
[7.880s] reading manifest file '../../build/my_package/my_package.egg-info/SOURCES.txt'
[7.915s] writing manifest file '../../build/my_package/my_package.egg-info/SOURCES.txt'
[7.915s] running build
[7.915s] running build_py
[7.916s] copying my_package/my_node.py -> /home/suho/mid/build/my_package/build/lib/my_package
[7.916s] running install
[7.926s] running install_lib
[7.940s] copying /home/suho/mid/build/my_package/build/lib/my_package/my_node.py -> /home/suho/mid/install/my_package/lib/python3.8/site-packages/my_package
[7.941s] byte-compiling /home/suho/mid/install/my_package/lib/python3.8/site-packages/my_package/my_node.py to my_node.cpython-38.pyc
[8.046s] running install_data
[8.046s] running install_egg_info
[8.046s] removing '/home/suho/mid/install/my_package/lib/python3.8/site-packages/my_package-0.0.0-py3.8.egg-info' (and everything under it)
[8.046s] Copying ../../build/my_package/my_package.egg-info to /home/suho/mid/install/my_package/lib/python3.8/site-packages/my_package-0.0.0-py3.8.egg-info
[8.076s] running install_scripts
[8.148s] Installing my_node script to /home/suho/mid/install/my_package/lib/my_package
[8.176s] writing list of installed files to '/home/suho/mid/build/my_package/install.log'
[8.309s] Invoked command in '/home/suho/mid/src/my_package' returned '0': PYTHONPATH=/home/suho/mid/build/my_package/prefix_override:/home/suho/mid/install/my_package/lib/python3.8/site-packages:${PYTHONPATH} /usr/bin/python3 setup.py egg_info --egg-base ../../build/my_package build --build-base /home/suho/mid/build/my_package/build install --record /home/suho/mid/build/my_package/install.log --install-scripts $base/lib/my_package --single-version-externally-managed
