[5.989s] Invoking command in '/home/suho/mid/src/my_package': PYTHONPATH=/home/suho/mid/build/my_package/prefix_override:/home/suho/mid/install/my_package/lib/python3.8/site-packages: /usr/bin/python3 setup.py egg_info --egg-base ../../build/my_package build --build-base /home/suho/mid/build/my_package/build install --record /home/suho/mid/build/my_package/install.log --install-scripts $base/lib/my_package --single-version-externally-managed
[6.997s] running egg_info
[7.074s] writing ../../build/my_package/my_package.egg-info/PKG-INFO
[7.083s] writing dependency_links to ../../build/my_package/my_package.egg-info/dependency_links.txt
[7.084s] writing entry points to ../../build/my_package/my_package.egg-info/entry_points.txt
[7.085s] writing requirements to ../../build/my_package/my_package.egg-info/requires.txt
[7.086s] writing top-level names to ../../build/my_package/my_package.egg-info/top_level.txt
[7.170s] reading manifest file '../../build/my_package/my_package.egg-info/SOURCES.txt'
[7.180s] writing manifest file '../../build/my_package/my_package.egg-info/SOURCES.txt'
[7.233s] running build
[7.234s] running build_py
[7.235s] copying my_package/my_node.py -> /home/suho/mid/build/my_package/build/lib/my_package
[7.236s] running install
[7.236s] running install_lib
[7.236s] copying /home/suho/mid/build/my_package/build/lib/my_package/my_node.py -> /home/suho/mid/install/my_package/lib/python3.8/site-packages/my_package
[7.237s] byte-compiling /home/suho/mid/install/my_package/lib/python3.8/site-packages/my_package/my_node.py to my_node.cpython-38.pyc
[7.272s] running install_data
[7.272s] running install_egg_info
[7.273s] removing '/home/suho/mid/install/my_package/lib/python3.8/site-packages/my_package-0.0.0-py3.8.egg-info' (and everything under it)
[7.273s] Copying ../../build/my_package/my_package.egg-info to /home/suho/mid/install/my_package/lib/python3.8/site-packages/my_package-0.0.0-py3.8.egg-info
[7.273s] running install_scripts
[7.324s] Installing my_node script to /home/suho/mid/install/my_package/lib/my_package
[7.414s] writing list of installed files to '/home/suho/mid/build/my_package/install.log'
[7.850s] Invoked command in '/home/suho/mid/src/my_package' returned '0': PYTHONPATH=/home/suho/mid/build/my_package/prefix_override:/home/suho/mid/install/my_package/lib/python3.8/site-packages: /usr/bin/python3 setup.py egg_info --egg-base ../../build/my_package build --build-base /home/suho/mid/build/my_package/build install --record /home/suho/mid/build/my_package/install.log --install-scripts $base/lib/my_package --single-version-externally-managed
