[7.977s] DEBUG:colcon:Command line arguments: ['/usr/bin/colcon', 'build']
[7.977s] DEBUG:colcon:Parsed command line arguments: Namespace(allow_overriding=[], ament_cmake_args=None, base_paths=['.'], build_base='build', catkin_cmake_args=None, catkin_skip_building_tests=False, cmake_args=None, cmake_clean_cache=False, cmake_clean_first=False, cmake_force_configure=False, cmake_target=None, cmake_target_skip_unavailable=False, continue_on_error=False, event_handlers=None, executor='parallel', ignore_user_meta=False, install_base='install', log_base=None, log_level=None, main=<bound method BuildVerb.main of <colcon_core.verb.build.BuildVerb object at 0x7f6b509abfd0>>, merge_install=False, metas=['./colcon.meta'], packages_above=None, packages_above_and_dependencies=None, packages_above_depth=None, packages_end=None, packages_ignore=None, packages_ignore_regex=None, packages_select=None, packages_select_build_failed=False, packages_select_by_dep=None, packages_select_regex=None, packages_select_test_failures=False, packages_skip=None, packages_skip_build_finished=False, packages_skip_by_dep=None, packages_skip_regex=None, packages_skip_test_passed=False, packages_skip_up_to=None, packages_start=None, packages_up_to=None, packages_up_to_regex=None, parallel_workers=6, paths=None, symlink_install=False, test_result_base=None, verb_extension=<colcon_core.verb.build.BuildVerb object at 0x7f6b509abfd0>, verb_name='build', verb_parser=<colcon_defaults.argument_parser.defaults.DefaultArgumentsDecorator object at 0x7f6b5065cc10>)
[8.345s] Level 1:colcon.colcon_core.package_discovery:discover_packages(colcon_meta) check parameters
[8.346s] Level 1:colcon.colcon_core.package_discovery:discover_packages(recursive) check parameters
[8.346s] Level 1:colcon.colcon_core.package_discovery:discover_packages(ignore) check parameters
[8.346s] Level 1:colcon.colcon_core.package_discovery:discover_packages(path) check parameters
[8.346s] Level 1:colcon.colcon_core.package_discovery:discover_packages(colcon_meta) discover
[8.346s] Level 1:colcon.colcon_core.package_discovery:discover_packages(recursive) discover
[8.346s] INFO:colcon.colcon_core.package_discovery:Crawling recursively for packages in '/home/suho/mid'
[8.346s] Level 1:colcon.colcon_core.package_identification:_identify(.) by extensions ['ignore', 'ignore_ament_install']
[8.346s] Level 1:colcon.colcon_core.package_identification:_identify(.) by extension 'ignore'
[8.346s] Level 1:colcon.colcon_core.package_identification:_identify(.) by extension 'ignore_ament_install'
[8.347s] Level 1:colcon.colcon_core.package_identification:_identify(.) by extensions ['colcon_pkg']
[8.347s] Level 1:colcon.colcon_core.package_identification:_identify(.) by extension 'colcon_pkg'
[8.347s] Level 1:colcon.colcon_core.package_identification:_identify(.) by extensions ['colcon_meta']
[8.347s] Level 1:colcon.colcon_core.package_identification:_identify(.) by extension 'colcon_meta'
[8.347s] Level 1:colcon.colcon_core.package_identification:_identify(.) by extensions ['ros']
[8.347s] Level 1:colcon.colcon_core.package_identification:_identify(.) by extension 'ros'
[8.407s] Level 1:colcon.colcon_core.package_identification:_identify(.) by extensions ['cmake', 'python']
[8.408s] Level 1:colcon.colcon_core.package_identification:_identify(.) by extension 'cmake'
[8.408s] Level 1:colcon.colcon_core.package_identification:_identify(.) by extension 'python'
[8.408s] Level 1:colcon.colcon_core.package_identification:_identify(.) by extensions ['python_setup_py']
[8.408s] Level 1:colcon.colcon_core.package_identification:_identify(.) by extension 'python_setup_py'
[8.409s] Level 1:colcon.colcon_core.package_identification:_identify(build) by extensions ['ignore', 'ignore_ament_install']
[8.409s] Level 1:colcon.colcon_core.package_identification:_identify(build) by extension 'ignore'
[8.409s] Level 1:colcon.colcon_core.package_identification:_identify(build) ignored
[8.409s] Level 1:colcon.colcon_core.package_identification:_identify(install) by extensions ['ignore', 'ignore_ament_install']
[8.409s] Level 1:colcon.colcon_core.package_identification:_identify(install) by extension 'ignore'
[8.409s] Level 1:colcon.colcon_core.package_identification:_identify(install) ignored
[8.410s] Level 1:colcon.colcon_core.package_identification:_identify(log) by extensions ['ignore', 'ignore_ament_install']
[8.410s] Level 1:colcon.colcon_core.package_identification:_identify(log) by extension 'ignore'
[8.411s] Level 1:colcon.colcon_core.package_identification:_identify(log) ignored
[8.411s] Level 1:colcon.colcon_core.package_identification:_identify(src) by extensions ['ignore', 'ignore_ament_install']
[8.411s] Level 1:colcon.colcon_core.package_identification:_identify(src) by extension 'ignore'
[8.411s] Level 1:colcon.colcon_core.package_identification:_identify(src) by extension 'ignore_ament_install'
[8.411s] Level 1:colcon.colcon_core.package_identification:_identify(src) by extensions ['colcon_pkg']
[8.411s] Level 1:colcon.colcon_core.package_identification:_identify(src) by extension 'colcon_pkg'
[8.411s] Level 1:colcon.colcon_core.package_identification:_identify(src) by extensions ['colcon_meta']
[8.411s] Level 1:colcon.colcon_core.package_identification:_identify(src) by extension 'colcon_meta'
[8.411s] Level 1:colcon.colcon_core.package_identification:_identify(src) by extensions ['ros']
[8.412s] Level 1:colcon.colcon_core.package_identification:_identify(src) by extension 'ros'
[8.412s] Level 1:colcon.colcon_core.package_identification:_identify(src) by extensions ['cmake', 'python']
[8.412s] Level 1:colcon.colcon_core.package_identification:_identify(src) by extension 'cmake'
[8.412s] Level 1:colcon.colcon_core.package_identification:_identify(src) by extension 'python'
[8.412s] Level 1:colcon.colcon_core.package_identification:_identify(src) by extensions ['python_setup_py']
[8.412s] Level 1:colcon.colcon_core.package_identification:_identify(src) by extension 'python_setup_py'
[8.412s] Level 1:colcon.colcon_core.package_identification:_identify(src/my_package) by extensions ['ignore', 'ignore_ament_install']
[8.413s] Level 1:colcon.colcon_core.package_identification:_identify(src/my_package) by extension 'ignore'
[8.413s] Level 1:colcon.colcon_core.package_identification:_identify(src/my_package) by extension 'ignore_ament_install'
[8.413s] Level 1:colcon.colcon_core.package_identification:_identify(src/my_package) by extensions ['colcon_pkg']
[8.413s] Level 1:colcon.colcon_core.package_identification:_identify(src/my_package) by extension 'colcon_pkg'
[8.413s] Level 1:colcon.colcon_core.package_identification:_identify(src/my_package) by extensions ['colcon_meta']
[8.413s] Level 1:colcon.colcon_core.package_identification:_identify(src/my_package) by extension 'colcon_meta'
[8.413s] Level 1:colcon.colcon_core.package_identification:_identify(src/my_package) by extensions ['ros']
[8.413s] Level 1:colcon.colcon_core.package_identification:_identify(src/my_package) by extension 'ros'
[8.418s] DEBUG:colcon.colcon_core.package_identification:Package 'src/my_package' with type 'ros.ament_python' and name 'my_package'
[8.418s] Level 1:colcon.colcon_core.package_discovery:discover_packages(recursive) using defaults
[8.419s] Level 1:colcon.colcon_core.package_discovery:discover_packages(ignore) discover
[8.419s] Level 1:colcon.colcon_core.package_discovery:discover_packages(ignore) using defaults
[8.419s] Level 1:colcon.colcon_core.package_discovery:discover_packages(path) discover
[8.419s] Level 1:colcon.colcon_core.package_discovery:discover_packages(path) using defaults
[9.302s] Level 1:colcon.colcon_core.package_discovery:discover_packages(prefix_path) check parameters
[9.303s] Level 1:colcon.colcon_core.package_discovery:discover_packages(prefix_path) discover
[9.442s] Level 1:colcon.colcon_core.package_discovery:discover_packages(prefix_path) using defaults
[9.719s] Level 5:colcon.colcon_core.verb:set package 'my_package' build argument 'cmake_args' from command line to 'None'
[9.720s] Level 5:colcon.colcon_core.verb:set package 'my_package' build argument 'cmake_target' from command line to 'None'
[9.720s] Level 5:colcon.colcon_core.verb:set package 'my_package' build argument 'cmake_target_skip_unavailable' from command line to 'False'
[9.720s] Level 5:colcon.colcon_core.verb:set package 'my_package' build argument 'cmake_clean_cache' from command line to 'False'
[9.720s] Level 5:colcon.colcon_core.verb:set package 'my_package' build argument 'cmake_clean_first' from command line to 'False'
[9.720s] Level 5:colcon.colcon_core.verb:set package 'my_package' build argument 'cmake_force_configure' from command line to 'False'
[9.720s] Level 5:colcon.colcon_core.verb:set package 'my_package' build argument 'ament_cmake_args' from command line to 'None'
[9.720s] Level 5:colcon.colcon_core.verb:set package 'my_package' build argument 'catkin_cmake_args' from command line to 'None'
[9.721s] Level 5:colcon.colcon_core.verb:set package 'my_package' build argument 'catkin_skip_building_tests' from command line to 'False'
[9.722s] DEBUG:colcon.colcon_core.verb:Building package 'my_package' with the following arguments: {'ament_cmake_args': None, 'build_base': '/home/suho/mid/build/my_package', 'catkin_cmake_args': None, 'catkin_skip_building_tests': False, 'cmake_args': None, 'cmake_clean_cache': False, 'cmake_clean_first': False, 'cmake_force_configure': False, 'cmake_target': None, 'cmake_target_skip_unavailable': False, 'install_base': '/home/suho/mid/install/my_package', 'merge_install': False, 'path': '/home/suho/mid/src/my_package', 'symlink_install': False, 'test_result_base': None}
[9.858s] INFO:colcon.colcon_core.executor:Executing jobs using 'parallel' executor
[9.994s] DEBUG:colcon.colcon_parallel_executor.executor.parallel:run_until_complete
[9.994s] INFO:colcon.colcon_ros.task.ament_python.build:Building ROS package in '/home/suho/mid/src/my_package' with build type 'ament_python'
[9.994s] Level 1:colcon.colcon_core.shell:create_environment_hook('my_package', 'ament_prefix_path')
[10.482s] INFO:colcon.colcon_core.plugin_system:Skipping extension 'colcon_core.shell.bat': Not used on non-Windows systems
[10.482s] INFO:colcon.colcon_core.shell:Creating environment hook '/home/suho/mid/install/my_package/share/my_package/hook/ament_prefix_path.ps1'
[10.496s] INFO:colcon.colcon_core.shell:Creating environment descriptor '/home/suho/mid/install/my_package/share/my_package/hook/ament_prefix_path.dsv'
[10.504s] INFO:colcon.colcon_core.shell:Creating environment hook '/home/suho/mid/install/my_package/share/my_package/hook/ament_prefix_path.sh'
[10.986s] INFO:colcon.colcon_core.shell:Skip shell extension 'powershell' for command environment: Not usable outside of PowerShell
[10.986s] DEBUG:colcon.colcon_core.shell:Skip shell extension 'dsv' for command environment
[11.846s] INFO:colcon.colcon_core.task.python.build:Building Python package in '/home/suho/mid/src/my_package'
[12.129s] INFO:colcon.colcon_core.shell:Skip shell extension 'powershell' for command environment: Not usable outside of PowerShell
[12.129s] DEBUG:colcon.colcon_core.shell:Skip shell extension 'dsv' for command environment
[14.085s] DEBUG:colcon.colcon_core.event_handler.log_command:Invoking command in '/home/suho/mid/src/my_package': PYTHONPATH=/home/suho/mid/build/my_package/prefix_override:/home/suho/mid/install/my_package/lib/python3.8/site-packages: /usr/bin/python3 setup.py egg_info --egg-base ../../build/my_package build --build-base /home/suho/mid/build/my_package/build install --record /home/suho/mid/build/my_package/install.log --install-scripts $base/lib/my_package --single-version-externally-managed
[14.707s] DEBUG:colcon.colcon_core.event_handler.log_command:Invoked command in '/home/suho/mid/src/my_package' returned '0': PYTHONPATH=/home/suho/mid/build/my_package/prefix_override:/home/suho/mid/install/my_package/lib/python3.8/site-packages: /usr/bin/python3 setup.py egg_info --egg-base ../../build/my_package build --build-base /home/suho/mid/build/my_package/build install --record /home/suho/mid/build/my_package/install.log --install-scripts $base/lib/my_package --single-version-externally-managed
[14.895s] Level 1:colcon.colcon_core.environment:checking '/home/suho/mid/install/my_package' for CMake module files
[14.896s] Level 1:colcon.colcon_core.environment:checking '/home/suho/mid/install/my_package' for CMake config files
[14.897s] Level 1:colcon.colcon_core.environment:checking '/home/suho/mid/install/my_package/lib'
[14.897s] Level 1:colcon.colcon_core.environment:checking '/home/suho/mid/install/my_package/bin'
[14.898s] Level 1:colcon.colcon_core.environment:checking '/home/suho/mid/install/my_package/lib/pkgconfig/my_package.pc'
[14.898s] Level 1:colcon.colcon_core.environment:checking '/home/suho/mid/install/my_package/lib/python3.8/site-packages'
[14.898s] Level 1:colcon.colcon_core.shell:create_environment_hook('my_package', 'pythonpath')
[15.094s] INFO:colcon.colcon_core.shell:Creating environment hook '/home/suho/mid/install/my_package/share/my_package/hook/pythonpath.ps1'
[15.096s] INFO:colcon.colcon_core.shell:Creating environment descriptor '/home/suho/mid/install/my_package/share/my_package/hook/pythonpath.dsv'
[15.097s] INFO:colcon.colcon_core.shell:Creating environment hook '/home/suho/mid/install/my_package/share/my_package/hook/pythonpath.sh'
[15.098s] Level 1:colcon.colcon_core.environment:checking '/home/suho/mid/install/my_package/bin'
[15.099s] Level 1:colcon.colcon_core.environment:create_environment_scripts_only(my_package)
[15.344s] INFO:colcon.colcon_core.shell:Creating package script '/home/suho/mid/install/my_package/share/my_package/package.ps1'
[15.363s] INFO:colcon.colcon_core.shell:Creating package descriptor '/home/suho/mid/install/my_package/share/my_package/package.dsv'
[15.372s] INFO:colcon.colcon_core.shell:Creating package script '/home/suho/mid/install/my_package/share/my_package/package.sh'
[15.382s] INFO:colcon.colcon_core.shell:Creating package script '/home/suho/mid/install/my_package/share/my_package/package.bash'
[15.388s] INFO:colcon.colcon_core.shell:Creating package script '/home/suho/mid/install/my_package/share/my_package/package.zsh'
[15.444s] Level 1:colcon.colcon_core.environment:create_file_with_runtime_dependencies(/home/suho/mid/install/my_package/share/colcon-core/packages/my_package)
[15.444s] DEBUG:colcon.colcon_parallel_executor.executor.parallel:closing loop
[15.445s] DEBUG:colcon.colcon_parallel_executor.executor.parallel:loop closed
[15.445s] DEBUG:colcon.colcon_parallel_executor.executor.parallel:run_until_complete finished with '0'
[15.447s] DEBUG:colcon.colcon_core.event_reactor:joining thread
[15.674s] INFO:colcon.colcon_core.plugin_system:Skipping extension 'colcon_notification.desktop_notification.terminal_notifier': Not used on non-Darwin systems
[15.675s] INFO:colcon.colcon_core.plugin_system:Skipping extension 'colcon_notification.desktop_notification.win32': Not used on non-Windows systems
[15.675s] INFO:colcon.colcon_notification.desktop_notification:Sending desktop notification using 'notify2'
[15.736s] DEBUG:colcon.colcon_core.event_reactor:joined thread
[15.932s] INFO:colcon.colcon_core.shell:Creating prefix script '/home/suho/mid/install/local_setup.ps1'
[15.935s] INFO:colcon.colcon_core.shell:Creating prefix util module '/home/suho/mid/install/_local_setup_util_ps1.py'
[15.942s] INFO:colcon.colcon_core.shell:Creating prefix chain script '/home/suho/mid/install/setup.ps1'
[16.149s] INFO:colcon.colcon_core.shell:Creating prefix script '/home/suho/mid/install/local_setup.sh'
[16.155s] INFO:colcon.colcon_core.shell:Creating prefix util module '/home/suho/mid/install/_local_setup_util_sh.py'
[16.158s] INFO:colcon.colcon_core.shell:Creating prefix chain script '/home/suho/mid/install/setup.sh'
[16.347s] INFO:colcon.colcon_core.shell:Creating prefix script '/home/suho/mid/install/local_setup.bash'
[16.350s] INFO:colcon.colcon_core.shell:Creating prefix chain script '/home/suho/mid/install/setup.bash'
[16.495s] INFO:colcon.colcon_core.shell:Creating prefix script '/home/suho/mid/install/local_setup.zsh'
[16.498s] INFO:colcon.colcon_core.shell:Creating prefix chain script '/home/suho/mid/install/setup.zsh'
