[12.060s] DEBUG:colcon:Command line arguments: ['/usr/bin/colcon', 'build']
[12.061s] DEBUG:colcon:Parsed command line arguments: Namespace(allow_overriding=[], ament_cmake_args=None, base_paths=['.'], build_base='build', catkin_cmake_args=None, catkin_skip_building_tests=False, cmake_args=None, cmake_clean_cache=False, cmake_clean_first=False, cmake_force_configure=False, cmake_target=None, cmake_target_skip_unavailable=False, continue_on_error=False, event_handlers=None, executor='parallel', ignore_user_meta=False, install_base='install', log_base=None, log_level=None, main=<bound method BuildVerb.main of <colcon_core.verb.build.BuildVerb object at 0x7f0f362bc0a0>>, merge_install=False, metas=['./colcon.meta'], packages_above=None, packages_above_and_dependencies=None, packages_above_depth=None, packages_end=None, packages_ignore=None, packages_ignore_regex=None, packages_select=None, packages_select_build_failed=False, packages_select_by_dep=None, packages_select_regex=None, packages_select_test_failures=False, packages_skip=None, packages_skip_build_finished=False, packages_skip_by_dep=None, packages_skip_regex=None, packages_skip_test_passed=False, packages_skip_up_to=None, packages_start=None, packages_up_to=None, packages_up_to_regex=None, parallel_workers=6, paths=None, symlink_install=False, test_result_base=None, verb_extension=<colcon_core.verb.build.BuildVerb object at 0x7f0f362bc0a0>, verb_name='build', verb_parser=<colcon_defaults.argument_parser.defaults.DefaultArgumentsDecorator object at 0x7f0f35f96820>)
[12.552s] Level 1:colcon.colcon_core.package_discovery:discover_packages(colcon_meta) check parameters
[12.553s] Level 1:colcon.colcon_core.package_discovery:discover_packages(recursive) check parameters
[12.553s] Level 1:colcon.colcon_core.package_discovery:discover_packages(ignore) check parameters
[12.553s] Level 1:colcon.colcon_core.package_discovery:discover_packages(path) check parameters
[12.553s] Level 1:colcon.colcon_core.package_discovery:discover_packages(colcon_meta) discover
[12.553s] Level 1:colcon.colcon_core.package_discovery:discover_packages(recursive) discover
[12.554s] INFO:colcon.colcon_core.package_discovery:Crawling recursively for packages in '/home/suho/mid'
[12.554s] Level 1:colcon.colcon_core.package_identification:_identify(.) by extensions ['ignore', 'ignore_ament_install']
[12.555s] Level 1:colcon.colcon_core.package_identification:_identify(.) by extension 'ignore'
[12.555s] Level 1:colcon.colcon_core.package_identification:_identify(.) by extension 'ignore_ament_install'
[12.555s] Level 1:colcon.colcon_core.package_identification:_identify(.) by extensions ['colcon_pkg']
[12.556s] Level 1:colcon.colcon_core.package_identification:_identify(.) by extension 'colcon_pkg'
[12.557s] Level 1:colcon.colcon_core.package_identification:_identify(.) by extensions ['colcon_meta']
[12.557s] Level 1:colcon.colcon_core.package_identification:_identify(.) by extension 'colcon_meta'
[12.557s] Level 1:colcon.colcon_core.package_identification:_identify(.) by extensions ['ros']
[12.557s] Level 1:colcon.colcon_core.package_identification:_identify(.) by extension 'ros'
[12.587s] Level 1:colcon.colcon_core.package_identification:_identify(.) by extensions ['cmake', 'python']
[12.588s] Level 1:colcon.colcon_core.package_identification:_identify(.) by extension 'cmake'
[12.588s] Level 1:colcon.colcon_core.package_identification:_identify(.) by extension 'python'
[12.588s] Level 1:colcon.colcon_core.package_identification:_identify(.) by extensions ['python_setup_py']
[12.588s] Level 1:colcon.colcon_core.package_identification:_identify(.) by extension 'python_setup_py'
[12.588s] Level 1:colcon.colcon_core.package_identification:_identify(build) by extensions ['ignore', 'ignore_ament_install']
[12.589s] Level 1:colcon.colcon_core.package_identification:_identify(build) by extension 'ignore'
[12.590s] Level 1:colcon.colcon_core.package_identification:_identify(build) ignored
[12.590s] Level 1:colcon.colcon_core.package_identification:_identify(install) by extensions ['ignore', 'ignore_ament_install']
[12.591s] Level 1:colcon.colcon_core.package_identification:_identify(install) by extension 'ignore'
[12.591s] Level 1:colcon.colcon_core.package_identification:_identify(install) ignored
[12.592s] Level 1:colcon.colcon_core.package_identification:_identify(log) by extensions ['ignore', 'ignore_ament_install']
[12.593s] Level 1:colcon.colcon_core.package_identification:_identify(log) by extension 'ignore'
[12.593s] Level 1:colcon.colcon_core.package_identification:_identify(log) ignored
[12.593s] Level 1:colcon.colcon_core.package_identification:_identify(src) by extensions ['ignore', 'ignore_ament_install']
[12.594s] Level 1:colcon.colcon_core.package_identification:_identify(src) by extension 'ignore'
[12.595s] Level 1:colcon.colcon_core.package_identification:_identify(src) by extension 'ignore_ament_install'
[12.595s] Level 1:colcon.colcon_core.package_identification:_identify(src) by extensions ['colcon_pkg']
[12.595s] Level 1:colcon.colcon_core.package_identification:_identify(src) by extension 'colcon_pkg'
[12.595s] Level 1:colcon.colcon_core.package_identification:_identify(src) by extensions ['colcon_meta']
[12.596s] Level 1:colcon.colcon_core.package_identification:_identify(src) by extension 'colcon_meta'
[12.596s] Level 1:colcon.colcon_core.package_identification:_identify(src) by extensions ['ros']
[12.596s] Level 1:colcon.colcon_core.package_identification:_identify(src) by extension 'ros'
[12.596s] Level 1:colcon.colcon_core.package_identification:_identify(src) by extensions ['cmake', 'python']
[12.596s] Level 1:colcon.colcon_core.package_identification:_identify(src) by extension 'cmake'
[12.596s] Level 1:colcon.colcon_core.package_identification:_identify(src) by extension 'python'
[12.597s] Level 1:colcon.colcon_core.package_identification:_identify(src) by extensions ['python_setup_py']
[12.598s] Level 1:colcon.colcon_core.package_identification:_identify(src) by extension 'python_setup_py'
[12.599s] Level 1:colcon.colcon_core.package_identification:_identify(src/my_package) by extensions ['ignore', 'ignore_ament_install']
[12.599s] Level 1:colcon.colcon_core.package_identification:_identify(src/my_package) by extension 'ignore'
[12.600s] Level 1:colcon.colcon_core.package_identification:_identify(src/my_package) by extension 'ignore_ament_install'
[12.601s] Level 1:colcon.colcon_core.package_identification:_identify(src/my_package) by extensions ['colcon_pkg']
[12.602s] Level 1:colcon.colcon_core.package_identification:_identify(src/my_package) by extension 'colcon_pkg'
[12.602s] Level 1:colcon.colcon_core.package_identification:_identify(src/my_package) by extensions ['colcon_meta']
[12.603s] Level 1:colcon.colcon_core.package_identification:_identify(src/my_package) by extension 'colcon_meta'
[12.603s] Level 1:colcon.colcon_core.package_identification:_identify(src/my_package) by extensions ['ros']
[12.603s] Level 1:colcon.colcon_core.package_identification:_identify(src/my_package) by extension 'ros'
[12.609s] DEBUG:colcon.colcon_core.package_identification:Package 'src/my_package' with type 'ros.ament_python' and name 'my_package'
[12.610s] Level 1:colcon.colcon_core.package_discovery:discover_packages(recursive) using defaults
[12.610s] Level 1:colcon.colcon_core.package_discovery:discover_packages(ignore) discover
[12.610s] Level 1:colcon.colcon_core.package_discovery:discover_packages(ignore) using defaults
[12.610s] Level 1:colcon.colcon_core.package_discovery:discover_packages(path) discover
[12.610s] Level 1:colcon.colcon_core.package_discovery:discover_packages(path) using defaults
[13.846s] Level 1:colcon.colcon_core.package_discovery:discover_packages(prefix_path) check parameters
[13.847s] Level 1:colcon.colcon_core.package_discovery:discover_packages(prefix_path) discover
[14.118s] Level 1:colcon.colcon_core.package_discovery:discover_packages(prefix_path) using defaults
[14.591s] Level 5:colcon.colcon_core.verb:set package 'my_package' build argument 'cmake_args' from command line to 'None'
[14.591s] Level 5:colcon.colcon_core.verb:set package 'my_package' build argument 'cmake_target' from command line to 'None'
[14.591s] Level 5:colcon.colcon_core.verb:set package 'my_package' build argument 'cmake_target_skip_unavailable' from command line to 'False'
[14.591s] Level 5:colcon.colcon_core.verb:set package 'my_package' build argument 'cmake_clean_cache' from command line to 'False'
[14.591s] Level 5:colcon.colcon_core.verb:set package 'my_package' build argument 'cmake_clean_first' from command line to 'False'
[14.591s] Level 5:colcon.colcon_core.verb:set package 'my_package' build argument 'cmake_force_configure' from command line to 'False'
[14.591s] Level 5:colcon.colcon_core.verb:set package 'my_package' build argument 'ament_cmake_args' from command line to 'None'
[14.592s] Level 5:colcon.colcon_core.verb:set package 'my_package' build argument 'catkin_cmake_args' from command line to 'None'
[14.592s] Level 5:colcon.colcon_core.verb:set package 'my_package' build argument 'catkin_skip_building_tests' from command line to 'False'
[14.592s] DEBUG:colcon.colcon_core.verb:Building package 'my_package' with the following arguments: {'ament_cmake_args': None, 'build_base': '/home/suho/mid/build/my_package', 'catkin_cmake_args': None, 'catkin_skip_building_tests': False, 'cmake_args': None, 'cmake_clean_cache': False, 'cmake_clean_first': False, 'cmake_force_configure': False, 'cmake_target': None, 'cmake_target_skip_unavailable': False, 'install_base': '/home/suho/mid/install/my_package', 'merge_install': False, 'path': '/home/suho/mid/src/my_package', 'symlink_install': False, 'test_result_base': None}
[14.812s] INFO:colcon.colcon_core.executor:Executing jobs using 'parallel' executor
[15.031s] DEBUG:colcon.colcon_parallel_executor.executor.parallel:run_until_complete
[15.032s] INFO:colcon.colcon_ros.task.ament_python.build:Building ROS package in '/home/suho/mid/src/my_package' with build type 'ament_python'
[15.037s] Level 1:colcon.colcon_core.shell:create_environment_hook('my_package', 'ament_prefix_path')
[15.660s] INFO:colcon.colcon_core.plugin_system:Skipping extension 'colcon_core.shell.bat': Not used on non-Windows systems
[15.661s] INFO:colcon.colcon_core.shell:Creating environment hook '/home/suho/mid/install/my_package/share/my_package/hook/ament_prefix_path.ps1'
[15.664s] INFO:colcon.colcon_core.shell:Creating environment descriptor '/home/suho/mid/install/my_package/share/my_package/hook/ament_prefix_path.dsv'
[15.669s] INFO:colcon.colcon_core.shell:Creating environment hook '/home/suho/mid/install/my_package/share/my_package/hook/ament_prefix_path.sh'
[15.971s] INFO:colcon.colcon_core.shell:Skip shell extension 'powershell' for command environment: Not usable outside of PowerShell
[15.972s] DEBUG:colcon.colcon_core.shell:Skip shell extension 'dsv' for command environment
[17.344s] INFO:colcon.colcon_core.task.python.build:Building Python package in '/home/suho/mid/src/my_package'
[17.874s] INFO:colcon.colcon_core.shell:Skip shell extension 'powershell' for command environment: Not usable outside of PowerShell
[17.875s] DEBUG:colcon.colcon_core.shell:Skip shell extension 'dsv' for command environment
[19.849s] DEBUG:colcon.colcon_core.event_handler.log_command:Invoking command in '/home/suho/mid/src/my_package': PYTHONPATH=/home/suho/mid/build/my_package/prefix_override:/home/suho/mid/install/my_package/lib/python3.8/site-packages: /usr/bin/python3 setup.py egg_info --egg-base ../../build/my_package build --build-base /home/suho/mid/build/my_package/build install --record /home/suho/mid/build/my_package/install.log --install-scripts $base/lib/my_package --single-version-externally-managed
[21.049s] DEBUG:colcon.colcon_core.event_handler.log_command:Invoked command in '/home/suho/mid/src/my_package' returned '0': PYTHONPATH=/home/suho/mid/build/my_package/prefix_override:/home/suho/mid/install/my_package/lib/python3.8/site-packages: /usr/bin/python3 setup.py egg_info --egg-base ../../build/my_package build --build-base /home/suho/mid/build/my_package/build install --record /home/suho/mid/build/my_package/install.log --install-scripts $base/lib/my_package --single-version-externally-managed
[21.756s] Level 1:colcon.colcon_core.environment:checking '/home/suho/mid/install/my_package' for CMake module files
[21.758s] Level 1:colcon.colcon_core.environment:checking '/home/suho/mid/install/my_package' for CMake config files
[21.760s] Level 1:colcon.colcon_core.environment:checking '/home/suho/mid/install/my_package/lib'
[21.784s] Level 1:colcon.colcon_core.environment:checking '/home/suho/mid/install/my_package/bin'
[21.784s] Level 1:colcon.colcon_core.environment:checking '/home/suho/mid/install/my_package/lib/pkgconfig/my_package.pc'
[21.785s] Level 1:colcon.colcon_core.environment:checking '/home/suho/mid/install/my_package/lib/python3.8/site-packages'
[21.785s] Level 1:colcon.colcon_core.shell:create_environment_hook('my_package', 'pythonpath')
[22.109s] INFO:colcon.colcon_core.shell:Creating environment hook '/home/suho/mid/install/my_package/share/my_package/hook/pythonpath.ps1'
[22.111s] INFO:colcon.colcon_core.shell:Creating environment descriptor '/home/suho/mid/install/my_package/share/my_package/hook/pythonpath.dsv'
[22.113s] INFO:colcon.colcon_core.shell:Creating environment hook '/home/suho/mid/install/my_package/share/my_package/hook/pythonpath.sh'
[22.125s] Level 1:colcon.colcon_core.environment:checking '/home/suho/mid/install/my_package/bin'
[22.126s] Level 1:colcon.colcon_core.environment:create_environment_scripts_only(my_package)
[22.441s] INFO:colcon.colcon_core.shell:Creating package script '/home/suho/mid/install/my_package/share/my_package/package.ps1'
[22.447s] INFO:colcon.colcon_core.shell:Creating package descriptor '/home/suho/mid/install/my_package/share/my_package/package.dsv'
[22.449s] INFO:colcon.colcon_core.shell:Creating package script '/home/suho/mid/install/my_package/share/my_package/package.sh'
[22.453s] INFO:colcon.colcon_core.shell:Creating package script '/home/suho/mid/install/my_package/share/my_package/package.bash'
[22.457s] INFO:colcon.colcon_core.shell:Creating package script '/home/suho/mid/install/my_package/share/my_package/package.zsh'
[22.461s] Level 1:colcon.colcon_core.environment:create_file_with_runtime_dependencies(/home/suho/mid/install/my_package/share/colcon-core/packages/my_package)
[22.462s] DEBUG:colcon.colcon_parallel_executor.executor.parallel:closing loop
[22.464s] DEBUG:colcon.colcon_parallel_executor.executor.parallel:loop closed
[22.470s] DEBUG:colcon.colcon_parallel_executor.executor.parallel:run_until_complete finished with '0'
[22.470s] DEBUG:colcon.colcon_core.event_reactor:joining thread
[22.851s] INFO:colcon.colcon_core.plugin_system:Skipping extension 'colcon_notification.desktop_notification.terminal_notifier': Not used on non-Darwin systems
[22.851s] INFO:colcon.colcon_core.plugin_system:Skipping extension 'colcon_notification.desktop_notification.win32': Not used on non-Windows systems
[22.851s] INFO:colcon.colcon_notification.desktop_notification:Sending desktop notification using 'notify2'
[22.921s] DEBUG:colcon.colcon_core.event_reactor:joined thread
[23.294s] INFO:colcon.colcon_core.shell:Creating prefix script '/home/suho/mid/install/local_setup.ps1'
[23.300s] INFO:colcon.colcon_core.shell:Creating prefix util module '/home/suho/mid/install/_local_setup_util_ps1.py'
[23.308s] INFO:colcon.colcon_core.shell:Creating prefix chain script '/home/suho/mid/install/setup.ps1'
[23.506s] INFO:colcon.colcon_core.shell:Creating prefix script '/home/suho/mid/install/local_setup.sh'
[23.508s] INFO:colcon.colcon_core.shell:Creating prefix util module '/home/suho/mid/install/_local_setup_util_sh.py'
[23.511s] INFO:colcon.colcon_core.shell:Creating prefix chain script '/home/suho/mid/install/setup.sh'
[23.728s] INFO:colcon.colcon_core.shell:Creating prefix script '/home/suho/mid/install/local_setup.bash'
[23.731s] INFO:colcon.colcon_core.shell:Creating prefix chain script '/home/suho/mid/install/setup.bash'
[23.968s] INFO:colcon.colcon_core.shell:Creating prefix script '/home/suho/mid/install/local_setup.zsh'
[23.971s] INFO:colcon.colcon_core.shell:Creating prefix chain script '/home/suho/mid/install/setup.zsh'
