[7.642s] Invoking command in '/home/suho/mid/src/my_package': PYTHONPATH=/home/suho/mid/build/my_package/prefix_override:/home/suho/mid/install/my_package/lib/python3.8/site-packages:${PYTHONPATH} /usr/bin/python3 setup.py egg_info --egg-base ../../build/my_package build --build-base /home/suho/mid/build/my_package/build install --record /home/suho/mid/build/my_package/install.log --install-scripts $base/lib/my_package --single-version-externally-managed
[8.745s] running egg_info
[8.757s] writing ../../build/my_package/my_package.egg-info/PKG-INFO
[8.757s] writing dependency_links to ../../build/my_package/my_package.egg-info/dependency_links.txt
[8.758s] writing entry points to ../../build/my_package/my_package.egg-info/entry_points.txt
[8.760s] writing requirements to ../../build/my_package/my_package.egg-info/requires.txt
[8.761s] writing top-level names to ../../build/my_package/my_package.egg-info/top_level.txt
[9.129s] reading manifest file '../../build/my_package/my_package.egg-info/SOURCES.txt'
[9.129s] writing manifest file '../../build/my_package/my_package.egg-info/SOURCES.txt'
[9.130s] running build
[9.130s] running build_py
[9.130s] copying my_package/my_node.py -> /home/suho/mid/build/my_package/build/lib/my_package
[9.131s] running install
[9.132s] running install_lib
[9.133s] copying /home/suho/mid/build/my_package/build/lib/my_package/my_node.py -> /home/suho/mid/install/my_package/lib/python3.8/site-packages/my_package
[9.148s] byte-compiling /home/suho/mid/install/my_package/lib/python3.8/site-packages/my_package/my_node.py to my_node.cpython-38.pyc
[9.166s]   File "/home/suho/mid/install/my_package/lib/python3.8/site-packages/my_package/my_node.py", line 35
[9.216s]     index_path = os.path.join(pkg_path, templates/index.html')
[9.216s]                                                              ^
[9.216s] SyntaxError: EOL while scanning string literal
[9.216s] 
[9.217s] running install_data
[9.217s] running install_egg_info
[9.217s] removing '/home/suho/mid/install/my_package/lib/python3.8/site-packages/my_package-0.0.0-py3.8.egg-info' (and everything under it)
[9.218s] Copying ../../build/my_package/my_package.egg-info to /home/suho/mid/install/my_package/lib/python3.8/site-packages/my_package-0.0.0-py3.8.egg-info
[9.218s] running install_scripts
[9.292s] Installing my_node script to /home/suho/mid/install/my_package/lib/my_package
[9.322s] writing list of installed files to '/home/suho/mid/build/my_package/install.log'
[9.598s] Invoked command in '/home/suho/mid/src/my_package' returned '0': PYTHONPATH=/home/suho/mid/build/my_package/prefix_override:/home/suho/mid/install/my_package/lib/python3.8/site-packages:${PYTHONPATH} /usr/bin/python3 setup.py egg_info --egg-base ../../build/my_package build --build-base /home/suho/mid/build/my_package/build install --record /home/suho/mid/build/my_package/install.log --install-scripts $base/lib/my_package --single-version-externally-managed
