[8.239s] DEBUG:colcon:Command line arguments: ['/usr/bin/colcon', 'build']
[8.239s] DEBUG:colcon:Parsed command line arguments: Namespace(allow_overriding=[], ament_cmake_args=None, base_paths=['.'], build_base='build', catkin_cmake_args=None, catkin_skip_building_tests=False, cmake_args=None, cmake_clean_cache=False, cmake_clean_first=False, cmake_force_configure=False, cmake_target=None, cmake_target_skip_unavailable=False, continue_on_error=False, event_handlers=None, executor='parallel', ignore_user_meta=False, install_base='install', log_base=None, log_level=None, main=<bound method BuildVerb.main of <colcon_core.verb.build.BuildVerb object at 0x7efe3f97f0a0>>, merge_install=False, metas=['./colcon.meta'], packages_above=None, packages_above_and_dependencies=None, packages_above_depth=None, packages_end=None, packages_ignore=None, packages_ignore_regex=None, packages_select=None, packages_select_build_failed=False, packages_select_by_dep=None, packages_select_regex=None, packages_select_test_failures=False, packages_skip=None, packages_skip_build_finished=False, packages_skip_by_dep=None, packages_skip_regex=None, packages_skip_test_passed=False, packages_skip_up_to=None, packages_start=None, packages_up_to=None, packages_up_to_regex=None, parallel_workers=6, paths=None, symlink_install=False, test_result_base=None, verb_extension=<colcon_core.verb.build.BuildVerb object at 0x7efe3f97f0a0>, verb_name='build', verb_parser=<colcon_defaults.argument_parser.defaults.DefaultArgumentsDecorator object at 0x7efe3f659d00>)
[8.629s] Level 1:colcon.colcon_core.package_discovery:discover_packages(colcon_meta) check parameters
[8.631s] Level 1:colcon.colcon_core.package_discovery:discover_packages(recursive) check parameters
[8.631s] Level 1:colcon.colcon_core.package_discovery:discover_packages(ignore) check parameters
[8.631s] Level 1:colcon.colcon_core.package_discovery:discover_packages(path) check parameters
[8.631s] Level 1:colcon.colcon_core.package_discovery:discover_packages(colcon_meta) discover
[8.631s] Level 1:colcon.colcon_core.package_discovery:discover_packages(recursive) discover
[8.631s] INFO:colcon.colcon_core.package_discovery:Crawling recursively for packages in '/home/suho/mid'
[8.632s] Level 1:colcon.colcon_core.package_identification:_identify(.) by extensions ['ignore', 'ignore_ament_install']
[8.632s] Level 1:colcon.colcon_core.package_identification:_identify(.) by extension 'ignore'
[8.632s] Level 1:colcon.colcon_core.package_identification:_identify(.) by extension 'ignore_ament_install'
[8.632s] Level 1:colcon.colcon_core.package_identification:_identify(.) by extensions ['colcon_pkg']
[8.632s] Level 1:colcon.colcon_core.package_identification:_identify(.) by extension 'colcon_pkg'
[8.632s] Level 1:colcon.colcon_core.package_identification:_identify(.) by extensions ['colcon_meta']
[8.632s] Level 1:colcon.colcon_core.package_identification:_identify(.) by extension 'colcon_meta'
[8.632s] Level 1:colcon.colcon_core.package_identification:_identify(.) by extensions ['ros']
[8.632s] Level 1:colcon.colcon_core.package_identification:_identify(.) by extension 'ros'
[8.663s] Level 1:colcon.colcon_core.package_identification:_identify(.) by extensions ['cmake', 'python']
[8.664s] Level 1:colcon.colcon_core.package_identification:_identify(.) by extension 'cmake'
[8.664s] Level 1:colcon.colcon_core.package_identification:_identify(.) by extension 'python'
[8.665s] Level 1:colcon.colcon_core.package_identification:_identify(.) by extensions ['python_setup_py']
[8.665s] Level 1:colcon.colcon_core.package_identification:_identify(.) by extension 'python_setup_py'
[8.665s] Level 1:colcon.colcon_core.package_identification:_identify(build) by extensions ['ignore', 'ignore_ament_install']
[8.666s] Level 1:colcon.colcon_core.package_identification:_identify(build) by extension 'ignore'
[8.666s] Level 1:colcon.colcon_core.package_identification:_identify(build) ignored
[8.666s] Level 1:colcon.colcon_core.package_identification:_identify(install) by extensions ['ignore', 'ignore_ament_install']
[8.666s] Level 1:colcon.colcon_core.package_identification:_identify(install) by extension 'ignore'
[8.667s] Level 1:colcon.colcon_core.package_identification:_identify(install) ignored
[8.667s] Level 1:colcon.colcon_core.package_identification:_identify(log) by extensions ['ignore', 'ignore_ament_install']
[8.667s] Level 1:colcon.colcon_core.package_identification:_identify(log) by extension 'ignore'
[8.667s] Level 1:colcon.colcon_core.package_identification:_identify(log) ignored
[8.667s] Level 1:colcon.colcon_core.package_identification:_identify(src) by extensions ['ignore', 'ignore_ament_install']
[8.667s] Level 1:colcon.colcon_core.package_identification:_identify(src) by extension 'ignore'
[8.668s] Level 1:colcon.colcon_core.package_identification:_identify(src) by extension 'ignore_ament_install'
[8.668s] Level 1:colcon.colcon_core.package_identification:_identify(src) by extensions ['colcon_pkg']
[8.668s] Level 1:colcon.colcon_core.package_identification:_identify(src) by extension 'colcon_pkg'
[8.668s] Level 1:colcon.colcon_core.package_identification:_identify(src) by extensions ['colcon_meta']
[8.668s] Level 1:colcon.colcon_core.package_identification:_identify(src) by extension 'colcon_meta'
[8.668s] Level 1:colcon.colcon_core.package_identification:_identify(src) by extensions ['ros']
[8.668s] Level 1:colcon.colcon_core.package_identification:_identify(src) by extension 'ros'
[8.668s] Level 1:colcon.colcon_core.package_identification:_identify(src) by extensions ['cmake', 'python']
[8.668s] Level 1:colcon.colcon_core.package_identification:_identify(src) by extension 'cmake'
[8.668s] Level 1:colcon.colcon_core.package_identification:_identify(src) by extension 'python'
[8.669s] Level 1:colcon.colcon_core.package_identification:_identify(src) by extensions ['python_setup_py']
[8.669s] Level 1:colcon.colcon_core.package_identification:_identify(src) by extension 'python_setup_py'
[8.674s] Level 1:colcon.colcon_core.package_identification:_identify(src/my_package) by extensions ['ignore', 'ignore_ament_install']
[8.674s] Level 1:colcon.colcon_core.package_identification:_identify(src/my_package) by extension 'ignore'
[8.674s] Level 1:colcon.colcon_core.package_identification:_identify(src/my_package) by extension 'ignore_ament_install'
[8.675s] Level 1:colcon.colcon_core.package_identification:_identify(src/my_package) by extensions ['colcon_pkg']
[8.675s] Level 1:colcon.colcon_core.package_identification:_identify(src/my_package) by extension 'colcon_pkg'
[8.675s] Level 1:colcon.colcon_core.package_identification:_identify(src/my_package) by extensions ['colcon_meta']
[8.675s] Level 1:colcon.colcon_core.package_identification:_identify(src/my_package) by extension 'colcon_meta'
[8.675s] Level 1:colcon.colcon_core.package_identification:_identify(src/my_package) by extensions ['ros']
[8.675s] Level 1:colcon.colcon_core.package_identification:_identify(src/my_package) by extension 'ros'
[8.684s] DEBUG:colcon.colcon_core.package_identification:Package 'src/my_package' with type 'ros.ament_python' and name 'my_package'
[8.689s] Level 1:colcon.colcon_core.package_discovery:discover_packages(recursive) using defaults
[8.689s] Level 1:colcon.colcon_core.package_discovery:discover_packages(ignore) discover
[8.690s] Level 1:colcon.colcon_core.package_discovery:discover_packages(ignore) using defaults
[8.690s] Level 1:colcon.colcon_core.package_discovery:discover_packages(path) discover
[8.690s] Level 1:colcon.colcon_core.package_discovery:discover_packages(path) using defaults
[9.547s] Level 1:colcon.colcon_core.package_discovery:discover_packages(prefix_path) check parameters
[9.547s] Level 1:colcon.colcon_core.package_discovery:discover_packages(prefix_path) discover
[9.696s] Level 1:colcon.colcon_core.package_discovery:discover_packages(prefix_path) using defaults
[9.995s] Level 5:colcon.colcon_core.verb:set package 'my_package' build argument 'cmake_args' from command line to 'None'
[9.995s] Level 5:colcon.colcon_core.verb:set package 'my_package' build argument 'cmake_target' from command line to 'None'
[9.996s] Level 5:colcon.colcon_core.verb:set package 'my_package' build argument 'cmake_target_skip_unavailable' from command line to 'False'
[9.996s] Level 5:colcon.colcon_core.verb:set package 'my_package' build argument 'cmake_clean_cache' from command line to 'False'
[9.996s] Level 5:colcon.colcon_core.verb:set package 'my_package' build argument 'cmake_clean_first' from command line to 'False'
[9.996s] Level 5:colcon.colcon_core.verb:set package 'my_package' build argument 'cmake_force_configure' from command line to 'False'
[9.996s] Level 5:colcon.colcon_core.verb:set package 'my_package' build argument 'ament_cmake_args' from command line to 'None'
[9.996s] Level 5:colcon.colcon_core.verb:set package 'my_package' build argument 'catkin_cmake_args' from command line to 'None'
[9.996s] Level 5:colcon.colcon_core.verb:set package 'my_package' build argument 'catkin_skip_building_tests' from command line to 'False'
[9.996s] DEBUG:colcon.colcon_core.verb:Building package 'my_package' with the following arguments: {'ament_cmake_args': None, 'build_base': '/home/suho/mid/build/my_package', 'catkin_cmake_args': None, 'catkin_skip_building_tests': False, 'cmake_args': None, 'cmake_clean_cache': False, 'cmake_clean_first': False, 'cmake_force_configure': False, 'cmake_target': None, 'cmake_target_skip_unavailable': False, 'install_base': '/home/suho/mid/install/my_package', 'merge_install': False, 'path': '/home/suho/mid/src/my_package', 'symlink_install': False, 'test_result_base': None}
[10.148s] INFO:colcon.colcon_core.executor:Executing jobs using 'parallel' executor
[10.311s] DEBUG:colcon.colcon_parallel_executor.executor.parallel:run_until_complete
[10.312s] INFO:colcon.colcon_ros.task.ament_python.build:Building ROS package in '/home/suho/mid/src/my_package' with build type 'ament_python'
[10.319s] Level 1:colcon.colcon_core.shell:create_environment_hook('my_package', 'ament_prefix_path')
[10.628s] INFO:colcon.colcon_core.plugin_system:Skipping extension 'colcon_core.shell.bat': Not used on non-Windows systems
[10.629s] INFO:colcon.colcon_core.shell:Creating environment hook '/home/suho/mid/install/my_package/share/my_package/hook/ament_prefix_path.ps1'
[10.631s] INFO:colcon.colcon_core.shell:Creating environment descriptor '/home/suho/mid/install/my_package/share/my_package/hook/ament_prefix_path.dsv'
[10.638s] INFO:colcon.colcon_core.shell:Creating environment hook '/home/suho/mid/install/my_package/share/my_package/hook/ament_prefix_path.sh'
[10.914s] INFO:colcon.colcon_core.shell:Skip shell extension 'powershell' for command environment: Not usable outside of PowerShell
[10.915s] DEBUG:colcon.colcon_core.shell:Skip shell extension 'dsv' for command environment
[11.831s] INFO:colcon.colcon_core.task.python.build:Building Python package in '/home/suho/mid/src/my_package'
[12.108s] INFO:colcon.colcon_core.shell:Skip shell extension 'powershell' for command environment: Not usable outside of PowerShell
[12.108s] DEBUG:colcon.colcon_core.shell:Skip shell extension 'dsv' for command environment
[13.346s] DEBUG:colcon.colcon_core.event_handler.log_command:Invoking command in '/home/suho/mid/src/my_package': PYTHONPATH=/home/suho/mid/build/my_package/prefix_override:/home/suho/mid/install/my_package/lib/python3.8/site-packages: /usr/bin/python3 setup.py egg_info --egg-base ../../build/my_package build --build-base /home/suho/mid/build/my_package/build install --record /home/suho/mid/build/my_package/install.log --install-scripts $base/lib/my_package --single-version-externally-managed
[14.195s] DEBUG:colcon.colcon_core.event_handler.log_command:Invoked command in '/home/suho/mid/src/my_package' returned '0': PYTHONPATH=/home/suho/mid/build/my_package/prefix_override:/home/suho/mid/install/my_package/lib/python3.8/site-packages: /usr/bin/python3 setup.py egg_info --egg-base ../../build/my_package build --build-base /home/suho/mid/build/my_package/build install --record /home/suho/mid/build/my_package/install.log --install-scripts $base/lib/my_package --single-version-externally-managed
[14.420s] Level 1:colcon.colcon_core.environment:checking '/home/suho/mid/install/my_package' for CMake module files
[14.422s] Level 1:colcon.colcon_core.environment:checking '/home/suho/mid/install/my_package' for CMake config files
[14.424s] Level 1:colcon.colcon_core.environment:checking '/home/suho/mid/install/my_package/lib'
[14.426s] Level 1:colcon.colcon_core.environment:checking '/home/suho/mid/install/my_package/bin'
[14.426s] Level 1:colcon.colcon_core.environment:checking '/home/suho/mid/install/my_package/lib/pkgconfig/my_package.pc'
[14.426s] Level 1:colcon.colcon_core.environment:checking '/home/suho/mid/install/my_package/lib/python3.8/site-packages'
[14.427s] Level 1:colcon.colcon_core.shell:create_environment_hook('my_package', 'pythonpath')
[14.616s] INFO:colcon.colcon_core.shell:Creating environment hook '/home/suho/mid/install/my_package/share/my_package/hook/pythonpath.ps1'
[14.618s] INFO:colcon.colcon_core.shell:Creating environment descriptor '/home/suho/mid/install/my_package/share/my_package/hook/pythonpath.dsv'
[14.629s] INFO:colcon.colcon_core.shell:Creating environment hook '/home/suho/mid/install/my_package/share/my_package/hook/pythonpath.sh'
[14.644s] Level 1:colcon.colcon_core.environment:checking '/home/suho/mid/install/my_package/bin'
[14.644s] Level 1:colcon.colcon_core.environment:create_environment_scripts_only(my_package)
[14.966s] INFO:colcon.colcon_core.shell:Creating package script '/home/suho/mid/install/my_package/share/my_package/package.ps1'
[14.969s] INFO:colcon.colcon_core.shell:Creating package descriptor '/home/suho/mid/install/my_package/share/my_package/package.dsv'
[14.971s] INFO:colcon.colcon_core.shell:Creating package script '/home/suho/mid/install/my_package/share/my_package/package.sh'
[14.974s] INFO:colcon.colcon_core.shell:Creating package script '/home/suho/mid/install/my_package/share/my_package/package.bash'
[14.986s] INFO:colcon.colcon_core.shell:Creating package script '/home/suho/mid/install/my_package/share/my_package/package.zsh'
[14.988s] Level 1:colcon.colcon_core.environment:create_file_with_runtime_dependencies(/home/suho/mid/install/my_package/share/colcon-core/packages/my_package)
[14.990s] DEBUG:colcon.colcon_parallel_executor.executor.parallel:closing loop
[14.992s] DEBUG:colcon.colcon_parallel_executor.executor.parallel:loop closed
[15.036s] DEBUG:colcon.colcon_parallel_executor.executor.parallel:run_until_complete finished with '0'
[15.036s] DEBUG:colcon.colcon_core.event_reactor:joining thread
[15.253s] INFO:colcon.colcon_core.plugin_system:Skipping extension 'colcon_notification.desktop_notification.terminal_notifier': Not used on non-Darwin systems
[15.254s] INFO:colcon.colcon_core.plugin_system:Skipping extension 'colcon_notification.desktop_notification.win32': Not used on non-Windows systems
[15.254s] INFO:colcon.colcon_notification.desktop_notification:Sending desktop notification using 'notify2'
[15.313s] DEBUG:colcon.colcon_core.event_reactor:joined thread
[15.585s] INFO:colcon.colcon_core.shell:Creating prefix script '/home/suho/mid/install/local_setup.ps1'
[15.587s] INFO:colcon.colcon_core.shell:Creating prefix util module '/home/suho/mid/install/_local_setup_util_ps1.py'
[15.599s] INFO:colcon.colcon_core.shell:Creating prefix chain script '/home/suho/mid/install/setup.ps1'
[15.767s] INFO:colcon.colcon_core.shell:Creating prefix script '/home/suho/mid/install/local_setup.sh'
[15.794s] INFO:colcon.colcon_core.shell:Creating prefix util module '/home/suho/mid/install/_local_setup_util_sh.py'
[15.796s] INFO:colcon.colcon_core.shell:Creating prefix chain script '/home/suho/mid/install/setup.sh'
[15.942s] INFO:colcon.colcon_core.shell:Creating prefix script '/home/suho/mid/install/local_setup.bash'
[15.947s] INFO:colcon.colcon_core.shell:Creating prefix chain script '/home/suho/mid/install/setup.bash'
[16.103s] INFO:colcon.colcon_core.shell:Creating prefix script '/home/suho/mid/install/local_setup.zsh'
[16.110s] INFO:colcon.colcon_core.shell:Creating prefix chain script '/home/suho/mid/install/setup.zsh'
