[7.937s] Invoking command in '/home/suho/mid/src/my_package': PYTHONPATH=/home/suho/mid/build/my_package/prefix_override:/home/suho/mid/install/my_package/lib/python3.8/site-packages:${PYTHONPATH} /usr/bin/python3 setup.py egg_info --egg-base ../../build/my_package build --build-base /home/suho/mid/build/my_package/build install --record /home/suho/mid/build/my_package/install.log --install-scripts $base/lib/my_package --single-version-externally-managed
[8.889s] running egg_info
[8.910s] writing ../../build/my_package/my_package.egg-info/PKG-INFO
[8.964s] writing dependency_links to ../../build/my_package/my_package.egg-info/dependency_links.txt
[8.964s] writing entry points to ../../build/my_package/my_package.egg-info/entry_points.txt
[8.964s] writing requirements to ../../build/my_package/my_package.egg-info/requires.txt
[8.964s] writing top-level names to ../../build/my_package/my_package.egg-info/top_level.txt
[9.312s] reading manifest file '../../build/my_package/my_package.egg-info/SOURCES.txt'
[9.312s] writing manifest file '../../build/my_package/my_package.egg-info/SOURCES.txt'
[9.342s] running build
[9.343s] running build_py
[9.343s] copying my_package/my_node.py -> /home/suho/mid/build/my_package/build/lib/my_package
[9.343s] running install
[9.343s] running install_lib
[9.343s] copying /home/suho/mid/build/my_package/build/lib/my_package/my_node.py -> /home/suho/mid/install/my_package/lib/python3.8/site-packages/my_package
[9.344s] byte-compiling /home/suho/mid/install/my_package/lib/python3.8/site-packages/my_package/my_node.py to my_node.cpython-38.pyc
[9.353s] running install_data
[9.358s] running install_egg_info
[9.365s] removing '/home/suho/mid/install/my_package/lib/python3.8/site-packages/my_package-0.0.0-py3.8.egg-info' (and everything under it)
[9.368s] Copying ../../build/my_package/my_package.egg-info to /home/suho/mid/install/my_package/lib/python3.8/site-packages/my_package-0.0.0-py3.8.egg-info
[9.373s] running install_scripts
[9.416s] Installing my_node script to /home/suho/mid/install/my_package/lib/my_package
[9.491s] writing list of installed files to '/home/suho/mid/build/my_package/install.log'
[9.766s] Invoked command in '/home/suho/mid/src/my_package' returned '0': PYTHONPATH=/home/suho/mid/build/my_package/prefix_override:/home/suho/mid/install/my_package/lib/python3.8/site-packages:${PYTHONPATH} /usr/bin/python3 setup.py egg_info --egg-base ../../build/my_package build --build-base /home/suho/mid/build/my_package/build install --record /home/suho/mid/build/my_package/install.log --install-scripts $base/lib/my_package --single-version-externally-managed
