[3.479s] Invoking command in '/home/suho/mid/src/my_package': PYTHONPATH=/home/suho/mid/build/my_package/prefix_override:/home/suho/mid/install/my_package/lib/python3.8/site-packages: /usr/bin/python3 setup.py egg_info --egg-base ../../build/my_package build --build-base /home/suho/mid/build/my_package/build install --record /home/suho/mid/build/my_package/install.log --install-scripts $base/lib/my_package --single-version-externally-managed
[3.934s] running egg_info
[3.981s] writing ../../build/my_package/my_package.egg-info/PKG-INFO
[3.981s] writing dependency_links to ../../build/my_package/my_package.egg-info/dependency_links.txt
[3.981s] writing entry points to ../../build/my_package/my_package.egg-info/entry_points.txt
[3.981s] writing requirements to ../../build/my_package/my_package.egg-info/requires.txt
[3.981s] writing top-level names to ../../build/my_package/my_package.egg-info/top_level.txt
[4.049s] reading manifest file '../../build/my_package/my_package.egg-info/SOURCES.txt'
[4.050s] writing manifest file '../../build/my_package/my_package.egg-info/SOURCES.txt'
[4.051s] running build
[4.054s] running build_py
[4.058s] copying my_package/my_node.py -> /home/suho/mid/build/my_package/build/lib/my_package
[4.058s] running install
[4.058s] running install_lib
[4.058s] copying /home/suho/mid/build/my_package/build/lib/my_package/my_node.py -> /home/suho/mid/install/my_package/lib/python3.8/site-packages/my_package
[4.061s] byte-compiling /home/suho/mid/install/my_package/lib/python3.8/site-packages/my_package/my_node.py to my_node.cpython-38.pyc
[4.065s] running install_data
[4.066s] running install_egg_info
[4.071s] removing '/home/suho/mid/install/my_package/lib/python3.8/site-packages/my_package-0.0.0-py3.8.egg-info' (and everything under it)
[4.072s] Copying ../../build/my_package/my_package.egg-info to /home/suho/mid/install/my_package/lib/python3.8/site-packages/my_package-0.0.0-py3.8.egg-info
[4.073s] running install_scripts
[4.153s] Installing my_node script to /home/suho/mid/install/my_package/lib/my_package
[4.178s] writing list of installed files to '/home/suho/mid/build/my_package/install.log'
[4.271s] Invoked command in '/home/suho/mid/src/my_package' returned '0': PYTHONPATH=/home/suho/mid/build/my_package/prefix_override:/home/suho/mid/install/my_package/lib/python3.8/site-packages: /usr/bin/python3 setup.py egg_info --egg-base ../../build/my_package build --build-base /home/suho/mid/build/my_package/build install --record /home/suho/mid/build/my_package/install.log --install-scripts $base/lib/my_package --single-version-externally-managed
