[3.100s] Invoking command in '/home/suho/mid/src/my_package': PYTHONPATH=/home/suho/mid/build/my_package/prefix_override:/home/suho/mid/install/my_package/lib/python3.8/site-packages: /usr/bin/python3 setup.py egg_info --egg-base ../../build/my_package build --build-base /home/suho/mid/build/my_package/build install --record /home/suho/mid/build/my_package/install.log --install-scripts $base/lib/my_package --single-version-externally-managed
[3.572s] running egg_info
[3.575s] writing ../../build/my_package/my_package.egg-info/PKG-INFO
[3.609s] writing dependency_links to ../../build/my_package/my_package.egg-info/dependency_links.txt
[3.609s] writing entry points to ../../build/my_package/my_package.egg-info/entry_points.txt
[3.649s] writing requirements to ../../build/my_package/my_package.egg-info/requires.txt
[3.675s] writing top-level names to ../../build/my_package/my_package.egg-info/top_level.txt
[3.763s] reading manifest file '../../build/my_package/my_package.egg-info/SOURCES.txt'
[3.775s] writing manifest file '../../build/my_package/my_package.egg-info/SOURCES.txt'
[3.805s] running build
[3.817s] running build_py
[3.817s] copying my_package/my_node.py -> /home/suho/mid/build/my_package/build/lib/my_package
[3.818s] running install
[3.818s] running install_lib
[3.850s] copying /home/suho/mid/build/my_package/build/lib/my_package/my_node.py -> /home/suho/mid/install/my_package/lib/python3.8/site-packages/my_package
[3.851s] byte-compiling /home/suho/mid/install/my_package/lib/python3.8/site-packages/my_package/my_node.py to my_node.cpython-38.pyc
[3.914s] running install_data
[3.915s] running install_egg_info
[3.931s] removing '/home/suho/mid/install/my_package/lib/python3.8/site-packages/my_package-0.0.0-py3.8.egg-info' (and everything under it)
[3.931s] Copying ../../build/my_package/my_package.egg-info to /home/suho/mid/install/my_package/lib/python3.8/site-packages/my_package-0.0.0-py3.8.egg-info
[3.932s] running install_scripts
[4.018s] Installing my_node script to /home/suho/mid/install/my_package/lib/my_package
[4.079s] writing list of installed files to '/home/suho/mid/build/my_package/install.log'
[4.121s] Invoked command in '/home/suho/mid/src/my_package' returned '0': PYTHONPATH=/home/suho/mid/build/my_package/prefix_override:/home/suho/mid/install/my_package/lib/python3.8/site-packages: /usr/bin/python3 setup.py egg_info --egg-base ../../build/my_package build --build-base /home/suho/mid/build/my_package/build install --record /home/suho/mid/build/my_package/install.log --install-scripts $base/lib/my_package --single-version-externally-managed
