[12.048s] DEBUG:colcon:Command line arguments: ['/usr/bin/colcon', 'build']
[12.049s] DEBUG:colcon:Parsed command line arguments: Namespace(allow_overriding=[], ament_cmake_args=None, base_paths=['.'], build_base='build', catkin_cmake_args=None, catkin_skip_building_tests=False, cmake_args=None, cmake_clean_cache=False, cmake_clean_first=False, cmake_force_configure=False, cmake_target=None, cmake_target_skip_unavailable=False, continue_on_error=False, event_handlers=None, executor='parallel', ignore_user_meta=False, install_base='install', log_base=None, log_level=None, main=<bound method BuildVerb.main of <colcon_core.verb.build.BuildVerb object at 0x7f82e58330a0>>, merge_install=False, metas=['./colcon.meta'], packages_above=None, packages_above_and_dependencies=None, packages_above_depth=None, packages_end=None, packages_ignore=None, packages_ignore_regex=None, packages_select=None, packages_select_build_failed=False, packages_select_by_dep=None, packages_select_regex=None, packages_select_test_failures=False, packages_skip=None, packages_skip_build_finished=False, packages_skip_by_dep=None, packages_skip_regex=None, packages_skip_test_passed=False, packages_skip_up_to=None, packages_start=None, packages_up_to=None, packages_up_to_regex=None, parallel_workers=6, paths=None, symlink_install=False, test_result_base=None, verb_extension=<colcon_core.verb.build.BuildVerb object at 0x7f82e58330a0>, verb_name='build', verb_parser=<colcon_defaults.argument_parser.defaults.DefaultArgumentsDecorator object at 0x7f82e550e880>)
[12.539s] Level 1:colcon.colcon_core.package_discovery:discover_packages(colcon_meta) check parameters
[12.540s] Level 1:colcon.colcon_core.package_discovery:discover_packages(recursive) check parameters
[12.540s] Level 1:colcon.colcon_core.package_discovery:discover_packages(ignore) check parameters
[12.540s] Level 1:colcon.colcon_core.package_discovery:discover_packages(path) check parameters
[12.540s] Level 1:colcon.colcon_core.package_discovery:discover_packages(colcon_meta) discover
[12.541s] Level 1:colcon.colcon_core.package_discovery:discover_packages(recursive) discover
[12.541s] INFO:colcon.colcon_core.package_discovery:Crawling recursively for packages in '/home/suho/mid'
[12.541s] Level 1:colcon.colcon_core.package_identification:_identify(.) by extensions ['ignore', 'ignore_ament_install']
[12.541s] Level 1:colcon.colcon_core.package_identification:_identify(.) by extension 'ignore'
[12.542s] Level 1:colcon.colcon_core.package_identification:_identify(.) by extension 'ignore_ament_install'
[12.542s] Level 1:colcon.colcon_core.package_identification:_identify(.) by extensions ['colcon_pkg']
[12.542s] Level 1:colcon.colcon_core.package_identification:_identify(.) by extension 'colcon_pkg'
[12.542s] Level 1:colcon.colcon_core.package_identification:_identify(.) by extensions ['colcon_meta']
[12.542s] Level 1:colcon.colcon_core.package_identification:_identify(.) by extension 'colcon_meta'
[12.542s] Level 1:colcon.colcon_core.package_identification:_identify(.) by extensions ['ros']
[12.542s] Level 1:colcon.colcon_core.package_identification:_identify(.) by extension 'ros'
[12.570s] Level 1:colcon.colcon_core.package_identification:_identify(.) by extensions ['cmake', 'python']
[12.570s] Level 1:colcon.colcon_core.package_identification:_identify(.) by extension 'cmake'
[12.570s] Level 1:colcon.colcon_core.package_identification:_identify(.) by extension 'python'
[12.571s] Level 1:colcon.colcon_core.package_identification:_identify(.) by extensions ['python_setup_py']
[12.571s] Level 1:colcon.colcon_core.package_identification:_identify(.) by extension 'python_setup_py'
[12.571s] Level 1:colcon.colcon_core.package_identification:_identify(build) by extensions ['ignore', 'ignore_ament_install']
[12.572s] Level 1:colcon.colcon_core.package_identification:_identify(build) by extension 'ignore'
[12.576s] Level 1:colcon.colcon_core.package_identification:_identify(build) ignored
[12.577s] Level 1:colcon.colcon_core.package_identification:_identify(install) by extensions ['ignore', 'ignore_ament_install']
[12.577s] Level 1:colcon.colcon_core.package_identification:_identify(install) by extension 'ignore'
[12.577s] Level 1:colcon.colcon_core.package_identification:_identify(install) ignored
[12.578s] Level 1:colcon.colcon_core.package_identification:_identify(log) by extensions ['ignore', 'ignore_ament_install']
[12.578s] Level 1:colcon.colcon_core.package_identification:_identify(log) by extension 'ignore'
[12.579s] Level 1:colcon.colcon_core.package_identification:_identify(log) ignored
[12.579s] Level 1:colcon.colcon_core.package_identification:_identify(src) by extensions ['ignore', 'ignore_ament_install']
[12.580s] Level 1:colcon.colcon_core.package_identification:_identify(src) by extension 'ignore'
[12.580s] Level 1:colcon.colcon_core.package_identification:_identify(src) by extension 'ignore_ament_install'
[12.581s] Level 1:colcon.colcon_core.package_identification:_identify(src) by extensions ['colcon_pkg']
[12.582s] Level 1:colcon.colcon_core.package_identification:_identify(src) by extension 'colcon_pkg'
[12.582s] Level 1:colcon.colcon_core.package_identification:_identify(src) by extensions ['colcon_meta']
[12.582s] Level 1:colcon.colcon_core.package_identification:_identify(src) by extension 'colcon_meta'
[12.583s] Level 1:colcon.colcon_core.package_identification:_identify(src) by extensions ['ros']
[12.583s] Level 1:colcon.colcon_core.package_identification:_identify(src) by extension 'ros'
[12.583s] Level 1:colcon.colcon_core.package_identification:_identify(src) by extensions ['cmake', 'python']
[12.587s] Level 1:colcon.colcon_core.package_identification:_identify(src) by extension 'cmake'
[12.590s] Level 1:colcon.colcon_core.package_identification:_identify(src) by extension 'python'
[12.590s] Level 1:colcon.colcon_core.package_identification:_identify(src) by extensions ['python_setup_py']
[12.591s] Level 1:colcon.colcon_core.package_identification:_identify(src) by extension 'python_setup_py'
[12.591s] Level 1:colcon.colcon_core.package_identification:_identify(src/my_package) by extensions ['ignore', 'ignore_ament_install']
[12.591s] Level 1:colcon.colcon_core.package_identification:_identify(src/my_package) by extension 'ignore'
[12.592s] Level 1:colcon.colcon_core.package_identification:_identify(src/my_package) by extension 'ignore_ament_install'
[12.592s] Level 1:colcon.colcon_core.package_identification:_identify(src/my_package) by extensions ['colcon_pkg']
[12.592s] Level 1:colcon.colcon_core.package_identification:_identify(src/my_package) by extension 'colcon_pkg'
[12.592s] Level 1:colcon.colcon_core.package_identification:_identify(src/my_package) by extensions ['colcon_meta']
[12.592s] Level 1:colcon.colcon_core.package_identification:_identify(src/my_package) by extension 'colcon_meta'
[12.592s] Level 1:colcon.colcon_core.package_identification:_identify(src/my_package) by extensions ['ros']
[12.592s] Level 1:colcon.colcon_core.package_identification:_identify(src/my_package) by extension 'ros'
[12.606s] DEBUG:colcon.colcon_core.package_identification:Package 'src/my_package' with type 'ros.ament_python' and name 'my_package'
[12.607s] Level 1:colcon.colcon_core.package_discovery:discover_packages(recursive) using defaults
[12.607s] Level 1:colcon.colcon_core.package_discovery:discover_packages(ignore) discover
[12.607s] Level 1:colcon.colcon_core.package_discovery:discover_packages(ignore) using defaults
[12.607s] Level 1:colcon.colcon_core.package_discovery:discover_packages(path) discover
[12.607s] Level 1:colcon.colcon_core.package_discovery:discover_packages(path) using defaults
[13.731s] Level 1:colcon.colcon_core.package_discovery:discover_packages(prefix_path) check parameters
[13.731s] Level 1:colcon.colcon_core.package_discovery:discover_packages(prefix_path) discover
[13.989s] Level 1:colcon.colcon_core.package_discovery:discover_packages(prefix_path) using defaults
[14.382s] Level 5:colcon.colcon_core.verb:set package 'my_package' build argument 'cmake_args' from command line to 'None'
[14.382s] Level 5:colcon.colcon_core.verb:set package 'my_package' build argument 'cmake_target' from command line to 'None'
[14.383s] Level 5:colcon.colcon_core.verb:set package 'my_package' build argument 'cmake_target_skip_unavailable' from command line to 'False'
[14.383s] Level 5:colcon.colcon_core.verb:set package 'my_package' build argument 'cmake_clean_cache' from command line to 'False'
[14.383s] Level 5:colcon.colcon_core.verb:set package 'my_package' build argument 'cmake_clean_first' from command line to 'False'
[14.383s] Level 5:colcon.colcon_core.verb:set package 'my_package' build argument 'cmake_force_configure' from command line to 'False'
[14.383s] Level 5:colcon.colcon_core.verb:set package 'my_package' build argument 'ament_cmake_args' from command line to 'None'
[14.383s] Level 5:colcon.colcon_core.verb:set package 'my_package' build argument 'catkin_cmake_args' from command line to 'None'
[14.383s] Level 5:colcon.colcon_core.verb:set package 'my_package' build argument 'catkin_skip_building_tests' from command line to 'False'
[14.383s] DEBUG:colcon.colcon_core.verb:Building package 'my_package' with the following arguments: {'ament_cmake_args': None, 'build_base': '/home/suho/mid/build/my_package', 'catkin_cmake_args': None, 'catkin_skip_building_tests': False, 'cmake_args': None, 'cmake_clean_cache': False, 'cmake_clean_first': False, 'cmake_force_configure': False, 'cmake_target': None, 'cmake_target_skip_unavailable': False, 'install_base': '/home/suho/mid/install/my_package', 'merge_install': False, 'path': '/home/suho/mid/src/my_package', 'symlink_install': False, 'test_result_base': None}
[14.624s] INFO:colcon.colcon_core.executor:Executing jobs using 'parallel' executor
[14.842s] DEBUG:colcon.colcon_parallel_executor.executor.parallel:run_until_complete
[14.843s] INFO:colcon.colcon_ros.task.ament_python.build:Building ROS package in '/home/suho/mid/src/my_package' with build type 'ament_python'
[14.844s] Level 1:colcon.colcon_core.shell:create_environment_hook('my_package', 'ament_prefix_path')
[15.106s] INFO:colcon.colcon_core.plugin_system:Skipping extension 'colcon_core.shell.bat': Not used on non-Windows systems
[15.108s] INFO:colcon.colcon_core.shell:Creating environment hook '/home/suho/mid/install/my_package/share/my_package/hook/ament_prefix_path.ps1'
[15.111s] INFO:colcon.colcon_core.shell:Creating environment descriptor '/home/suho/mid/install/my_package/share/my_package/hook/ament_prefix_path.dsv'
[15.120s] INFO:colcon.colcon_core.shell:Creating environment hook '/home/suho/mid/install/my_package/share/my_package/hook/ament_prefix_path.sh'
[15.520s] INFO:colcon.colcon_core.shell:Skip shell extension 'powershell' for command environment: Not usable outside of PowerShell
[15.520s] DEBUG:colcon.colcon_core.shell:Skip shell extension 'dsv' for command environment
[16.906s] INFO:colcon.colcon_core.task.python.build:Building Python package in '/home/suho/mid/src/my_package'
[17.219s] INFO:colcon.colcon_core.shell:Skip shell extension 'powershell' for command environment: Not usable outside of PowerShell
[17.219s] DEBUG:colcon.colcon_core.shell:Skip shell extension 'dsv' for command environment
[18.903s] DEBUG:colcon.colcon_core.event_handler.log_command:Invoking command in '/home/suho/mid/src/my_package': PYTHONPATH=/home/suho/mid/build/my_package/prefix_override:/home/suho/mid/install/my_package/lib/python3.8/site-packages: /usr/bin/python3 setup.py egg_info --egg-base ../../build/my_package build --build-base /home/suho/mid/build/my_package/build install --record /home/suho/mid/build/my_package/install.log --install-scripts $base/lib/my_package --single-version-externally-managed
[20.116s] DEBUG:colcon.colcon_core.event_handler.log_command:Invoked command in '/home/suho/mid/src/my_package' returned '0': PYTHONPATH=/home/suho/mid/build/my_package/prefix_override:/home/suho/mid/install/my_package/lib/python3.8/site-packages: /usr/bin/python3 setup.py egg_info --egg-base ../../build/my_package build --build-base /home/suho/mid/build/my_package/build install --record /home/suho/mid/build/my_package/install.log --install-scripts $base/lib/my_package --single-version-externally-managed
[20.358s] Level 1:colcon.colcon_core.environment:checking '/home/suho/mid/install/my_package' for CMake module files
[20.359s] Level 1:colcon.colcon_core.environment:checking '/home/suho/mid/install/my_package' for CMake config files
[20.362s] Level 1:colcon.colcon_core.environment:checking '/home/suho/mid/install/my_package/lib'
[20.362s] Level 1:colcon.colcon_core.environment:checking '/home/suho/mid/install/my_package/bin'
[20.363s] Level 1:colcon.colcon_core.environment:checking '/home/suho/mid/install/my_package/lib/pkgconfig/my_package.pc'
[20.363s] Level 1:colcon.colcon_core.environment:checking '/home/suho/mid/install/my_package/lib/python3.8/site-packages'
[20.364s] Level 1:colcon.colcon_core.shell:create_environment_hook('my_package', 'pythonpath')
[20.716s] INFO:colcon.colcon_core.shell:Creating environment hook '/home/suho/mid/install/my_package/share/my_package/hook/pythonpath.ps1'
[20.720s] INFO:colcon.colcon_core.shell:Creating environment descriptor '/home/suho/mid/install/my_package/share/my_package/hook/pythonpath.dsv'
[20.724s] INFO:colcon.colcon_core.shell:Creating environment hook '/home/suho/mid/install/my_package/share/my_package/hook/pythonpath.sh'
[20.730s] Level 1:colcon.colcon_core.environment:checking '/home/suho/mid/install/my_package/bin'
[20.731s] Level 1:colcon.colcon_core.environment:create_environment_scripts_only(my_package)
[21.227s] INFO:colcon.colcon_core.shell:Creating package script '/home/suho/mid/install/my_package/share/my_package/package.ps1'
[21.230s] INFO:colcon.colcon_core.shell:Creating package descriptor '/home/suho/mid/install/my_package/share/my_package/package.dsv'
[21.241s] INFO:colcon.colcon_core.shell:Creating package script '/home/suho/mid/install/my_package/share/my_package/package.sh'
[21.244s] INFO:colcon.colcon_core.shell:Creating package script '/home/suho/mid/install/my_package/share/my_package/package.bash'
[21.248s] INFO:colcon.colcon_core.shell:Creating package script '/home/suho/mid/install/my_package/share/my_package/package.zsh'
[21.295s] Level 1:colcon.colcon_core.environment:create_file_with_runtime_dependencies(/home/suho/mid/install/my_package/share/colcon-core/packages/my_package)
[21.303s] DEBUG:colcon.colcon_parallel_executor.executor.parallel:closing loop
[21.320s] DEBUG:colcon.colcon_parallel_executor.executor.parallel:loop closed
[21.341s] DEBUG:colcon.colcon_parallel_executor.executor.parallel:run_until_complete finished with '0'
[21.341s] DEBUG:colcon.colcon_core.event_reactor:joining thread
[21.709s] INFO:colcon.colcon_core.plugin_system:Skipping extension 'colcon_notification.desktop_notification.terminal_notifier': Not used on non-Darwin systems
[21.710s] INFO:colcon.colcon_core.plugin_system:Skipping extension 'colcon_notification.desktop_notification.win32': Not used on non-Windows systems
[21.710s] INFO:colcon.colcon_notification.desktop_notification:Sending desktop notification using 'notify2'
[21.835s] DEBUG:colcon.colcon_core.event_reactor:joined thread
[22.180s] INFO:colcon.colcon_core.shell:Creating prefix script '/home/suho/mid/install/local_setup.ps1'
[22.187s] INFO:colcon.colcon_core.shell:Creating prefix util module '/home/suho/mid/install/_local_setup_util_ps1.py'
[22.228s] INFO:colcon.colcon_core.shell:Creating prefix chain script '/home/suho/mid/install/setup.ps1'
[22.462s] INFO:colcon.colcon_core.shell:Creating prefix script '/home/suho/mid/install/local_setup.sh'
[22.469s] INFO:colcon.colcon_core.shell:Creating prefix util module '/home/suho/mid/install/_local_setup_util_sh.py'
[22.476s] INFO:colcon.colcon_core.shell:Creating prefix chain script '/home/suho/mid/install/setup.sh'
[22.700s] INFO:colcon.colcon_core.shell:Creating prefix script '/home/suho/mid/install/local_setup.bash'
[22.704s] INFO:colcon.colcon_core.shell:Creating prefix chain script '/home/suho/mid/install/setup.bash'
[22.917s] INFO:colcon.colcon_core.shell:Creating prefix script '/home/suho/mid/install/local_setup.zsh'
[22.920s] INFO:colcon.colcon_core.shell:Creating prefix chain script '/home/suho/mid/install/setup.zsh'
