[5.243s] Invoking command in '/home/suho/mid/src/my_package': PYTHONPATH=/home/suho/mid/build/my_package/prefix_override:/home/suho/mid/install/my_package/lib/python3.8/site-packages: /usr/bin/python3 setup.py egg_info --egg-base ../../build/my_package build --build-base /home/suho/mid/build/my_package/build install --record /home/suho/mid/build/my_package/install.log --install-scripts $base/lib/my_package --single-version-externally-managed
[5.881s] running egg_info
[5.882s] writing ../../build/my_package/my_package.egg-info/PKG-INFO
[5.884s] writing dependency_links to ../../build/my_package/my_package.egg-info/dependency_links.txt
[5.886s] writing entry points to ../../build/my_package/my_package.egg-info/entry_points.txt
[5.887s] writing requirements to ../../build/my_package/my_package.egg-info/requires.txt
[5.933s] writing top-level names to ../../build/my_package/my_package.egg-info/top_level.txt
[6.143s] reading manifest file '../../build/my_package/my_package.egg-info/SOURCES.txt'
[6.144s] writing manifest file '../../build/my_package/my_package.egg-info/SOURCES.txt'
[6.144s] running build
[6.145s] running build_py
[6.151s] copying my_package/my_node.py -> /home/suho/mid/build/my_package/build/lib/my_package
[6.151s] running install
[6.151s] running install_lib
[6.200s] copying /home/suho/mid/build/my_package/build/lib/my_package/my_node.py -> /home/suho/mid/install/my_package/lib/python3.8/site-packages/my_package
[6.200s] byte-compiling /home/suho/mid/install/my_package/lib/python3.8/site-packages/my_package/my_node.py to my_node.cpython-38.pyc
[6.201s] running install_data
[6.225s] running install_egg_info
[6.244s] removing '/home/suho/mid/install/my_package/lib/python3.8/site-packages/my_package-0.0.0-py3.8.egg-info' (and everything under it)
[6.245s] Copying ../../build/my_package/my_package.egg-info to /home/suho/mid/install/my_package/lib/python3.8/site-packages/my_package-0.0.0-py3.8.egg-info
[6.245s] running install_scripts
[6.291s] Installing my_node script to /home/suho/mid/install/my_package/lib/my_package
[6.303s] writing list of installed files to '/home/suho/mid/build/my_package/install.log'
[6.572s] Invoked command in '/home/suho/mid/src/my_package' returned '0': PYTHONPATH=/home/suho/mid/build/my_package/prefix_override:/home/suho/mid/install/my_package/lib/python3.8/site-packages: /usr/bin/python3 setup.py egg_info --egg-base ../../build/my_package build --build-base /home/suho/mid/build/my_package/build install --record /home/suho/mid/build/my_package/install.log --install-scripts $base/lib/my_package --single-version-externally-managed
