[2.964s] Invoking command in '/home/suho/mid/src/my_package': PYTHONPATH=/home/suho/mid/build/my_package/prefix_override:/home/suho/mid/install/my_package/lib/python3.8/site-packages: /usr/bin/python3 setup.py egg_info --egg-base ../../build/my_package build --build-base /home/suho/mid/build/my_package/build install --record /home/suho/mid/build/my_package/install.log --install-scripts $base/lib/my_package --single-version-externally-managed
[3.414s] running egg_info
[3.414s] writing ../../build/my_package/my_package.egg-info/PKG-INFO
[3.438s] writing dependency_links to ../../build/my_package/my_package.egg-info/dependency_links.txt
[3.455s] writing entry points to ../../build/my_package/my_package.egg-info/entry_points.txt
[3.492s] writing requirements to ../../build/my_package/my_package.egg-info/requires.txt
[3.493s] writing top-level names to ../../build/my_package/my_package.egg-info/top_level.txt
[3.569s] reading manifest file '../../build/my_package/my_package.egg-info/SOURCES.txt'
[3.587s] writing manifest file '../../build/my_package/my_package.egg-info/SOURCES.txt'
[3.587s] running build
[3.587s] running build_py
[3.587s] copying my_package/my_node.py -> /home/suho/mid/build/my_package/build/lib/my_package
[3.588s] running install
[3.588s] running install_lib
[3.589s] copying /home/suho/mid/build/my_package/build/lib/my_package/my_node.py -> /home/suho/mid/install/my_package/lib/python3.8/site-packages/my_package
[3.590s] byte-compiling /home/suho/mid/install/my_package/lib/python3.8/site-packages/my_package/my_node.py to my_node.cpython-38.pyc
[3.604s] running install_data
[3.614s] running install_egg_info
[3.648s] removing '/home/suho/mid/install/my_package/lib/python3.8/site-packages/my_package-0.0.0-py3.8.egg-info' (and everything under it)
[3.648s] Copying ../../build/my_package/my_package.egg-info to /home/suho/mid/install/my_package/lib/python3.8/site-packages/my_package-0.0.0-py3.8.egg-info
[3.648s] running install_scripts
[3.693s] Installing my_node script to /home/suho/mid/install/my_package/lib/my_package
[3.752s] writing list of installed files to '/home/suho/mid/build/my_package/install.log'
[3.814s] Invoked command in '/home/suho/mid/src/my_package' returned '0': PYTHONPATH=/home/suho/mid/build/my_package/prefix_override:/home/suho/mid/install/my_package/lib/python3.8/site-packages: /usr/bin/python3 setup.py egg_info --egg-base ../../build/my_package build --build-base /home/suho/mid/build/my_package/build install --record /home/suho/mid/build/my_package/install.log --install-scripts $base/lib/my_package --single-version-externally-managed
