[5.445s] Invoking command in '/home/suho/mid/src/my_package': PYTHONPATH=/home/suho/mid/build/my_package/prefix_override:/home/suho/mid/install/my_package/lib/python3.8/site-packages: /usr/bin/python3 setup.py egg_info --egg-base ../../build/my_package build --build-base /home/suho/mid/build/my_package/build install --record /home/suho/mid/build/my_package/install.log --install-scripts $base/lib/my_package --single-version-externally-managed
[6.105s] running egg_info
[6.106s] writing ../../build/my_package/my_package.egg-info/PKG-INFO
[6.107s] writing dependency_links to ../../build/my_package/my_package.egg-info/dependency_links.txt
[6.109s] writing entry points to ../../build/my_package/my_package.egg-info/entry_points.txt
[6.119s] writing requirements to ../../build/my_package/my_package.egg-info/requires.txt
[6.125s] writing top-level names to ../../build/my_package/my_package.egg-info/top_level.txt
[6.355s] reading manifest file '../../build/my_package/my_package.egg-info/SOURCES.txt'
[6.356s] writing manifest file '../../build/my_package/my_package.egg-info/SOURCES.txt'
[6.357s] running build
[6.359s] running build_py
[6.360s] copying my_package/my_node.py -> /home/suho/mid/build/my_package/build/lib/my_package
[6.360s] running install
[6.364s] running install_lib
[6.364s] copying /home/suho/mid/build/my_package/build/lib/my_package/my_node.py -> /home/suho/mid/install/my_package/lib/python3.8/site-packages/my_package
[6.365s] byte-compiling /home/suho/mid/install/my_package/lib/python3.8/site-packages/my_package/my_node.py to my_node.cpython-38.pyc
[6.453s] running install_data
[6.459s] running install_egg_info
[6.460s] removing '/home/suho/mid/install/my_package/lib/python3.8/site-packages/my_package-0.0.0-py3.8.egg-info' (and everything under it)
[6.460s] Copying ../../build/my_package/my_package.egg-info to /home/suho/mid/install/my_package/lib/python3.8/site-packages/my_package-0.0.0-py3.8.egg-info
[6.461s] running install_scripts
[6.540s] Installing my_node script to /home/suho/mid/install/my_package/lib/my_package
[6.540s] writing list of installed files to '/home/suho/mid/build/my_package/install.log'
[6.626s] Invoked command in '/home/suho/mid/src/my_package' returned '0': PYTHONPATH=/home/suho/mid/build/my_package/prefix_override:/home/suho/mid/install/my_package/lib/python3.8/site-packages: /usr/bin/python3 setup.py egg_info --egg-base ../../build/my_package build --build-base /home/suho/mid/build/my_package/build install --record /home/suho/mid/build/my_package/install.log --install-scripts $base/lib/my_package --single-version-externally-managed
