[4.802s] Invoking command in '/home/suho/mid/src/my_package': PYTHONPATH=/home/suho/mid/build/my_package/prefix_override:/home/suho/mid/install/my_package/lib/python3.8/site-packages: /usr/bin/python3 setup.py egg_info --egg-base ../../build/my_package build --build-base /home/suho/mid/build/my_package/build install --record /home/suho/mid/build/my_package/install.log --install-scripts $base/lib/my_package --single-version-externally-managed
[6.029s] running egg_info
[6.030s] writing ../../build/my_package/my_package.egg-info/PKG-INFO
[6.035s] writing dependency_links to ../../build/my_package/my_package.egg-info/dependency_links.txt
[6.036s] writing entry points to ../../build/my_package/my_package.egg-info/entry_points.txt
[6.110s] writing requirements to ../../build/my_package/my_package.egg-info/requires.txt
[6.111s] writing top-level names to ../../build/my_package/my_package.egg-info/top_level.txt
[6.377s] reading manifest file '../../build/my_package/my_package.egg-info/SOURCES.txt'
[6.403s] writing manifest file '../../build/my_package/my_package.egg-info/SOURCES.txt'
[6.403s] running build
[6.403s] running build_py
[6.403s] copying my_package/my_node.py -> /home/suho/mid/build/my_package/build/lib/my_package
[6.403s] running install
[6.427s] running install_lib
[6.427s] copying /home/suho/mid/build/my_package/build/lib/my_package/my_node.py -> /home/suho/mid/install/my_package/lib/python3.8/site-packages/my_package
[6.432s] byte-compiling /home/suho/mid/install/my_package/lib/python3.8/site-packages/my_package/my_node.py to my_node.cpython-38.pyc
[6.433s] running install_data
[6.433s] running install_egg_info
[6.433s] removing '/home/suho/mid/install/my_package/lib/python3.8/site-packages/my_package-0.0.0-py3.8.egg-info' (and everything under it)
[6.444s] Copying ../../build/my_package/my_package.egg-info to /home/suho/mid/install/my_package/lib/python3.8/site-packages/my_package-0.0.0-py3.8.egg-info
[6.451s] running install_scripts
[6.660s] Installing my_node script to /home/suho/mid/install/my_package/lib/my_package
[6.661s] writing list of installed files to '/home/suho/mid/build/my_package/install.log'
[7.069s] Invoked command in '/home/suho/mid/src/my_package' returned '0': PYTHONPATH=/home/suho/mid/build/my_package/prefix_override:/home/suho/mid/install/my_package/lib/python3.8/site-packages: /usr/bin/python3 setup.py egg_info --egg-base ../../build/my_package build --build-base /home/suho/mid/build/my_package/build install --record /home/suho/mid/build/my_package/install.log --install-scripts $base/lib/my_package --single-version-externally-managed
