[7.577s] DEBUG:colcon:Command line arguments: ['/usr/bin/colcon', 'build']
[7.577s] DEBUG:colcon:Parsed command line arguments: Namespace(allow_overriding=[], ament_cmake_args=None, base_paths=['.'], build_base='build', catkin_cmake_args=None, catkin_skip_building_tests=False, cmake_args=None, cmake_clean_cache=False, cmake_clean_first=False, cmake_force_configure=False, cmake_target=None, cmake_target_skip_unavailable=False, continue_on_error=False, event_handlers=None, executor='parallel', ignore_user_meta=False, install_base='install', log_base=None, log_level=None, main=<bound method BuildVerb.main of <colcon_core.verb.build.BuildVerb object at 0x7f1e33f0afd0>>, merge_install=False, metas=['./colcon.meta'], packages_above=None, packages_above_and_dependencies=None, packages_above_depth=None, packages_end=None, packages_ignore=None, packages_ignore_regex=None, packages_select=None, packages_select_build_failed=False, packages_select_by_dep=None, packages_select_regex=None, packages_select_test_failures=False, packages_skip=None, packages_skip_build_finished=False, packages_skip_by_dep=None, packages_skip_regex=None, packages_skip_test_passed=False, packages_skip_up_to=None, packages_start=None, packages_up_to=None, packages_up_to_regex=None, parallel_workers=6, paths=None, symlink_install=False, test_result_base=None, verb_extension=<colcon_core.verb.build.BuildVerb object at 0x7f1e33f0afd0>, verb_name='build', verb_parser=<colcon_defaults.argument_parser.defaults.DefaultArgumentsDecorator object at 0x7f1e33be9160>)
[7.883s] Level 1:colcon.colcon_core.package_discovery:discover_packages(colcon_meta) check parameters
[7.883s] Level 1:colcon.colcon_core.package_discovery:discover_packages(recursive) check parameters
[7.883s] Level 1:colcon.colcon_core.package_discovery:discover_packages(ignore) check parameters
[7.884s] Level 1:colcon.colcon_core.package_discovery:discover_packages(path) check parameters
[7.884s] Level 1:colcon.colcon_core.package_discovery:discover_packages(colcon_meta) discover
[7.884s] Level 1:colcon.colcon_core.package_discovery:discover_packages(recursive) discover
[7.884s] INFO:colcon.colcon_core.package_discovery:Crawling recursively for packages in '/home/suho/mid'
[7.884s] Level 1:colcon.colcon_core.package_identification:_identify(.) by extensions ['ignore', 'ignore_ament_install']
[7.885s] Level 1:colcon.colcon_core.package_identification:_identify(.) by extension 'ignore'
[7.885s] Level 1:colcon.colcon_core.package_identification:_identify(.) by extension 'ignore_ament_install'
[7.885s] Level 1:colcon.colcon_core.package_identification:_identify(.) by extensions ['colcon_pkg']
[7.885s] Level 1:colcon.colcon_core.package_identification:_identify(.) by extension 'colcon_pkg'
[7.885s] Level 1:colcon.colcon_core.package_identification:_identify(.) by extensions ['colcon_meta']
[7.885s] Level 1:colcon.colcon_core.package_identification:_identify(.) by extension 'colcon_meta'
[7.885s] Level 1:colcon.colcon_core.package_identification:_identify(.) by extensions ['ros']
[7.885s] Level 1:colcon.colcon_core.package_identification:_identify(.) by extension 'ros'
[7.925s] Level 1:colcon.colcon_core.package_identification:_identify(.) by extensions ['cmake', 'python']
[7.926s] Level 1:colcon.colcon_core.package_identification:_identify(.) by extension 'cmake'
[7.926s] Level 1:colcon.colcon_core.package_identification:_identify(.) by extension 'python'
[7.926s] Level 1:colcon.colcon_core.package_identification:_identify(.) by extensions ['python_setup_py']
[7.926s] Level 1:colcon.colcon_core.package_identification:_identify(.) by extension 'python_setup_py'
[7.926s] Level 1:colcon.colcon_core.package_identification:_identify(build) by extensions ['ignore', 'ignore_ament_install']
[7.926s] Level 1:colcon.colcon_core.package_identification:_identify(build) by extension 'ignore'
[7.927s] Level 1:colcon.colcon_core.package_identification:_identify(build) ignored
[7.927s] Level 1:colcon.colcon_core.package_identification:_identify(install) by extensions ['ignore', 'ignore_ament_install']
[7.927s] Level 1:colcon.colcon_core.package_identification:_identify(install) by extension 'ignore'
[7.927s] Level 1:colcon.colcon_core.package_identification:_identify(install) ignored
[7.927s] Level 1:colcon.colcon_core.package_identification:_identify(log) by extensions ['ignore', 'ignore_ament_install']
[7.927s] Level 1:colcon.colcon_core.package_identification:_identify(log) by extension 'ignore'
[7.928s] Level 1:colcon.colcon_core.package_identification:_identify(log) ignored
[7.928s] Level 1:colcon.colcon_core.package_identification:_identify(src) by extensions ['ignore', 'ignore_ament_install']
[7.928s] Level 1:colcon.colcon_core.package_identification:_identify(src) by extension 'ignore'
[7.928s] Level 1:colcon.colcon_core.package_identification:_identify(src) by extension 'ignore_ament_install'
[7.929s] Level 1:colcon.colcon_core.package_identification:_identify(src) by extensions ['colcon_pkg']
[7.929s] Level 1:colcon.colcon_core.package_identification:_identify(src) by extension 'colcon_pkg'
[7.929s] Level 1:colcon.colcon_core.package_identification:_identify(src) by extensions ['colcon_meta']
[7.929s] Level 1:colcon.colcon_core.package_identification:_identify(src) by extension 'colcon_meta'
[7.929s] Level 1:colcon.colcon_core.package_identification:_identify(src) by extensions ['ros']
[7.929s] Level 1:colcon.colcon_core.package_identification:_identify(src) by extension 'ros'
[7.929s] Level 1:colcon.colcon_core.package_identification:_identify(src) by extensions ['cmake', 'python']
[7.929s] Level 1:colcon.colcon_core.package_identification:_identify(src) by extension 'cmake'
[7.929s] Level 1:colcon.colcon_core.package_identification:_identify(src) by extension 'python'
[7.929s] Level 1:colcon.colcon_core.package_identification:_identify(src) by extensions ['python_setup_py']
[7.929s] Level 1:colcon.colcon_core.package_identification:_identify(src) by extension 'python_setup_py'
[7.930s] Level 1:colcon.colcon_core.package_identification:_identify(src/my_package) by extensions ['ignore', 'ignore_ament_install']
[7.930s] Level 1:colcon.colcon_core.package_identification:_identify(src/my_package) by extension 'ignore'
[7.930s] Level 1:colcon.colcon_core.package_identification:_identify(src/my_package) by extension 'ignore_ament_install'
[7.930s] Level 1:colcon.colcon_core.package_identification:_identify(src/my_package) by extensions ['colcon_pkg']
[7.930s] Level 1:colcon.colcon_core.package_identification:_identify(src/my_package) by extension 'colcon_pkg'
[7.930s] Level 1:colcon.colcon_core.package_identification:_identify(src/my_package) by extensions ['colcon_meta']
[7.930s] Level 1:colcon.colcon_core.package_identification:_identify(src/my_package) by extension 'colcon_meta'
[7.930s] Level 1:colcon.colcon_core.package_identification:_identify(src/my_package) by extensions ['ros']
[7.930s] Level 1:colcon.colcon_core.package_identification:_identify(src/my_package) by extension 'ros'
[7.935s] DEBUG:colcon.colcon_core.package_identification:Package 'src/my_package' with type 'ros.ament_python' and name 'my_package'
[7.935s] Level 1:colcon.colcon_core.package_discovery:discover_packages(recursive) using defaults
[7.935s] Level 1:colcon.colcon_core.package_discovery:discover_packages(ignore) discover
[7.935s] Level 1:colcon.colcon_core.package_discovery:discover_packages(ignore) using defaults
[7.935s] Level 1:colcon.colcon_core.package_discovery:discover_packages(path) discover
[7.938s] Level 1:colcon.colcon_core.package_discovery:discover_packages(path) using defaults
[8.726s] Level 1:colcon.colcon_core.package_discovery:discover_packages(prefix_path) check parameters
[8.726s] Level 1:colcon.colcon_core.package_discovery:discover_packages(prefix_path) discover
[8.865s] Level 1:colcon.colcon_core.package_discovery:discover_packages(prefix_path) using defaults
[9.121s] Level 5:colcon.colcon_core.verb:set package 'my_package' build argument 'cmake_args' from command line to 'None'
[9.122s] Level 5:colcon.colcon_core.verb:set package 'my_package' build argument 'cmake_target' from command line to 'None'
[9.122s] Level 5:colcon.colcon_core.verb:set package 'my_package' build argument 'cmake_target_skip_unavailable' from command line to 'False'
[9.122s] Level 5:colcon.colcon_core.verb:set package 'my_package' build argument 'cmake_clean_cache' from command line to 'False'
[9.122s] Level 5:colcon.colcon_core.verb:set package 'my_package' build argument 'cmake_clean_first' from command line to 'False'
[9.122s] Level 5:colcon.colcon_core.verb:set package 'my_package' build argument 'cmake_force_configure' from command line to 'False'
[9.122s] Level 5:colcon.colcon_core.verb:set package 'my_package' build argument 'ament_cmake_args' from command line to 'None'
[9.122s] Level 5:colcon.colcon_core.verb:set package 'my_package' build argument 'catkin_cmake_args' from command line to 'None'
[9.122s] Level 5:colcon.colcon_core.verb:set package 'my_package' build argument 'catkin_skip_building_tests' from command line to 'False'
[9.122s] DEBUG:colcon.colcon_core.verb:Building package 'my_package' with the following arguments: {'ament_cmake_args': None, 'build_base': '/home/suho/mid/build/my_package', 'catkin_cmake_args': None, 'catkin_skip_building_tests': False, 'cmake_args': None, 'cmake_clean_cache': False, 'cmake_clean_first': False, 'cmake_force_configure': False, 'cmake_target': None, 'cmake_target_skip_unavailable': False, 'install_base': '/home/suho/mid/install/my_package', 'merge_install': False, 'path': '/home/suho/mid/src/my_package', 'symlink_install': False, 'test_result_base': None}
[9.247s] INFO:colcon.colcon_core.executor:Executing jobs using 'parallel' executor
[9.378s] DEBUG:colcon.colcon_parallel_executor.executor.parallel:run_until_complete
[9.378s] INFO:colcon.colcon_ros.task.ament_python.build:Building ROS package in '/home/suho/mid/src/my_package' with build type 'ament_python'
[9.378s] Level 1:colcon.colcon_core.shell:create_environment_hook('my_package', 'ament_prefix_path')
[9.633s] INFO:colcon.colcon_core.plugin_system:Skipping extension 'colcon_core.shell.bat': Not used on non-Windows systems
[9.634s] INFO:colcon.colcon_core.shell:Creating environment hook '/home/suho/mid/install/my_package/share/my_package/hook/ament_prefix_path.ps1'
[9.636s] INFO:colcon.colcon_core.shell:Creating environment descriptor '/home/suho/mid/install/my_package/share/my_package/hook/ament_prefix_path.dsv'
[9.638s] INFO:colcon.colcon_core.shell:Creating environment hook '/home/suho/mid/install/my_package/share/my_package/hook/ament_prefix_path.sh'
[9.794s] INFO:colcon.colcon_core.shell:Skip shell extension 'powershell' for command environment: Not usable outside of PowerShell
[9.795s] DEBUG:colcon.colcon_core.shell:Skip shell extension 'dsv' for command environment
[10.508s] INFO:colcon.colcon_core.task.python.build:Building Python package in '/home/suho/mid/src/my_package'
[10.871s] INFO:colcon.colcon_core.shell:Skip shell extension 'powershell' for command environment: Not usable outside of PowerShell
[10.871s] DEBUG:colcon.colcon_core.shell:Skip shell extension 'dsv' for command environment
[12.304s] DEBUG:colcon.colcon_core.event_handler.log_command:Invoking command in '/home/suho/mid/src/my_package': PYTHONPATH=/home/suho/mid/build/my_package/prefix_override:/home/suho/mid/install/my_package/lib/python3.8/site-packages: /usr/bin/python3 setup.py egg_info --egg-base ../../build/my_package build --build-base /home/suho/mid/build/my_package/build install --record /home/suho/mid/build/my_package/install.log --install-scripts $base/lib/my_package --single-version-externally-managed
[13.383s] DEBUG:colcon.colcon_core.event_handler.log_command:Invoked command in '/home/suho/mid/src/my_package' returned '0': PYTHONPATH=/home/suho/mid/build/my_package/prefix_override:/home/suho/mid/install/my_package/lib/python3.8/site-packages: /usr/bin/python3 setup.py egg_info --egg-base ../../build/my_package build --build-base /home/suho/mid/build/my_package/build install --record /home/suho/mid/build/my_package/install.log --install-scripts $base/lib/my_package --single-version-externally-managed
[13.540s] Level 1:colcon.colcon_core.environment:checking '/home/suho/mid/install/my_package' for CMake module files
[13.541s] Level 1:colcon.colcon_core.environment:checking '/home/suho/mid/install/my_package' for CMake config files
[13.543s] Level 1:colcon.colcon_core.environment:checking '/home/suho/mid/install/my_package/lib'
[13.544s] Level 1:colcon.colcon_core.environment:checking '/home/suho/mid/install/my_package/bin'
[13.544s] Level 1:colcon.colcon_core.environment:checking '/home/suho/mid/install/my_package/lib/pkgconfig/my_package.pc'
[13.544s] Level 1:colcon.colcon_core.environment:checking '/home/suho/mid/install/my_package/lib/python3.8/site-packages'
[13.544s] Level 1:colcon.colcon_core.shell:create_environment_hook('my_package', 'pythonpath')
[13.694s] INFO:colcon.colcon_core.shell:Creating environment hook '/home/suho/mid/install/my_package/share/my_package/hook/pythonpath.ps1'
[13.696s] INFO:colcon.colcon_core.shell:Creating environment descriptor '/home/suho/mid/install/my_package/share/my_package/hook/pythonpath.dsv'
[13.698s] INFO:colcon.colcon_core.shell:Creating environment hook '/home/suho/mid/install/my_package/share/my_package/hook/pythonpath.sh'
[13.699s] Level 1:colcon.colcon_core.environment:checking '/home/suho/mid/install/my_package/bin'
[13.700s] Level 1:colcon.colcon_core.environment:create_environment_scripts_only(my_package)
[13.856s] INFO:colcon.colcon_core.shell:Creating package script '/home/suho/mid/install/my_package/share/my_package/package.ps1'
[13.858s] INFO:colcon.colcon_core.shell:Creating package descriptor '/home/suho/mid/install/my_package/share/my_package/package.dsv'
[13.861s] INFO:colcon.colcon_core.shell:Creating package script '/home/suho/mid/install/my_package/share/my_package/package.sh'
[13.862s] INFO:colcon.colcon_core.shell:Creating package script '/home/suho/mid/install/my_package/share/my_package/package.bash'
[13.866s] INFO:colcon.colcon_core.shell:Creating package script '/home/suho/mid/install/my_package/share/my_package/package.zsh'
[13.881s] Level 1:colcon.colcon_core.environment:create_file_with_runtime_dependencies(/home/suho/mid/install/my_package/share/colcon-core/packages/my_package)
[13.882s] DEBUG:colcon.colcon_parallel_executor.executor.parallel:closing loop
[13.882s] DEBUG:colcon.colcon_parallel_executor.executor.parallel:loop closed
[13.883s] DEBUG:colcon.colcon_parallel_executor.executor.parallel:run_until_complete finished with '0'
[13.883s] DEBUG:colcon.colcon_core.event_reactor:joining thread
[14.119s] INFO:colcon.colcon_core.plugin_system:Skipping extension 'colcon_notification.desktop_notification.terminal_notifier': Not used on non-Darwin systems
[14.120s] INFO:colcon.colcon_core.plugin_system:Skipping extension 'colcon_notification.desktop_notification.win32': Not used on non-Windows systems
[14.120s] INFO:colcon.colcon_notification.desktop_notification:Sending desktop notification using 'notify2'
[14.268s] DEBUG:colcon.colcon_core.event_reactor:joined thread
[14.432s] INFO:colcon.colcon_core.shell:Creating prefix script '/home/suho/mid/install/local_setup.ps1'
[14.438s] INFO:colcon.colcon_core.shell:Creating prefix util module '/home/suho/mid/install/_local_setup_util_ps1.py'
[14.441s] INFO:colcon.colcon_core.shell:Creating prefix chain script '/home/suho/mid/install/setup.ps1'
[14.586s] INFO:colcon.colcon_core.shell:Creating prefix script '/home/suho/mid/install/local_setup.sh'
[14.597s] INFO:colcon.colcon_core.shell:Creating prefix util module '/home/suho/mid/install/_local_setup_util_sh.py'
[14.612s] INFO:colcon.colcon_core.shell:Creating prefix chain script '/home/suho/mid/install/setup.sh'
[14.778s] INFO:colcon.colcon_core.shell:Creating prefix script '/home/suho/mid/install/local_setup.bash'
[14.781s] INFO:colcon.colcon_core.shell:Creating prefix chain script '/home/suho/mid/install/setup.bash'
[14.915s] INFO:colcon.colcon_core.shell:Creating prefix script '/home/suho/mid/install/local_setup.zsh'
[14.918s] INFO:colcon.colcon_core.shell:Creating prefix chain script '/home/suho/mid/install/setup.zsh'
