[9.515s] DEBUG:colcon:Command line arguments: ['/usr/bin/colcon', 'build']
[9.516s] DEBUG:colcon:Parsed command line arguments: Namespace(allow_overriding=[], ament_cmake_args=None, base_paths=['.'], build_base='build', catkin_cmake_args=None, catkin_skip_building_tests=False, cmake_args=None, cmake_clean_cache=False, cmake_clean_first=False, cmake_force_configure=False, cmake_target=None, cmake_target_skip_unavailable=False, continue_on_error=False, event_handlers=None, executor='parallel', ignore_user_meta=False, install_base='install', log_base=None, log_level=None, main=<bound method BuildVerb.main of <colcon_core.verb.build.BuildVerb object at 0x7f2972993fd0>>, merge_install=False, metas=['./colcon.meta'], packages_above=None, packages_above_and_dependencies=None, packages_above_depth=None, packages_end=None, packages_ignore=None, packages_ignore_regex=None, packages_select=None, packages_select_build_failed=False, packages_select_by_dep=None, packages_select_regex=None, packages_select_test_failures=False, packages_skip=None, packages_skip_build_finished=False, packages_skip_by_dep=None, packages_skip_regex=None, packages_skip_test_passed=False, packages_skip_up_to=None, packages_start=None, packages_up_to=None, packages_up_to_regex=None, parallel_workers=6, paths=None, symlink_install=False, test_result_base=None, verb_extension=<colcon_core.verb.build.BuildVerb object at 0x7f2972993fd0>, verb_name='build', verb_parser=<colcon_defaults.argument_parser.defaults.DefaultArgumentsDecorator object at 0x7f2972647790>)
[9.997s] Level 1:colcon.colcon_core.package_discovery:discover_packages(colcon_meta) check parameters
[9.998s] Level 1:colcon.colcon_core.package_discovery:discover_packages(recursive) check parameters
[9.998s] Level 1:colcon.colcon_core.package_discovery:discover_packages(ignore) check parameters
[9.998s] Level 1:colcon.colcon_core.package_discovery:discover_packages(path) check parameters
[9.998s] Level 1:colcon.colcon_core.package_discovery:discover_packages(colcon_meta) discover
[9.998s] Level 1:colcon.colcon_core.package_discovery:discover_packages(recursive) discover
[9.998s] INFO:colcon.colcon_core.package_discovery:Crawling recursively for packages in '/home/suho/mid'
[9.999s] Level 1:colcon.colcon_core.package_identification:_identify(.) by extensions ['ignore', 'ignore_ament_install']
[9.999s] Level 1:colcon.colcon_core.package_identification:_identify(.) by extension 'ignore'
[10.000s] Level 1:colcon.colcon_core.package_identification:_identify(.) by extension 'ignore_ament_install'
[10.000s] Level 1:colcon.colcon_core.package_identification:_identify(.) by extensions ['colcon_pkg']
[10.000s] Level 1:colcon.colcon_core.package_identification:_identify(.) by extension 'colcon_pkg'
[10.000s] Level 1:colcon.colcon_core.package_identification:_identify(.) by extensions ['colcon_meta']
[10.000s] Level 1:colcon.colcon_core.package_identification:_identify(.) by extension 'colcon_meta'
[10.000s] Level 1:colcon.colcon_core.package_identification:_identify(.) by extensions ['ros']
[10.000s] Level 1:colcon.colcon_core.package_identification:_identify(.) by extension 'ros'
[10.064s] Level 1:colcon.colcon_core.package_identification:_identify(.) by extensions ['cmake', 'python']
[10.064s] Level 1:colcon.colcon_core.package_identification:_identify(.) by extension 'cmake'
[10.064s] Level 1:colcon.colcon_core.package_identification:_identify(.) by extension 'python'
[10.064s] Level 1:colcon.colcon_core.package_identification:_identify(.) by extensions ['python_setup_py']
[10.064s] Level 1:colcon.colcon_core.package_identification:_identify(.) by extension 'python_setup_py'
[10.065s] Level 1:colcon.colcon_core.package_identification:_identify(build) by extensions ['ignore', 'ignore_ament_install']
[10.065s] Level 1:colcon.colcon_core.package_identification:_identify(build) by extension 'ignore'
[10.065s] Level 1:colcon.colcon_core.package_identification:_identify(build) ignored
[10.066s] Level 1:colcon.colcon_core.package_identification:_identify(install) by extensions ['ignore', 'ignore_ament_install']
[10.066s] Level 1:colcon.colcon_core.package_identification:_identify(install) by extension 'ignore'
[10.067s] Level 1:colcon.colcon_core.package_identification:_identify(install) ignored
[10.067s] Level 1:colcon.colcon_core.package_identification:_identify(log) by extensions ['ignore', 'ignore_ament_install']
[10.067s] Level 1:colcon.colcon_core.package_identification:_identify(log) by extension 'ignore'
[10.068s] Level 1:colcon.colcon_core.package_identification:_identify(log) ignored
[10.068s] Level 1:colcon.colcon_core.package_identification:_identify(src) by extensions ['ignore', 'ignore_ament_install']
[10.068s] Level 1:colcon.colcon_core.package_identification:_identify(src) by extension 'ignore'
[10.068s] Level 1:colcon.colcon_core.package_identification:_identify(src) by extension 'ignore_ament_install'
[10.068s] Level 1:colcon.colcon_core.package_identification:_identify(src) by extensions ['colcon_pkg']
[10.068s] Level 1:colcon.colcon_core.package_identification:_identify(src) by extension 'colcon_pkg'
[10.068s] Level 1:colcon.colcon_core.package_identification:_identify(src) by extensions ['colcon_meta']
[10.069s] Level 1:colcon.colcon_core.package_identification:_identify(src) by extension 'colcon_meta'
[10.069s] Level 1:colcon.colcon_core.package_identification:_identify(src) by extensions ['ros']
[10.069s] Level 1:colcon.colcon_core.package_identification:_identify(src) by extension 'ros'
[10.069s] Level 1:colcon.colcon_core.package_identification:_identify(src) by extensions ['cmake', 'python']
[10.069s] Level 1:colcon.colcon_core.package_identification:_identify(src) by extension 'cmake'
[10.069s] Level 1:colcon.colcon_core.package_identification:_identify(src) by extension 'python'
[10.070s] Level 1:colcon.colcon_core.package_identification:_identify(src) by extensions ['python_setup_py']
[10.070s] Level 1:colcon.colcon_core.package_identification:_identify(src) by extension 'python_setup_py'
[10.070s] Level 1:colcon.colcon_core.package_identification:_identify(src/my_package) by extensions ['ignore', 'ignore_ament_install']
[10.070s] Level 1:colcon.colcon_core.package_identification:_identify(src/my_package) by extension 'ignore'
[10.071s] Level 1:colcon.colcon_core.package_identification:_identify(src/my_package) by extension 'ignore_ament_install'
[10.073s] Level 1:colcon.colcon_core.package_identification:_identify(src/my_package) by extensions ['colcon_pkg']
[10.073s] Level 1:colcon.colcon_core.package_identification:_identify(src/my_package) by extension 'colcon_pkg'
[10.074s] Level 1:colcon.colcon_core.package_identification:_identify(src/my_package) by extensions ['colcon_meta']
[10.074s] Level 1:colcon.colcon_core.package_identification:_identify(src/my_package) by extension 'colcon_meta'
[10.075s] Level 1:colcon.colcon_core.package_identification:_identify(src/my_package) by extensions ['ros']
[10.075s] Level 1:colcon.colcon_core.package_identification:_identify(src/my_package) by extension 'ros'
[10.085s] DEBUG:colcon.colcon_core.package_identification:Package 'src/my_package' with type 'ros.ament_python' and name 'my_package'
[10.086s] Level 1:colcon.colcon_core.package_discovery:discover_packages(recursive) using defaults
[10.086s] Level 1:colcon.colcon_core.package_discovery:discover_packages(ignore) discover
[10.086s] Level 1:colcon.colcon_core.package_discovery:discover_packages(ignore) using defaults
[10.086s] Level 1:colcon.colcon_core.package_discovery:discover_packages(path) discover
[10.086s] Level 1:colcon.colcon_core.package_discovery:discover_packages(path) using defaults
[11.168s] Level 1:colcon.colcon_core.package_discovery:discover_packages(prefix_path) check parameters
[11.169s] Level 1:colcon.colcon_core.package_discovery:discover_packages(prefix_path) discover
[11.357s] Level 1:colcon.colcon_core.package_discovery:discover_packages(prefix_path) using defaults
[11.797s] Level 5:colcon.colcon_core.verb:set package 'my_package' build argument 'cmake_args' from command line to 'None'
[11.798s] Level 5:colcon.colcon_core.verb:set package 'my_package' build argument 'cmake_target' from command line to 'None'
[11.798s] Level 5:colcon.colcon_core.verb:set package 'my_package' build argument 'cmake_target_skip_unavailable' from command line to 'False'
[11.798s] Level 5:colcon.colcon_core.verb:set package 'my_package' build argument 'cmake_clean_cache' from command line to 'False'
[11.799s] Level 5:colcon.colcon_core.verb:set package 'my_package' build argument 'cmake_clean_first' from command line to 'False'
[11.799s] Level 5:colcon.colcon_core.verb:set package 'my_package' build argument 'cmake_force_configure' from command line to 'False'
[11.799s] Level 5:colcon.colcon_core.verb:set package 'my_package' build argument 'ament_cmake_args' from command line to 'None'
[11.799s] Level 5:colcon.colcon_core.verb:set package 'my_package' build argument 'catkin_cmake_args' from command line to 'None'
[11.799s] Level 5:colcon.colcon_core.verb:set package 'my_package' build argument 'catkin_skip_building_tests' from command line to 'False'
[11.799s] DEBUG:colcon.colcon_core.verb:Building package 'my_package' with the following arguments: {'ament_cmake_args': None, 'build_base': '/home/suho/mid/build/my_package', 'catkin_cmake_args': None, 'catkin_skip_building_tests': False, 'cmake_args': None, 'cmake_clean_cache': False, 'cmake_clean_first': False, 'cmake_force_configure': False, 'cmake_target': None, 'cmake_target_skip_unavailable': False, 'install_base': '/home/suho/mid/install/my_package', 'merge_install': False, 'path': '/home/suho/mid/src/my_package', 'symlink_install': False, 'test_result_base': None}
[11.998s] INFO:colcon.colcon_core.executor:Executing jobs using 'parallel' executor
[12.205s] DEBUG:colcon.colcon_parallel_executor.executor.parallel:run_until_complete
[12.207s] INFO:colcon.colcon_ros.task.ament_python.build:Building ROS package in '/home/suho/mid/src/my_package' with build type 'ament_python'
[12.208s] Level 1:colcon.colcon_core.shell:create_environment_hook('my_package', 'ament_prefix_path')
[12.508s] INFO:colcon.colcon_core.plugin_system:Skipping extension 'colcon_core.shell.bat': Not used on non-Windows systems
[12.509s] INFO:colcon.colcon_core.shell:Creating environment hook '/home/suho/mid/install/my_package/share/my_package/hook/ament_prefix_path.ps1'
[12.513s] INFO:colcon.colcon_core.shell:Creating environment descriptor '/home/suho/mid/install/my_package/share/my_package/hook/ament_prefix_path.dsv'
[12.516s] INFO:colcon.colcon_core.shell:Creating environment hook '/home/suho/mid/install/my_package/share/my_package/hook/ament_prefix_path.sh'
[12.908s] INFO:colcon.colcon_core.shell:Skip shell extension 'powershell' for command environment: Not usable outside of PowerShell
[12.908s] DEBUG:colcon.colcon_core.shell:Skip shell extension 'dsv' for command environment
[14.143s] INFO:colcon.colcon_core.task.python.build:Building Python package in '/home/suho/mid/src/my_package'
[14.566s] INFO:colcon.colcon_core.shell:Skip shell extension 'powershell' for command environment: Not usable outside of PowerShell
[14.578s] DEBUG:colcon.colcon_core.shell:Skip shell extension 'dsv' for command environment
[16.447s] DEBUG:colcon.colcon_core.event_handler.log_command:Invoking command in '/home/suho/mid/src/my_package': PYTHONPATH=/home/suho/mid/build/my_package/prefix_override:/home/suho/mid/install/my_package/lib/python3.8/site-packages: /usr/bin/python3 setup.py egg_info --egg-base ../../build/my_package build --build-base /home/suho/mid/build/my_package/build install --record /home/suho/mid/build/my_package/install.log --install-scripts $base/lib/my_package --single-version-externally-managed
[17.682s] DEBUG:colcon.colcon_core.event_handler.log_command:Invoked command in '/home/suho/mid/src/my_package' returned '0': PYTHONPATH=/home/suho/mid/build/my_package/prefix_override:/home/suho/mid/install/my_package/lib/python3.8/site-packages: /usr/bin/python3 setup.py egg_info --egg-base ../../build/my_package build --build-base /home/suho/mid/build/my_package/build install --record /home/suho/mid/build/my_package/install.log --install-scripts $base/lib/my_package --single-version-externally-managed
[17.885s] Level 1:colcon.colcon_core.environment:checking '/home/suho/mid/install/my_package' for CMake module files
[17.887s] Level 1:colcon.colcon_core.environment:checking '/home/suho/mid/install/my_package' for CMake config files
[17.888s] Level 1:colcon.colcon_core.environment:checking '/home/suho/mid/install/my_package/lib'
[17.889s] Level 1:colcon.colcon_core.environment:checking '/home/suho/mid/install/my_package/bin'
[17.889s] Level 1:colcon.colcon_core.environment:checking '/home/suho/mid/install/my_package/lib/pkgconfig/my_package.pc'
[17.889s] Level 1:colcon.colcon_core.environment:checking '/home/suho/mid/install/my_package/lib/python3.8/site-packages'
[17.890s] Level 1:colcon.colcon_core.shell:create_environment_hook('my_package', 'pythonpath')
[18.209s] INFO:colcon.colcon_core.shell:Creating environment hook '/home/suho/mid/install/my_package/share/my_package/hook/pythonpath.ps1'
[18.231s] INFO:colcon.colcon_core.shell:Creating environment descriptor '/home/suho/mid/install/my_package/share/my_package/hook/pythonpath.dsv'
[18.232s] INFO:colcon.colcon_core.shell:Creating environment hook '/home/suho/mid/install/my_package/share/my_package/hook/pythonpath.sh'
[18.234s] Level 1:colcon.colcon_core.environment:checking '/home/suho/mid/install/my_package/bin'
[18.234s] Level 1:colcon.colcon_core.environment:create_environment_scripts_only(my_package)
[18.833s] INFO:colcon.colcon_core.shell:Creating package script '/home/suho/mid/install/my_package/share/my_package/package.ps1'
[18.853s] INFO:colcon.colcon_core.shell:Creating package descriptor '/home/suho/mid/install/my_package/share/my_package/package.dsv'
[18.862s] INFO:colcon.colcon_core.shell:Creating package script '/home/suho/mid/install/my_package/share/my_package/package.sh'
[18.879s] INFO:colcon.colcon_core.shell:Creating package script '/home/suho/mid/install/my_package/share/my_package/package.bash'
[18.883s] INFO:colcon.colcon_core.shell:Creating package script '/home/suho/mid/install/my_package/share/my_package/package.zsh'
[18.892s] Level 1:colcon.colcon_core.environment:create_file_with_runtime_dependencies(/home/suho/mid/install/my_package/share/colcon-core/packages/my_package)
[18.923s] DEBUG:colcon.colcon_parallel_executor.executor.parallel:closing loop
[18.923s] DEBUG:colcon.colcon_parallel_executor.executor.parallel:loop closed
[18.925s] DEBUG:colcon.colcon_parallel_executor.executor.parallel:run_until_complete finished with '0'
[18.925s] DEBUG:colcon.colcon_core.event_reactor:joining thread
[19.308s] INFO:colcon.colcon_core.plugin_system:Skipping extension 'colcon_notification.desktop_notification.terminal_notifier': Not used on non-Darwin systems
[19.309s] INFO:colcon.colcon_core.plugin_system:Skipping extension 'colcon_notification.desktop_notification.win32': Not used on non-Windows systems
[19.309s] INFO:colcon.colcon_notification.desktop_notification:Sending desktop notification using 'notify2'
[19.368s] DEBUG:colcon.colcon_core.event_reactor:joined thread
[19.588s] INFO:colcon.colcon_core.shell:Creating prefix script '/home/suho/mid/install/local_setup.ps1'
[19.591s] INFO:colcon.colcon_core.shell:Creating prefix util module '/home/suho/mid/install/_local_setup_util_ps1.py'
[19.596s] INFO:colcon.colcon_core.shell:Creating prefix chain script '/home/suho/mid/install/setup.ps1'
[19.851s] INFO:colcon.colcon_core.shell:Creating prefix script '/home/suho/mid/install/local_setup.sh'
[19.856s] INFO:colcon.colcon_core.shell:Creating prefix util module '/home/suho/mid/install/_local_setup_util_sh.py'
[19.859s] INFO:colcon.colcon_core.shell:Creating prefix chain script '/home/suho/mid/install/setup.sh'
[20.100s] INFO:colcon.colcon_core.shell:Creating prefix script '/home/suho/mid/install/local_setup.bash'
[20.110s] INFO:colcon.colcon_core.shell:Creating prefix chain script '/home/suho/mid/install/setup.bash'
[20.318s] INFO:colcon.colcon_core.shell:Creating prefix script '/home/suho/mid/install/local_setup.zsh'
[20.320s] INFO:colcon.colcon_core.shell:Creating prefix chain script '/home/suho/mid/install/setup.zsh'
