[12.948s] DEBUG:colcon:Command line arguments: ['/usr/bin/colcon', 'build']
[12.949s] DEBUG:colcon:Parsed command line arguments: Namespace(allow_overriding=[], ament_cmake_args=None, base_paths=['.'], build_base='build', catkin_cmake_args=None, catkin_skip_building_tests=False, cmake_args=None, cmake_clean_cache=False, cmake_clean_first=False, cmake_force_configure=False, cmake_target=None, cmake_target_skip_unavailable=False, continue_on_error=False, event_handlers=None, executor='parallel', ignore_user_meta=False, install_base='install', log_base=None, log_level=None, main=<bound method BuildVerb.main of <colcon_core.verb.build.BuildVerb object at 0x7f8ca1b020a0>>, merge_install=False, metas=['./colcon.meta'], packages_above=None, packages_above_and_dependencies=None, packages_above_depth=None, packages_end=None, packages_ignore=None, packages_ignore_regex=None, packages_select=None, packages_select_build_failed=False, packages_select_by_dep=None, packages_select_regex=None, packages_select_test_failures=False, packages_skip=None, packages_skip_build_finished=False, packages_skip_by_dep=None, packages_skip_regex=None, packages_skip_test_passed=False, packages_skip_up_to=None, packages_start=None, packages_up_to=None, packages_up_to_regex=None, parallel_workers=6, paths=None, symlink_install=False, test_result_base=None, verb_extension=<colcon_core.verb.build.BuildVerb object at 0x7f8ca1b020a0>, verb_name='build', verb_parser=<colcon_defaults.argument_parser.defaults.DefaultArgumentsDecorator object at 0x7f8ca17dc340>)
[13.466s] Level 1:colcon.colcon_core.package_discovery:discover_packages(colcon_meta) check parameters
[13.467s] Level 1:colcon.colcon_core.package_discovery:discover_packages(recursive) check parameters
[13.468s] Level 1:colcon.colcon_core.package_discovery:discover_packages(ignore) check parameters
[13.468s] Level 1:colcon.colcon_core.package_discovery:discover_packages(path) check parameters
[13.468s] Level 1:colcon.colcon_core.package_discovery:discover_packages(colcon_meta) discover
[13.468s] Level 1:colcon.colcon_core.package_discovery:discover_packages(recursive) discover
[13.468s] INFO:colcon.colcon_core.package_discovery:Crawling recursively for packages in '/home/suho/mid'
[13.469s] Level 1:colcon.colcon_core.package_identification:_identify(.) by extensions ['ignore', 'ignore_ament_install']
[13.469s] Level 1:colcon.colcon_core.package_identification:_identify(.) by extension 'ignore'
[13.469s] Level 1:colcon.colcon_core.package_identification:_identify(.) by extension 'ignore_ament_install'
[13.470s] Level 1:colcon.colcon_core.package_identification:_identify(.) by extensions ['colcon_pkg']
[13.470s] Level 1:colcon.colcon_core.package_identification:_identify(.) by extension 'colcon_pkg'
[13.470s] Level 1:colcon.colcon_core.package_identification:_identify(.) by extensions ['colcon_meta']
[13.470s] Level 1:colcon.colcon_core.package_identification:_identify(.) by extension 'colcon_meta'
[13.470s] Level 1:colcon.colcon_core.package_identification:_identify(.) by extensions ['ros']
[13.470s] Level 1:colcon.colcon_core.package_identification:_identify(.) by extension 'ros'
[13.502s] Level 1:colcon.colcon_core.package_identification:_identify(.) by extensions ['cmake', 'python']
[13.503s] Level 1:colcon.colcon_core.package_identification:_identify(.) by extension 'cmake'
[13.503s] Level 1:colcon.colcon_core.package_identification:_identify(.) by extension 'python'
[13.504s] Level 1:colcon.colcon_core.package_identification:_identify(.) by extensions ['python_setup_py']
[13.504s] Level 1:colcon.colcon_core.package_identification:_identify(.) by extension 'python_setup_py'
[13.504s] Level 1:colcon.colcon_core.package_identification:_identify(build) by extensions ['ignore', 'ignore_ament_install']
[13.505s] Level 1:colcon.colcon_core.package_identification:_identify(build) by extension 'ignore'
[13.506s] Level 1:colcon.colcon_core.package_identification:_identify(build) ignored
[13.506s] Level 1:colcon.colcon_core.package_identification:_identify(install) by extensions ['ignore', 'ignore_ament_install']
[13.506s] Level 1:colcon.colcon_core.package_identification:_identify(install) by extension 'ignore'
[13.507s] Level 1:colcon.colcon_core.package_identification:_identify(install) ignored
[13.507s] Level 1:colcon.colcon_core.package_identification:_identify(log) by extensions ['ignore', 'ignore_ament_install']
[13.508s] Level 1:colcon.colcon_core.package_identification:_identify(log) by extension 'ignore'
[13.511s] Level 1:colcon.colcon_core.package_identification:_identify(log) ignored
[13.512s] Level 1:colcon.colcon_core.package_identification:_identify(src) by extensions ['ignore', 'ignore_ament_install']
[13.512s] Level 1:colcon.colcon_core.package_identification:_identify(src) by extension 'ignore'
[13.513s] Level 1:colcon.colcon_core.package_identification:_identify(src) by extension 'ignore_ament_install'
[13.513s] Level 1:colcon.colcon_core.package_identification:_identify(src) by extensions ['colcon_pkg']
[13.514s] Level 1:colcon.colcon_core.package_identification:_identify(src) by extension 'colcon_pkg'
[13.514s] Level 1:colcon.colcon_core.package_identification:_identify(src) by extensions ['colcon_meta']
[13.515s] Level 1:colcon.colcon_core.package_identification:_identify(src) by extension 'colcon_meta'
[13.515s] Level 1:colcon.colcon_core.package_identification:_identify(src) by extensions ['ros']
[13.515s] Level 1:colcon.colcon_core.package_identification:_identify(src) by extension 'ros'
[13.517s] Level 1:colcon.colcon_core.package_identification:_identify(src) by extensions ['cmake', 'python']
[13.517s] Level 1:colcon.colcon_core.package_identification:_identify(src) by extension 'cmake'
[13.517s] Level 1:colcon.colcon_core.package_identification:_identify(src) by extension 'python'
[13.517s] Level 1:colcon.colcon_core.package_identification:_identify(src) by extensions ['python_setup_py']
[13.517s] Level 1:colcon.colcon_core.package_identification:_identify(src) by extension 'python_setup_py'
[13.518s] Level 1:colcon.colcon_core.package_identification:_identify(src/my_package) by extensions ['ignore', 'ignore_ament_install']
[13.518s] Level 1:colcon.colcon_core.package_identification:_identify(src/my_package) by extension 'ignore'
[13.519s] Level 1:colcon.colcon_core.package_identification:_identify(src/my_package) by extension 'ignore_ament_install'
[13.519s] Level 1:colcon.colcon_core.package_identification:_identify(src/my_package) by extensions ['colcon_pkg']
[13.519s] Level 1:colcon.colcon_core.package_identification:_identify(src/my_package) by extension 'colcon_pkg'
[13.519s] Level 1:colcon.colcon_core.package_identification:_identify(src/my_package) by extensions ['colcon_meta']
[13.519s] Level 1:colcon.colcon_core.package_identification:_identify(src/my_package) by extension 'colcon_meta'
[13.519s] Level 1:colcon.colcon_core.package_identification:_identify(src/my_package) by extensions ['ros']
[13.519s] Level 1:colcon.colcon_core.package_identification:_identify(src/my_package) by extension 'ros'
[13.558s] DEBUG:colcon.colcon_core.package_identification:Package 'src/my_package' with type 'ros.ament_python' and name 'my_package'
[13.558s] Level 1:colcon.colcon_core.package_discovery:discover_packages(recursive) using defaults
[13.559s] Level 1:colcon.colcon_core.package_discovery:discover_packages(ignore) discover
[13.559s] Level 1:colcon.colcon_core.package_discovery:discover_packages(ignore) using defaults
[13.559s] Level 1:colcon.colcon_core.package_discovery:discover_packages(path) discover
[13.559s] Level 1:colcon.colcon_core.package_discovery:discover_packages(path) using defaults
[14.983s] Level 1:colcon.colcon_core.package_discovery:discover_packages(prefix_path) check parameters
[14.984s] Level 1:colcon.colcon_core.package_discovery:discover_packages(prefix_path) discover
[15.203s] Level 1:colcon.colcon_core.package_discovery:discover_packages(prefix_path) using defaults
[15.614s] Level 5:colcon.colcon_core.verb:set package 'my_package' build argument 'cmake_args' from command line to 'None'
[15.615s] Level 5:colcon.colcon_core.verb:set package 'my_package' build argument 'cmake_target' from command line to 'None'
[15.616s] Level 5:colcon.colcon_core.verb:set package 'my_package' build argument 'cmake_target_skip_unavailable' from command line to 'False'
[15.616s] Level 5:colcon.colcon_core.verb:set package 'my_package' build argument 'cmake_clean_cache' from command line to 'False'
[15.616s] Level 5:colcon.colcon_core.verb:set package 'my_package' build argument 'cmake_clean_first' from command line to 'False'
[15.616s] Level 5:colcon.colcon_core.verb:set package 'my_package' build argument 'cmake_force_configure' from command line to 'False'
[15.616s] Level 5:colcon.colcon_core.verb:set package 'my_package' build argument 'ament_cmake_args' from command line to 'None'
[15.616s] Level 5:colcon.colcon_core.verb:set package 'my_package' build argument 'catkin_cmake_args' from command line to 'None'
[15.617s] Level 5:colcon.colcon_core.verb:set package 'my_package' build argument 'catkin_skip_building_tests' from command line to 'False'
[15.617s] DEBUG:colcon.colcon_core.verb:Building package 'my_package' with the following arguments: {'ament_cmake_args': None, 'build_base': '/home/suho/mid/build/my_package', 'catkin_cmake_args': None, 'catkin_skip_building_tests': False, 'cmake_args': None, 'cmake_clean_cache': False, 'cmake_clean_first': False, 'cmake_force_configure': False, 'cmake_target': None, 'cmake_target_skip_unavailable': False, 'install_base': '/home/suho/mid/install/my_package', 'merge_install': False, 'path': '/home/suho/mid/src/my_package', 'symlink_install': False, 'test_result_base': None}
[15.821s] INFO:colcon.colcon_core.executor:Executing jobs using 'parallel' executor
[16.058s] DEBUG:colcon.colcon_parallel_executor.executor.parallel:run_until_complete
[16.062s] INFO:colcon.colcon_ros.task.ament_python.build:Building ROS package in '/home/suho/mid/src/my_package' with build type 'ament_python'
[16.064s] Level 1:colcon.colcon_core.shell:create_environment_hook('my_package', 'ament_prefix_path')
[16.343s] INFO:colcon.colcon_core.plugin_system:Skipping extension 'colcon_core.shell.bat': Not used on non-Windows systems
[16.344s] INFO:colcon.colcon_core.shell:Creating environment hook '/home/suho/mid/install/my_package/share/my_package/hook/ament_prefix_path.ps1'
[16.354s] INFO:colcon.colcon_core.shell:Creating environment descriptor '/home/suho/mid/install/my_package/share/my_package/hook/ament_prefix_path.dsv'
[16.369s] INFO:colcon.colcon_core.shell:Creating environment hook '/home/suho/mid/install/my_package/share/my_package/hook/ament_prefix_path.sh'
[16.639s] INFO:colcon.colcon_core.shell:Skip shell extension 'powershell' for command environment: Not usable outside of PowerShell
[16.639s] DEBUG:colcon.colcon_core.shell:Skip shell extension 'dsv' for command environment
[18.304s] INFO:colcon.colcon_core.task.python.build:Building Python package in '/home/suho/mid/src/my_package'
[18.572s] INFO:colcon.colcon_core.shell:Skip shell extension 'powershell' for command environment: Not usable outside of PowerShell
[18.621s] DEBUG:colcon.colcon_core.shell:Skip shell extension 'dsv' for command environment
[20.389s] DEBUG:colcon.colcon_core.event_handler.log_command:Invoking command in '/home/suho/mid/src/my_package': PYTHONPATH=/home/suho/mid/build/my_package/prefix_override:/home/suho/mid/install/my_package/lib/python3.8/site-packages: /usr/bin/python3 setup.py egg_info --egg-base ../../build/my_package build --build-base /home/suho/mid/build/my_package/build install --record /home/suho/mid/build/my_package/install.log --install-scripts $base/lib/my_package --single-version-externally-managed
[21.818s] DEBUG:colcon.colcon_core.event_handler.log_command:Invoked command in '/home/suho/mid/src/my_package' returned '0': PYTHONPATH=/home/suho/mid/build/my_package/prefix_override:/home/suho/mid/install/my_package/lib/python3.8/site-packages: /usr/bin/python3 setup.py egg_info --egg-base ../../build/my_package build --build-base /home/suho/mid/build/my_package/build install --record /home/suho/mid/build/my_package/install.log --install-scripts $base/lib/my_package --single-version-externally-managed
[22.248s] Level 1:colcon.colcon_core.environment:checking '/home/suho/mid/install/my_package' for CMake module files
[22.260s] Level 1:colcon.colcon_core.environment:checking '/home/suho/mid/install/my_package' for CMake config files
[22.262s] Level 1:colcon.colcon_core.environment:checking '/home/suho/mid/install/my_package/lib'
[22.267s] Level 1:colcon.colcon_core.environment:checking '/home/suho/mid/install/my_package/bin'
[22.278s] Level 1:colcon.colcon_core.environment:checking '/home/suho/mid/install/my_package/lib/pkgconfig/my_package.pc'
[22.278s] Level 1:colcon.colcon_core.environment:checking '/home/suho/mid/install/my_package/lib/python3.8/site-packages'
[22.278s] Level 1:colcon.colcon_core.shell:create_environment_hook('my_package', 'pythonpath')
[22.726s] INFO:colcon.colcon_core.shell:Creating environment hook '/home/suho/mid/install/my_package/share/my_package/hook/pythonpath.ps1'
[22.737s] INFO:colcon.colcon_core.shell:Creating environment descriptor '/home/suho/mid/install/my_package/share/my_package/hook/pythonpath.dsv'
[22.741s] INFO:colcon.colcon_core.shell:Creating environment hook '/home/suho/mid/install/my_package/share/my_package/hook/pythonpath.sh'
[22.755s] Level 1:colcon.colcon_core.environment:checking '/home/suho/mid/install/my_package/bin'
[22.762s] Level 1:colcon.colcon_core.environment:create_environment_scripts_only(my_package)
[23.024s] INFO:colcon.colcon_core.shell:Creating package script '/home/suho/mid/install/my_package/share/my_package/package.ps1'
[23.030s] INFO:colcon.colcon_core.shell:Creating package descriptor '/home/suho/mid/install/my_package/share/my_package/package.dsv'
[23.038s] INFO:colcon.colcon_core.shell:Creating package script '/home/suho/mid/install/my_package/share/my_package/package.sh'
[23.054s] INFO:colcon.colcon_core.shell:Creating package script '/home/suho/mid/install/my_package/share/my_package/package.bash'
[23.103s] INFO:colcon.colcon_core.shell:Creating package script '/home/suho/mid/install/my_package/share/my_package/package.zsh'
[23.118s] Level 1:colcon.colcon_core.environment:create_file_with_runtime_dependencies(/home/suho/mid/install/my_package/share/colcon-core/packages/my_package)
[23.120s] DEBUG:colcon.colcon_parallel_executor.executor.parallel:closing loop
[23.121s] DEBUG:colcon.colcon_parallel_executor.executor.parallel:loop closed
[23.121s] DEBUG:colcon.colcon_parallel_executor.executor.parallel:run_until_complete finished with '0'
[23.121s] DEBUG:colcon.colcon_core.event_reactor:joining thread
[23.522s] INFO:colcon.colcon_core.plugin_system:Skipping extension 'colcon_notification.desktop_notification.terminal_notifier': Not used on non-Darwin systems
[23.530s] INFO:colcon.colcon_core.plugin_system:Skipping extension 'colcon_notification.desktop_notification.win32': Not used on non-Windows systems
[23.531s] INFO:colcon.colcon_notification.desktop_notification:Sending desktop notification using 'notify2'
[23.616s] DEBUG:colcon.colcon_core.event_reactor:joined thread
[23.946s] INFO:colcon.colcon_core.shell:Creating prefix script '/home/suho/mid/install/local_setup.ps1'
[23.949s] INFO:colcon.colcon_core.shell:Creating prefix util module '/home/suho/mid/install/_local_setup_util_ps1.py'
[23.954s] INFO:colcon.colcon_core.shell:Creating prefix chain script '/home/suho/mid/install/setup.ps1'
[24.214s] INFO:colcon.colcon_core.shell:Creating prefix script '/home/suho/mid/install/local_setup.sh'
[24.222s] INFO:colcon.colcon_core.shell:Creating prefix util module '/home/suho/mid/install/_local_setup_util_sh.py'
[24.229s] INFO:colcon.colcon_core.shell:Creating prefix chain script '/home/suho/mid/install/setup.sh'
[24.473s] INFO:colcon.colcon_core.shell:Creating prefix script '/home/suho/mid/install/local_setup.bash'
[24.491s] INFO:colcon.colcon_core.shell:Creating prefix chain script '/home/suho/mid/install/setup.bash'
[24.710s] INFO:colcon.colcon_core.shell:Creating prefix script '/home/suho/mid/install/local_setup.zsh'
[24.713s] INFO:colcon.colcon_core.shell:Creating prefix chain script '/home/suho/mid/install/setup.zsh'
