[4.572s] Invoking command in '/home/suho/mid/src/my_package': PYTHONPATH=/home/suho/mid/build/my_package/prefix_override:/home/suho/mid/install/my_package/lib/python3.8/site-packages: /usr/bin/python3 setup.py egg_info --egg-base ../../build/my_package build --build-base /home/suho/mid/build/my_package/build install --record /home/suho/mid/build/my_package/install.log --install-scripts $base/lib/my_package --single-version-externally-managed
[5.188s] running egg_info
[5.230s] writing ../../build/my_package/my_package.egg-info/PKG-INFO
[5.232s] writing dependency_links to ../../build/my_package/my_package.egg-info/dependency_links.txt
[5.232s] writing entry points to ../../build/my_package/my_package.egg-info/entry_points.txt
[5.233s] writing requirements to ../../build/my_package/my_package.egg-info/requires.txt
[5.234s] writing top-level names to ../../build/my_package/my_package.egg-info/top_level.txt
[5.332s] reading manifest file '../../build/my_package/my_package.egg-info/SOURCES.txt'
[5.334s] writing manifest file '../../build/my_package/my_package.egg-info/SOURCES.txt'
[5.334s] running build
[5.335s] running build_py
[5.335s] copying my_package/my_node.py -> /home/suho/mid/build/my_package/build/lib/my_package
[5.335s] running install
[5.358s] running install_lib
[5.418s] copying /home/suho/mid/build/my_package/build/lib/my_package/my_node.py -> /home/suho/mid/install/my_package/lib/python3.8/site-packages/my_package
[5.440s] byte-compiling /home/suho/mid/install/my_package/lib/python3.8/site-packages/my_package/my_node.py to my_node.cpython-38.pyc
[5.466s] running install_data
[5.486s] running install_egg_info
[5.490s] removing '/home/suho/mid/install/my_package/lib/python3.8/site-packages/my_package-0.0.0-py3.8.egg-info' (and everything under it)
[5.490s] Copying ../../build/my_package/my_package.egg-info to /home/suho/mid/install/my_package/lib/python3.8/site-packages/my_package-0.0.0-py3.8.egg-info
[5.497s] running install_scripts
[5.537s] Installing my_node script to /home/suho/mid/install/my_package/lib/my_package
[5.598s] writing list of installed files to '/home/suho/mid/build/my_package/install.log'
[5.649s] Invoked command in '/home/suho/mid/src/my_package' returned '0': PYTHONPATH=/home/suho/mid/build/my_package/prefix_override:/home/suho/mid/install/my_package/lib/python3.8/site-packages: /usr/bin/python3 setup.py egg_info --egg-base ../../build/my_package build --build-base /home/suho/mid/build/my_package/build install --record /home/suho/mid/build/my_package/install.log --install-scripts $base/lib/my_package --single-version-externally-managed
