[4.642s] Invoking command in '/home/suho/mid/src/my_package': PYTHONPATH=/home/suho/mid/build/my_package/prefix_override:/home/suho/mid/install/my_package/lib/python3.8/site-packages: /usr/bin/python3 setup.py egg_info --egg-base ../../build/my_package build --build-base /home/suho/mid/build/my_package/build install --record /home/suho/mid/build/my_package/install.log --install-scripts $base/lib/my_package --single-version-externally-managed
[5.672s] running egg_info
[5.672s] writing ../../build/my_package/my_package.egg-info/PKG-INFO
[5.672s] writing dependency_links to ../../build/my_package/my_package.egg-info/dependency_links.txt
[5.715s] writing entry points to ../../build/my_package/my_package.egg-info/entry_points.txt
[5.715s] writing requirements to ../../build/my_package/my_package.egg-info/requires.txt
[5.716s] writing top-level names to ../../build/my_package/my_package.egg-info/top_level.txt
[5.849s] reading manifest file '../../build/my_package/my_package.egg-info/SOURCES.txt'
[5.875s] writing manifest file '../../build/my_package/my_package.egg-info/SOURCES.txt'
[5.919s] running build
[5.940s] running build_py
[5.940s] copying my_package/my_node.py -> /home/suho/mid/build/my_package/build/lib/my_package
[5.940s] running install
[5.941s] running install_lib
[5.941s] copying /home/suho/mid/build/my_package/build/lib/my_package/my_node.py -> /home/suho/mid/install/my_package/lib/python3.8/site-packages/my_package
[5.941s] byte-compiling /home/suho/mid/install/my_package/lib/python3.8/site-packages/my_package/my_node.py to my_node.cpython-38.pyc
[5.969s] running install_data
[5.983s] running install_egg_info
[6.030s] removing '/home/suho/mid/install/my_package/lib/python3.8/site-packages/my_package-0.0.0-py3.8.egg-info' (and everything under it)
[6.031s] Copying ../../build/my_package/my_package.egg-info to /home/suho/mid/install/my_package/lib/python3.8/site-packages/my_package-0.0.0-py3.8.egg-info
[6.031s] running install_scripts
[6.173s] Installing my_node script to /home/suho/mid/install/my_package/lib/my_package
[6.173s] writing list of installed files to '/home/suho/mid/build/my_package/install.log'
[6.417s] Invoked command in '/home/suho/mid/src/my_package' returned '0': PYTHONPATH=/home/suho/mid/build/my_package/prefix_override:/home/suho/mid/install/my_package/lib/python3.8/site-packages: /usr/bin/python3 setup.py egg_info --egg-base ../../build/my_package build --build-base /home/suho/mid/build/my_package/build install --record /home/suho/mid/build/my_package/install.log --install-scripts $base/lib/my_package --single-version-externally-managed
