[8.829s] Invoking command in '/home/suho/mid/src/my_package': PYTHONPATH=/home/suho/mid/build/my_package/prefix_override:/home/suho/mid/install/my_package/lib/python3.8/site-packages:${PYTHONPATH} /usr/bin/python3 setup.py egg_info --egg-base ../../build/my_package build --build-base /home/suho/mid/build/my_package/build install --record /home/suho/mid/build/my_package/install.log --install-scripts $base/lib/my_package --single-version-externally-managed
[9.875s] running egg_info
[9.877s] writing ../../build/my_package/my_package.egg-info/PKG-INFO
[9.877s] writing dependency_links to ../../build/my_package/my_package.egg-info/dependency_links.txt
[9.878s] writing entry points to ../../build/my_package/my_package.egg-info/entry_points.txt
[9.878s] writing requirements to ../../build/my_package/my_package.egg-info/requires.txt
[9.878s] writing top-level names to ../../build/my_package/my_package.egg-info/top_level.txt
[10.051s] reading manifest file '../../build/my_package/my_package.egg-info/SOURCES.txt'
[10.061s] writing manifest file '../../build/my_package/my_package.egg-info/SOURCES.txt'
[10.103s] running build
[10.109s] running build_py
[10.109s] copying my_package/my_node.py -> /home/suho/mid/build/my_package/build/lib/my_package
[10.110s] running install
[10.110s] running install_lib
[10.110s] copying /home/suho/mid/build/my_package/build/lib/my_package/my_node.py -> /home/suho/mid/install/my_package/lib/python3.8/site-packages/my_package
[10.110s] byte-compiling /home/suho/mid/install/my_package/lib/python3.8/site-packages/my_package/my_node.py to my_node.cpython-38.pyc
[10.125s] running install_data
[10.126s] running install_egg_info
[10.126s] removing '/home/suho/mid/install/my_package/lib/python3.8/site-packages/my_package-0.0.0-py3.8.egg-info' (and everything under it)
[10.126s] Copying ../../build/my_package/my_package.egg-info to /home/suho/mid/install/my_package/lib/python3.8/site-packages/my_package-0.0.0-py3.8.egg-info
[10.146s] running install_scripts
[10.198s] Installing my_node script to /home/suho/mid/install/my_package/lib/my_package
[10.204s] writing list of installed files to '/home/suho/mid/build/my_package/install.log'
[10.572s] Invoked command in '/home/suho/mid/src/my_package' returned '0': PYTHONPATH=/home/suho/mid/build/my_package/prefix_override:/home/suho/mid/install/my_package/lib/python3.8/site-packages:${PYTHONPATH} /usr/bin/python3 setup.py egg_info --egg-base ../../build/my_package build --build-base /home/suho/mid/build/my_package/build install --record /home/suho/mid/build/my_package/install.log --install-scripts $base/lib/my_package --single-version-externally-managed
