[8.126s] DEBUG:colcon:Command line arguments: ['/usr/bin/colcon', 'build']
[8.126s] DEBUG:colcon:Parsed command line arguments: Namespace(allow_overriding=[], ament_cmake_args=None, base_paths=['.'], build_base='build', catkin_cmake_args=None, catkin_skip_building_tests=False, cmake_args=None, cmake_clean_cache=False, cmake_clean_first=False, cmake_force_configure=False, cmake_target=None, cmake_target_skip_unavailable=False, continue_on_error=False, event_handlers=None, executor='parallel', ignore_user_meta=False, install_base='install', log_base=None, log_level=None, main=<bound method BuildVerb.main of <colcon_core.verb.build.BuildVerb object at 0x7f5ee63850a0>>, merge_install=False, metas=['./colcon.meta'], packages_above=None, packages_above_and_dependencies=None, packages_above_depth=None, packages_end=None, packages_ignore=None, packages_ignore_regex=None, packages_select=None, packages_select_build_failed=False, packages_select_by_dep=None, packages_select_regex=None, packages_select_test_failures=False, packages_skip=None, packages_skip_build_finished=False, packages_skip_by_dep=None, packages_skip_regex=None, packages_skip_test_passed=False, packages_skip_up_to=None, packages_start=None, packages_up_to=None, packages_up_to_regex=None, parallel_workers=6, paths=None, symlink_install=False, test_result_base=None, verb_extension=<colcon_core.verb.build.BuildVerb object at 0x7f5ee63850a0>, verb_name='build', verb_parser=<colcon_defaults.argument_parser.defaults.DefaultArgumentsDecorator object at 0x7f5ee6060d30>)
[8.469s] Level 1:colcon.colcon_core.package_discovery:discover_packages(colcon_meta) check parameters
[8.470s] Level 1:colcon.colcon_core.package_discovery:discover_packages(recursive) check parameters
[8.470s] Level 1:colcon.colcon_core.package_discovery:discover_packages(ignore) check parameters
[8.470s] Level 1:colcon.colcon_core.package_discovery:discover_packages(path) check parameters
[8.470s] Level 1:colcon.colcon_core.package_discovery:discover_packages(colcon_meta) discover
[8.470s] Level 1:colcon.colcon_core.package_discovery:discover_packages(recursive) discover
[8.470s] INFO:colcon.colcon_core.package_discovery:Crawling recursively for packages in '/home/suho/mid'
[8.470s] Level 1:colcon.colcon_core.package_identification:_identify(.) by extensions ['ignore', 'ignore_ament_install']
[8.471s] Level 1:colcon.colcon_core.package_identification:_identify(.) by extension 'ignore'
[8.471s] Level 1:colcon.colcon_core.package_identification:_identify(.) by extension 'ignore_ament_install'
[8.471s] Level 1:colcon.colcon_core.package_identification:_identify(.) by extensions ['colcon_pkg']
[8.471s] Level 1:colcon.colcon_core.package_identification:_identify(.) by extension 'colcon_pkg'
[8.471s] Level 1:colcon.colcon_core.package_identification:_identify(.) by extensions ['colcon_meta']
[8.471s] Level 1:colcon.colcon_core.package_identification:_identify(.) by extension 'colcon_meta'
[8.471s] Level 1:colcon.colcon_core.package_identification:_identify(.) by extensions ['ros']
[8.471s] Level 1:colcon.colcon_core.package_identification:_identify(.) by extension 'ros'
[8.492s] Level 1:colcon.colcon_core.package_identification:_identify(.) by extensions ['cmake', 'python']
[8.493s] Level 1:colcon.colcon_core.package_identification:_identify(.) by extension 'cmake'
[8.493s] Level 1:colcon.colcon_core.package_identification:_identify(.) by extension 'python'
[8.493s] Level 1:colcon.colcon_core.package_identification:_identify(.) by extensions ['python_setup_py']
[8.493s] Level 1:colcon.colcon_core.package_identification:_identify(.) by extension 'python_setup_py'
[8.493s] Level 1:colcon.colcon_core.package_identification:_identify(build) by extensions ['ignore', 'ignore_ament_install']
[8.493s] Level 1:colcon.colcon_core.package_identification:_identify(build) by extension 'ignore'
[8.493s] Level 1:colcon.colcon_core.package_identification:_identify(build) ignored
[8.494s] Level 1:colcon.colcon_core.package_identification:_identify(install) by extensions ['ignore', 'ignore_ament_install']
[8.494s] Level 1:colcon.colcon_core.package_identification:_identify(install) by extension 'ignore'
[8.494s] Level 1:colcon.colcon_core.package_identification:_identify(install) ignored
[8.494s] Level 1:colcon.colcon_core.package_identification:_identify(log) by extensions ['ignore', 'ignore_ament_install']
[8.496s] Level 1:colcon.colcon_core.package_identification:_identify(log) by extension 'ignore'
[8.497s] Level 1:colcon.colcon_core.package_identification:_identify(log) ignored
[8.497s] Level 1:colcon.colcon_core.package_identification:_identify(src) by extensions ['ignore', 'ignore_ament_install']
[8.501s] Level 1:colcon.colcon_core.package_identification:_identify(src) by extension 'ignore'
[8.507s] Level 1:colcon.colcon_core.package_identification:_identify(src) by extension 'ignore_ament_install'
[8.507s] Level 1:colcon.colcon_core.package_identification:_identify(src) by extensions ['colcon_pkg']
[8.507s] Level 1:colcon.colcon_core.package_identification:_identify(src) by extension 'colcon_pkg'
[8.507s] Level 1:colcon.colcon_core.package_identification:_identify(src) by extensions ['colcon_meta']
[8.507s] Level 1:colcon.colcon_core.package_identification:_identify(src) by extension 'colcon_meta'
[8.507s] Level 1:colcon.colcon_core.package_identification:_identify(src) by extensions ['ros']
[8.507s] Level 1:colcon.colcon_core.package_identification:_identify(src) by extension 'ros'
[8.508s] Level 1:colcon.colcon_core.package_identification:_identify(src) by extensions ['cmake', 'python']
[8.508s] Level 1:colcon.colcon_core.package_identification:_identify(src) by extension 'cmake'
[8.508s] Level 1:colcon.colcon_core.package_identification:_identify(src) by extension 'python'
[8.508s] Level 1:colcon.colcon_core.package_identification:_identify(src) by extensions ['python_setup_py']
[8.508s] Level 1:colcon.colcon_core.package_identification:_identify(src) by extension 'python_setup_py'
[8.508s] Level 1:colcon.colcon_core.package_identification:_identify(src/my_package) by extensions ['ignore', 'ignore_ament_install']
[8.508s] Level 1:colcon.colcon_core.package_identification:_identify(src/my_package) by extension 'ignore'
[8.508s] Level 1:colcon.colcon_core.package_identification:_identify(src/my_package) by extension 'ignore_ament_install'
[8.508s] Level 1:colcon.colcon_core.package_identification:_identify(src/my_package) by extensions ['colcon_pkg']
[8.508s] Level 1:colcon.colcon_core.package_identification:_identify(src/my_package) by extension 'colcon_pkg'
[8.508s] Level 1:colcon.colcon_core.package_identification:_identify(src/my_package) by extensions ['colcon_meta']
[8.509s] Level 1:colcon.colcon_core.package_identification:_identify(src/my_package) by extension 'colcon_meta'
[8.509s] Level 1:colcon.colcon_core.package_identification:_identify(src/my_package) by extensions ['ros']
[8.509s] Level 1:colcon.colcon_core.package_identification:_identify(src/my_package) by extension 'ros'
[8.516s] DEBUG:colcon.colcon_core.package_identification:Package 'src/my_package' with type 'ros.ament_python' and name 'my_package'
[8.516s] Level 1:colcon.colcon_core.package_discovery:discover_packages(recursive) using defaults
[8.516s] Level 1:colcon.colcon_core.package_discovery:discover_packages(ignore) discover
[8.516s] Level 1:colcon.colcon_core.package_discovery:discover_packages(ignore) using defaults
[8.516s] Level 1:colcon.colcon_core.package_discovery:discover_packages(path) discover
[8.516s] Level 1:colcon.colcon_core.package_discovery:discover_packages(path) using defaults
[9.258s] Level 1:colcon.colcon_core.package_discovery:discover_packages(prefix_path) check parameters
[9.258s] Level 1:colcon.colcon_core.package_discovery:discover_packages(prefix_path) discover
[9.398s] Level 1:colcon.colcon_core.package_discovery:discover_packages(prefix_path) using defaults
[9.715s] Level 5:colcon.colcon_core.verb:set package 'my_package' build argument 'cmake_args' from command line to 'None'
[9.716s] Level 5:colcon.colcon_core.verb:set package 'my_package' build argument 'cmake_target' from command line to 'None'
[9.716s] Level 5:colcon.colcon_core.verb:set package 'my_package' build argument 'cmake_target_skip_unavailable' from command line to 'False'
[9.716s] Level 5:colcon.colcon_core.verb:set package 'my_package' build argument 'cmake_clean_cache' from command line to 'False'
[9.716s] Level 5:colcon.colcon_core.verb:set package 'my_package' build argument 'cmake_clean_first' from command line to 'False'
[9.716s] Level 5:colcon.colcon_core.verb:set package 'my_package' build argument 'cmake_force_configure' from command line to 'False'
[9.716s] Level 5:colcon.colcon_core.verb:set package 'my_package' build argument 'ament_cmake_args' from command line to 'None'
[9.716s] Level 5:colcon.colcon_core.verb:set package 'my_package' build argument 'catkin_cmake_args' from command line to 'None'
[9.716s] Level 5:colcon.colcon_core.verb:set package 'my_package' build argument 'catkin_skip_building_tests' from command line to 'False'
[9.716s] DEBUG:colcon.colcon_core.verb:Building package 'my_package' with the following arguments: {'ament_cmake_args': None, 'build_base': '/home/suho/mid/build/my_package', 'catkin_cmake_args': None, 'catkin_skip_building_tests': False, 'cmake_args': None, 'cmake_clean_cache': False, 'cmake_clean_first': False, 'cmake_force_configure': False, 'cmake_target': None, 'cmake_target_skip_unavailable': False, 'install_base': '/home/suho/mid/install/my_package', 'merge_install': False, 'path': '/home/suho/mid/src/my_package', 'symlink_install': False, 'test_result_base': None}
[9.865s] INFO:colcon.colcon_core.executor:Executing jobs using 'parallel' executor
[10.032s] DEBUG:colcon.colcon_parallel_executor.executor.parallel:run_until_complete
[10.039s] INFO:colcon.colcon_ros.task.ament_python.build:Building ROS package in '/home/suho/mid/src/my_package' with build type 'ament_python'
[10.051s] Level 1:colcon.colcon_core.shell:create_environment_hook('my_package', 'ament_prefix_path')
[10.336s] INFO:colcon.colcon_core.plugin_system:Skipping extension 'colcon_core.shell.bat': Not used on non-Windows systems
[10.337s] INFO:colcon.colcon_core.shell:Creating environment hook '/home/suho/mid/install/my_package/share/my_package/hook/ament_prefix_path.ps1'
[10.342s] INFO:colcon.colcon_core.shell:Creating environment descriptor '/home/suho/mid/install/my_package/share/my_package/hook/ament_prefix_path.dsv'
[10.344s] INFO:colcon.colcon_core.shell:Creating environment hook '/home/suho/mid/install/my_package/share/my_package/hook/ament_prefix_path.sh'
[10.554s] INFO:colcon.colcon_core.shell:Skip shell extension 'powershell' for command environment: Not usable outside of PowerShell
[10.554s] DEBUG:colcon.colcon_core.shell:Skip shell extension 'dsv' for command environment
[11.454s] INFO:colcon.colcon_core.task.python.build:Building Python package in '/home/suho/mid/src/my_package'
[11.605s] INFO:colcon.colcon_core.shell:Skip shell extension 'powershell' for command environment: Not usable outside of PowerShell
[11.606s] DEBUG:colcon.colcon_core.shell:Skip shell extension 'dsv' for command environment
[12.947s] DEBUG:colcon.colcon_core.event_handler.log_command:Invoking command in '/home/suho/mid/src/my_package': PYTHONPATH=/home/suho/mid/build/my_package/prefix_override:/home/suho/mid/install/my_package/lib/python3.8/site-packages: /usr/bin/python3 setup.py egg_info --egg-base ../../build/my_package build --build-base /home/suho/mid/build/my_package/build install --record /home/suho/mid/build/my_package/install.log --install-scripts $base/lib/my_package --single-version-externally-managed
[13.831s] DEBUG:colcon.colcon_core.event_handler.log_command:Invoked command in '/home/suho/mid/src/my_package' returned '0': PYTHONPATH=/home/suho/mid/build/my_package/prefix_override:/home/suho/mid/install/my_package/lib/python3.8/site-packages: /usr/bin/python3 setup.py egg_info --egg-base ../../build/my_package build --build-base /home/suho/mid/build/my_package/build install --record /home/suho/mid/build/my_package/install.log --install-scripts $base/lib/my_package --single-version-externally-managed
[13.998s] Level 1:colcon.colcon_core.environment:checking '/home/suho/mid/install/my_package' for CMake module files
[14.022s] Level 1:colcon.colcon_core.environment:checking '/home/suho/mid/install/my_package' for CMake config files
[14.024s] Level 1:colcon.colcon_core.environment:checking '/home/suho/mid/install/my_package/lib'
[14.025s] Level 1:colcon.colcon_core.environment:checking '/home/suho/mid/install/my_package/bin'
[14.026s] Level 1:colcon.colcon_core.environment:checking '/home/suho/mid/install/my_package/lib/pkgconfig/my_package.pc'
[14.033s] Level 1:colcon.colcon_core.environment:checking '/home/suho/mid/install/my_package/lib/python3.8/site-packages'
[14.043s] Level 1:colcon.colcon_core.shell:create_environment_hook('my_package', 'pythonpath')
[14.356s] INFO:colcon.colcon_core.shell:Creating environment hook '/home/suho/mid/install/my_package/share/my_package/hook/pythonpath.ps1'
[14.401s] INFO:colcon.colcon_core.shell:Creating environment descriptor '/home/suho/mid/install/my_package/share/my_package/hook/pythonpath.dsv'
[14.414s] INFO:colcon.colcon_core.shell:Creating environment hook '/home/suho/mid/install/my_package/share/my_package/hook/pythonpath.sh'
[14.417s] Level 1:colcon.colcon_core.environment:checking '/home/suho/mid/install/my_package/bin'
[14.417s] Level 1:colcon.colcon_core.environment:create_environment_scripts_only(my_package)
[14.631s] INFO:colcon.colcon_core.shell:Creating package script '/home/suho/mid/install/my_package/share/my_package/package.ps1'
[14.639s] INFO:colcon.colcon_core.shell:Creating package descriptor '/home/suho/mid/install/my_package/share/my_package/package.dsv'
[14.645s] INFO:colcon.colcon_core.shell:Creating package script '/home/suho/mid/install/my_package/share/my_package/package.sh'
[14.648s] INFO:colcon.colcon_core.shell:Creating package script '/home/suho/mid/install/my_package/share/my_package/package.bash'
[14.656s] INFO:colcon.colcon_core.shell:Creating package script '/home/suho/mid/install/my_package/share/my_package/package.zsh'
[14.663s] Level 1:colcon.colcon_core.environment:create_file_with_runtime_dependencies(/home/suho/mid/install/my_package/share/colcon-core/packages/my_package)
[14.681s] DEBUG:colcon.colcon_parallel_executor.executor.parallel:closing loop
[14.719s] DEBUG:colcon.colcon_parallel_executor.executor.parallel:loop closed
[14.723s] DEBUG:colcon.colcon_parallel_executor.executor.parallel:run_until_complete finished with '0'
[14.723s] DEBUG:colcon.colcon_core.event_reactor:joining thread
[14.944s] INFO:colcon.colcon_core.plugin_system:Skipping extension 'colcon_notification.desktop_notification.terminal_notifier': Not used on non-Darwin systems
[14.945s] INFO:colcon.colcon_core.plugin_system:Skipping extension 'colcon_notification.desktop_notification.win32': Not used on non-Windows systems
[14.945s] INFO:colcon.colcon_notification.desktop_notification:Sending desktop notification using 'notify2'
[15.030s] DEBUG:colcon.colcon_core.event_reactor:joined thread
[15.216s] INFO:colcon.colcon_core.shell:Creating prefix script '/home/suho/mid/install/local_setup.ps1'
[15.299s] INFO:colcon.colcon_core.shell:Creating prefix util module '/home/suho/mid/install/_local_setup_util_ps1.py'
[15.323s] INFO:colcon.colcon_core.shell:Creating prefix chain script '/home/suho/mid/install/setup.ps1'
[15.497s] INFO:colcon.colcon_core.shell:Creating prefix script '/home/suho/mid/install/local_setup.sh'
[15.499s] INFO:colcon.colcon_core.shell:Creating prefix util module '/home/suho/mid/install/_local_setup_util_sh.py'
[15.506s] INFO:colcon.colcon_core.shell:Creating prefix chain script '/home/suho/mid/install/setup.sh'
[15.676s] INFO:colcon.colcon_core.shell:Creating prefix script '/home/suho/mid/install/local_setup.bash'
[15.678s] INFO:colcon.colcon_core.shell:Creating prefix chain script '/home/suho/mid/install/setup.bash'
[15.823s] INFO:colcon.colcon_core.shell:Creating prefix script '/home/suho/mid/install/local_setup.zsh'
[15.830s] INFO:colcon.colcon_core.shell:Creating prefix chain script '/home/suho/mid/install/setup.zsh'
