[4.602s] Invoking command in '/home/suho/mid/src/my_package': PYTHONPATH=/home/suho/mid/build/my_package/prefix_override:/home/suho/mid/install/my_package/lib/python3.8/site-packages: /usr/bin/python3 setup.py egg_info --egg-base ../../build/my_package build --build-base /home/suho/mid/build/my_package/build install --record /home/suho/mid/build/my_package/install.log --install-scripts $base/lib/my_package --single-version-externally-managed
[5.294s] running egg_info
[5.296s] writing ../../build/my_package/my_package.egg-info/PKG-INFO
[5.365s] writing dependency_links to ../../build/my_package/my_package.egg-info/dependency_links.txt
[5.365s] writing entry points to ../../build/my_package/my_package.egg-info/entry_points.txt
[5.365s] writing requirements to ../../build/my_package/my_package.egg-info/requires.txt
[5.370s] writing top-level names to ../../build/my_package/my_package.egg-info/top_level.txt
[5.623s] reading manifest file '../../build/my_package/my_package.egg-info/SOURCES.txt'
[5.624s] writing manifest file '../../build/my_package/my_package.egg-info/SOURCES.txt'
[5.624s] running build
[5.624s] running build_py
[5.626s] copying my_package/my_node.py -> /home/suho/mid/build/my_package/build/lib/my_package
[5.627s] running install
[5.628s] running install_lib
[5.652s] copying /home/suho/mid/build/my_package/build/lib/my_package/my_node.py -> /home/suho/mid/install/my_package/lib/python3.8/site-packages/my_package
[5.666s] byte-compiling /home/suho/mid/install/my_package/lib/python3.8/site-packages/my_package/my_node.py to my_node.cpython-38.pyc
[5.667s] running install_data
[5.677s] running install_egg_info
[5.682s] removing '/home/suho/mid/install/my_package/lib/python3.8/site-packages/my_package-0.0.0-py3.8.egg-info' (and everything under it)
[5.684s] Copying ../../build/my_package/my_package.egg-info to /home/suho/mid/install/my_package/lib/python3.8/site-packages/my_package-0.0.0-py3.8.egg-info
[5.688s] running install_scripts
[5.750s] Installing my_node script to /home/suho/mid/install/my_package/lib/my_package
[5.782s] writing list of installed files to '/home/suho/mid/build/my_package/install.log'
[5.843s] Invoked command in '/home/suho/mid/src/my_package' returned '0': PYTHONPATH=/home/suho/mid/build/my_package/prefix_override:/home/suho/mid/install/my_package/lib/python3.8/site-packages: /usr/bin/python3 setup.py egg_info --egg-base ../../build/my_package build --build-base /home/suho/mid/build/my_package/build install --record /home/suho/mid/build/my_package/install.log --install-scripts $base/lib/my_package --single-version-externally-managed
