[4.198s] Invoking command in '/home/suho/mid/src/my_package': PYTHONPATH=/home/suho/mid/build/my_package/prefix_override:/home/suho/mid/install/my_package/lib/python3.8/site-packages: /usr/bin/python3 setup.py egg_info --egg-base ../../build/my_package build --build-base /home/suho/mid/build/my_package/build install --record /home/suho/mid/build/my_package/install.log --install-scripts $base/lib/my_package --single-version-externally-managed
[4.817s] running egg_info
[4.823s] writing ../../build/my_package/my_package.egg-info/PKG-INFO
[4.823s] writing dependency_links to ../../build/my_package/my_package.egg-info/dependency_links.txt
[4.880s] writing entry points to ../../build/my_package/my_package.egg-info/entry_points.txt
[4.880s] writing requirements to ../../build/my_package/my_package.egg-info/requires.txt
[4.880s] writing top-level names to ../../build/my_package/my_package.egg-info/top_level.txt
[4.984s] reading manifest file '../../build/my_package/my_package.egg-info/SOURCES.txt'
[5.010s] writing manifest file '../../build/my_package/my_package.egg-info/SOURCES.txt'
[5.025s] running build
[5.028s] running build_py
[5.028s] copying my_package/my_node.py -> /home/suho/mid/build/my_package/build/lib/my_package
[5.029s] running install
[5.065s] running install_lib
[5.066s] copying /home/suho/mid/build/my_package/build/lib/my_package/my_node.py -> /home/suho/mid/install/my_package/lib/python3.8/site-packages/my_package
[5.080s] byte-compiling /home/suho/mid/install/my_package/lib/python3.8/site-packages/my_package/my_node.py to my_node.cpython-38.pyc
[5.089s] running install_data
[5.093s] running install_egg_info
[5.098s] removing '/home/suho/mid/install/my_package/lib/python3.8/site-packages/my_package-0.0.0-py3.8.egg-info' (and everything under it)
[5.099s] Copying ../../build/my_package/my_package.egg-info to /home/suho/mid/install/my_package/lib/python3.8/site-packages/my_package-0.0.0-py3.8.egg-info
[5.102s] running install_scripts
[5.154s] Installing my_node script to /home/suho/mid/install/my_package/lib/my_package
[5.183s] writing list of installed files to '/home/suho/mid/build/my_package/install.log'
[5.348s] Invoked command in '/home/suho/mid/src/my_package' returned '0': PYTHONPATH=/home/suho/mid/build/my_package/prefix_override:/home/suho/mid/install/my_package/lib/python3.8/site-packages: /usr/bin/python3 setup.py egg_info --egg-base ../../build/my_package build --build-base /home/suho/mid/build/my_package/build install --record /home/suho/mid/build/my_package/install.log --install-scripts $base/lib/my_package --single-version-externally-managed
