[4.369s] Invoking command in '/home/suho/mid/src/my_package': PYTHONPATH=/home/suho/mid/build/my_package/prefix_override:/home/suho/mid/install/my_package/lib/python3.8/site-packages: /usr/bin/python3 setup.py egg_info --egg-base ../../build/my_package build --build-base /home/suho/mid/build/my_package/build install --record /home/suho/mid/build/my_package/install.log --install-scripts $base/lib/my_package --single-version-externally-managed
[4.904s] running egg_info
[4.939s] writing ../../build/my_package/my_package.egg-info/PKG-INFO
[4.940s] writing dependency_links to ../../build/my_package/my_package.egg-info/dependency_links.txt
[4.957s] writing entry points to ../../build/my_package/my_package.egg-info/entry_points.txt
[4.966s] writing requirements to ../../build/my_package/my_package.egg-info/requires.txt
[4.967s] writing top-level names to ../../build/my_package/my_package.egg-info/top_level.txt
[5.070s] reading manifest file '../../build/my_package/my_package.egg-info/SOURCES.txt'
[5.136s] writing manifest file '../../build/my_package/my_package.egg-info/SOURCES.txt'
[5.206s] running build
[5.231s] running build_py
[5.231s] copying my_package/my_node.py -> /home/suho/mid/build/my_package/build/lib/my_package
[5.231s] running install
[5.231s] running install_lib
[5.231s] copying /home/suho/mid/build/my_package/build/lib/my_package/my_node.py -> /home/suho/mid/install/my_package/lib/python3.8/site-packages/my_package
[5.232s] byte-compiling /home/suho/mid/install/my_package/lib/python3.8/site-packages/my_package/my_node.py to my_node.cpython-38.pyc
[5.239s] running install_data
[5.240s] running install_egg_info
[5.240s] removing '/home/suho/mid/install/my_package/lib/python3.8/site-packages/my_package-0.0.0-py3.8.egg-info' (and everything under it)
[5.240s] Copying ../../build/my_package/my_package.egg-info to /home/suho/mid/install/my_package/lib/python3.8/site-packages/my_package-0.0.0-py3.8.egg-info
[5.240s] running install_scripts
[5.351s] Installing my_node script to /home/suho/mid/install/my_package/lib/my_package
[5.352s] writing list of installed files to '/home/suho/mid/build/my_package/install.log'
[5.509s] Invoked command in '/home/suho/mid/src/my_package' returned '0': PYTHONPATH=/home/suho/mid/build/my_package/prefix_override:/home/suho/mid/install/my_package/lib/python3.8/site-packages: /usr/bin/python3 setup.py egg_info --egg-base ../../build/my_package build --build-base /home/suho/mid/build/my_package/build install --record /home/suho/mid/build/my_package/install.log --install-scripts $base/lib/my_package --single-version-externally-managed
