[15.281s] DEBUG:colcon:Command line arguments: ['/usr/bin/colcon', 'build']
[15.281s] DEBUG:colcon:Parsed command line arguments: Namespace(allow_overriding=[], ament_cmake_args=None, base_paths=['.'], build_base='build', catkin_cmake_args=None, catkin_skip_building_tests=False, cmake_args=None, cmake_clean_cache=False, cmake_clean_first=False, cmake_force_configure=False, cmake_target=None, cmake_target_skip_unavailable=False, continue_on_error=False, event_handlers=None, executor='parallel', ignore_user_meta=False, install_base='install', log_base=None, log_level=None, main=<bound method BuildVerb.main of <colcon_core.verb.build.BuildVerb object at 0x7f13efd99f40>>, merge_install=False, metas=['./colcon.meta'], packages_above=None, packages_above_and_dependencies=None, packages_above_depth=None, packages_end=None, packages_ignore=None, packages_ignore_regex=None, packages_select=None, packages_select_build_failed=False, packages_select_by_dep=None, packages_select_regex=None, packages_select_test_failures=False, packages_skip=None, packages_skip_build_finished=False, packages_skip_by_dep=None, packages_skip_regex=None, packages_skip_test_passed=False, packages_skip_up_to=None, packages_start=None, packages_up_to=None, packages_up_to_regex=None, parallel_workers=6, paths=None, symlink_install=False, test_result_base=None, verb_extension=<colcon_core.verb.build.BuildVerb object at 0x7f13efd99f40>, verb_name='build', verb_parser=<colcon_defaults.argument_parser.defaults.DefaultArgumentsDecorator object at 0x7f13efa9fc10>)
[15.939s] Level 1:colcon.colcon_core.package_discovery:discover_packages(colcon_meta) check parameters
[15.941s] Level 1:colcon.colcon_core.package_discovery:discover_packages(recursive) check parameters
[15.941s] Level 1:colcon.colcon_core.package_discovery:discover_packages(ignore) check parameters
[15.941s] Level 1:colcon.colcon_core.package_discovery:discover_packages(path) check parameters
[15.941s] Level 1:colcon.colcon_core.package_discovery:discover_packages(colcon_meta) discover
[15.951s] Level 1:colcon.colcon_core.package_discovery:discover_packages(recursive) discover
[15.951s] INFO:colcon.colcon_core.package_discovery:Crawling recursively for packages in '/home/suho/mid'
[15.951s] Level 1:colcon.colcon_core.package_identification:_identify(.) by extensions ['ignore', 'ignore_ament_install']
[15.952s] Level 1:colcon.colcon_core.package_identification:_identify(.) by extension 'ignore'
[15.952s] Level 1:colcon.colcon_core.package_identification:_identify(.) by extension 'ignore_ament_install'
[15.952s] Level 1:colcon.colcon_core.package_identification:_identify(.) by extensions ['colcon_pkg']
[15.952s] Level 1:colcon.colcon_core.package_identification:_identify(.) by extension 'colcon_pkg'
[15.966s] Level 1:colcon.colcon_core.package_identification:_identify(.) by extensions ['colcon_meta']
[15.974s] Level 1:colcon.colcon_core.package_identification:_identify(.) by extension 'colcon_meta'
[15.974s] Level 1:colcon.colcon_core.package_identification:_identify(.) by extensions ['ros']
[15.974s] Level 1:colcon.colcon_core.package_identification:_identify(.) by extension 'ros'
[16.022s] Level 1:colcon.colcon_core.package_identification:_identify(.) by extensions ['cmake', 'python']
[16.024s] Level 1:colcon.colcon_core.package_identification:_identify(.) by extension 'cmake'
[16.025s] Level 1:colcon.colcon_core.package_identification:_identify(.) by extension 'python'
[16.025s] Level 1:colcon.colcon_core.package_identification:_identify(.) by extensions ['python_setup_py']
[16.025s] Level 1:colcon.colcon_core.package_identification:_identify(.) by extension 'python_setup_py'
[16.026s] Level 1:colcon.colcon_core.package_identification:_identify(build) by extensions ['ignore', 'ignore_ament_install']
[16.027s] Level 1:colcon.colcon_core.package_identification:_identify(build) by extension 'ignore'
[16.041s] Level 1:colcon.colcon_core.package_identification:_identify(build) ignored
[16.042s] Level 1:colcon.colcon_core.package_identification:_identify(install) by extensions ['ignore', 'ignore_ament_install']
[16.042s] Level 1:colcon.colcon_core.package_identification:_identify(install) by extension 'ignore'
[16.042s] Level 1:colcon.colcon_core.package_identification:_identify(install) ignored
[16.043s] Level 1:colcon.colcon_core.package_identification:_identify(log) by extensions ['ignore', 'ignore_ament_install']
[16.050s] Level 1:colcon.colcon_core.package_identification:_identify(log) by extension 'ignore'
[16.050s] Level 1:colcon.colcon_core.package_identification:_identify(log) ignored
[16.050s] Level 1:colcon.colcon_core.package_identification:_identify(src) by extensions ['ignore', 'ignore_ament_install']
[16.050s] Level 1:colcon.colcon_core.package_identification:_identify(src) by extension 'ignore'
[16.051s] Level 1:colcon.colcon_core.package_identification:_identify(src) by extension 'ignore_ament_install'
[16.051s] Level 1:colcon.colcon_core.package_identification:_identify(src) by extensions ['colcon_pkg']
[16.051s] Level 1:colcon.colcon_core.package_identification:_identify(src) by extension 'colcon_pkg'
[16.051s] Level 1:colcon.colcon_core.package_identification:_identify(src) by extensions ['colcon_meta']
[16.051s] Level 1:colcon.colcon_core.package_identification:_identify(src) by extension 'colcon_meta'
[16.051s] Level 1:colcon.colcon_core.package_identification:_identify(src) by extensions ['ros']
[16.051s] Level 1:colcon.colcon_core.package_identification:_identify(src) by extension 'ros'
[16.051s] Level 1:colcon.colcon_core.package_identification:_identify(src) by extensions ['cmake', 'python']
[16.052s] Level 1:colcon.colcon_core.package_identification:_identify(src) by extension 'cmake'
[16.052s] Level 1:colcon.colcon_core.package_identification:_identify(src) by extension 'python'
[16.052s] Level 1:colcon.colcon_core.package_identification:_identify(src) by extensions ['python_setup_py']
[16.052s] Level 1:colcon.colcon_core.package_identification:_identify(src) by extension 'python_setup_py'
[16.052s] Level 1:colcon.colcon_core.package_identification:_identify(src/my_package) by extensions ['ignore', 'ignore_ament_install']
[16.083s] Level 1:colcon.colcon_core.package_identification:_identify(src/my_package) by extension 'ignore'
[16.093s] Level 1:colcon.colcon_core.package_identification:_identify(src/my_package) by extension 'ignore_ament_install'
[16.093s] Level 1:colcon.colcon_core.package_identification:_identify(src/my_package) by extensions ['colcon_pkg']
[16.094s] Level 1:colcon.colcon_core.package_identification:_identify(src/my_package) by extension 'colcon_pkg'
[16.094s] Level 1:colcon.colcon_core.package_identification:_identify(src/my_package) by extensions ['colcon_meta']
[16.094s] Level 1:colcon.colcon_core.package_identification:_identify(src/my_package) by extension 'colcon_meta'
[16.094s] Level 1:colcon.colcon_core.package_identification:_identify(src/my_package) by extensions ['ros']
[16.094s] Level 1:colcon.colcon_core.package_identification:_identify(src/my_package) by extension 'ros'
[16.111s] DEBUG:colcon.colcon_core.package_identification:Package 'src/my_package' with type 'ros.ament_python' and name 'my_package'
[16.120s] Level 1:colcon.colcon_core.package_discovery:discover_packages(recursive) using defaults
[16.120s] Level 1:colcon.colcon_core.package_discovery:discover_packages(ignore) discover
[16.120s] Level 1:colcon.colcon_core.package_discovery:discover_packages(ignore) using defaults
[16.120s] Level 1:colcon.colcon_core.package_discovery:discover_packages(path) discover
[16.120s] Level 1:colcon.colcon_core.package_discovery:discover_packages(path) using defaults
[17.476s] Level 1:colcon.colcon_core.package_discovery:discover_packages(prefix_path) check parameters
[17.477s] Level 1:colcon.colcon_core.package_discovery:discover_packages(prefix_path) discover
[17.763s] WARNING:colcon.colcon_ros.prefix_path.ament:The path '/home/suho/mid/install/physical_alarm' in the environment variable AMENT_PREFIX_PATH doesn't exist
[18.081s] DEBUG:colcon.colcon_installed_package_information.package_discovery:Found 1 installed packages in /home/suho/mid/install
[18.349s] DEBUG:colcon.colcon_installed_package_information.package_discovery:Found 307 installed packages in /opt/ros/foxy
[18.354s] Level 1:colcon.colcon_core.package_discovery:discover_packages(prefix_path) using defaults
[19.234s] Level 5:colcon.colcon_core.verb:set package 'my_package' build argument 'cmake_args' from command line to 'None'
[19.235s] Level 5:colcon.colcon_core.verb:set package 'my_package' build argument 'cmake_target' from command line to 'None'
[19.235s] Level 5:colcon.colcon_core.verb:set package 'my_package' build argument 'cmake_target_skip_unavailable' from command line to 'False'
[19.235s] Level 5:colcon.colcon_core.verb:set package 'my_package' build argument 'cmake_clean_cache' from command line to 'False'
[19.235s] Level 5:colcon.colcon_core.verb:set package 'my_package' build argument 'cmake_clean_first' from command line to 'False'
[19.236s] Level 5:colcon.colcon_core.verb:set package 'my_package' build argument 'cmake_force_configure' from command line to 'False'
[19.236s] Level 5:colcon.colcon_core.verb:set package 'my_package' build argument 'ament_cmake_args' from command line to 'None'
[19.236s] Level 5:colcon.colcon_core.verb:set package 'my_package' build argument 'catkin_cmake_args' from command line to 'None'
[19.236s] Level 5:colcon.colcon_core.verb:set package 'my_package' build argument 'catkin_skip_building_tests' from command line to 'False'
[19.236s] DEBUG:colcon.colcon_core.verb:Building package 'my_package' with the following arguments: {'ament_cmake_args': None, 'build_base': '/home/suho/mid/build/my_package', 'catkin_cmake_args': None, 'catkin_skip_building_tests': False, 'cmake_args': None, 'cmake_clean_cache': False, 'cmake_clean_first': False, 'cmake_force_configure': False, 'cmake_target': None, 'cmake_target_skip_unavailable': False, 'install_base': '/home/suho/mid/install/my_package', 'merge_install': False, 'path': '/home/suho/mid/src/my_package', 'symlink_install': False, 'test_result_base': None}
[19.499s] INFO:colcon.colcon_core.executor:Executing jobs using 'parallel' executor
[19.798s] DEBUG:colcon.colcon_parallel_executor.executor.parallel:run_until_complete
[19.801s] INFO:colcon.colcon_ros.task.ament_python.build:Building ROS package in '/home/suho/mid/src/my_package' with build type 'ament_python'
[19.815s] Level 1:colcon.colcon_core.shell:create_environment_hook('my_package', 'ament_prefix_path')
[20.228s] INFO:colcon.colcon_core.plugin_system:Skipping extension 'colcon_core.shell.bat': Not used on non-Windows systems
[20.229s] INFO:colcon.colcon_core.shell:Creating environment hook '/home/suho/mid/install/my_package/share/my_package/hook/ament_prefix_path.ps1'
[20.233s] INFO:colcon.colcon_core.shell:Creating environment descriptor '/home/suho/mid/install/my_package/share/my_package/hook/ament_prefix_path.dsv'
[20.234s] INFO:colcon.colcon_core.shell:Creating environment hook '/home/suho/mid/install/my_package/share/my_package/hook/ament_prefix_path.sh'
[21.024s] INFO:colcon.colcon_core.shell:Skip shell extension 'powershell' for command environment: Not usable outside of PowerShell
[21.025s] DEBUG:colcon.colcon_core.shell:Skip shell extension 'dsv' for command environment
[23.637s] INFO:colcon.colcon_core.task.python.build:Building Python package in '/home/suho/mid/src/my_package'
[24.326s] INFO:colcon.colcon_core.shell:Skip shell extension 'powershell' for command environment: Not usable outside of PowerShell
[24.327s] DEBUG:colcon.colcon_core.shell:Skip shell extension 'dsv' for command environment
[28.134s] DEBUG:colcon.colcon_core.event_handler.log_command:Invoking command in '/home/suho/mid/src/my_package': PYTHONPATH=/home/suho/mid/build/my_package/prefix_override:/home/suho/mid/install/my_package/lib/python3.8/site-packages:${PYTHONPATH} /usr/bin/python3 setup.py egg_info --egg-base ../../build/my_package build --build-base /home/suho/mid/build/my_package/build install --record /home/suho/mid/build/my_package/install.log --install-scripts $base/lib/my_package --single-version-externally-managed
[29.627s] DEBUG:colcon.colcon_core.event_handler.log_command:Invoked command in '/home/suho/mid/src/my_package' returned '0': PYTHONPATH=/home/suho/mid/build/my_package/prefix_override:/home/suho/mid/install/my_package/lib/python3.8/site-packages:${PYTHONPATH} /usr/bin/python3 setup.py egg_info --egg-base ../../build/my_package build --build-base /home/suho/mid/build/my_package/build install --record /home/suho/mid/build/my_package/install.log --install-scripts $base/lib/my_package --single-version-externally-managed
[30.247s] Level 1:colcon.colcon_core.environment:checking '/home/suho/mid/install/my_package' for CMake module files
[30.253s] Level 1:colcon.colcon_core.environment:checking '/home/suho/mid/install/my_package' for CMake config files
[30.255s] Level 1:colcon.colcon_core.environment:checking '/home/suho/mid/install/my_package/lib'
[30.256s] Level 1:colcon.colcon_core.environment:checking '/home/suho/mid/install/my_package/bin'
[30.258s] Level 1:colcon.colcon_core.environment:checking '/home/suho/mid/install/my_package/lib/pkgconfig/my_package.pc'
[30.259s] Level 1:colcon.colcon_core.environment:checking '/home/suho/mid/install/my_package/lib/python3.8/site-packages'
[30.261s] Level 1:colcon.colcon_core.shell:create_environment_hook('my_package', 'pythonpath')
[31.082s] INFO:colcon.colcon_core.shell:Creating environment hook '/home/suho/mid/install/my_package/share/my_package/hook/pythonpath.ps1'
[31.087s] INFO:colcon.colcon_core.shell:Creating environment descriptor '/home/suho/mid/install/my_package/share/my_package/hook/pythonpath.dsv'
[31.123s] INFO:colcon.colcon_core.shell:Creating environment hook '/home/suho/mid/install/my_package/share/my_package/hook/pythonpath.sh'
[31.133s] Level 1:colcon.colcon_core.environment:checking '/home/suho/mid/install/my_package/bin'
[31.133s] Level 1:colcon.colcon_core.environment:create_environment_scripts_only(my_package)
[31.664s] INFO:colcon.colcon_core.shell:Creating package script '/home/suho/mid/install/my_package/share/my_package/package.ps1'
[31.671s] INFO:colcon.colcon_core.shell:Creating package descriptor '/home/suho/mid/install/my_package/share/my_package/package.dsv'
[31.673s] INFO:colcon.colcon_core.shell:Creating package script '/home/suho/mid/install/my_package/share/my_package/package.sh'
[31.680s] INFO:colcon.colcon_core.shell:Creating package script '/home/suho/mid/install/my_package/share/my_package/package.bash'
[31.686s] INFO:colcon.colcon_core.shell:Creating package script '/home/suho/mid/install/my_package/share/my_package/package.zsh'
[31.701s] Level 1:colcon.colcon_core.environment:create_file_with_runtime_dependencies(/home/suho/mid/install/my_package/share/colcon-core/packages/my_package)
[31.713s] DEBUG:colcon.colcon_parallel_executor.executor.parallel:closing loop
[31.725s] DEBUG:colcon.colcon_parallel_executor.executor.parallel:loop closed
[31.758s] DEBUG:colcon.colcon_parallel_executor.executor.parallel:run_until_complete finished with '0'
[31.759s] DEBUG:colcon.colcon_core.event_reactor:joining thread
[32.103s] INFO:colcon.colcon_core.plugin_system:Skipping extension 'colcon_notification.desktop_notification.terminal_notifier': Not used on non-Darwin systems
[32.104s] INFO:colcon.colcon_core.plugin_system:Skipping extension 'colcon_notification.desktop_notification.win32': Not used on non-Windows systems
[32.104s] INFO:colcon.colcon_notification.desktop_notification:Sending desktop notification using 'notify2'
[32.180s] DEBUG:colcon.colcon_core.event_reactor:joined thread
[32.641s] INFO:colcon.colcon_core.shell:Creating prefix script '/home/suho/mid/install/local_setup.ps1'
[32.646s] INFO:colcon.colcon_core.shell:Creating prefix util module '/home/suho/mid/install/_local_setup_util_ps1.py'
[32.660s] INFO:colcon.colcon_core.shell:Creating prefix chain script '/home/suho/mid/install/setup.ps1'
[33.028s] INFO:colcon.colcon_core.shell:Creating prefix script '/home/suho/mid/install/local_setup.sh'
[33.031s] INFO:colcon.colcon_core.shell:Creating prefix util module '/home/suho/mid/install/_local_setup_util_sh.py'
[33.050s] INFO:colcon.colcon_core.shell:Creating prefix chain script '/home/suho/mid/install/setup.sh'
[33.343s] INFO:colcon.colcon_core.shell:Creating prefix script '/home/suho/mid/install/local_setup.bash'
[33.347s] INFO:colcon.colcon_core.shell:Creating prefix chain script '/home/suho/mid/install/setup.bash'
[33.626s] INFO:colcon.colcon_core.shell:Creating prefix script '/home/suho/mid/install/local_setup.zsh'
[33.649s] INFO:colcon.colcon_core.shell:Creating prefix chain script '/home/suho/mid/install/setup.zsh'
