[6.222s] Invoking command in '/home/suho/mid/src/my_package': PYTHONPATH=/home/suho/mid/build/my_package/prefix_override:/home/suho/mid/install/my_package/lib/python3.8/site-packages:${PYTHONPATH} /usr/bin/python3 setup.py egg_info --egg-base ../../build/my_package build --build-base /home/suho/mid/build/my_package/build install --record /home/suho/mid/build/my_package/install.log --install-scripts $base/lib/my_package --single-version-externally-managed
[6.946s] running egg_info
[7.002s] writing ../../build/my_package/my_package.egg-info/PKG-INFO
[7.019s] writing dependency_links to ../../build/my_package/my_package.egg-info/dependency_links.txt
[7.019s] writing entry points to ../../build/my_package/my_package.egg-info/entry_points.txt
[7.019s] writing requirements to ../../build/my_package/my_package.egg-info/requires.txt
[7.019s] writing top-level names to ../../build/my_package/my_package.egg-info/top_level.txt
[7.135s] reading manifest file '../../build/my_package/my_package.egg-info/SOURCES.txt'
[7.139s] writing manifest file '../../build/my_package/my_package.egg-info/SOURCES.txt'
[7.139s] running build
[7.145s] running build_py
[7.146s] copying my_package/my_node.py -> /home/suho/mid/build/my_package/build/lib/my_package
[7.146s] running install
[7.146s] running install_lib
[7.149s] copying /home/suho/mid/build/my_package/build/lib/my_package/my_node.py -> /home/suho/mid/install/my_package/lib/python3.8/site-packages/my_package
[7.159s] byte-compiling /home/suho/mid/install/my_package/lib/python3.8/site-packages/my_package/my_node.py to my_node.cpython-38.pyc
[7.176s] running install_data
[7.177s] running install_egg_info
[7.177s] removing '/home/suho/mid/install/my_package/lib/python3.8/site-packages/my_package-0.0.0-py3.8.egg-info' (and everything under it)
[7.178s] Copying ../../build/my_package/my_package.egg-info to /home/suho/mid/install/my_package/lib/python3.8/site-packages/my_package-0.0.0-py3.8.egg-info
[7.180s] running install_scripts
[7.226s] Installing my_node script to /home/suho/mid/install/my_package/lib/my_package
[7.227s] writing list of installed files to '/home/suho/mid/build/my_package/install.log'
[7.325s] Invoked command in '/home/suho/mid/src/my_package' returned '0': PYTHONPATH=/home/suho/mid/build/my_package/prefix_override:/home/suho/mid/install/my_package/lib/python3.8/site-packages:${PYTHONPATH} /usr/bin/python3 setup.py egg_info --egg-base ../../build/my_package build --build-base /home/suho/mid/build/my_package/build install --record /home/suho/mid/build/my_package/install.log --install-scripts $base/lib/my_package --single-version-externally-managed
