[5.484s] Invoking command in '/home/suho/mid/src/my_package': PYTHONPATH=/home/suho/mid/build/my_package/prefix_override:/home/suho/mid/install/my_package/lib/python3.8/site-packages:${PYTHONPATH} /usr/bin/python3 setup.py egg_info --egg-base ../../build/my_package build --build-base /home/suho/mid/build/my_package/build install --record /home/suho/mid/build/my_package/install.log --install-scripts $base/lib/my_package --single-version-externally-managed
[6.097s] running egg_info
[6.103s] creating ../../build/my_package/my_package.egg-info
[6.103s] writing ../../build/my_package/my_package.egg-info/PKG-INFO
[6.103s] writing dependency_links to ../../build/my_package/my_package.egg-info/dependency_links.txt
[6.104s] writing entry points to ../../build/my_package/my_package.egg-info/entry_points.txt
[6.104s] writing requirements to ../../build/my_package/my_package.egg-info/requires.txt
[6.104s] writing top-level names to ../../build/my_package/my_package.egg-info/top_level.txt
[6.105s] writing manifest file '../../build/my_package/my_package.egg-info/SOURCES.txt'
[6.203s] reading manifest file '../../build/my_package/my_package.egg-info/SOURCES.txt'
[6.207s] writing manifest file '../../build/my_package/my_package.egg-info/SOURCES.txt'
[6.207s] running build
[6.208s] running build_py
[6.209s] creating /home/suho/mid/build/my_package/build
[6.210s] creating /home/suho/mid/build/my_package/build/lib
[6.210s] creating /home/suho/mid/build/my_package/build/lib/my_package
[6.210s] copying my_package/my_node.py -> /home/suho/mid/build/my_package/build/lib/my_package
[6.210s] copying my_package/__init__.py -> /home/suho/mid/build/my_package/build/lib/my_package
[6.210s] running install
[6.214s] running install_lib
[6.220s] creating /home/suho/mid/install/my_package/lib/python3.8/site-packages/my_package
[6.220s] copying /home/suho/mid/build/my_package/build/lib/my_package/my_node.py -> /home/suho/mid/install/my_package/lib/python3.8/site-packages/my_package
[6.221s] copying /home/suho/mid/build/my_package/build/lib/my_package/__init__.py -> /home/suho/mid/install/my_package/lib/python3.8/site-packages/my_package
[6.221s] byte-compiling /home/suho/mid/install/my_package/lib/python3.8/site-packages/my_package/my_node.py to my_node.cpython-38.pyc
[6.224s] byte-compiling /home/suho/mid/install/my_package/lib/python3.8/site-packages/my_package/__init__.py to __init__.cpython-38.pyc
[6.224s] running install_data
[6.225s] creating /home/suho/mid/install/my_package/share/ament_index
[6.226s] creating /home/suho/mid/install/my_package/share/ament_index/resource_index
[6.226s] creating /home/suho/mid/install/my_package/share/ament_index/resource_index/packages
[6.226s] copying resource/my_package -> /home/suho/mid/install/my_package/share/ament_index/resource_index/packages
[6.226s] copying package.xml -> /home/suho/mid/install/my_package/share/my_package
[6.227s] running install_egg_info
[6.232s] Copying ../../build/my_package/my_package.egg-info to /home/suho/mid/install/my_package/lib/python3.8/site-packages/my_package-0.0.0-py3.8.egg-info
[6.234s] running install_scripts
[6.297s] Installing my_node script to /home/suho/mid/install/my_package/lib/my_package
[6.300s] writing list of installed files to '/home/suho/mid/build/my_package/install.log'
[6.363s] Invoked command in '/home/suho/mid/src/my_package' returned '0': PYTHONPATH=/home/suho/mid/build/my_package/prefix_override:/home/suho/mid/install/my_package/lib/python3.8/site-packages:${PYTHONPATH} /usr/bin/python3 setup.py egg_info --egg-base ../../build/my_package build --build-base /home/suho/mid/build/my_package/build install --record /home/suho/mid/build/my_package/install.log --install-scripts $base/lib/my_package --single-version-externally-managed
