[15.466s] DEBUG:colcon:Command line arguments: ['/usr/bin/colcon', 'build']
[15.467s] DEBUG:colcon:Parsed command line arguments: Namespace(allow_overriding=[], ament_cmake_args=None, base_paths=['.'], build_base='build', catkin_cmake_args=None, catkin_skip_building_tests=False, cmake_args=None, cmake_clean_cache=False, cmake_clean_first=False, cmake_force_configure=False, cmake_target=None, cmake_target_skip_unavailable=False, continue_on_error=False, event_handlers=None, executor='parallel', ignore_user_meta=False, install_base='install', log_base=None, log_level=None, main=<bound method BuildVerb.main of <colcon_core.verb.build.BuildVerb object at 0x7f57bd825f40>>, merge_install=False, metas=['./colcon.meta'], packages_above=None, packages_above_and_dependencies=None, packages_above_depth=None, packages_end=None, packages_ignore=None, packages_ignore_regex=None, packages_select=None, packages_select_build_failed=False, packages_select_by_dep=None, packages_select_regex=None, packages_select_test_failures=False, packages_skip=None, packages_skip_build_finished=False, packages_skip_by_dep=None, packages_skip_regex=None, packages_skip_test_passed=False, packages_skip_up_to=None, packages_start=None, packages_up_to=None, packages_up_to_regex=None, parallel_workers=6, paths=None, symlink_install=False, test_result_base=None, verb_extension=<colcon_core.verb.build.BuildVerb object at 0x7f57bd825f40>, verb_name='build', verb_parser=<colcon_defaults.argument_parser.defaults.DefaultArgumentsDecorator object at 0x7f57bd4f1640>)
[16.117s] Level 1:colcon.colcon_core.package_discovery:discover_packages(colcon_meta) check parameters
[16.140s] Level 1:colcon.colcon_core.package_discovery:discover_packages(recursive) check parameters
[16.141s] Level 1:colcon.colcon_core.package_discovery:discover_packages(ignore) check parameters
[16.141s] Level 1:colcon.colcon_core.package_discovery:discover_packages(path) check parameters
[16.141s] Level 1:colcon.colcon_core.package_discovery:discover_packages(colcon_meta) discover
[16.141s] Level 1:colcon.colcon_core.package_discovery:discover_packages(recursive) discover
[16.141s] INFO:colcon.colcon_core.package_discovery:Crawling recursively for packages in '/home/suho/mid'
[16.142s] Level 1:colcon.colcon_core.package_identification:_identify(.) by extensions ['ignore', 'ignore_ament_install']
[16.153s] Level 1:colcon.colcon_core.package_identification:_identify(.) by extension 'ignore'
[16.153s] Level 1:colcon.colcon_core.package_identification:_identify(.) by extension 'ignore_ament_install'
[16.153s] Level 1:colcon.colcon_core.package_identification:_identify(.) by extensions ['colcon_pkg']
[16.153s] Level 1:colcon.colcon_core.package_identification:_identify(.) by extension 'colcon_pkg'
[16.154s] Level 1:colcon.colcon_core.package_identification:_identify(.) by extensions ['colcon_meta']
[16.154s] Level 1:colcon.colcon_core.package_identification:_identify(.) by extension 'colcon_meta'
[16.154s] Level 1:colcon.colcon_core.package_identification:_identify(.) by extensions ['ros']
[16.154s] Level 1:colcon.colcon_core.package_identification:_identify(.) by extension 'ros'
[16.274s] Level 1:colcon.colcon_core.package_identification:_identify(.) by extensions ['cmake', 'python']
[16.279s] Level 1:colcon.colcon_core.package_identification:_identify(.) by extension 'cmake'
[16.280s] Level 1:colcon.colcon_core.package_identification:_identify(.) by extension 'python'
[16.281s] Level 1:colcon.colcon_core.package_identification:_identify(.) by extensions ['python_setup_py']
[16.281s] Level 1:colcon.colcon_core.package_identification:_identify(.) by extension 'python_setup_py'
[16.281s] Level 1:colcon.colcon_core.package_identification:_identify(build) by extensions ['ignore', 'ignore_ament_install']
[16.295s] Level 1:colcon.colcon_core.package_identification:_identify(build) by extension 'ignore'
[16.295s] Level 1:colcon.colcon_core.package_identification:_identify(build) ignored
[16.301s] Level 1:colcon.colcon_core.package_identification:_identify(install) by extensions ['ignore', 'ignore_ament_install']
[16.301s] Level 1:colcon.colcon_core.package_identification:_identify(install) by extension 'ignore'
[16.302s] Level 1:colcon.colcon_core.package_identification:_identify(install) ignored
[16.302s] Level 1:colcon.colcon_core.package_identification:_identify(log) by extensions ['ignore', 'ignore_ament_install']
[16.302s] Level 1:colcon.colcon_core.package_identification:_identify(log) by extension 'ignore'
[16.302s] Level 1:colcon.colcon_core.package_identification:_identify(log) ignored
[16.302s] Level 1:colcon.colcon_core.package_identification:_identify(src) by extensions ['ignore', 'ignore_ament_install']
[16.302s] Level 1:colcon.colcon_core.package_identification:_identify(src) by extension 'ignore'
[16.309s] Level 1:colcon.colcon_core.package_identification:_identify(src) by extension 'ignore_ament_install'
[16.319s] Level 1:colcon.colcon_core.package_identification:_identify(src) by extensions ['colcon_pkg']
[16.320s] Level 1:colcon.colcon_core.package_identification:_identify(src) by extension 'colcon_pkg'
[16.320s] Level 1:colcon.colcon_core.package_identification:_identify(src) by extensions ['colcon_meta']
[16.320s] Level 1:colcon.colcon_core.package_identification:_identify(src) by extension 'colcon_meta'
[16.320s] Level 1:colcon.colcon_core.package_identification:_identify(src) by extensions ['ros']
[16.320s] Level 1:colcon.colcon_core.package_identification:_identify(src) by extension 'ros'
[16.320s] Level 1:colcon.colcon_core.package_identification:_identify(src) by extensions ['cmake', 'python']
[16.320s] Level 1:colcon.colcon_core.package_identification:_identify(src) by extension 'cmake'
[16.320s] Level 1:colcon.colcon_core.package_identification:_identify(src) by extension 'python'
[16.320s] Level 1:colcon.colcon_core.package_identification:_identify(src) by extensions ['python_setup_py']
[16.320s] Level 1:colcon.colcon_core.package_identification:_identify(src) by extension 'python_setup_py'
[16.321s] Level 1:colcon.colcon_core.package_identification:_identify(src/my_package) by extensions ['ignore', 'ignore_ament_install']
[16.321s] Level 1:colcon.colcon_core.package_identification:_identify(src/my_package) by extension 'ignore'
[16.321s] Level 1:colcon.colcon_core.package_identification:_identify(src/my_package) by extension 'ignore_ament_install'
[16.321s] Level 1:colcon.colcon_core.package_identification:_identify(src/my_package) by extensions ['colcon_pkg']
[16.321s] Level 1:colcon.colcon_core.package_identification:_identify(src/my_package) by extension 'colcon_pkg'
[16.321s] Level 1:colcon.colcon_core.package_identification:_identify(src/my_package) by extensions ['colcon_meta']
[16.321s] Level 1:colcon.colcon_core.package_identification:_identify(src/my_package) by extension 'colcon_meta'
[16.321s] Level 1:colcon.colcon_core.package_identification:_identify(src/my_package) by extensions ['ros']
[16.322s] Level 1:colcon.colcon_core.package_identification:_identify(src/my_package) by extension 'ros'
[16.342s] DEBUG:colcon.colcon_core.package_identification:Package 'src/my_package' with type 'ros.ament_python' and name 'my_package'
[16.365s] Level 1:colcon.colcon_core.package_discovery:discover_packages(recursive) using defaults
[16.365s] Level 1:colcon.colcon_core.package_discovery:discover_packages(ignore) discover
[16.365s] Level 1:colcon.colcon_core.package_discovery:discover_packages(ignore) using defaults
[16.371s] Level 1:colcon.colcon_core.package_discovery:discover_packages(path) discover
[16.371s] Level 1:colcon.colcon_core.package_discovery:discover_packages(path) using defaults
[18.578s] Level 1:colcon.colcon_core.package_discovery:discover_packages(prefix_path) check parameters
[18.579s] Level 1:colcon.colcon_core.package_discovery:discover_packages(prefix_path) discover
[19.027s] WARNING:colcon.colcon_ros.prefix_path.ament:The path '/home/suho/mid/install/physical_alarm' in the environment variable AMENT_PREFIX_PATH doesn't exist
[19.495s] DEBUG:colcon.colcon_installed_package_information.package_discovery:Found 1 installed packages in /home/suho/mid/install
[19.910s] DEBUG:colcon.colcon_installed_package_information.package_discovery:Found 307 installed packages in /opt/ros/foxy
[19.916s] Level 1:colcon.colcon_core.package_discovery:discover_packages(prefix_path) using defaults
[21.029s] Level 5:colcon.colcon_core.verb:set package 'my_package' build argument 'cmake_args' from command line to 'None'
[21.038s] Level 5:colcon.colcon_core.verb:set package 'my_package' build argument 'cmake_target' from command line to 'None'
[21.038s] Level 5:colcon.colcon_core.verb:set package 'my_package' build argument 'cmake_target_skip_unavailable' from command line to 'False'
[21.054s] Level 5:colcon.colcon_core.verb:set package 'my_package' build argument 'cmake_clean_cache' from command line to 'False'
[21.054s] Level 5:colcon.colcon_core.verb:set package 'my_package' build argument 'cmake_clean_first' from command line to 'False'
[21.055s] Level 5:colcon.colcon_core.verb:set package 'my_package' build argument 'cmake_force_configure' from command line to 'False'
[21.055s] Level 5:colcon.colcon_core.verb:set package 'my_package' build argument 'ament_cmake_args' from command line to 'None'
[21.057s] Level 5:colcon.colcon_core.verb:set package 'my_package' build argument 'catkin_cmake_args' from command line to 'None'
[21.058s] Level 5:colcon.colcon_core.verb:set package 'my_package' build argument 'catkin_skip_building_tests' from command line to 'False'
[21.058s] DEBUG:colcon.colcon_core.verb:Building package 'my_package' with the following arguments: {'ament_cmake_args': None, 'build_base': '/home/suho/mid/build/my_package', 'catkin_cmake_args': None, 'catkin_skip_building_tests': False, 'cmake_args': None, 'cmake_clean_cache': False, 'cmake_clean_first': False, 'cmake_force_configure': False, 'cmake_target': None, 'cmake_target_skip_unavailable': False, 'install_base': '/home/suho/mid/install/my_package', 'merge_install': False, 'path': '/home/suho/mid/src/my_package', 'symlink_install': False, 'test_result_base': None}
[21.426s] INFO:colcon.colcon_core.executor:Executing jobs using 'parallel' executor
[21.724s] DEBUG:colcon.colcon_parallel_executor.executor.parallel:run_until_complete
[21.735s] INFO:colcon.colcon_ros.task.ament_python.build:Building ROS package in '/home/suho/mid/src/my_package' with build type 'ament_python'
[21.736s] Level 1:colcon.colcon_core.shell:create_environment_hook('my_package', 'ament_prefix_path')
[22.201s] INFO:colcon.colcon_core.plugin_system:Skipping extension 'colcon_core.shell.bat': Not used on non-Windows systems
[22.202s] INFO:colcon.colcon_core.shell:Creating environment hook '/home/suho/mid/install/my_package/share/my_package/hook/ament_prefix_path.ps1'
[22.205s] INFO:colcon.colcon_core.shell:Creating environment descriptor '/home/suho/mid/install/my_package/share/my_package/hook/ament_prefix_path.dsv'
[22.219s] INFO:colcon.colcon_core.shell:Creating environment hook '/home/suho/mid/install/my_package/share/my_package/hook/ament_prefix_path.sh'
[22.743s] INFO:colcon.colcon_core.shell:Skip shell extension 'powershell' for command environment: Not usable outside of PowerShell
[22.744s] DEBUG:colcon.colcon_core.shell:Skip shell extension 'dsv' for command environment
[24.536s] INFO:colcon.colcon_core.task.python.build:Building Python package in '/home/suho/mid/src/my_package'
[24.803s] INFO:colcon.colcon_core.shell:Skip shell extension 'powershell' for command environment: Not usable outside of PowerShell
[24.804s] DEBUG:colcon.colcon_core.shell:Skip shell extension 'dsv' for command environment
[27.369s] DEBUG:colcon.colcon_core.event_handler.log_command:Invoking command in '/home/suho/mid/src/my_package': PYTHONPATH=/home/suho/mid/build/my_package/prefix_override:/home/suho/mid/install/my_package/lib/python3.8/site-packages:${PYTHONPATH} /usr/bin/python3 setup.py egg_info --egg-base ../../build/my_package build --build-base /home/suho/mid/build/my_package/build install --record /home/suho/mid/build/my_package/install.log --install-scripts $base/lib/my_package --single-version-externally-managed
[28.547s] DEBUG:colcon.colcon_core.event_handler.log_command:Invoked command in '/home/suho/mid/src/my_package' returned '0': PYTHONPATH=/home/suho/mid/build/my_package/prefix_override:/home/suho/mid/install/my_package/lib/python3.8/site-packages:${PYTHONPATH} /usr/bin/python3 setup.py egg_info --egg-base ../../build/my_package build --build-base /home/suho/mid/build/my_package/build install --record /home/suho/mid/build/my_package/install.log --install-scripts $base/lib/my_package --single-version-externally-managed
[29.020s] Level 1:colcon.colcon_core.environment:checking '/home/suho/mid/install/my_package' for CMake module files
[29.021s] Level 1:colcon.colcon_core.environment:checking '/home/suho/mid/install/my_package' for CMake config files
[29.034s] Level 1:colcon.colcon_core.environment:checking '/home/suho/mid/install/my_package/lib'
[29.047s] Level 1:colcon.colcon_core.environment:checking '/home/suho/mid/install/my_package/bin'
[29.047s] Level 1:colcon.colcon_core.environment:checking '/home/suho/mid/install/my_package/lib/pkgconfig/my_package.pc'
[29.048s] Level 1:colcon.colcon_core.environment:checking '/home/suho/mid/install/my_package/lib/python3.8/site-packages'
[29.048s] Level 1:colcon.colcon_core.shell:create_environment_hook('my_package', 'pythonpath')
[29.423s] INFO:colcon.colcon_core.shell:Creating environment hook '/home/suho/mid/install/my_package/share/my_package/hook/pythonpath.ps1'
[29.425s] INFO:colcon.colcon_core.shell:Creating environment descriptor '/home/suho/mid/install/my_package/share/my_package/hook/pythonpath.dsv'
[29.427s] INFO:colcon.colcon_core.shell:Creating environment hook '/home/suho/mid/install/my_package/share/my_package/hook/pythonpath.sh'
[29.443s] Level 1:colcon.colcon_core.environment:checking '/home/suho/mid/install/my_package/bin'
[29.443s] Level 1:colcon.colcon_core.environment:create_environment_scripts_only(my_package)
[29.606s] INFO:colcon.colcon_core.shell:Creating package script '/home/suho/mid/install/my_package/share/my_package/package.ps1'
[29.615s] INFO:colcon.colcon_core.shell:Creating package descriptor '/home/suho/mid/install/my_package/share/my_package/package.dsv'
[29.648s] INFO:colcon.colcon_core.shell:Creating package script '/home/suho/mid/install/my_package/share/my_package/package.sh'
[29.711s] INFO:colcon.colcon_core.shell:Creating package script '/home/suho/mid/install/my_package/share/my_package/package.bash'
[29.768s] INFO:colcon.colcon_core.shell:Creating package script '/home/suho/mid/install/my_package/share/my_package/package.zsh'
[29.780s] Level 1:colcon.colcon_core.environment:create_file_with_runtime_dependencies(/home/suho/mid/install/my_package/share/colcon-core/packages/my_package)
[29.781s] DEBUG:colcon.colcon_parallel_executor.executor.parallel:closing loop
[29.819s] DEBUG:colcon.colcon_parallel_executor.executor.parallel:loop closed
[29.819s] DEBUG:colcon.colcon_parallel_executor.executor.parallel:run_until_complete finished with '0'
[29.819s] DEBUG:colcon.colcon_core.event_reactor:joining thread
[30.151s] INFO:colcon.colcon_core.plugin_system:Skipping extension 'colcon_notification.desktop_notification.terminal_notifier': Not used on non-Darwin systems
[30.164s] INFO:colcon.colcon_core.plugin_system:Skipping extension 'colcon_notification.desktop_notification.win32': Not used on non-Windows systems
[30.165s] INFO:colcon.colcon_notification.desktop_notification:Sending desktop notification using 'notify2'
[30.255s] DEBUG:colcon.colcon_core.event_reactor:joined thread
[30.497s] INFO:colcon.colcon_core.shell:Creating prefix script '/home/suho/mid/install/local_setup.ps1'
[30.501s] INFO:colcon.colcon_core.shell:Creating prefix util module '/home/suho/mid/install/_local_setup_util_ps1.py'
[30.504s] INFO:colcon.colcon_core.shell:Creating prefix chain script '/home/suho/mid/install/setup.ps1'
[30.733s] INFO:colcon.colcon_core.shell:Creating prefix script '/home/suho/mid/install/local_setup.sh'
[30.738s] INFO:colcon.colcon_core.shell:Creating prefix util module '/home/suho/mid/install/_local_setup_util_sh.py'
[30.746s] INFO:colcon.colcon_core.shell:Creating prefix chain script '/home/suho/mid/install/setup.sh'
[30.977s] INFO:colcon.colcon_core.shell:Creating prefix script '/home/suho/mid/install/local_setup.bash'
[30.988s] INFO:colcon.colcon_core.shell:Creating prefix chain script '/home/suho/mid/install/setup.bash'
[31.207s] INFO:colcon.colcon_core.shell:Creating prefix script '/home/suho/mid/install/local_setup.zsh'
[31.210s] INFO:colcon.colcon_core.shell:Creating prefix chain script '/home/suho/mid/install/setup.zsh'
