[3.804s] Invoking command in '/home/suho/mid/src/my_package': PYTHONPATH=/home/suho/mid/build/my_package/prefix_override:/home/suho/mid/install/my_package/lib/python3.8/site-packages: /usr/bin/python3 setup.py egg_info --egg-base ../../build/my_package build --build-base /home/suho/mid/build/my_package/build install --record /home/suho/mid/build/my_package/install.log --install-scripts $base/lib/my_package --single-version-externally-managed
[4.792s] running egg_info
[4.830s] writing ../../build/my_package/my_package.egg-info/PKG-INFO
[4.831s] writing dependency_links to ../../build/my_package/my_package.egg-info/dependency_links.txt
[4.831s] writing entry points to ../../build/my_package/my_package.egg-info/entry_points.txt
[4.831s] writing requirements to ../../build/my_package/my_package.egg-info/requires.txt
[4.832s] writing top-level names to ../../build/my_package/my_package.egg-info/top_level.txt
[4.999s] reading manifest file '../../build/my_package/my_package.egg-info/SOURCES.txt'
[5.004s] writing manifest file '../../build/my_package/my_package.egg-info/SOURCES.txt'
[5.004s] running build
[5.007s] running build_py
[5.007s] running install
[5.007s] running install_lib
[5.028s] running install_data
[5.028s] running install_egg_info
[5.028s] removing '/home/suho/mid/install/my_package/lib/python3.8/site-packages/my_package-0.0.0-py3.8.egg-info' (and everything under it)
[5.028s] Copying ../../build/my_package/my_package.egg-info to /home/suho/mid/install/my_package/lib/python3.8/site-packages/my_package-0.0.0-py3.8.egg-info
[5.029s] running install_scripts
[5.156s] Installing my_node script to /home/suho/mid/install/my_package/lib/my_package
[5.159s] writing list of installed files to '/home/suho/mid/build/my_package/install.log'
[5.263s] Invoked command in '/home/suho/mid/src/my_package' returned '0': PYTHONPATH=/home/suho/mid/build/my_package/prefix_override:/home/suho/mid/install/my_package/lib/python3.8/site-packages: /usr/bin/python3 setup.py egg_info --egg-base ../../build/my_package build --build-base /home/suho/mid/build/my_package/build install --record /home/suho/mid/build/my_package/install.log --install-scripts $base/lib/my_package --single-version-externally-managed
