[4.369s] Invoking command in '/home/suho/mid/src/my_package': PYTHONPATH=/home/suho/mid/build/my_package/prefix_override:/home/suho/mid/install/my_package/lib/python3.8/site-packages: /usr/bin/python3 setup.py egg_info --egg-base ../../build/my_package build --build-base /home/suho/mid/build/my_package/build install --record /home/suho/mid/build/my_package/install.log --install-scripts $base/lib/my_package --single-version-externally-managed
[4.859s] running egg_info
[4.859s] writing ../../build/my_package/my_package.egg-info/PKG-INFO
[4.887s] writing dependency_links to ../../build/my_package/my_package.egg-info/dependency_links.txt
[4.887s] writing entry points to ../../build/my_package/my_package.egg-info/entry_points.txt
[4.887s] writing requirements to ../../build/my_package/my_package.egg-info/requires.txt
[4.887s] writing top-level names to ../../build/my_package/my_package.egg-info/top_level.txt
[5.020s] reading manifest file '../../build/my_package/my_package.egg-info/SOURCES.txt'
[5.022s] writing manifest file '../../build/my_package/my_package.egg-info/SOURCES.txt'
[5.023s] running build
[5.024s] running build_py
[5.025s] copying my_package/my_node.py -> /home/suho/mid/build/my_package/build/lib/my_package
[5.037s] running install
[5.056s] running install_lib
[5.056s] copying /home/suho/mid/build/my_package/build/lib/my_package/my_node.py -> /home/suho/mid/install/my_package/lib/python3.8/site-packages/my_package
[5.056s] byte-compiling /home/suho/mid/install/my_package/lib/python3.8/site-packages/my_package/my_node.py to my_node.cpython-38.pyc
[5.066s] running install_data
[5.068s] running install_egg_info
[5.087s] removing '/home/suho/mid/install/my_package/lib/python3.8/site-packages/my_package-0.0.0-py3.8.egg-info' (and everything under it)
[5.126s] Copying ../../build/my_package/my_package.egg-info to /home/suho/mid/install/my_package/lib/python3.8/site-packages/my_package-0.0.0-py3.8.egg-info
[5.126s] running install_scripts
[5.161s] Installing my_node script to /home/suho/mid/install/my_package/lib/my_package
[5.164s] writing list of installed files to '/home/suho/mid/build/my_package/install.log'
[5.221s] Invoked command in '/home/suho/mid/src/my_package' returned '0': PYTHONPATH=/home/suho/mid/build/my_package/prefix_override:/home/suho/mid/install/my_package/lib/python3.8/site-packages: /usr/bin/python3 setup.py egg_info --egg-base ../../build/my_package build --build-base /home/suho/mid/build/my_package/build install --record /home/suho/mid/build/my_package/install.log --install-scripts $base/lib/my_package --single-version-externally-managed
