[11.759s] DEBUG:colcon:Command line arguments: ['/usr/bin/colcon', 'build']
[11.759s] DEBUG:colcon:Parsed command line arguments: Namespace(allow_overriding=[], ament_cmake_args=None, base_paths=['.'], build_base='build', catkin_cmake_args=None, catkin_skip_building_tests=False, cmake_args=None, cmake_clean_cache=False, cmake_clean_first=False, cmake_force_configure=False, cmake_target=None, cmake_target_skip_unavailable=False, continue_on_error=False, event_handlers=None, executor='parallel', ignore_user_meta=False, install_base='install', log_base=None, log_level=None, main=<bound method BuildVerb.main of <colcon_core.verb.build.BuildVerb object at 0x7fc2b06ac0a0>>, merge_install=False, metas=['./colcon.meta'], packages_above=None, packages_above_and_dependencies=None, packages_above_depth=None, packages_end=None, packages_ignore=None, packages_ignore_regex=None, packages_select=None, packages_select_build_failed=False, packages_select_by_dep=None, packages_select_regex=None, packages_select_test_failures=False, packages_skip=None, packages_skip_build_finished=False, packages_skip_by_dep=None, packages_skip_regex=None, packages_skip_test_passed=False, packages_skip_up_to=None, packages_start=None, packages_up_to=None, packages_up_to_regex=None, parallel_workers=6, paths=None, symlink_install=False, test_result_base=None, verb_extension=<colcon_core.verb.build.BuildVerb object at 0x7fc2b06ac0a0>, verb_name='build', verb_parser=<colcon_defaults.argument_parser.defaults.DefaultArgumentsDecorator object at 0x7fc2b0387790>)
[12.262s] Level 1:colcon.colcon_core.package_discovery:discover_packages(colcon_meta) check parameters
[12.263s] Level 1:colcon.colcon_core.package_discovery:discover_packages(recursive) check parameters
[12.263s] Level 1:colcon.colcon_core.package_discovery:discover_packages(ignore) check parameters
[12.263s] Level 1:colcon.colcon_core.package_discovery:discover_packages(path) check parameters
[12.263s] Level 1:colcon.colcon_core.package_discovery:discover_packages(colcon_meta) discover
[12.263s] Level 1:colcon.colcon_core.package_discovery:discover_packages(recursive) discover
[12.263s] INFO:colcon.colcon_core.package_discovery:Crawling recursively for packages in '/home/suho/mid'
[12.264s] Level 1:colcon.colcon_core.package_identification:_identify(.) by extensions ['ignore', 'ignore_ament_install']
[12.264s] Level 1:colcon.colcon_core.package_identification:_identify(.) by extension 'ignore'
[12.264s] Level 1:colcon.colcon_core.package_identification:_identify(.) by extension 'ignore_ament_install'
[12.264s] Level 1:colcon.colcon_core.package_identification:_identify(.) by extensions ['colcon_pkg']
[12.264s] Level 1:colcon.colcon_core.package_identification:_identify(.) by extension 'colcon_pkg'
[12.264s] Level 1:colcon.colcon_core.package_identification:_identify(.) by extensions ['colcon_meta']
[12.264s] Level 1:colcon.colcon_core.package_identification:_identify(.) by extension 'colcon_meta'
[12.265s] Level 1:colcon.colcon_core.package_identification:_identify(.) by extensions ['ros']
[12.265s] Level 1:colcon.colcon_core.package_identification:_identify(.) by extension 'ros'
[12.294s] Level 1:colcon.colcon_core.package_identification:_identify(.) by extensions ['cmake', 'python']
[12.314s] Level 1:colcon.colcon_core.package_identification:_identify(.) by extension 'cmake'
[12.315s] Level 1:colcon.colcon_core.package_identification:_identify(.) by extension 'python'
[12.316s] Level 1:colcon.colcon_core.package_identification:_identify(.) by extensions ['python_setup_py']
[12.316s] Level 1:colcon.colcon_core.package_identification:_identify(.) by extension 'python_setup_py'
[12.317s] Level 1:colcon.colcon_core.package_identification:_identify(build) by extensions ['ignore', 'ignore_ament_install']
[12.317s] Level 1:colcon.colcon_core.package_identification:_identify(build) by extension 'ignore'
[12.317s] Level 1:colcon.colcon_core.package_identification:_identify(build) ignored
[12.336s] Level 1:colcon.colcon_core.package_identification:_identify(install) by extensions ['ignore', 'ignore_ament_install']
[12.336s] Level 1:colcon.colcon_core.package_identification:_identify(install) by extension 'ignore'
[12.336s] Level 1:colcon.colcon_core.package_identification:_identify(install) ignored
[12.337s] Level 1:colcon.colcon_core.package_identification:_identify(log) by extensions ['ignore', 'ignore_ament_install']
[12.340s] Level 1:colcon.colcon_core.package_identification:_identify(log) by extension 'ignore'
[12.340s] Level 1:colcon.colcon_core.package_identification:_identify(log) ignored
[12.340s] Level 1:colcon.colcon_core.package_identification:_identify(src) by extensions ['ignore', 'ignore_ament_install']
[12.345s] Level 1:colcon.colcon_core.package_identification:_identify(src) by extension 'ignore'
[12.346s] Level 1:colcon.colcon_core.package_identification:_identify(src) by extension 'ignore_ament_install'
[12.346s] Level 1:colcon.colcon_core.package_identification:_identify(src) by extensions ['colcon_pkg']
[12.347s] Level 1:colcon.colcon_core.package_identification:_identify(src) by extension 'colcon_pkg'
[12.347s] Level 1:colcon.colcon_core.package_identification:_identify(src) by extensions ['colcon_meta']
[12.347s] Level 1:colcon.colcon_core.package_identification:_identify(src) by extension 'colcon_meta'
[12.347s] Level 1:colcon.colcon_core.package_identification:_identify(src) by extensions ['ros']
[12.347s] Level 1:colcon.colcon_core.package_identification:_identify(src) by extension 'ros'
[12.347s] Level 1:colcon.colcon_core.package_identification:_identify(src) by extensions ['cmake', 'python']
[12.347s] Level 1:colcon.colcon_core.package_identification:_identify(src) by extension 'cmake'
[12.347s] Level 1:colcon.colcon_core.package_identification:_identify(src) by extension 'python'
[12.347s] Level 1:colcon.colcon_core.package_identification:_identify(src) by extensions ['python_setup_py']
[12.348s] Level 1:colcon.colcon_core.package_identification:_identify(src) by extension 'python_setup_py'
[12.348s] Level 1:colcon.colcon_core.package_identification:_identify(src/my_package) by extensions ['ignore', 'ignore_ament_install']
[12.348s] Level 1:colcon.colcon_core.package_identification:_identify(src/my_package) by extension 'ignore'
[12.348s] Level 1:colcon.colcon_core.package_identification:_identify(src/my_package) by extension 'ignore_ament_install'
[12.348s] Level 1:colcon.colcon_core.package_identification:_identify(src/my_package) by extensions ['colcon_pkg']
[12.348s] Level 1:colcon.colcon_core.package_identification:_identify(src/my_package) by extension 'colcon_pkg'
[12.348s] Level 1:colcon.colcon_core.package_identification:_identify(src/my_package) by extensions ['colcon_meta']
[12.349s] Level 1:colcon.colcon_core.package_identification:_identify(src/my_package) by extension 'colcon_meta'
[12.349s] Level 1:colcon.colcon_core.package_identification:_identify(src/my_package) by extensions ['ros']
[12.349s] Level 1:colcon.colcon_core.package_identification:_identify(src/my_package) by extension 'ros'
[12.363s] DEBUG:colcon.colcon_core.package_identification:Package 'src/my_package' with type 'ros.ament_python' and name 'my_package'
[12.364s] Level 1:colcon.colcon_core.package_discovery:discover_packages(recursive) using defaults
[12.364s] Level 1:colcon.colcon_core.package_discovery:discover_packages(ignore) discover
[12.364s] Level 1:colcon.colcon_core.package_discovery:discover_packages(ignore) using defaults
[12.364s] Level 1:colcon.colcon_core.package_discovery:discover_packages(path) discover
[12.364s] Level 1:colcon.colcon_core.package_discovery:discover_packages(path) using defaults
[13.576s] Level 1:colcon.colcon_core.package_discovery:discover_packages(prefix_path) check parameters
[13.577s] Level 1:colcon.colcon_core.package_discovery:discover_packages(prefix_path) discover
[13.772s] Level 1:colcon.colcon_core.package_discovery:discover_packages(prefix_path) using defaults
[14.200s] Level 5:colcon.colcon_core.verb:set package 'my_package' build argument 'cmake_args' from command line to 'None'
[14.202s] Level 5:colcon.colcon_core.verb:set package 'my_package' build argument 'cmake_target' from command line to 'None'
[14.202s] Level 5:colcon.colcon_core.verb:set package 'my_package' build argument 'cmake_target_skip_unavailable' from command line to 'False'
[14.202s] Level 5:colcon.colcon_core.verb:set package 'my_package' build argument 'cmake_clean_cache' from command line to 'False'
[14.202s] Level 5:colcon.colcon_core.verb:set package 'my_package' build argument 'cmake_clean_first' from command line to 'False'
[14.202s] Level 5:colcon.colcon_core.verb:set package 'my_package' build argument 'cmake_force_configure' from command line to 'False'
[14.202s] Level 5:colcon.colcon_core.verb:set package 'my_package' build argument 'ament_cmake_args' from command line to 'None'
[14.203s] Level 5:colcon.colcon_core.verb:set package 'my_package' build argument 'catkin_cmake_args' from command line to 'None'
[14.203s] Level 5:colcon.colcon_core.verb:set package 'my_package' build argument 'catkin_skip_building_tests' from command line to 'False'
[14.203s] DEBUG:colcon.colcon_core.verb:Building package 'my_package' with the following arguments: {'ament_cmake_args': None, 'build_base': '/home/suho/mid/build/my_package', 'catkin_cmake_args': None, 'catkin_skip_building_tests': False, 'cmake_args': None, 'cmake_clean_cache': False, 'cmake_clean_first': False, 'cmake_force_configure': False, 'cmake_target': None, 'cmake_target_skip_unavailable': False, 'install_base': '/home/suho/mid/install/my_package', 'merge_install': False, 'path': '/home/suho/mid/src/my_package', 'symlink_install': False, 'test_result_base': None}
[14.415s] INFO:colcon.colcon_core.executor:Executing jobs using 'parallel' executor
[14.640s] DEBUG:colcon.colcon_parallel_executor.executor.parallel:run_until_complete
[14.640s] INFO:colcon.colcon_ros.task.ament_python.build:Building ROS package in '/home/suho/mid/src/my_package' with build type 'ament_python'
[14.640s] Level 1:colcon.colcon_core.shell:create_environment_hook('my_package', 'ament_prefix_path')
[14.988s] INFO:colcon.colcon_core.plugin_system:Skipping extension 'colcon_core.shell.bat': Not used on non-Windows systems
[14.990s] INFO:colcon.colcon_core.shell:Creating environment hook '/home/suho/mid/install/my_package/share/my_package/hook/ament_prefix_path.ps1'
[15.000s] INFO:colcon.colcon_core.shell:Creating environment descriptor '/home/suho/mid/install/my_package/share/my_package/hook/ament_prefix_path.dsv'
[15.006s] INFO:colcon.colcon_core.shell:Creating environment hook '/home/suho/mid/install/my_package/share/my_package/hook/ament_prefix_path.sh'
[15.326s] INFO:colcon.colcon_core.shell:Skip shell extension 'powershell' for command environment: Not usable outside of PowerShell
[15.330s] DEBUG:colcon.colcon_core.shell:Skip shell extension 'dsv' for command environment
[16.413s] INFO:colcon.colcon_core.task.python.build:Building Python package in '/home/suho/mid/src/my_package'
[16.993s] INFO:colcon.colcon_core.shell:Skip shell extension 'powershell' for command environment: Not usable outside of PowerShell
[16.993s] DEBUG:colcon.colcon_core.shell:Skip shell extension 'dsv' for command environment
[19.343s] DEBUG:colcon.colcon_core.event_handler.log_command:Invoking command in '/home/suho/mid/src/my_package': PYTHONPATH=/home/suho/mid/build/my_package/prefix_override:/home/suho/mid/install/my_package/lib/python3.8/site-packages: /usr/bin/python3 setup.py egg_info --egg-base ../../build/my_package build --build-base /home/suho/mid/build/my_package/build install --record /home/suho/mid/build/my_package/install.log --install-scripts $base/lib/my_package --single-version-externally-managed
[20.919s] DEBUG:colcon.colcon_core.event_handler.log_command:Invoked command in '/home/suho/mid/src/my_package' returned '0': PYTHONPATH=/home/suho/mid/build/my_package/prefix_override:/home/suho/mid/install/my_package/lib/python3.8/site-packages: /usr/bin/python3 setup.py egg_info --egg-base ../../build/my_package build --build-base /home/suho/mid/build/my_package/build install --record /home/suho/mid/build/my_package/install.log --install-scripts $base/lib/my_package --single-version-externally-managed
[21.277s] Level 1:colcon.colcon_core.environment:checking '/home/suho/mid/install/my_package' for CMake module files
[21.279s] Level 1:colcon.colcon_core.environment:checking '/home/suho/mid/install/my_package' for CMake config files
[21.282s] Level 1:colcon.colcon_core.environment:checking '/home/suho/mid/install/my_package/lib'
[21.283s] Level 1:colcon.colcon_core.environment:checking '/home/suho/mid/install/my_package/bin'
[21.290s] Level 1:colcon.colcon_core.environment:checking '/home/suho/mid/install/my_package/lib/pkgconfig/my_package.pc'
[21.291s] Level 1:colcon.colcon_core.environment:checking '/home/suho/mid/install/my_package/lib/python3.8/site-packages'
[21.292s] Level 1:colcon.colcon_core.shell:create_environment_hook('my_package', 'pythonpath')
[21.610s] INFO:colcon.colcon_core.shell:Creating environment hook '/home/suho/mid/install/my_package/share/my_package/hook/pythonpath.ps1'
[21.620s] INFO:colcon.colcon_core.shell:Creating environment descriptor '/home/suho/mid/install/my_package/share/my_package/hook/pythonpath.dsv'
[21.625s] INFO:colcon.colcon_core.shell:Creating environment hook '/home/suho/mid/install/my_package/share/my_package/hook/pythonpath.sh'
[21.645s] Level 1:colcon.colcon_core.environment:checking '/home/suho/mid/install/my_package/bin'
[21.645s] Level 1:colcon.colcon_core.environment:create_environment_scripts_only(my_package)
[22.388s] INFO:colcon.colcon_core.shell:Creating package script '/home/suho/mid/install/my_package/share/my_package/package.ps1'
[22.414s] INFO:colcon.colcon_core.shell:Creating package descriptor '/home/suho/mid/install/my_package/share/my_package/package.dsv'
[22.420s] INFO:colcon.colcon_core.shell:Creating package script '/home/suho/mid/install/my_package/share/my_package/package.sh'
[22.439s] INFO:colcon.colcon_core.shell:Creating package script '/home/suho/mid/install/my_package/share/my_package/package.bash'
[22.444s] INFO:colcon.colcon_core.shell:Creating package script '/home/suho/mid/install/my_package/share/my_package/package.zsh'
[22.503s] Level 1:colcon.colcon_core.environment:create_file_with_runtime_dependencies(/home/suho/mid/install/my_package/share/colcon-core/packages/my_package)
[22.521s] DEBUG:colcon.colcon_parallel_executor.executor.parallel:closing loop
[22.532s] DEBUG:colcon.colcon_parallel_executor.executor.parallel:loop closed
[22.533s] DEBUG:colcon.colcon_parallel_executor.executor.parallel:run_until_complete finished with '0'
[22.533s] DEBUG:colcon.colcon_core.event_reactor:joining thread
[22.860s] INFO:colcon.colcon_core.plugin_system:Skipping extension 'colcon_notification.desktop_notification.terminal_notifier': Not used on non-Darwin systems
[22.861s] INFO:colcon.colcon_core.plugin_system:Skipping extension 'colcon_notification.desktop_notification.win32': Not used on non-Windows systems
[22.861s] INFO:colcon.colcon_notification.desktop_notification:Sending desktop notification using 'notify2'
[22.938s] DEBUG:colcon.colcon_core.event_reactor:joined thread
[23.229s] INFO:colcon.colcon_core.shell:Creating prefix script '/home/suho/mid/install/local_setup.ps1'
[23.239s] INFO:colcon.colcon_core.shell:Creating prefix util module '/home/suho/mid/install/_local_setup_util_ps1.py'
[23.263s] INFO:colcon.colcon_core.shell:Creating prefix chain script '/home/suho/mid/install/setup.ps1'
[23.507s] INFO:colcon.colcon_core.shell:Creating prefix script '/home/suho/mid/install/local_setup.sh'
[23.516s] INFO:colcon.colcon_core.shell:Creating prefix util module '/home/suho/mid/install/_local_setup_util_sh.py'
[23.585s] INFO:colcon.colcon_core.shell:Creating prefix chain script '/home/suho/mid/install/setup.sh'
[23.802s] INFO:colcon.colcon_core.shell:Creating prefix script '/home/suho/mid/install/local_setup.bash'
[23.804s] INFO:colcon.colcon_core.shell:Creating prefix chain script '/home/suho/mid/install/setup.bash'
[24.010s] INFO:colcon.colcon_core.shell:Creating prefix script '/home/suho/mid/install/local_setup.zsh'
[24.012s] INFO:colcon.colcon_core.shell:Creating prefix chain script '/home/suho/mid/install/setup.zsh'
