[6.459s] Invoking command in '/home/suho/mid/src/my_package': PYTHONPATH=/home/suho/mid/build/my_package/prefix_override:/home/suho/mid/install/my_package/lib/python3.8/site-packages: /usr/bin/python3 setup.py egg_info --egg-base ../../build/my_package build --build-base /home/suho/mid/build/my_package/build install --record /home/suho/mid/build/my_package/install.log --install-scripts $base/lib/my_package --single-version-externally-managed
[7.170s] running egg_info
[7.173s] writing ../../build/my_package/my_package.egg-info/PKG-INFO
[7.210s] writing dependency_links to ../../build/my_package/my_package.egg-info/dependency_links.txt
[7.284s] writing entry points to ../../build/my_package/my_package.egg-info/entry_points.txt
[7.285s] writing requirements to ../../build/my_package/my_package.egg-info/requires.txt
[7.286s] writing top-level names to ../../build/my_package/my_package.egg-info/top_level.txt
[7.840s] reading manifest file '../../build/my_package/my_package.egg-info/SOURCES.txt'
[7.907s] writing manifest file '../../build/my_package/my_package.egg-info/SOURCES.txt'
[7.945s] running build
[7.946s] running build_py
[7.960s] copying my_package/my_node.py -> /home/suho/mid/build/my_package/build/lib/my_package
[7.960s] running install
[7.986s] running install_lib
[7.986s] copying /home/suho/mid/build/my_package/build/lib/my_package/my_node.py -> /home/suho/mid/install/my_package/lib/python3.8/site-packages/my_package
[8.003s] byte-compiling /home/suho/mid/install/my_package/lib/python3.8/site-packages/my_package/my_node.py to my_node.cpython-38.pyc
[8.033s] running install_data
[8.036s] running install_egg_info
[8.043s] removing '/home/suho/mid/install/my_package/lib/python3.8/site-packages/my_package-0.0.0-py3.8.egg-info' (and everything under it)
[8.043s] Copying ../../build/my_package/my_package.egg-info to /home/suho/mid/install/my_package/lib/python3.8/site-packages/my_package-0.0.0-py3.8.egg-info
[8.071s] running install_scripts
[8.164s] Installing my_node script to /home/suho/mid/install/my_package/lib/my_package
[8.164s] writing list of installed files to '/home/suho/mid/build/my_package/install.log'
[8.471s] Invoked command in '/home/suho/mid/src/my_package' returned '0': PYTHONPATH=/home/suho/mid/build/my_package/prefix_override:/home/suho/mid/install/my_package/lib/python3.8/site-packages: /usr/bin/python3 setup.py egg_info --egg-base ../../build/my_package build --build-base /home/suho/mid/build/my_package/build install --record /home/suho/mid/build/my_package/install.log --install-scripts $base/lib/my_package --single-version-externally-managed
