[11.803s] DEBUG:colcon:Command line arguments: ['/usr/bin/colcon', 'build']
[11.803s] DEBUG:colcon:Parsed command line arguments: Namespace(allow_overriding=[], ament_cmake_args=None, base_paths=['.'], build_base='build', catkin_cmake_args=None, catkin_skip_building_tests=False, cmake_args=None, cmake_clean_cache=False, cmake_clean_first=False, cmake_force_configure=False, cmake_target=None, cmake_target_skip_unavailable=False, continue_on_error=False, event_handlers=None, executor='parallel', ignore_user_meta=False, install_base='install', log_base=None, log_level=None, main=<bound method BuildVerb.main of <colcon_core.verb.build.BuildVerb object at 0x7f9a0a7950a0>>, merge_install=False, metas=['./colcon.meta'], packages_above=None, packages_above_and_dependencies=None, packages_above_depth=None, packages_end=None, packages_ignore=None, packages_ignore_regex=None, packages_select=None, packages_select_build_failed=False, packages_select_by_dep=None, packages_select_regex=None, packages_select_test_failures=False, packages_skip=None, packages_skip_build_finished=False, packages_skip_by_dep=None, packages_skip_regex=None, packages_skip_test_passed=False, packages_skip_up_to=None, packages_start=None, packages_up_to=None, packages_up_to_regex=None, parallel_workers=6, paths=None, symlink_install=False, test_result_base=None, verb_extension=<colcon_core.verb.build.BuildVerb object at 0x7f9a0a7950a0>, verb_name='build', verb_parser=<colcon_defaults.argument_parser.defaults.DefaultArgumentsDecorator object at 0x7f9a0a46e310>)
[12.281s] Level 1:colcon.colcon_core.package_discovery:discover_packages(colcon_meta) check parameters
[12.282s] Level 1:colcon.colcon_core.package_discovery:discover_packages(recursive) check parameters
[12.282s] Level 1:colcon.colcon_core.package_discovery:discover_packages(ignore) check parameters
[12.282s] Level 1:colcon.colcon_core.package_discovery:discover_packages(path) check parameters
[12.282s] Level 1:colcon.colcon_core.package_discovery:discover_packages(colcon_meta) discover
[12.283s] Level 1:colcon.colcon_core.package_discovery:discover_packages(recursive) discover
[12.283s] INFO:colcon.colcon_core.package_discovery:Crawling recursively for packages in '/home/suho/mid'
[12.283s] Level 1:colcon.colcon_core.package_identification:_identify(.) by extensions ['ignore', 'ignore_ament_install']
[12.283s] Level 1:colcon.colcon_core.package_identification:_identify(.) by extension 'ignore'
[12.292s] Level 1:colcon.colcon_core.package_identification:_identify(.) by extension 'ignore_ament_install'
[12.292s] Level 1:colcon.colcon_core.package_identification:_identify(.) by extensions ['colcon_pkg']
[12.293s] Level 1:colcon.colcon_core.package_identification:_identify(.) by extension 'colcon_pkg'
[12.293s] Level 1:colcon.colcon_core.package_identification:_identify(.) by extensions ['colcon_meta']
[12.294s] Level 1:colcon.colcon_core.package_identification:_identify(.) by extension 'colcon_meta'
[12.294s] Level 1:colcon.colcon_core.package_identification:_identify(.) by extensions ['ros']
[12.294s] Level 1:colcon.colcon_core.package_identification:_identify(.) by extension 'ros'
[12.324s] Level 1:colcon.colcon_core.package_identification:_identify(.) by extensions ['cmake', 'python']
[12.324s] Level 1:colcon.colcon_core.package_identification:_identify(.) by extension 'cmake'
[12.325s] Level 1:colcon.colcon_core.package_identification:_identify(.) by extension 'python'
[12.325s] Level 1:colcon.colcon_core.package_identification:_identify(.) by extensions ['python_setup_py']
[12.325s] Level 1:colcon.colcon_core.package_identification:_identify(.) by extension 'python_setup_py'
[12.325s] Level 1:colcon.colcon_core.package_identification:_identify(build) by extensions ['ignore', 'ignore_ament_install']
[12.326s] Level 1:colcon.colcon_core.package_identification:_identify(build) by extension 'ignore'
[12.326s] Level 1:colcon.colcon_core.package_identification:_identify(build) ignored
[12.327s] Level 1:colcon.colcon_core.package_identification:_identify(install) by extensions ['ignore', 'ignore_ament_install']
[12.327s] Level 1:colcon.colcon_core.package_identification:_identify(install) by extension 'ignore'
[12.327s] Level 1:colcon.colcon_core.package_identification:_identify(install) ignored
[12.328s] Level 1:colcon.colcon_core.package_identification:_identify(log) by extensions ['ignore', 'ignore_ament_install']
[12.332s] Level 1:colcon.colcon_core.package_identification:_identify(log) by extension 'ignore'
[12.333s] Level 1:colcon.colcon_core.package_identification:_identify(log) ignored
[12.333s] Level 1:colcon.colcon_core.package_identification:_identify(src) by extensions ['ignore', 'ignore_ament_install']
[12.334s] Level 1:colcon.colcon_core.package_identification:_identify(src) by extension 'ignore'
[12.334s] Level 1:colcon.colcon_core.package_identification:_identify(src) by extension 'ignore_ament_install'
[12.334s] Level 1:colcon.colcon_core.package_identification:_identify(src) by extensions ['colcon_pkg']
[12.334s] Level 1:colcon.colcon_core.package_identification:_identify(src) by extension 'colcon_pkg'
[12.334s] Level 1:colcon.colcon_core.package_identification:_identify(src) by extensions ['colcon_meta']
[12.334s] Level 1:colcon.colcon_core.package_identification:_identify(src) by extension 'colcon_meta'
[12.334s] Level 1:colcon.colcon_core.package_identification:_identify(src) by extensions ['ros']
[12.334s] Level 1:colcon.colcon_core.package_identification:_identify(src) by extension 'ros'
[12.334s] Level 1:colcon.colcon_core.package_identification:_identify(src) by extensions ['cmake', 'python']
[12.334s] Level 1:colcon.colcon_core.package_identification:_identify(src) by extension 'cmake'
[12.335s] Level 1:colcon.colcon_core.package_identification:_identify(src) by extension 'python'
[12.335s] Level 1:colcon.colcon_core.package_identification:_identify(src) by extensions ['python_setup_py']
[12.335s] Level 1:colcon.colcon_core.package_identification:_identify(src) by extension 'python_setup_py'
[12.335s] Level 1:colcon.colcon_core.package_identification:_identify(src/my_package) by extensions ['ignore', 'ignore_ament_install']
[12.335s] Level 1:colcon.colcon_core.package_identification:_identify(src/my_package) by extension 'ignore'
[12.335s] Level 1:colcon.colcon_core.package_identification:_identify(src/my_package) by extension 'ignore_ament_install'
[12.347s] Level 1:colcon.colcon_core.package_identification:_identify(src/my_package) by extensions ['colcon_pkg']
[12.347s] Level 1:colcon.colcon_core.package_identification:_identify(src/my_package) by extension 'colcon_pkg'
[12.348s] Level 1:colcon.colcon_core.package_identification:_identify(src/my_package) by extensions ['colcon_meta']
[12.348s] Level 1:colcon.colcon_core.package_identification:_identify(src/my_package) by extension 'colcon_meta'
[12.349s] Level 1:colcon.colcon_core.package_identification:_identify(src/my_package) by extensions ['ros']
[12.349s] Level 1:colcon.colcon_core.package_identification:_identify(src/my_package) by extension 'ros'
[12.356s] DEBUG:colcon.colcon_core.package_identification:Package 'src/my_package' with type 'ros.ament_python' and name 'my_package'
[12.358s] Level 1:colcon.colcon_core.package_discovery:discover_packages(recursive) using defaults
[12.358s] Level 1:colcon.colcon_core.package_discovery:discover_packages(ignore) discover
[12.358s] Level 1:colcon.colcon_core.package_discovery:discover_packages(ignore) using defaults
[12.359s] Level 1:colcon.colcon_core.package_discovery:discover_packages(path) discover
[12.359s] Level 1:colcon.colcon_core.package_discovery:discover_packages(path) using defaults
[13.491s] Level 1:colcon.colcon_core.package_discovery:discover_packages(prefix_path) check parameters
[13.492s] Level 1:colcon.colcon_core.package_discovery:discover_packages(prefix_path) discover
[13.702s] Level 1:colcon.colcon_core.package_discovery:discover_packages(prefix_path) using defaults
[14.143s] Level 5:colcon.colcon_core.verb:set package 'my_package' build argument 'cmake_args' from command line to 'None'
[14.144s] Level 5:colcon.colcon_core.verb:set package 'my_package' build argument 'cmake_target' from command line to 'None'
[14.144s] Level 5:colcon.colcon_core.verb:set package 'my_package' build argument 'cmake_target_skip_unavailable' from command line to 'False'
[14.144s] Level 5:colcon.colcon_core.verb:set package 'my_package' build argument 'cmake_clean_cache' from command line to 'False'
[14.144s] Level 5:colcon.colcon_core.verb:set package 'my_package' build argument 'cmake_clean_first' from command line to 'False'
[14.144s] Level 5:colcon.colcon_core.verb:set package 'my_package' build argument 'cmake_force_configure' from command line to 'False'
[14.144s] Level 5:colcon.colcon_core.verb:set package 'my_package' build argument 'ament_cmake_args' from command line to 'None'
[14.144s] Level 5:colcon.colcon_core.verb:set package 'my_package' build argument 'catkin_cmake_args' from command line to 'None'
[14.145s] Level 5:colcon.colcon_core.verb:set package 'my_package' build argument 'catkin_skip_building_tests' from command line to 'False'
[14.145s] DEBUG:colcon.colcon_core.verb:Building package 'my_package' with the following arguments: {'ament_cmake_args': None, 'build_base': '/home/suho/mid/build/my_package', 'catkin_cmake_args': None, 'catkin_skip_building_tests': False, 'cmake_args': None, 'cmake_clean_cache': False, 'cmake_clean_first': False, 'cmake_force_configure': False, 'cmake_target': None, 'cmake_target_skip_unavailable': False, 'install_base': '/home/suho/mid/install/my_package', 'merge_install': False, 'path': '/home/suho/mid/src/my_package', 'symlink_install': False, 'test_result_base': None}
[14.359s] INFO:colcon.colcon_core.executor:Executing jobs using 'parallel' executor
[14.596s] DEBUG:colcon.colcon_parallel_executor.executor.parallel:run_until_complete
[14.598s] INFO:colcon.colcon_ros.task.ament_python.build:Building ROS package in '/home/suho/mid/src/my_package' with build type 'ament_python'
[14.599s] Level 1:colcon.colcon_core.shell:create_environment_hook('my_package', 'ament_prefix_path')
[14.879s] INFO:colcon.colcon_core.plugin_system:Skipping extension 'colcon_core.shell.bat': Not used on non-Windows systems
[14.883s] INFO:colcon.colcon_core.shell:Creating environment hook '/home/suho/mid/install/my_package/share/my_package/hook/ament_prefix_path.ps1'
[14.890s] INFO:colcon.colcon_core.shell:Creating environment descriptor '/home/suho/mid/install/my_package/share/my_package/hook/ament_prefix_path.dsv'
[14.923s] INFO:colcon.colcon_core.shell:Creating environment hook '/home/suho/mid/install/my_package/share/my_package/hook/ament_prefix_path.sh'
[15.496s] INFO:colcon.colcon_core.shell:Skip shell extension 'powershell' for command environment: Not usable outside of PowerShell
[15.496s] DEBUG:colcon.colcon_core.shell:Skip shell extension 'dsv' for command environment
[16.710s] INFO:colcon.colcon_core.task.python.build:Building Python package in '/home/suho/mid/src/my_package'
[17.185s] INFO:colcon.colcon_core.shell:Skip shell extension 'powershell' for command environment: Not usable outside of PowerShell
[17.185s] DEBUG:colcon.colcon_core.shell:Skip shell extension 'dsv' for command environment
[19.133s] DEBUG:colcon.colcon_core.event_handler.log_command:Invoking command in '/home/suho/mid/src/my_package': PYTHONPATH=/home/suho/mid/build/my_package/prefix_override:/home/suho/mid/install/my_package/lib/python3.8/site-packages: /usr/bin/python3 setup.py egg_info --egg-base ../../build/my_package build --build-base /home/suho/mid/build/my_package/build install --record /home/suho/mid/build/my_package/install.log --install-scripts $base/lib/my_package --single-version-externally-managed
[20.243s] DEBUG:colcon.colcon_core.event_handler.log_command:Invoked command in '/home/suho/mid/src/my_package' returned '0': PYTHONPATH=/home/suho/mid/build/my_package/prefix_override:/home/suho/mid/install/my_package/lib/python3.8/site-packages: /usr/bin/python3 setup.py egg_info --egg-base ../../build/my_package build --build-base /home/suho/mid/build/my_package/build install --record /home/suho/mid/build/my_package/install.log --install-scripts $base/lib/my_package --single-version-externally-managed
[20.489s] Level 1:colcon.colcon_core.environment:checking '/home/suho/mid/install/my_package' for CMake module files
[20.491s] Level 1:colcon.colcon_core.environment:checking '/home/suho/mid/install/my_package' for CMake config files
[20.501s] Level 1:colcon.colcon_core.environment:checking '/home/suho/mid/install/my_package/lib'
[20.501s] Level 1:colcon.colcon_core.environment:checking '/home/suho/mid/install/my_package/bin'
[20.502s] Level 1:colcon.colcon_core.environment:checking '/home/suho/mid/install/my_package/lib/pkgconfig/my_package.pc'
[20.506s] Level 1:colcon.colcon_core.environment:checking '/home/suho/mid/install/my_package/lib/python3.8/site-packages'
[20.507s] Level 1:colcon.colcon_core.shell:create_environment_hook('my_package', 'pythonpath')
[20.925s] INFO:colcon.colcon_core.shell:Creating environment hook '/home/suho/mid/install/my_package/share/my_package/hook/pythonpath.ps1'
[20.928s] INFO:colcon.colcon_core.shell:Creating environment descriptor '/home/suho/mid/install/my_package/share/my_package/hook/pythonpath.dsv'
[20.933s] INFO:colcon.colcon_core.shell:Creating environment hook '/home/suho/mid/install/my_package/share/my_package/hook/pythonpath.sh'
[20.939s] Level 1:colcon.colcon_core.environment:checking '/home/suho/mid/install/my_package/bin'
[20.940s] Level 1:colcon.colcon_core.environment:create_environment_scripts_only(my_package)
[21.243s] INFO:colcon.colcon_core.shell:Creating package script '/home/suho/mid/install/my_package/share/my_package/package.ps1'
[21.304s] INFO:colcon.colcon_core.shell:Creating package descriptor '/home/suho/mid/install/my_package/share/my_package/package.dsv'
[21.310s] INFO:colcon.colcon_core.shell:Creating package script '/home/suho/mid/install/my_package/share/my_package/package.sh'
[21.363s] INFO:colcon.colcon_core.shell:Creating package script '/home/suho/mid/install/my_package/share/my_package/package.bash'
[21.383s] INFO:colcon.colcon_core.shell:Creating package script '/home/suho/mid/install/my_package/share/my_package/package.zsh'
[21.457s] Level 1:colcon.colcon_core.environment:create_file_with_runtime_dependencies(/home/suho/mid/install/my_package/share/colcon-core/packages/my_package)
[21.485s] DEBUG:colcon.colcon_parallel_executor.executor.parallel:closing loop
[21.496s] DEBUG:colcon.colcon_parallel_executor.executor.parallel:loop closed
[21.497s] DEBUG:colcon.colcon_parallel_executor.executor.parallel:run_until_complete finished with '0'
[21.501s] DEBUG:colcon.colcon_core.event_reactor:joining thread
[21.944s] INFO:colcon.colcon_core.plugin_system:Skipping extension 'colcon_notification.desktop_notification.terminal_notifier': Not used on non-Darwin systems
[21.945s] INFO:colcon.colcon_core.plugin_system:Skipping extension 'colcon_notification.desktop_notification.win32': Not used on non-Windows systems
[21.945s] INFO:colcon.colcon_notification.desktop_notification:Sending desktop notification using 'notify2'
[21.995s] DEBUG:colcon.colcon_core.event_reactor:joined thread
[22.359s] INFO:colcon.colcon_core.shell:Creating prefix script '/home/suho/mid/install/local_setup.ps1'
[22.367s] INFO:colcon.colcon_core.shell:Creating prefix util module '/home/suho/mid/install/_local_setup_util_ps1.py'
[22.372s] INFO:colcon.colcon_core.shell:Creating prefix chain script '/home/suho/mid/install/setup.ps1'
[22.632s] INFO:colcon.colcon_core.shell:Creating prefix script '/home/suho/mid/install/local_setup.sh'
[22.635s] INFO:colcon.colcon_core.shell:Creating prefix util module '/home/suho/mid/install/_local_setup_util_sh.py'
[22.659s] INFO:colcon.colcon_core.shell:Creating prefix chain script '/home/suho/mid/install/setup.sh'
[22.925s] INFO:colcon.colcon_core.shell:Creating prefix script '/home/suho/mid/install/local_setup.bash'
[22.929s] INFO:colcon.colcon_core.shell:Creating prefix chain script '/home/suho/mid/install/setup.bash'
[23.150s] INFO:colcon.colcon_core.shell:Creating prefix script '/home/suho/mid/install/local_setup.zsh'
[23.152s] INFO:colcon.colcon_core.shell:Creating prefix chain script '/home/suho/mid/install/setup.zsh'
