[11.918s] DEBUG:colcon:Command line arguments: ['/usr/bin/colcon', 'build']
[11.918s] DEBUG:colcon:Parsed command line arguments: Namespace(allow_overriding=[], ament_cmake_args=None, base_paths=['.'], build_base='build', catkin_cmake_args=None, catkin_skip_building_tests=False, cmake_args=None, cmake_clean_cache=False, cmake_clean_first=False, cmake_force_configure=False, cmake_target=None, cmake_target_skip_unavailable=False, continue_on_error=False, event_handlers=None, executor='parallel', ignore_user_meta=False, install_base='install', log_base=None, log_level=None, main=<bound method BuildVerb.main of <colcon_core.verb.build.BuildVerb object at 0x7f086c9130a0>>, merge_install=False, metas=['./colcon.meta'], packages_above=None, packages_above_and_dependencies=None, packages_above_depth=None, packages_end=None, packages_ignore=None, packages_ignore_regex=None, packages_select=None, packages_select_build_failed=False, packages_select_by_dep=None, packages_select_regex=None, packages_select_test_failures=False, packages_skip=None, packages_skip_build_finished=False, packages_skip_by_dep=None, packages_skip_regex=None, packages_skip_test_passed=False, packages_skip_up_to=None, packages_start=None, packages_up_to=None, packages_up_to_regex=None, parallel_workers=6, paths=None, symlink_install=False, test_result_base=None, verb_extension=<colcon_core.verb.build.BuildVerb object at 0x7f086c9130a0>, verb_name='build', verb_parser=<colcon_defaults.argument_parser.defaults.DefaultArgumentsDecorator object at 0x7f086c5ec4f0>)
[12.428s] Level 1:colcon.colcon_core.package_discovery:discover_packages(colcon_meta) check parameters
[12.429s] Level 1:colcon.colcon_core.package_discovery:discover_packages(recursive) check parameters
[12.429s] Level 1:colcon.colcon_core.package_discovery:discover_packages(ignore) check parameters
[12.429s] Level 1:colcon.colcon_core.package_discovery:discover_packages(path) check parameters
[12.429s] Level 1:colcon.colcon_core.package_discovery:discover_packages(colcon_meta) discover
[12.429s] Level 1:colcon.colcon_core.package_discovery:discover_packages(recursive) discover
[12.429s] INFO:colcon.colcon_core.package_discovery:Crawling recursively for packages in '/home/suho/mid'
[12.429s] Level 1:colcon.colcon_core.package_identification:_identify(.) by extensions ['ignore', 'ignore_ament_install']
[12.430s] Level 1:colcon.colcon_core.package_identification:_identify(.) by extension 'ignore'
[12.430s] Level 1:colcon.colcon_core.package_identification:_identify(.) by extension 'ignore_ament_install'
[12.430s] Level 1:colcon.colcon_core.package_identification:_identify(.) by extensions ['colcon_pkg']
[12.430s] Level 1:colcon.colcon_core.package_identification:_identify(.) by extension 'colcon_pkg'
[12.430s] Level 1:colcon.colcon_core.package_identification:_identify(.) by extensions ['colcon_meta']
[12.430s] Level 1:colcon.colcon_core.package_identification:_identify(.) by extension 'colcon_meta'
[12.430s] Level 1:colcon.colcon_core.package_identification:_identify(.) by extensions ['ros']
[12.430s] Level 1:colcon.colcon_core.package_identification:_identify(.) by extension 'ros'
[12.491s] Level 1:colcon.colcon_core.package_identification:_identify(.) by extensions ['cmake', 'python']
[12.492s] Level 1:colcon.colcon_core.package_identification:_identify(.) by extension 'cmake'
[12.492s] Level 1:colcon.colcon_core.package_identification:_identify(.) by extension 'python'
[12.492s] Level 1:colcon.colcon_core.package_identification:_identify(.) by extensions ['python_setup_py']
[12.492s] Level 1:colcon.colcon_core.package_identification:_identify(.) by extension 'python_setup_py'
[12.492s] Level 1:colcon.colcon_core.package_identification:_identify(build) by extensions ['ignore', 'ignore_ament_install']
[12.493s] Level 1:colcon.colcon_core.package_identification:_identify(build) by extension 'ignore'
[12.493s] Level 1:colcon.colcon_core.package_identification:_identify(build) ignored
[12.494s] Level 1:colcon.colcon_core.package_identification:_identify(install) by extensions ['ignore', 'ignore_ament_install']
[12.494s] Level 1:colcon.colcon_core.package_identification:_identify(install) by extension 'ignore'
[12.494s] Level 1:colcon.colcon_core.package_identification:_identify(install) ignored
[12.495s] Level 1:colcon.colcon_core.package_identification:_identify(log) by extensions ['ignore', 'ignore_ament_install']
[12.495s] Level 1:colcon.colcon_core.package_identification:_identify(log) by extension 'ignore'
[12.495s] Level 1:colcon.colcon_core.package_identification:_identify(log) ignored
[12.495s] Level 1:colcon.colcon_core.package_identification:_identify(src) by extensions ['ignore', 'ignore_ament_install']
[12.495s] Level 1:colcon.colcon_core.package_identification:_identify(src) by extension 'ignore'
[12.496s] Level 1:colcon.colcon_core.package_identification:_identify(src) by extension 'ignore_ament_install'
[12.496s] Level 1:colcon.colcon_core.package_identification:_identify(src) by extensions ['colcon_pkg']
[12.496s] Level 1:colcon.colcon_core.package_identification:_identify(src) by extension 'colcon_pkg'
[12.496s] Level 1:colcon.colcon_core.package_identification:_identify(src) by extensions ['colcon_meta']
[12.496s] Level 1:colcon.colcon_core.package_identification:_identify(src) by extension 'colcon_meta'
[12.496s] Level 1:colcon.colcon_core.package_identification:_identify(src) by extensions ['ros']
[12.496s] Level 1:colcon.colcon_core.package_identification:_identify(src) by extension 'ros'
[12.497s] Level 1:colcon.colcon_core.package_identification:_identify(src) by extensions ['cmake', 'python']
[12.498s] Level 1:colcon.colcon_core.package_identification:_identify(src) by extension 'cmake'
[12.498s] Level 1:colcon.colcon_core.package_identification:_identify(src) by extension 'python'
[12.498s] Level 1:colcon.colcon_core.package_identification:_identify(src) by extensions ['python_setup_py']
[12.498s] Level 1:colcon.colcon_core.package_identification:_identify(src) by extension 'python_setup_py'
[12.498s] Level 1:colcon.colcon_core.package_identification:_identify(src/my_package) by extensions ['ignore', 'ignore_ament_install']
[12.499s] Level 1:colcon.colcon_core.package_identification:_identify(src/my_package) by extension 'ignore'
[12.499s] Level 1:colcon.colcon_core.package_identification:_identify(src/my_package) by extension 'ignore_ament_install'
[12.499s] Level 1:colcon.colcon_core.package_identification:_identify(src/my_package) by extensions ['colcon_pkg']
[12.499s] Level 1:colcon.colcon_core.package_identification:_identify(src/my_package) by extension 'colcon_pkg'
[12.499s] Level 1:colcon.colcon_core.package_identification:_identify(src/my_package) by extensions ['colcon_meta']
[12.499s] Level 1:colcon.colcon_core.package_identification:_identify(src/my_package) by extension 'colcon_meta'
[12.500s] Level 1:colcon.colcon_core.package_identification:_identify(src/my_package) by extensions ['ros']
[12.500s] Level 1:colcon.colcon_core.package_identification:_identify(src/my_package) by extension 'ros'
[12.508s] DEBUG:colcon.colcon_core.package_identification:Package 'src/my_package' with type 'ros.ament_python' and name 'my_package'
[12.508s] Level 1:colcon.colcon_core.package_discovery:discover_packages(recursive) using defaults
[12.509s] Level 1:colcon.colcon_core.package_discovery:discover_packages(ignore) discover
[12.509s] Level 1:colcon.colcon_core.package_discovery:discover_packages(ignore) using defaults
[12.509s] Level 1:colcon.colcon_core.package_discovery:discover_packages(path) discover
[12.509s] Level 1:colcon.colcon_core.package_discovery:discover_packages(path) using defaults
[13.929s] Level 1:colcon.colcon_core.package_discovery:discover_packages(prefix_path) check parameters
[13.929s] Level 1:colcon.colcon_core.package_discovery:discover_packages(prefix_path) discover
[14.120s] Level 1:colcon.colcon_core.package_discovery:discover_packages(prefix_path) using defaults
[14.532s] Level 5:colcon.colcon_core.verb:set package 'my_package' build argument 'cmake_args' from command line to 'None'
[14.532s] Level 5:colcon.colcon_core.verb:set package 'my_package' build argument 'cmake_target' from command line to 'None'
[14.532s] Level 5:colcon.colcon_core.verb:set package 'my_package' build argument 'cmake_target_skip_unavailable' from command line to 'False'
[14.532s] Level 5:colcon.colcon_core.verb:set package 'my_package' build argument 'cmake_clean_cache' from command line to 'False'
[14.532s] Level 5:colcon.colcon_core.verb:set package 'my_package' build argument 'cmake_clean_first' from command line to 'False'
[14.532s] Level 5:colcon.colcon_core.verb:set package 'my_package' build argument 'cmake_force_configure' from command line to 'False'
[14.532s] Level 5:colcon.colcon_core.verb:set package 'my_package' build argument 'ament_cmake_args' from command line to 'None'
[14.532s] Level 5:colcon.colcon_core.verb:set package 'my_package' build argument 'catkin_cmake_args' from command line to 'None'
[14.533s] Level 5:colcon.colcon_core.verb:set package 'my_package' build argument 'catkin_skip_building_tests' from command line to 'False'
[14.533s] DEBUG:colcon.colcon_core.verb:Building package 'my_package' with the following arguments: {'ament_cmake_args': None, 'build_base': '/home/suho/mid/build/my_package', 'catkin_cmake_args': None, 'catkin_skip_building_tests': False, 'cmake_args': None, 'cmake_clean_cache': False, 'cmake_clean_first': False, 'cmake_force_configure': False, 'cmake_target': None, 'cmake_target_skip_unavailable': False, 'install_base': '/home/suho/mid/install/my_package', 'merge_install': False, 'path': '/home/suho/mid/src/my_package', 'symlink_install': False, 'test_result_base': None}
[14.768s] INFO:colcon.colcon_core.executor:Executing jobs using 'parallel' executor
[14.978s] DEBUG:colcon.colcon_parallel_executor.executor.parallel:run_until_complete
[14.988s] INFO:colcon.colcon_ros.task.ament_python.build:Building ROS package in '/home/suho/mid/src/my_package' with build type 'ament_python'
[14.989s] Level 1:colcon.colcon_core.shell:create_environment_hook('my_package', 'ament_prefix_path')
[15.245s] INFO:colcon.colcon_core.plugin_system:Skipping extension 'colcon_core.shell.bat': Not used on non-Windows systems
[15.249s] INFO:colcon.colcon_core.shell:Creating environment hook '/home/suho/mid/install/my_package/share/my_package/hook/ament_prefix_path.ps1'
[15.251s] INFO:colcon.colcon_core.shell:Creating environment descriptor '/home/suho/mid/install/my_package/share/my_package/hook/ament_prefix_path.dsv'
[15.269s] INFO:colcon.colcon_core.shell:Creating environment hook '/home/suho/mid/install/my_package/share/my_package/hook/ament_prefix_path.sh'
[15.705s] INFO:colcon.colcon_core.shell:Skip shell extension 'powershell' for command environment: Not usable outside of PowerShell
[15.705s] DEBUG:colcon.colcon_core.shell:Skip shell extension 'dsv' for command environment
[17.022s] INFO:colcon.colcon_core.task.python.build:Building Python package in '/home/suho/mid/src/my_package'
[17.672s] INFO:colcon.colcon_core.shell:Skip shell extension 'powershell' for command environment: Not usable outside of PowerShell
[17.672s] DEBUG:colcon.colcon_core.shell:Skip shell extension 'dsv' for command environment
[20.544s] DEBUG:colcon.colcon_core.event_handler.log_command:Invoking command in '/home/suho/mid/src/my_package': PYTHONPATH=/home/suho/mid/build/my_package/prefix_override:/home/suho/mid/install/my_package/lib/python3.8/site-packages: /usr/bin/python3 setup.py egg_info --egg-base ../../build/my_package build --build-base /home/suho/mid/build/my_package/build install --record /home/suho/mid/build/my_package/install.log --install-scripts $base/lib/my_package --single-version-externally-managed
[21.784s] DEBUG:colcon.colcon_core.event_handler.log_command:Invoked command in '/home/suho/mid/src/my_package' returned '0': PYTHONPATH=/home/suho/mid/build/my_package/prefix_override:/home/suho/mid/install/my_package/lib/python3.8/site-packages: /usr/bin/python3 setup.py egg_info --egg-base ../../build/my_package build --build-base /home/suho/mid/build/my_package/build install --record /home/suho/mid/build/my_package/install.log --install-scripts $base/lib/my_package --single-version-externally-managed
[22.332s] Level 1:colcon.colcon_core.environment:checking '/home/suho/mid/install/my_package' for CMake module files
[22.333s] Level 1:colcon.colcon_core.environment:checking '/home/suho/mid/install/my_package' for CMake config files
[22.335s] Level 1:colcon.colcon_core.environment:checking '/home/suho/mid/install/my_package/lib'
[22.336s] Level 1:colcon.colcon_core.environment:checking '/home/suho/mid/install/my_package/bin'
[22.336s] Level 1:colcon.colcon_core.environment:checking '/home/suho/mid/install/my_package/lib/pkgconfig/my_package.pc'
[22.337s] Level 1:colcon.colcon_core.environment:checking '/home/suho/mid/install/my_package/lib/python3.8/site-packages'
[22.349s] Level 1:colcon.colcon_core.shell:create_environment_hook('my_package', 'pythonpath')
[23.063s] INFO:colcon.colcon_core.shell:Creating environment hook '/home/suho/mid/install/my_package/share/my_package/hook/pythonpath.ps1'
[23.065s] INFO:colcon.colcon_core.shell:Creating environment descriptor '/home/suho/mid/install/my_package/share/my_package/hook/pythonpath.dsv'
[23.076s] INFO:colcon.colcon_core.shell:Creating environment hook '/home/suho/mid/install/my_package/share/my_package/hook/pythonpath.sh'
[23.084s] Level 1:colcon.colcon_core.environment:checking '/home/suho/mid/install/my_package/bin'
[23.085s] Level 1:colcon.colcon_core.environment:create_environment_scripts_only(my_package)
[23.442s] INFO:colcon.colcon_core.shell:Creating package script '/home/suho/mid/install/my_package/share/my_package/package.ps1'
[23.459s] INFO:colcon.colcon_core.shell:Creating package descriptor '/home/suho/mid/install/my_package/share/my_package/package.dsv'
[23.484s] INFO:colcon.colcon_core.shell:Creating package script '/home/suho/mid/install/my_package/share/my_package/package.sh'
[23.488s] INFO:colcon.colcon_core.shell:Creating package script '/home/suho/mid/install/my_package/share/my_package/package.bash'
[23.497s] INFO:colcon.colcon_core.shell:Creating package script '/home/suho/mid/install/my_package/share/my_package/package.zsh'
[23.514s] Level 1:colcon.colcon_core.environment:create_file_with_runtime_dependencies(/home/suho/mid/install/my_package/share/colcon-core/packages/my_package)
[23.515s] DEBUG:colcon.colcon_parallel_executor.executor.parallel:closing loop
[23.516s] DEBUG:colcon.colcon_parallel_executor.executor.parallel:loop closed
[23.516s] DEBUG:colcon.colcon_parallel_executor.executor.parallel:run_until_complete finished with '0'
[23.516s] DEBUG:colcon.colcon_core.event_reactor:joining thread
[23.839s] INFO:colcon.colcon_core.plugin_system:Skipping extension 'colcon_notification.desktop_notification.terminal_notifier': Not used on non-Darwin systems
[23.848s] INFO:colcon.colcon_core.plugin_system:Skipping extension 'colcon_notification.desktop_notification.win32': Not used on non-Windows systems
[23.848s] INFO:colcon.colcon_notification.desktop_notification:Sending desktop notification using 'notify2'
[24.005s] DEBUG:colcon.colcon_core.event_reactor:joined thread
[24.247s] INFO:colcon.colcon_core.shell:Creating prefix script '/home/suho/mid/install/local_setup.ps1'
[24.265s] INFO:colcon.colcon_core.shell:Creating prefix util module '/home/suho/mid/install/_local_setup_util_ps1.py'
[24.303s] INFO:colcon.colcon_core.shell:Creating prefix chain script '/home/suho/mid/install/setup.ps1'
[24.563s] INFO:colcon.colcon_core.shell:Creating prefix script '/home/suho/mid/install/local_setup.sh'
[24.566s] INFO:colcon.colcon_core.shell:Creating prefix util module '/home/suho/mid/install/_local_setup_util_sh.py'
[24.568s] INFO:colcon.colcon_core.shell:Creating prefix chain script '/home/suho/mid/install/setup.sh'
[25.041s] INFO:colcon.colcon_core.shell:Creating prefix script '/home/suho/mid/install/local_setup.bash'
[25.043s] INFO:colcon.colcon_core.shell:Creating prefix chain script '/home/suho/mid/install/setup.bash'
[25.637s] INFO:colcon.colcon_core.shell:Creating prefix script '/home/suho/mid/install/local_setup.zsh'
[25.657s] INFO:colcon.colcon_core.shell:Creating prefix chain script '/home/suho/mid/install/setup.zsh'
