[11.947s] DEBUG:colcon:Command line arguments: ['/usr/bin/colcon', 'build']
[11.947s] DEBUG:colcon:Parsed command line arguments: Namespace(allow_overriding=[], ament_cmake_args=None, base_paths=['.'], build_base='build', catkin_cmake_args=None, catkin_skip_building_tests=False, cmake_args=None, cmake_clean_cache=False, cmake_clean_first=False, cmake_force_configure=False, cmake_target=None, cmake_target_skip_unavailable=False, continue_on_error=False, event_handlers=None, executor='parallel', ignore_user_meta=False, install_base='install', log_base=None, log_level=None, main=<bound method BuildVerb.main of <colcon_core.verb.build.BuildVerb object at 0x7f3dc924d0a0>>, merge_install=False, metas=['./colcon.meta'], packages_above=None, packages_above_and_dependencies=None, packages_above_depth=None, packages_end=None, packages_ignore=None, packages_ignore_regex=None, packages_select=None, packages_select_build_failed=False, packages_select_by_dep=None, packages_select_regex=None, packages_select_test_failures=False, packages_skip=None, packages_skip_build_finished=False, packages_skip_by_dep=None, packages_skip_regex=None, packages_skip_test_passed=False, packages_skip_up_to=None, packages_start=None, packages_up_to=None, packages_up_to_regex=None, parallel_workers=6, paths=None, symlink_install=False, test_result_base=None, verb_extension=<colcon_core.verb.build.BuildVerb object at 0x7f3dc924d0a0>, verb_name='build', verb_parser=<colcon_defaults.argument_parser.defaults.DefaultArgumentsDecorator object at 0x7f3dc8f273d0>)
[12.439s] Level 1:colcon.colcon_core.package_discovery:discover_packages(colcon_meta) check parameters
[12.441s] Level 1:colcon.colcon_core.package_discovery:discover_packages(recursive) check parameters
[12.442s] Level 1:colcon.colcon_core.package_discovery:discover_packages(ignore) check parameters
[12.442s] Level 1:colcon.colcon_core.package_discovery:discover_packages(path) check parameters
[12.442s] Level 1:colcon.colcon_core.package_discovery:discover_packages(colcon_meta) discover
[12.442s] Level 1:colcon.colcon_core.package_discovery:discover_packages(recursive) discover
[12.442s] INFO:colcon.colcon_core.package_discovery:Crawling recursively for packages in '/home/suho/mid'
[12.442s] Level 1:colcon.colcon_core.package_identification:_identify(.) by extensions ['ignore', 'ignore_ament_install']
[12.443s] Level 1:colcon.colcon_core.package_identification:_identify(.) by extension 'ignore'
[12.443s] Level 1:colcon.colcon_core.package_identification:_identify(.) by extension 'ignore_ament_install'
[12.443s] Level 1:colcon.colcon_core.package_identification:_identify(.) by extensions ['colcon_pkg']
[12.443s] Level 1:colcon.colcon_core.package_identification:_identify(.) by extension 'colcon_pkg'
[12.443s] Level 1:colcon.colcon_core.package_identification:_identify(.) by extensions ['colcon_meta']
[12.444s] Level 1:colcon.colcon_core.package_identification:_identify(.) by extension 'colcon_meta'
[12.444s] Level 1:colcon.colcon_core.package_identification:_identify(.) by extensions ['ros']
[12.444s] Level 1:colcon.colcon_core.package_identification:_identify(.) by extension 'ros'
[12.472s] Level 1:colcon.colcon_core.package_identification:_identify(.) by extensions ['cmake', 'python']
[12.473s] Level 1:colcon.colcon_core.package_identification:_identify(.) by extension 'cmake'
[12.475s] Level 1:colcon.colcon_core.package_identification:_identify(.) by extension 'python'
[12.476s] Level 1:colcon.colcon_core.package_identification:_identify(.) by extensions ['python_setup_py']
[12.476s] Level 1:colcon.colcon_core.package_identification:_identify(.) by extension 'python_setup_py'
[12.476s] Level 1:colcon.colcon_core.package_identification:_identify(build) by extensions ['ignore', 'ignore_ament_install']
[12.477s] Level 1:colcon.colcon_core.package_identification:_identify(build) by extension 'ignore'
[12.481s] Level 1:colcon.colcon_core.package_identification:_identify(build) ignored
[12.482s] Level 1:colcon.colcon_core.package_identification:_identify(install) by extensions ['ignore', 'ignore_ament_install']
[12.483s] Level 1:colcon.colcon_core.package_identification:_identify(install) by extension 'ignore'
[12.483s] Level 1:colcon.colcon_core.package_identification:_identify(install) ignored
[12.484s] Level 1:colcon.colcon_core.package_identification:_identify(log) by extensions ['ignore', 'ignore_ament_install']
[12.486s] Level 1:colcon.colcon_core.package_identification:_identify(log) by extension 'ignore'
[12.487s] Level 1:colcon.colcon_core.package_identification:_identify(log) ignored
[12.487s] Level 1:colcon.colcon_core.package_identification:_identify(src) by extensions ['ignore', 'ignore_ament_install']
[12.488s] Level 1:colcon.colcon_core.package_identification:_identify(src) by extension 'ignore'
[12.488s] Level 1:colcon.colcon_core.package_identification:_identify(src) by extension 'ignore_ament_install'
[12.489s] Level 1:colcon.colcon_core.package_identification:_identify(src) by extensions ['colcon_pkg']
[12.489s] Level 1:colcon.colcon_core.package_identification:_identify(src) by extension 'colcon_pkg'
[12.490s] Level 1:colcon.colcon_core.package_identification:_identify(src) by extensions ['colcon_meta']
[12.491s] Level 1:colcon.colcon_core.package_identification:_identify(src) by extension 'colcon_meta'
[12.491s] Level 1:colcon.colcon_core.package_identification:_identify(src) by extensions ['ros']
[12.492s] Level 1:colcon.colcon_core.package_identification:_identify(src) by extension 'ros'
[12.492s] Level 1:colcon.colcon_core.package_identification:_identify(src) by extensions ['cmake', 'python']
[12.494s] Level 1:colcon.colcon_core.package_identification:_identify(src) by extension 'cmake'
[12.494s] Level 1:colcon.colcon_core.package_identification:_identify(src) by extension 'python'
[12.494s] Level 1:colcon.colcon_core.package_identification:_identify(src) by extensions ['python_setup_py']
[12.495s] Level 1:colcon.colcon_core.package_identification:_identify(src) by extension 'python_setup_py'
[12.495s] Level 1:colcon.colcon_core.package_identification:_identify(src/my_package) by extensions ['ignore', 'ignore_ament_install']
[12.496s] Level 1:colcon.colcon_core.package_identification:_identify(src/my_package) by extension 'ignore'
[12.496s] Level 1:colcon.colcon_core.package_identification:_identify(src/my_package) by extension 'ignore_ament_install'
[12.496s] Level 1:colcon.colcon_core.package_identification:_identify(src/my_package) by extensions ['colcon_pkg']
[12.496s] Level 1:colcon.colcon_core.package_identification:_identify(src/my_package) by extension 'colcon_pkg'
[12.496s] Level 1:colcon.colcon_core.package_identification:_identify(src/my_package) by extensions ['colcon_meta']
[12.496s] Level 1:colcon.colcon_core.package_identification:_identify(src/my_package) by extension 'colcon_meta'
[12.497s] Level 1:colcon.colcon_core.package_identification:_identify(src/my_package) by extensions ['ros']
[12.498s] Level 1:colcon.colcon_core.package_identification:_identify(src/my_package) by extension 'ros'
[12.532s] DEBUG:colcon.colcon_core.package_identification:Package 'src/my_package' with type 'ros.ament_python' and name 'my_package'
[12.543s] Level 1:colcon.colcon_core.package_discovery:discover_packages(recursive) using defaults
[12.543s] Level 1:colcon.colcon_core.package_discovery:discover_packages(ignore) discover
[12.543s] Level 1:colcon.colcon_core.package_discovery:discover_packages(ignore) using defaults
[12.544s] Level 1:colcon.colcon_core.package_discovery:discover_packages(path) discover
[12.544s] Level 1:colcon.colcon_core.package_discovery:discover_packages(path) using defaults
[13.785s] Level 1:colcon.colcon_core.package_discovery:discover_packages(prefix_path) check parameters
[13.786s] Level 1:colcon.colcon_core.package_discovery:discover_packages(prefix_path) discover
[13.995s] Level 1:colcon.colcon_core.package_discovery:discover_packages(prefix_path) using defaults
[14.428s] Level 5:colcon.colcon_core.verb:set package 'my_package' build argument 'cmake_args' from command line to 'None'
[14.430s] Level 5:colcon.colcon_core.verb:set package 'my_package' build argument 'cmake_target' from command line to 'None'
[14.430s] Level 5:colcon.colcon_core.verb:set package 'my_package' build argument 'cmake_target_skip_unavailable' from command line to 'False'
[14.431s] Level 5:colcon.colcon_core.verb:set package 'my_package' build argument 'cmake_clean_cache' from command line to 'False'
[14.431s] Level 5:colcon.colcon_core.verb:set package 'my_package' build argument 'cmake_clean_first' from command line to 'False'
[14.431s] Level 5:colcon.colcon_core.verb:set package 'my_package' build argument 'cmake_force_configure' from command line to 'False'
[14.431s] Level 5:colcon.colcon_core.verb:set package 'my_package' build argument 'ament_cmake_args' from command line to 'None'
[14.431s] Level 5:colcon.colcon_core.verb:set package 'my_package' build argument 'catkin_cmake_args' from command line to 'None'
[14.431s] Level 5:colcon.colcon_core.verb:set package 'my_package' build argument 'catkin_skip_building_tests' from command line to 'False'
[14.431s] DEBUG:colcon.colcon_core.verb:Building package 'my_package' with the following arguments: {'ament_cmake_args': None, 'build_base': '/home/suho/mid/build/my_package', 'catkin_cmake_args': None, 'catkin_skip_building_tests': False, 'cmake_args': None, 'cmake_clean_cache': False, 'cmake_clean_first': False, 'cmake_force_configure': False, 'cmake_target': None, 'cmake_target_skip_unavailable': False, 'install_base': '/home/suho/mid/install/my_package', 'merge_install': False, 'path': '/home/suho/mid/src/my_package', 'symlink_install': False, 'test_result_base': None}
[14.656s] INFO:colcon.colcon_core.executor:Executing jobs using 'parallel' executor
[14.892s] DEBUG:colcon.colcon_parallel_executor.executor.parallel:run_until_complete
[14.894s] INFO:colcon.colcon_ros.task.ament_python.build:Building ROS package in '/home/suho/mid/src/my_package' with build type 'ament_python'
[14.894s] Level 1:colcon.colcon_core.shell:create_environment_hook('my_package', 'ament_prefix_path')
[15.230s] INFO:colcon.colcon_core.plugin_system:Skipping extension 'colcon_core.shell.bat': Not used on non-Windows systems
[15.231s] INFO:colcon.colcon_core.shell:Creating environment hook '/home/suho/mid/install/my_package/share/my_package/hook/ament_prefix_path.ps1'
[15.236s] INFO:colcon.colcon_core.shell:Creating environment descriptor '/home/suho/mid/install/my_package/share/my_package/hook/ament_prefix_path.dsv'
[15.244s] INFO:colcon.colcon_core.shell:Creating environment hook '/home/suho/mid/install/my_package/share/my_package/hook/ament_prefix_path.sh'
[15.536s] INFO:colcon.colcon_core.shell:Skip shell extension 'powershell' for command environment: Not usable outside of PowerShell
[15.537s] DEBUG:colcon.colcon_core.shell:Skip shell extension 'dsv' for command environment
[16.729s] INFO:colcon.colcon_core.task.python.build:Building Python package in '/home/suho/mid/src/my_package'
[17.099s] INFO:colcon.colcon_core.shell:Skip shell extension 'powershell' for command environment: Not usable outside of PowerShell
[17.099s] DEBUG:colcon.colcon_core.shell:Skip shell extension 'dsv' for command environment
[19.404s] DEBUG:colcon.colcon_core.event_handler.log_command:Invoking command in '/home/suho/mid/src/my_package': PYTHONPATH=/home/suho/mid/build/my_package/prefix_override:/home/suho/mid/install/my_package/lib/python3.8/site-packages: /usr/bin/python3 setup.py egg_info --egg-base ../../build/my_package build --build-base /home/suho/mid/build/my_package/build install --record /home/suho/mid/build/my_package/install.log --install-scripts $base/lib/my_package --single-version-externally-managed
[20.753s] DEBUG:colcon.colcon_core.event_handler.log_command:Invoked command in '/home/suho/mid/src/my_package' returned '0': PYTHONPATH=/home/suho/mid/build/my_package/prefix_override:/home/suho/mid/install/my_package/lib/python3.8/site-packages: /usr/bin/python3 setup.py egg_info --egg-base ../../build/my_package build --build-base /home/suho/mid/build/my_package/build install --record /home/suho/mid/build/my_package/install.log --install-scripts $base/lib/my_package --single-version-externally-managed
[21.219s] Level 1:colcon.colcon_core.environment:checking '/home/suho/mid/install/my_package' for CMake module files
[21.221s] Level 1:colcon.colcon_core.environment:checking '/home/suho/mid/install/my_package' for CMake config files
[21.223s] Level 1:colcon.colcon_core.environment:checking '/home/suho/mid/install/my_package/lib'
[21.224s] Level 1:colcon.colcon_core.environment:checking '/home/suho/mid/install/my_package/bin'
[21.224s] Level 1:colcon.colcon_core.environment:checking '/home/suho/mid/install/my_package/lib/pkgconfig/my_package.pc'
[21.225s] Level 1:colcon.colcon_core.environment:checking '/home/suho/mid/install/my_package/lib/python3.8/site-packages'
[21.226s] Level 1:colcon.colcon_core.shell:create_environment_hook('my_package', 'pythonpath')
[21.680s] INFO:colcon.colcon_core.shell:Creating environment hook '/home/suho/mid/install/my_package/share/my_package/hook/pythonpath.ps1'
[21.683s] INFO:colcon.colcon_core.shell:Creating environment descriptor '/home/suho/mid/install/my_package/share/my_package/hook/pythonpath.dsv'
[21.692s] INFO:colcon.colcon_core.shell:Creating environment hook '/home/suho/mid/install/my_package/share/my_package/hook/pythonpath.sh'
[21.713s] Level 1:colcon.colcon_core.environment:checking '/home/suho/mid/install/my_package/bin'
[21.724s] Level 1:colcon.colcon_core.environment:create_environment_scripts_only(my_package)
[22.086s] INFO:colcon.colcon_core.shell:Creating package script '/home/suho/mid/install/my_package/share/my_package/package.ps1'
[22.093s] INFO:colcon.colcon_core.shell:Creating package descriptor '/home/suho/mid/install/my_package/share/my_package/package.dsv'
[22.104s] INFO:colcon.colcon_core.shell:Creating package script '/home/suho/mid/install/my_package/share/my_package/package.sh'
[22.108s] INFO:colcon.colcon_core.shell:Creating package script '/home/suho/mid/install/my_package/share/my_package/package.bash'
[22.112s] INFO:colcon.colcon_core.shell:Creating package script '/home/suho/mid/install/my_package/share/my_package/package.zsh'
[22.116s] Level 1:colcon.colcon_core.environment:create_file_with_runtime_dependencies(/home/suho/mid/install/my_package/share/colcon-core/packages/my_package)
[22.118s] DEBUG:colcon.colcon_parallel_executor.executor.parallel:closing loop
[22.119s] DEBUG:colcon.colcon_parallel_executor.executor.parallel:loop closed
[22.157s] DEBUG:colcon.colcon_parallel_executor.executor.parallel:run_until_complete finished with '0'
[22.169s] DEBUG:colcon.colcon_core.event_reactor:joining thread
[22.615s] INFO:colcon.colcon_core.plugin_system:Skipping extension 'colcon_notification.desktop_notification.terminal_notifier': Not used on non-Darwin systems
[22.616s] INFO:colcon.colcon_core.plugin_system:Skipping extension 'colcon_notification.desktop_notification.win32': Not used on non-Windows systems
[22.618s] INFO:colcon.colcon_notification.desktop_notification:Sending desktop notification using 'notify2'
[22.724s] DEBUG:colcon.colcon_core.event_reactor:joined thread
[23.017s] INFO:colcon.colcon_core.shell:Creating prefix script '/home/suho/mid/install/local_setup.ps1'
[23.021s] INFO:colcon.colcon_core.shell:Creating prefix util module '/home/suho/mid/install/_local_setup_util_ps1.py'
[23.029s] INFO:colcon.colcon_core.shell:Creating prefix chain script '/home/suho/mid/install/setup.ps1'
[23.300s] INFO:colcon.colcon_core.shell:Creating prefix script '/home/suho/mid/install/local_setup.sh'
[23.332s] INFO:colcon.colcon_core.shell:Creating prefix util module '/home/suho/mid/install/_local_setup_util_sh.py'
[23.343s] INFO:colcon.colcon_core.shell:Creating prefix chain script '/home/suho/mid/install/setup.sh'
[23.662s] INFO:colcon.colcon_core.shell:Creating prefix script '/home/suho/mid/install/local_setup.bash'
[23.664s] INFO:colcon.colcon_core.shell:Creating prefix chain script '/home/suho/mid/install/setup.bash'
[23.936s] INFO:colcon.colcon_core.shell:Creating prefix script '/home/suho/mid/install/local_setup.zsh'
[23.940s] INFO:colcon.colcon_core.shell:Creating prefix chain script '/home/suho/mid/install/setup.zsh'
