[11.450s] DEBUG:colcon:Command line arguments: ['/usr/bin/colcon', 'build']
[11.451s] DEBUG:colcon:Parsed command line arguments: Namespace(allow_overriding=[], ament_cmake_args=None, base_paths=['.'], build_base='build', catkin_cmake_args=None, catkin_skip_building_tests=False, cmake_args=None, cmake_clean_cache=False, cmake_clean_first=False, cmake_force_configure=False, cmake_target=None, cmake_target_skip_unavailable=False, continue_on_error=False, event_handlers=None, executor='parallel', ignore_user_meta=False, install_base='install', log_base=None, log_level=None, main=<bound method BuildVerb.main of <colcon_core.verb.build.BuildVerb object at 0x7f57833e10a0>>, merge_install=False, metas=['./colcon.meta'], packages_above=None, packages_above_and_dependencies=None, packages_above_depth=None, packages_end=None, packages_ignore=None, packages_ignore_regex=None, packages_select=None, packages_select_build_failed=False, packages_select_by_dep=None, packages_select_regex=None, packages_select_test_failures=False, packages_skip=None, packages_skip_build_finished=False, packages_skip_by_dep=None, packages_skip_regex=None, packages_skip_test_passed=False, packages_skip_up_to=None, packages_start=None, packages_up_to=None, packages_up_to_regex=None, parallel_workers=6, paths=None, symlink_install=False, test_result_base=None, verb_extension=<colcon_core.verb.build.BuildVerb object at 0x7f57833e10a0>, verb_name='build', verb_parser=<colcon_defaults.argument_parser.defaults.DefaultArgumentsDecorator object at 0x7f57830ba4f0>)
[11.908s] Level 1:colcon.colcon_core.package_discovery:discover_packages(colcon_meta) check parameters
[11.909s] Level 1:colcon.colcon_core.package_discovery:discover_packages(recursive) check parameters
[11.909s] Level 1:colcon.colcon_core.package_discovery:discover_packages(ignore) check parameters
[11.909s] Level 1:colcon.colcon_core.package_discovery:discover_packages(path) check parameters
[11.909s] Level 1:colcon.colcon_core.package_discovery:discover_packages(colcon_meta) discover
[11.909s] Level 1:colcon.colcon_core.package_discovery:discover_packages(recursive) discover
[11.910s] INFO:colcon.colcon_core.package_discovery:Crawling recursively for packages in '/home/suho/mid'
[11.910s] Level 1:colcon.colcon_core.package_identification:_identify(.) by extensions ['ignore', 'ignore_ament_install']
[11.929s] Level 1:colcon.colcon_core.package_identification:_identify(.) by extension 'ignore'
[11.929s] Level 1:colcon.colcon_core.package_identification:_identify(.) by extension 'ignore_ament_install'
[11.930s] Level 1:colcon.colcon_core.package_identification:_identify(.) by extensions ['colcon_pkg']
[11.930s] Level 1:colcon.colcon_core.package_identification:_identify(.) by extension 'colcon_pkg'
[11.930s] Level 1:colcon.colcon_core.package_identification:_identify(.) by extensions ['colcon_meta']
[11.930s] Level 1:colcon.colcon_core.package_identification:_identify(.) by extension 'colcon_meta'
[11.930s] Level 1:colcon.colcon_core.package_identification:_identify(.) by extensions ['ros']
[11.930s] Level 1:colcon.colcon_core.package_identification:_identify(.) by extension 'ros'
[11.961s] Level 1:colcon.colcon_core.package_identification:_identify(.) by extensions ['cmake', 'python']
[11.961s] Level 1:colcon.colcon_core.package_identification:_identify(.) by extension 'cmake'
[11.962s] Level 1:colcon.colcon_core.package_identification:_identify(.) by extension 'python'
[11.962s] Level 1:colcon.colcon_core.package_identification:_identify(.) by extensions ['python_setup_py']
[11.962s] Level 1:colcon.colcon_core.package_identification:_identify(.) by extension 'python_setup_py'
[11.963s] Level 1:colcon.colcon_core.package_identification:_identify(build) by extensions ['ignore', 'ignore_ament_install']
[11.964s] Level 1:colcon.colcon_core.package_identification:_identify(build) by extension 'ignore'
[11.964s] Level 1:colcon.colcon_core.package_identification:_identify(build) ignored
[11.964s] Level 1:colcon.colcon_core.package_identification:_identify(install) by extensions ['ignore', 'ignore_ament_install']
[11.965s] Level 1:colcon.colcon_core.package_identification:_identify(install) by extension 'ignore'
[11.965s] Level 1:colcon.colcon_core.package_identification:_identify(install) ignored
[11.966s] Level 1:colcon.colcon_core.package_identification:_identify(log) by extensions ['ignore', 'ignore_ament_install']
[11.966s] Level 1:colcon.colcon_core.package_identification:_identify(log) by extension 'ignore'
[11.966s] Level 1:colcon.colcon_core.package_identification:_identify(log) ignored
[11.967s] Level 1:colcon.colcon_core.package_identification:_identify(src) by extensions ['ignore', 'ignore_ament_install']
[11.967s] Level 1:colcon.colcon_core.package_identification:_identify(src) by extension 'ignore'
[11.968s] Level 1:colcon.colcon_core.package_identification:_identify(src) by extension 'ignore_ament_install'
[11.968s] Level 1:colcon.colcon_core.package_identification:_identify(src) by extensions ['colcon_pkg']
[11.968s] Level 1:colcon.colcon_core.package_identification:_identify(src) by extension 'colcon_pkg'
[11.969s] Level 1:colcon.colcon_core.package_identification:_identify(src) by extensions ['colcon_meta']
[11.969s] Level 1:colcon.colcon_core.package_identification:_identify(src) by extension 'colcon_meta'
[11.969s] Level 1:colcon.colcon_core.package_identification:_identify(src) by extensions ['ros']
[11.969s] Level 1:colcon.colcon_core.package_identification:_identify(src) by extension 'ros'
[11.969s] Level 1:colcon.colcon_core.package_identification:_identify(src) by extensions ['cmake', 'python']
[11.969s] Level 1:colcon.colcon_core.package_identification:_identify(src) by extension 'cmake'
[11.970s] Level 1:colcon.colcon_core.package_identification:_identify(src) by extension 'python'
[11.970s] Level 1:colcon.colcon_core.package_identification:_identify(src) by extensions ['python_setup_py']
[11.970s] Level 1:colcon.colcon_core.package_identification:_identify(src) by extension 'python_setup_py'
[11.970s] Level 1:colcon.colcon_core.package_identification:_identify(src/my_package) by extensions ['ignore', 'ignore_ament_install']
[11.972s] Level 1:colcon.colcon_core.package_identification:_identify(src/my_package) by extension 'ignore'
[11.980s] Level 1:colcon.colcon_core.package_identification:_identify(src/my_package) by extension 'ignore_ament_install'
[11.981s] Level 1:colcon.colcon_core.package_identification:_identify(src/my_package) by extensions ['colcon_pkg']
[11.981s] Level 1:colcon.colcon_core.package_identification:_identify(src/my_package) by extension 'colcon_pkg'
[11.981s] Level 1:colcon.colcon_core.package_identification:_identify(src/my_package) by extensions ['colcon_meta']
[11.982s] Level 1:colcon.colcon_core.package_identification:_identify(src/my_package) by extension 'colcon_meta'
[11.982s] Level 1:colcon.colcon_core.package_identification:_identify(src/my_package) by extensions ['ros']
[11.982s] Level 1:colcon.colcon_core.package_identification:_identify(src/my_package) by extension 'ros'
[12.008s] DEBUG:colcon.colcon_core.package_identification:Package 'src/my_package' with type 'ros.ament_python' and name 'my_package'
[12.008s] Level 1:colcon.colcon_core.package_discovery:discover_packages(recursive) using defaults
[12.008s] Level 1:colcon.colcon_core.package_discovery:discover_packages(ignore) discover
[12.008s] Level 1:colcon.colcon_core.package_discovery:discover_packages(ignore) using defaults
[12.009s] Level 1:colcon.colcon_core.package_discovery:discover_packages(path) discover
[12.009s] Level 1:colcon.colcon_core.package_discovery:discover_packages(path) using defaults
[13.147s] Level 1:colcon.colcon_core.package_discovery:discover_packages(prefix_path) check parameters
[13.148s] Level 1:colcon.colcon_core.package_discovery:discover_packages(prefix_path) discover
[13.372s] Level 1:colcon.colcon_core.package_discovery:discover_packages(prefix_path) using defaults
[13.769s] Level 5:colcon.colcon_core.verb:set package 'my_package' build argument 'cmake_args' from command line to 'None'
[13.770s] Level 5:colcon.colcon_core.verb:set package 'my_package' build argument 'cmake_target' from command line to 'None'
[13.770s] Level 5:colcon.colcon_core.verb:set package 'my_package' build argument 'cmake_target_skip_unavailable' from command line to 'False'
[13.770s] Level 5:colcon.colcon_core.verb:set package 'my_package' build argument 'cmake_clean_cache' from command line to 'False'
[13.770s] Level 5:colcon.colcon_core.verb:set package 'my_package' build argument 'cmake_clean_first' from command line to 'False'
[13.770s] Level 5:colcon.colcon_core.verb:set package 'my_package' build argument 'cmake_force_configure' from command line to 'False'
[13.770s] Level 5:colcon.colcon_core.verb:set package 'my_package' build argument 'ament_cmake_args' from command line to 'None'
[13.770s] Level 5:colcon.colcon_core.verb:set package 'my_package' build argument 'catkin_cmake_args' from command line to 'None'
[13.770s] Level 5:colcon.colcon_core.verb:set package 'my_package' build argument 'catkin_skip_building_tests' from command line to 'False'
[13.770s] DEBUG:colcon.colcon_core.verb:Building package 'my_package' with the following arguments: {'ament_cmake_args': None, 'build_base': '/home/suho/mid/build/my_package', 'catkin_cmake_args': None, 'catkin_skip_building_tests': False, 'cmake_args': None, 'cmake_clean_cache': False, 'cmake_clean_first': False, 'cmake_force_configure': False, 'cmake_target': None, 'cmake_target_skip_unavailable': False, 'install_base': '/home/suho/mid/install/my_package', 'merge_install': False, 'path': '/home/suho/mid/src/my_package', 'symlink_install': False, 'test_result_base': None}
[13.979s] INFO:colcon.colcon_core.executor:Executing jobs using 'parallel' executor
[14.214s] DEBUG:colcon.colcon_parallel_executor.executor.parallel:run_until_complete
[14.214s] INFO:colcon.colcon_ros.task.ament_python.build:Building ROS package in '/home/suho/mid/src/my_package' with build type 'ament_python'
[14.214s] Level 1:colcon.colcon_core.shell:create_environment_hook('my_package', 'ament_prefix_path')
[14.690s] INFO:colcon.colcon_core.plugin_system:Skipping extension 'colcon_core.shell.bat': Not used on non-Windows systems
[14.692s] INFO:colcon.colcon_core.shell:Creating environment hook '/home/suho/mid/install/my_package/share/my_package/hook/ament_prefix_path.ps1'
[14.720s] INFO:colcon.colcon_core.shell:Creating environment descriptor '/home/suho/mid/install/my_package/share/my_package/hook/ament_prefix_path.dsv'
[14.746s] INFO:colcon.colcon_core.shell:Creating environment hook '/home/suho/mid/install/my_package/share/my_package/hook/ament_prefix_path.sh'
[15.128s] INFO:colcon.colcon_core.shell:Skip shell extension 'powershell' for command environment: Not usable outside of PowerShell
[15.128s] DEBUG:colcon.colcon_core.shell:Skip shell extension 'dsv' for command environment
[16.314s] INFO:colcon.colcon_core.task.python.build:Building Python package in '/home/suho/mid/src/my_package'
[16.798s] INFO:colcon.colcon_core.shell:Skip shell extension 'powershell' for command environment: Not usable outside of PowerShell
[16.798s] DEBUG:colcon.colcon_core.shell:Skip shell extension 'dsv' for command environment
[18.927s] DEBUG:colcon.colcon_core.event_handler.log_command:Invoking command in '/home/suho/mid/src/my_package': PYTHONPATH=/home/suho/mid/build/my_package/prefix_override:/home/suho/mid/install/my_package/lib/python3.8/site-packages: /usr/bin/python3 setup.py egg_info --egg-base ../../build/my_package build --build-base /home/suho/mid/build/my_package/build install --record /home/suho/mid/build/my_package/install.log --install-scripts $base/lib/my_package --single-version-externally-managed
[19.943s] DEBUG:colcon.colcon_core.event_handler.log_command:Invoked command in '/home/suho/mid/src/my_package' returned '0': PYTHONPATH=/home/suho/mid/build/my_package/prefix_override:/home/suho/mid/install/my_package/lib/python3.8/site-packages: /usr/bin/python3 setup.py egg_info --egg-base ../../build/my_package build --build-base /home/suho/mid/build/my_package/build install --record /home/suho/mid/build/my_package/install.log --install-scripts $base/lib/my_package --single-version-externally-managed
[20.225s] Level 1:colcon.colcon_core.environment:checking '/home/suho/mid/install/my_package' for CMake module files
[20.229s] Level 1:colcon.colcon_core.environment:checking '/home/suho/mid/install/my_package' for CMake config files
[20.231s] Level 1:colcon.colcon_core.environment:checking '/home/suho/mid/install/my_package/lib'
[20.235s] Level 1:colcon.colcon_core.environment:checking '/home/suho/mid/install/my_package/bin'
[20.235s] Level 1:colcon.colcon_core.environment:checking '/home/suho/mid/install/my_package/lib/pkgconfig/my_package.pc'
[20.236s] Level 1:colcon.colcon_core.environment:checking '/home/suho/mid/install/my_package/lib/python3.8/site-packages'
[20.236s] Level 1:colcon.colcon_core.shell:create_environment_hook('my_package', 'pythonpath')
[20.656s] INFO:colcon.colcon_core.shell:Creating environment hook '/home/suho/mid/install/my_package/share/my_package/hook/pythonpath.ps1'
[20.680s] INFO:colcon.colcon_core.shell:Creating environment descriptor '/home/suho/mid/install/my_package/share/my_package/hook/pythonpath.dsv'
[20.701s] INFO:colcon.colcon_core.shell:Creating environment hook '/home/suho/mid/install/my_package/share/my_package/hook/pythonpath.sh'
[20.704s] Level 1:colcon.colcon_core.environment:checking '/home/suho/mid/install/my_package/bin'
[20.728s] Level 1:colcon.colcon_core.environment:create_environment_scripts_only(my_package)
[21.082s] INFO:colcon.colcon_core.shell:Creating package script '/home/suho/mid/install/my_package/share/my_package/package.ps1'
[21.091s] INFO:colcon.colcon_core.shell:Creating package descriptor '/home/suho/mid/install/my_package/share/my_package/package.dsv'
[21.104s] INFO:colcon.colcon_core.shell:Creating package script '/home/suho/mid/install/my_package/share/my_package/package.sh'
[21.110s] INFO:colcon.colcon_core.shell:Creating package script '/home/suho/mid/install/my_package/share/my_package/package.bash'
[21.135s] INFO:colcon.colcon_core.shell:Creating package script '/home/suho/mid/install/my_package/share/my_package/package.zsh'
[21.151s] Level 1:colcon.colcon_core.environment:create_file_with_runtime_dependencies(/home/suho/mid/install/my_package/share/colcon-core/packages/my_package)
[21.177s] DEBUG:colcon.colcon_parallel_executor.executor.parallel:closing loop
[21.177s] DEBUG:colcon.colcon_parallel_executor.executor.parallel:loop closed
[21.177s] DEBUG:colcon.colcon_parallel_executor.executor.parallel:run_until_complete finished with '0'
[21.178s] DEBUG:colcon.colcon_core.event_reactor:joining thread
[21.491s] INFO:colcon.colcon_core.plugin_system:Skipping extension 'colcon_notification.desktop_notification.terminal_notifier': Not used on non-Darwin systems
[21.492s] INFO:colcon.colcon_core.plugin_system:Skipping extension 'colcon_notification.desktop_notification.win32': Not used on non-Windows systems
[21.492s] INFO:colcon.colcon_notification.desktop_notification:Sending desktop notification using 'notify2'
[21.576s] DEBUG:colcon.colcon_core.event_reactor:joined thread
[21.901s] INFO:colcon.colcon_core.shell:Creating prefix script '/home/suho/mid/install/local_setup.ps1'
[21.904s] INFO:colcon.colcon_core.shell:Creating prefix util module '/home/suho/mid/install/_local_setup_util_ps1.py'
[21.909s] INFO:colcon.colcon_core.shell:Creating prefix chain script '/home/suho/mid/install/setup.ps1'
[22.124s] INFO:colcon.colcon_core.shell:Creating prefix script '/home/suho/mid/install/local_setup.sh'
[22.139s] INFO:colcon.colcon_core.shell:Creating prefix util module '/home/suho/mid/install/_local_setup_util_sh.py'
[22.147s] INFO:colcon.colcon_core.shell:Creating prefix chain script '/home/suho/mid/install/setup.sh'
[22.414s] INFO:colcon.colcon_core.shell:Creating prefix script '/home/suho/mid/install/local_setup.bash'
[22.437s] INFO:colcon.colcon_core.shell:Creating prefix chain script '/home/suho/mid/install/setup.bash'
[22.645s] INFO:colcon.colcon_core.shell:Creating prefix script '/home/suho/mid/install/local_setup.zsh'
[22.667s] INFO:colcon.colcon_core.shell:Creating prefix chain script '/home/suho/mid/install/setup.zsh'
