[15.768s] DEBUG:colcon:Command line arguments: ['/usr/bin/colcon', 'build']
[15.793s] DEBUG:colcon:Parsed command line arguments: Namespace(allow_overriding=[], ament_cmake_args=None, base_paths=['.'], build_base='build', catkin_cmake_args=None, catkin_skip_building_tests=False, cmake_args=None, cmake_clean_cache=False, cmake_clean_first=False, cmake_force_configure=False, cmake_target=None, cmake_target_skip_unavailable=False, continue_on_error=False, event_handlers=None, executor='parallel', ignore_user_meta=False, install_base='install', log_base=None, log_level=None, main=<bound method BuildVerb.main of <colcon_core.verb.build.BuildVerb object at 0x7fc7a6901f40>>, merge_install=False, metas=['./colcon.meta'], packages_above=None, packages_above_and_dependencies=None, packages_above_depth=None, packages_end=None, packages_ignore=None, packages_ignore_regex=None, packages_select=None, packages_select_build_failed=False, packages_select_by_dep=None, packages_select_regex=None, packages_select_test_failures=False, packages_skip=None, packages_skip_build_finished=False, packages_skip_by_dep=None, packages_skip_regex=None, packages_skip_test_passed=False, packages_skip_up_to=None, packages_start=None, packages_up_to=None, packages_up_to_regex=None, parallel_workers=6, paths=None, symlink_install=False, test_result_base=None, verb_extension=<colcon_core.verb.build.BuildVerb object at 0x7fc7a6901f40>, verb_name='build', verb_parser=<colcon_defaults.argument_parser.defaults.DefaultArgumentsDecorator object at 0x7fc7a66c6b80>)
[16.481s] Level 1:colcon.colcon_core.package_discovery:discover_packages(colcon_meta) check parameters
[16.481s] Level 1:colcon.colcon_core.package_discovery:discover_packages(recursive) check parameters
[16.482s] Level 1:colcon.colcon_core.package_discovery:discover_packages(ignore) check parameters
[16.482s] Level 1:colcon.colcon_core.package_discovery:discover_packages(path) check parameters
[16.482s] Level 1:colcon.colcon_core.package_discovery:discover_packages(colcon_meta) discover
[16.482s] Level 1:colcon.colcon_core.package_discovery:discover_packages(recursive) discover
[16.482s] INFO:colcon.colcon_core.package_discovery:Crawling recursively for packages in '/home/suho/mid'
[16.482s] Level 1:colcon.colcon_core.package_identification:_identify(.) by extensions ['ignore', 'ignore_ament_install']
[16.483s] Level 1:colcon.colcon_core.package_identification:_identify(.) by extension 'ignore'
[16.483s] Level 1:colcon.colcon_core.package_identification:_identify(.) by extension 'ignore_ament_install'
[16.484s] Level 1:colcon.colcon_core.package_identification:_identify(.) by extensions ['colcon_pkg']
[16.484s] Level 1:colcon.colcon_core.package_identification:_identify(.) by extension 'colcon_pkg'
[16.484s] Level 1:colcon.colcon_core.package_identification:_identify(.) by extensions ['colcon_meta']
[16.486s] Level 1:colcon.colcon_core.package_identification:_identify(.) by extension 'colcon_meta'
[16.486s] Level 1:colcon.colcon_core.package_identification:_identify(.) by extensions ['ros']
[16.486s] Level 1:colcon.colcon_core.package_identification:_identify(.) by extension 'ros'
[16.543s] Level 1:colcon.colcon_core.package_identification:_identify(.) by extensions ['cmake', 'python']
[16.544s] Level 1:colcon.colcon_core.package_identification:_identify(.) by extension 'cmake'
[16.544s] Level 1:colcon.colcon_core.package_identification:_identify(.) by extension 'python'
[16.545s] Level 1:colcon.colcon_core.package_identification:_identify(.) by extensions ['python_setup_py']
[16.545s] Level 1:colcon.colcon_core.package_identification:_identify(.) by extension 'python_setup_py'
[16.545s] Level 1:colcon.colcon_core.package_identification:_identify(build) by extensions ['ignore', 'ignore_ament_install']
[16.545s] Level 1:colcon.colcon_core.package_identification:_identify(build) by extension 'ignore'
[16.555s] Level 1:colcon.colcon_core.package_identification:_identify(build) ignored
[16.557s] Level 1:colcon.colcon_core.package_identification:_identify(install) by extensions ['ignore', 'ignore_ament_install']
[16.558s] Level 1:colcon.colcon_core.package_identification:_identify(install) by extension 'ignore'
[16.569s] Level 1:colcon.colcon_core.package_identification:_identify(install) ignored
[16.570s] Level 1:colcon.colcon_core.package_identification:_identify(log) by extensions ['ignore', 'ignore_ament_install']
[16.570s] Level 1:colcon.colcon_core.package_identification:_identify(log) by extension 'ignore'
[16.571s] Level 1:colcon.colcon_core.package_identification:_identify(log) ignored
[16.571s] Level 1:colcon.colcon_core.package_identification:_identify(src) by extensions ['ignore', 'ignore_ament_install']
[16.572s] Level 1:colcon.colcon_core.package_identification:_identify(src) by extension 'ignore'
[16.579s] Level 1:colcon.colcon_core.package_identification:_identify(src) by extension 'ignore_ament_install'
[16.579s] Level 1:colcon.colcon_core.package_identification:_identify(src) by extensions ['colcon_pkg']
[16.579s] Level 1:colcon.colcon_core.package_identification:_identify(src) by extension 'colcon_pkg'
[16.579s] Level 1:colcon.colcon_core.package_identification:_identify(src) by extensions ['colcon_meta']
[16.579s] Level 1:colcon.colcon_core.package_identification:_identify(src) by extension 'colcon_meta'
[16.580s] Level 1:colcon.colcon_core.package_identification:_identify(src) by extensions ['ros']
[16.580s] Level 1:colcon.colcon_core.package_identification:_identify(src) by extension 'ros'
[16.580s] Level 1:colcon.colcon_core.package_identification:_identify(src) by extensions ['cmake', 'python']
[16.580s] Level 1:colcon.colcon_core.package_identification:_identify(src) by extension 'cmake'
[16.580s] Level 1:colcon.colcon_core.package_identification:_identify(src) by extension 'python'
[16.593s] Level 1:colcon.colcon_core.package_identification:_identify(src) by extensions ['python_setup_py']
[16.593s] Level 1:colcon.colcon_core.package_identification:_identify(src) by extension 'python_setup_py'
[16.594s] Level 1:colcon.colcon_core.package_identification:_identify(src/my_package) by extensions ['ignore', 'ignore_ament_install']
[16.594s] Level 1:colcon.colcon_core.package_identification:_identify(src/my_package) by extension 'ignore'
[16.594s] Level 1:colcon.colcon_core.package_identification:_identify(src/my_package) by extension 'ignore_ament_install'
[16.594s] Level 1:colcon.colcon_core.package_identification:_identify(src/my_package) by extensions ['colcon_pkg']
[16.594s] Level 1:colcon.colcon_core.package_identification:_identify(src/my_package) by extension 'colcon_pkg'
[16.595s] Level 1:colcon.colcon_core.package_identification:_identify(src/my_package) by extensions ['colcon_meta']
[16.595s] Level 1:colcon.colcon_core.package_identification:_identify(src/my_package) by extension 'colcon_meta'
[16.595s] Level 1:colcon.colcon_core.package_identification:_identify(src/my_package) by extensions ['ros']
[16.595s] Level 1:colcon.colcon_core.package_identification:_identify(src/my_package) by extension 'ros'
[16.615s] DEBUG:colcon.colcon_core.package_identification:Package 'src/my_package' with type 'ros.ament_python' and name 'my_package'
[16.616s] Level 1:colcon.colcon_core.package_discovery:discover_packages(recursive) using defaults
[16.616s] Level 1:colcon.colcon_core.package_discovery:discover_packages(ignore) discover
[16.616s] Level 1:colcon.colcon_core.package_discovery:discover_packages(ignore) using defaults
[16.616s] Level 1:colcon.colcon_core.package_discovery:discover_packages(path) discover
[16.616s] Level 1:colcon.colcon_core.package_discovery:discover_packages(path) using defaults
[18.075s] Level 1:colcon.colcon_core.package_discovery:discover_packages(prefix_path) check parameters
[18.076s] Level 1:colcon.colcon_core.package_discovery:discover_packages(prefix_path) discover
[18.342s] WARNING:colcon.colcon_ros.prefix_path.ament:The path '/home/suho/mid/install/physical_alarm' in the environment variable AMENT_PREFIX_PATH doesn't exist
[18.683s] DEBUG:colcon.colcon_installed_package_information.package_discovery:Found 1 installed packages in /home/suho/mid/install
[18.953s] DEBUG:colcon.colcon_installed_package_information.package_discovery:Found 307 installed packages in /opt/ros/foxy
[18.961s] Level 1:colcon.colcon_core.package_discovery:discover_packages(prefix_path) using defaults
[19.790s] Level 5:colcon.colcon_core.verb:set package 'my_package' build argument 'cmake_args' from command line to 'None'
[19.791s] Level 5:colcon.colcon_core.verb:set package 'my_package' build argument 'cmake_target' from command line to 'None'
[19.791s] Level 5:colcon.colcon_core.verb:set package 'my_package' build argument 'cmake_target_skip_unavailable' from command line to 'False'
[19.791s] Level 5:colcon.colcon_core.verb:set package 'my_package' build argument 'cmake_clean_cache' from command line to 'False'
[19.794s] Level 5:colcon.colcon_core.verb:set package 'my_package' build argument 'cmake_clean_first' from command line to 'False'
[19.794s] Level 5:colcon.colcon_core.verb:set package 'my_package' build argument 'cmake_force_configure' from command line to 'False'
[19.794s] Level 5:colcon.colcon_core.verb:set package 'my_package' build argument 'ament_cmake_args' from command line to 'None'
[19.794s] Level 5:colcon.colcon_core.verb:set package 'my_package' build argument 'catkin_cmake_args' from command line to 'None'
[19.794s] Level 5:colcon.colcon_core.verb:set package 'my_package' build argument 'catkin_skip_building_tests' from command line to 'False'
[19.794s] DEBUG:colcon.colcon_core.verb:Building package 'my_package' with the following arguments: {'ament_cmake_args': None, 'build_base': '/home/suho/mid/build/my_package', 'catkin_cmake_args': None, 'catkin_skip_building_tests': False, 'cmake_args': None, 'cmake_clean_cache': False, 'cmake_clean_first': False, 'cmake_force_configure': False, 'cmake_target': None, 'cmake_target_skip_unavailable': False, 'install_base': '/home/suho/mid/install/my_package', 'merge_install': False, 'path': '/home/suho/mid/src/my_package', 'symlink_install': False, 'test_result_base': None}
[20.062s] INFO:colcon.colcon_core.executor:Executing jobs using 'parallel' executor
[20.332s] DEBUG:colcon.colcon_parallel_executor.executor.parallel:run_until_complete
[20.333s] INFO:colcon.colcon_ros.task.ament_python.build:Building ROS package in '/home/suho/mid/src/my_package' with build type 'ament_python'
[20.334s] Level 1:colcon.colcon_core.shell:create_environment_hook('my_package', 'ament_prefix_path')
[21.168s] INFO:colcon.colcon_core.plugin_system:Skipping extension 'colcon_core.shell.bat': Not used on non-Windows systems
[21.169s] INFO:colcon.colcon_core.shell:Creating environment hook '/home/suho/mid/install/my_package/share/my_package/hook/ament_prefix_path.ps1'
[21.173s] INFO:colcon.colcon_core.shell:Creating environment descriptor '/home/suho/mid/install/my_package/share/my_package/hook/ament_prefix_path.dsv'
[21.178s] INFO:colcon.colcon_core.shell:Creating environment hook '/home/suho/mid/install/my_package/share/my_package/hook/ament_prefix_path.sh'
[21.562s] INFO:colcon.colcon_core.shell:Skip shell extension 'powershell' for command environment: Not usable outside of PowerShell
[21.563s] DEBUG:colcon.colcon_core.shell:Skip shell extension 'dsv' for command environment
[23.675s] INFO:colcon.colcon_core.task.python.build:Building Python package in '/home/suho/mid/src/my_package'
[24.061s] INFO:colcon.colcon_core.shell:Skip shell extension 'powershell' for command environment: Not usable outside of PowerShell
[24.062s] DEBUG:colcon.colcon_core.shell:Skip shell extension 'dsv' for command environment
[27.121s] DEBUG:colcon.colcon_core.event_handler.log_command:Invoking command in '/home/suho/mid/src/my_package': PYTHONPATH=/home/suho/mid/build/my_package/prefix_override:/home/suho/mid/install/my_package/lib/python3.8/site-packages:${PYTHONPATH} /usr/bin/python3 setup.py egg_info --egg-base ../../build/my_package build --build-base /home/suho/mid/build/my_package/build install --record /home/suho/mid/build/my_package/install.log --install-scripts $base/lib/my_package --single-version-externally-managed
[28.652s] DEBUG:colcon.colcon_core.event_handler.log_command:Invoked command in '/home/suho/mid/src/my_package' returned '0': PYTHONPATH=/home/suho/mid/build/my_package/prefix_override:/home/suho/mid/install/my_package/lib/python3.8/site-packages:${PYTHONPATH} /usr/bin/python3 setup.py egg_info --egg-base ../../build/my_package build --build-base /home/suho/mid/build/my_package/build install --record /home/suho/mid/build/my_package/install.log --install-scripts $base/lib/my_package --single-version-externally-managed
[29.414s] Level 1:colcon.colcon_core.environment:checking '/home/suho/mid/install/my_package' for CMake module files
[29.461s] Level 1:colcon.colcon_core.environment:checking '/home/suho/mid/install/my_package' for CMake config files
[29.486s] Level 1:colcon.colcon_core.environment:checking '/home/suho/mid/install/my_package/lib'
[29.496s] Level 1:colcon.colcon_core.environment:checking '/home/suho/mid/install/my_package/bin'
[29.499s] Level 1:colcon.colcon_core.environment:checking '/home/suho/mid/install/my_package/lib/pkgconfig/my_package.pc'
[29.499s] Level 1:colcon.colcon_core.environment:checking '/home/suho/mid/install/my_package/lib/python3.8/site-packages'
[29.499s] Level 1:colcon.colcon_core.shell:create_environment_hook('my_package', 'pythonpath')
[29.948s] INFO:colcon.colcon_core.shell:Creating environment hook '/home/suho/mid/install/my_package/share/my_package/hook/pythonpath.ps1'
[30.038s] INFO:colcon.colcon_core.shell:Creating environment descriptor '/home/suho/mid/install/my_package/share/my_package/hook/pythonpath.dsv'
[30.040s] INFO:colcon.colcon_core.shell:Creating environment hook '/home/suho/mid/install/my_package/share/my_package/hook/pythonpath.sh'
[30.050s] Level 1:colcon.colcon_core.environment:checking '/home/suho/mid/install/my_package/bin'
[30.051s] Level 1:colcon.colcon_core.environment:create_environment_scripts_only(my_package)
[30.417s] INFO:colcon.colcon_core.shell:Creating package script '/home/suho/mid/install/my_package/share/my_package/package.ps1'
[30.422s] INFO:colcon.colcon_core.shell:Creating package descriptor '/home/suho/mid/install/my_package/share/my_package/package.dsv'
[30.425s] INFO:colcon.colcon_core.shell:Creating package script '/home/suho/mid/install/my_package/share/my_package/package.sh'
[30.461s] INFO:colcon.colcon_core.shell:Creating package script '/home/suho/mid/install/my_package/share/my_package/package.bash'
[30.481s] INFO:colcon.colcon_core.shell:Creating package script '/home/suho/mid/install/my_package/share/my_package/package.zsh'
[30.518s] Level 1:colcon.colcon_core.environment:create_file_with_runtime_dependencies(/home/suho/mid/install/my_package/share/colcon-core/packages/my_package)
[30.533s] DEBUG:colcon.colcon_parallel_executor.executor.parallel:closing loop
[30.550s] DEBUG:colcon.colcon_parallel_executor.executor.parallel:loop closed
[30.550s] DEBUG:colcon.colcon_parallel_executor.executor.parallel:run_until_complete finished with '0'
[30.550s] DEBUG:colcon.colcon_core.event_reactor:joining thread
[31.003s] INFO:colcon.colcon_core.plugin_system:Skipping extension 'colcon_notification.desktop_notification.terminal_notifier': Not used on non-Darwin systems
[31.004s] INFO:colcon.colcon_core.plugin_system:Skipping extension 'colcon_notification.desktop_notification.win32': Not used on non-Windows systems
[31.004s] INFO:colcon.colcon_notification.desktop_notification:Sending desktop notification using 'notify2'
[31.128s] DEBUG:colcon.colcon_core.event_reactor:joined thread
[31.452s] INFO:colcon.colcon_core.shell:Creating prefix script '/home/suho/mid/install/local_setup.ps1'
[31.473s] INFO:colcon.colcon_core.shell:Creating prefix util module '/home/suho/mid/install/_local_setup_util_ps1.py'
[31.478s] INFO:colcon.colcon_core.shell:Creating prefix chain script '/home/suho/mid/install/setup.ps1'
[31.750s] INFO:colcon.colcon_core.shell:Creating prefix script '/home/suho/mid/install/local_setup.sh'
[31.785s] INFO:colcon.colcon_core.shell:Creating prefix util module '/home/suho/mid/install/_local_setup_util_sh.py'
[31.788s] INFO:colcon.colcon_core.shell:Creating prefix chain script '/home/suho/mid/install/setup.sh'
[32.144s] INFO:colcon.colcon_core.shell:Creating prefix script '/home/suho/mid/install/local_setup.bash'
[32.148s] INFO:colcon.colcon_core.shell:Creating prefix chain script '/home/suho/mid/install/setup.bash'
[32.458s] INFO:colcon.colcon_core.shell:Creating prefix script '/home/suho/mid/install/local_setup.zsh'
[32.462s] INFO:colcon.colcon_core.shell:Creating prefix chain script '/home/suho/mid/install/setup.zsh'
