[12.480s] DEBUG:colcon:Command line arguments: ['/usr/bin/colcon', 'build']
[12.481s] DEBUG:colcon:Parsed command line arguments: Namespace(allow_overriding=[], ament_cmake_args=None, base_paths=['.'], build_base='build', catkin_cmake_args=None, catkin_skip_building_tests=False, cmake_args=None, cmake_clean_cache=False, cmake_clean_first=False, cmake_force_configure=False, cmake_target=None, cmake_target_skip_unavailable=False, continue_on_error=False, event_handlers=None, executor='parallel', ignore_user_meta=False, install_base='install', log_base=None, log_level=None, main=<bound method BuildVerb.main of <colcon_core.verb.build.BuildVerb object at 0x7fa2f1c2c0a0>>, merge_install=False, metas=['./colcon.meta'], packages_above=None, packages_above_and_dependencies=None, packages_above_depth=None, packages_end=None, packages_ignore=None, packages_ignore_regex=None, packages_select=None, packages_select_build_failed=False, packages_select_by_dep=None, packages_select_regex=None, packages_select_test_failures=False, packages_skip=None, packages_skip_build_finished=False, packages_skip_by_dep=None, packages_skip_regex=None, packages_skip_test_passed=False, packages_skip_up_to=None, packages_start=None, packages_up_to=None, packages_up_to_regex=None, parallel_workers=6, paths=None, symlink_install=False, test_result_base=None, verb_extension=<colcon_core.verb.build.BuildVerb object at 0x7fa2f1c2c0a0>, verb_name='build', verb_parser=<colcon_defaults.argument_parser.defaults.DefaultArgumentsDecorator object at 0x7fa2f1906790>)
[12.966s] Level 1:colcon.colcon_core.package_discovery:discover_packages(colcon_meta) check parameters
[12.966s] Level 1:colcon.colcon_core.package_discovery:discover_packages(recursive) check parameters
[12.967s] Level 1:colcon.colcon_core.package_discovery:discover_packages(ignore) check parameters
[12.968s] Level 1:colcon.colcon_core.package_discovery:discover_packages(path) check parameters
[12.968s] Level 1:colcon.colcon_core.package_discovery:discover_packages(colcon_meta) discover
[12.968s] Level 1:colcon.colcon_core.package_discovery:discover_packages(recursive) discover
[12.969s] INFO:colcon.colcon_core.package_discovery:Crawling recursively for packages in '/home/suho/mid'
[12.969s] Level 1:colcon.colcon_core.package_identification:_identify(.) by extensions ['ignore', 'ignore_ament_install']
[12.975s] Level 1:colcon.colcon_core.package_identification:_identify(.) by extension 'ignore'
[12.976s] Level 1:colcon.colcon_core.package_identification:_identify(.) by extension 'ignore_ament_install'
[12.976s] Level 1:colcon.colcon_core.package_identification:_identify(.) by extensions ['colcon_pkg']
[12.976s] Level 1:colcon.colcon_core.package_identification:_identify(.) by extension 'colcon_pkg'
[12.976s] Level 1:colcon.colcon_core.package_identification:_identify(.) by extensions ['colcon_meta']
[12.976s] Level 1:colcon.colcon_core.package_identification:_identify(.) by extension 'colcon_meta'
[12.976s] Level 1:colcon.colcon_core.package_identification:_identify(.) by extensions ['ros']
[12.976s] Level 1:colcon.colcon_core.package_identification:_identify(.) by extension 'ros'
[13.006s] Level 1:colcon.colcon_core.package_identification:_identify(.) by extensions ['cmake', 'python']
[13.007s] Level 1:colcon.colcon_core.package_identification:_identify(.) by extension 'cmake'
[13.008s] Level 1:colcon.colcon_core.package_identification:_identify(.) by extension 'python'
[13.008s] Level 1:colcon.colcon_core.package_identification:_identify(.) by extensions ['python_setup_py']
[13.008s] Level 1:colcon.colcon_core.package_identification:_identify(.) by extension 'python_setup_py'
[13.009s] Level 1:colcon.colcon_core.package_identification:_identify(build) by extensions ['ignore', 'ignore_ament_install']
[13.011s] Level 1:colcon.colcon_core.package_identification:_identify(build) by extension 'ignore'
[13.012s] Level 1:colcon.colcon_core.package_identification:_identify(build) ignored
[13.012s] Level 1:colcon.colcon_core.package_identification:_identify(install) by extensions ['ignore', 'ignore_ament_install']
[13.013s] Level 1:colcon.colcon_core.package_identification:_identify(install) by extension 'ignore'
[13.013s] Level 1:colcon.colcon_core.package_identification:_identify(install) ignored
[13.014s] Level 1:colcon.colcon_core.package_identification:_identify(log) by extensions ['ignore', 'ignore_ament_install']
[13.015s] Level 1:colcon.colcon_core.package_identification:_identify(log) by extension 'ignore'
[13.023s] Level 1:colcon.colcon_core.package_identification:_identify(log) ignored
[13.024s] Level 1:colcon.colcon_core.package_identification:_identify(src) by extensions ['ignore', 'ignore_ament_install']
[13.024s] Level 1:colcon.colcon_core.package_identification:_identify(src) by extension 'ignore'
[13.024s] Level 1:colcon.colcon_core.package_identification:_identify(src) by extension 'ignore_ament_install'
[13.025s] Level 1:colcon.colcon_core.package_identification:_identify(src) by extensions ['colcon_pkg']
[13.025s] Level 1:colcon.colcon_core.package_identification:_identify(src) by extension 'colcon_pkg'
[13.025s] Level 1:colcon.colcon_core.package_identification:_identify(src) by extensions ['colcon_meta']
[13.025s] Level 1:colcon.colcon_core.package_identification:_identify(src) by extension 'colcon_meta'
[13.025s] Level 1:colcon.colcon_core.package_identification:_identify(src) by extensions ['ros']
[13.025s] Level 1:colcon.colcon_core.package_identification:_identify(src) by extension 'ros'
[13.026s] Level 1:colcon.colcon_core.package_identification:_identify(src) by extensions ['cmake', 'python']
[13.026s] Level 1:colcon.colcon_core.package_identification:_identify(src) by extension 'cmake'
[13.027s] Level 1:colcon.colcon_core.package_identification:_identify(src) by extension 'python'
[13.027s] Level 1:colcon.colcon_core.package_identification:_identify(src) by extensions ['python_setup_py']
[13.027s] Level 1:colcon.colcon_core.package_identification:_identify(src) by extension 'python_setup_py'
[13.028s] Level 1:colcon.colcon_core.package_identification:_identify(src/my_package) by extensions ['ignore', 'ignore_ament_install']
[13.029s] Level 1:colcon.colcon_core.package_identification:_identify(src/my_package) by extension 'ignore'
[13.029s] Level 1:colcon.colcon_core.package_identification:_identify(src/my_package) by extension 'ignore_ament_install'
[13.030s] Level 1:colcon.colcon_core.package_identification:_identify(src/my_package) by extensions ['colcon_pkg']
[13.030s] Level 1:colcon.colcon_core.package_identification:_identify(src/my_package) by extension 'colcon_pkg'
[13.030s] Level 1:colcon.colcon_core.package_identification:_identify(src/my_package) by extensions ['colcon_meta']
[13.030s] Level 1:colcon.colcon_core.package_identification:_identify(src/my_package) by extension 'colcon_meta'
[13.035s] Level 1:colcon.colcon_core.package_identification:_identify(src/my_package) by extensions ['ros']
[13.036s] Level 1:colcon.colcon_core.package_identification:_identify(src/my_package) by extension 'ros'
[13.043s] DEBUG:colcon.colcon_core.package_identification:Package 'src/my_package' with type 'ros.ament_python' and name 'my_package'
[13.044s] Level 1:colcon.colcon_core.package_discovery:discover_packages(recursive) using defaults
[13.044s] Level 1:colcon.colcon_core.package_discovery:discover_packages(ignore) discover
[13.044s] Level 1:colcon.colcon_core.package_discovery:discover_packages(ignore) using defaults
[13.044s] Level 1:colcon.colcon_core.package_discovery:discover_packages(path) discover
[13.044s] Level 1:colcon.colcon_core.package_discovery:discover_packages(path) using defaults
[14.180s] Level 1:colcon.colcon_core.package_discovery:discover_packages(prefix_path) check parameters
[14.181s] Level 1:colcon.colcon_core.package_discovery:discover_packages(prefix_path) discover
[14.397s] Level 1:colcon.colcon_core.package_discovery:discover_packages(prefix_path) using defaults
[14.838s] Level 5:colcon.colcon_core.verb:set package 'my_package' build argument 'cmake_args' from command line to 'None'
[14.839s] Level 5:colcon.colcon_core.verb:set package 'my_package' build argument 'cmake_target' from command line to 'None'
[14.839s] Level 5:colcon.colcon_core.verb:set package 'my_package' build argument 'cmake_target_skip_unavailable' from command line to 'False'
[14.839s] Level 5:colcon.colcon_core.verb:set package 'my_package' build argument 'cmake_clean_cache' from command line to 'False'
[14.840s] Level 5:colcon.colcon_core.verb:set package 'my_package' build argument 'cmake_clean_first' from command line to 'False'
[14.840s] Level 5:colcon.colcon_core.verb:set package 'my_package' build argument 'cmake_force_configure' from command line to 'False'
[14.840s] Level 5:colcon.colcon_core.verb:set package 'my_package' build argument 'ament_cmake_args' from command line to 'None'
[14.840s] Level 5:colcon.colcon_core.verb:set package 'my_package' build argument 'catkin_cmake_args' from command line to 'None'
[14.840s] Level 5:colcon.colcon_core.verb:set package 'my_package' build argument 'catkin_skip_building_tests' from command line to 'False'
[14.840s] DEBUG:colcon.colcon_core.verb:Building package 'my_package' with the following arguments: {'ament_cmake_args': None, 'build_base': '/home/suho/mid/build/my_package', 'catkin_cmake_args': None, 'catkin_skip_building_tests': False, 'cmake_args': None, 'cmake_clean_cache': False, 'cmake_clean_first': False, 'cmake_force_configure': False, 'cmake_target': None, 'cmake_target_skip_unavailable': False, 'install_base': '/home/suho/mid/install/my_package', 'merge_install': False, 'path': '/home/suho/mid/src/my_package', 'symlink_install': False, 'test_result_base': None}
[15.049s] INFO:colcon.colcon_core.executor:Executing jobs using 'parallel' executor
[15.335s] DEBUG:colcon.colcon_parallel_executor.executor.parallel:run_until_complete
[15.338s] INFO:colcon.colcon_ros.task.ament_python.build:Building ROS package in '/home/suho/mid/src/my_package' with build type 'ament_python'
[15.348s] Level 1:colcon.colcon_core.shell:create_environment_hook('my_package', 'ament_prefix_path')
[15.628s] INFO:colcon.colcon_core.plugin_system:Skipping extension 'colcon_core.shell.bat': Not used on non-Windows systems
[15.630s] INFO:colcon.colcon_core.shell:Creating environment hook '/home/suho/mid/install/my_package/share/my_package/hook/ament_prefix_path.ps1'
[15.653s] INFO:colcon.colcon_core.shell:Creating environment descriptor '/home/suho/mid/install/my_package/share/my_package/hook/ament_prefix_path.dsv'
[15.673s] INFO:colcon.colcon_core.shell:Creating environment hook '/home/suho/mid/install/my_package/share/my_package/hook/ament_prefix_path.sh'
[16.012s] INFO:colcon.colcon_core.shell:Skip shell extension 'powershell' for command environment: Not usable outside of PowerShell
[16.013s] DEBUG:colcon.colcon_core.shell:Skip shell extension 'dsv' for command environment
[17.443s] INFO:colcon.colcon_core.task.python.build:Building Python package in '/home/suho/mid/src/my_package'
[18.070s] INFO:colcon.colcon_core.shell:Skip shell extension 'powershell' for command environment: Not usable outside of PowerShell
[18.070s] DEBUG:colcon.colcon_core.shell:Skip shell extension 'dsv' for command environment
[19.672s] DEBUG:colcon.colcon_core.event_handler.log_command:Invoking command in '/home/suho/mid/src/my_package': PYTHONPATH=/home/suho/mid/build/my_package/prefix_override:/home/suho/mid/install/my_package/lib/python3.8/site-packages: /usr/bin/python3 setup.py egg_info --egg-base ../../build/my_package build --build-base /home/suho/mid/build/my_package/build install --record /home/suho/mid/build/my_package/install.log --install-scripts $base/lib/my_package --single-version-externally-managed
[20.933s] DEBUG:colcon.colcon_core.event_handler.log_command:Invoked command in '/home/suho/mid/src/my_package' returned '0': PYTHONPATH=/home/suho/mid/build/my_package/prefix_override:/home/suho/mid/install/my_package/lib/python3.8/site-packages: /usr/bin/python3 setup.py egg_info --egg-base ../../build/my_package build --build-base /home/suho/mid/build/my_package/build install --record /home/suho/mid/build/my_package/install.log --install-scripts $base/lib/my_package --single-version-externally-managed
[21.315s] Level 1:colcon.colcon_core.environment:checking '/home/suho/mid/install/my_package' for CMake module files
[21.316s] Level 1:colcon.colcon_core.environment:checking '/home/suho/mid/install/my_package' for CMake config files
[21.319s] Level 1:colcon.colcon_core.environment:checking '/home/suho/mid/install/my_package/lib'
[21.319s] Level 1:colcon.colcon_core.environment:checking '/home/suho/mid/install/my_package/bin'
[21.320s] Level 1:colcon.colcon_core.environment:checking '/home/suho/mid/install/my_package/lib/pkgconfig/my_package.pc'
[21.320s] Level 1:colcon.colcon_core.environment:checking '/home/suho/mid/install/my_package/lib/python3.8/site-packages'
[21.321s] Level 1:colcon.colcon_core.shell:create_environment_hook('my_package', 'pythonpath')
[21.957s] INFO:colcon.colcon_core.shell:Creating environment hook '/home/suho/mid/install/my_package/share/my_package/hook/pythonpath.ps1'
[21.998s] INFO:colcon.colcon_core.shell:Creating environment descriptor '/home/suho/mid/install/my_package/share/my_package/hook/pythonpath.dsv'
[22.018s] INFO:colcon.colcon_core.shell:Creating environment hook '/home/suho/mid/install/my_package/share/my_package/hook/pythonpath.sh'
[22.038s] Level 1:colcon.colcon_core.environment:checking '/home/suho/mid/install/my_package/bin'
[22.051s] Level 1:colcon.colcon_core.environment:create_environment_scripts_only(my_package)
[22.576s] INFO:colcon.colcon_core.shell:Creating package script '/home/suho/mid/install/my_package/share/my_package/package.ps1'
[22.599s] INFO:colcon.colcon_core.shell:Creating package descriptor '/home/suho/mid/install/my_package/share/my_package/package.dsv'
[22.620s] INFO:colcon.colcon_core.shell:Creating package script '/home/suho/mid/install/my_package/share/my_package/package.sh'
[22.624s] INFO:colcon.colcon_core.shell:Creating package script '/home/suho/mid/install/my_package/share/my_package/package.bash'
[22.671s] INFO:colcon.colcon_core.shell:Creating package script '/home/suho/mid/install/my_package/share/my_package/package.zsh'
[22.682s] Level 1:colcon.colcon_core.environment:create_file_with_runtime_dependencies(/home/suho/mid/install/my_package/share/colcon-core/packages/my_package)
[22.683s] DEBUG:colcon.colcon_parallel_executor.executor.parallel:closing loop
[22.690s] DEBUG:colcon.colcon_parallel_executor.executor.parallel:loop closed
[22.706s] DEBUG:colcon.colcon_parallel_executor.executor.parallel:run_until_complete finished with '0'
[22.718s] DEBUG:colcon.colcon_core.event_reactor:joining thread
[23.033s] INFO:colcon.colcon_core.plugin_system:Skipping extension 'colcon_notification.desktop_notification.terminal_notifier': Not used on non-Darwin systems
[23.033s] INFO:colcon.colcon_core.plugin_system:Skipping extension 'colcon_notification.desktop_notification.win32': Not used on non-Windows systems
[23.034s] INFO:colcon.colcon_notification.desktop_notification:Sending desktop notification using 'notify2'
[23.157s] DEBUG:colcon.colcon_core.event_reactor:joined thread
[23.588s] INFO:colcon.colcon_core.shell:Creating prefix script '/home/suho/mid/install/local_setup.ps1'
[23.593s] INFO:colcon.colcon_core.shell:Creating prefix util module '/home/suho/mid/install/_local_setup_util_ps1.py'
[23.599s] INFO:colcon.colcon_core.shell:Creating prefix chain script '/home/suho/mid/install/setup.ps1'
[23.818s] INFO:colcon.colcon_core.shell:Creating prefix script '/home/suho/mid/install/local_setup.sh'
[23.836s] INFO:colcon.colcon_core.shell:Creating prefix util module '/home/suho/mid/install/_local_setup_util_sh.py'
[23.846s] INFO:colcon.colcon_core.shell:Creating prefix chain script '/home/suho/mid/install/setup.sh'
[24.067s] INFO:colcon.colcon_core.shell:Creating prefix script '/home/suho/mid/install/local_setup.bash'
[24.075s] INFO:colcon.colcon_core.shell:Creating prefix chain script '/home/suho/mid/install/setup.bash'
[24.306s] INFO:colcon.colcon_core.shell:Creating prefix script '/home/suho/mid/install/local_setup.zsh'
[24.315s] INFO:colcon.colcon_core.shell:Creating prefix chain script '/home/suho/mid/install/setup.zsh'
